[2024-12-10T22:14:04.834-0700] {processor.py:186} INFO - Started process (PID=590) to work on /Users/dimitarjanevski/fake-news-finder/airflow/dags/simple_dag.py
[2024-12-10T22:14:04.834-0700] {processor.py:914} INFO - Processing file /Users/dimitarjanevski/fake-news-finder/airflow/dags/simple_dag.py for tasks to queue
[2024-12-10T22:14:04.835-0700] {logging_mixin.py:190} INFO - [2024-12-10T22:14:04.835-0700] {dagbag.py:588} INFO - Filling up the DagBag from /Users/dimitarjanevski/fake-news-finder/airflow/dags/simple_dag.py
[2024-12-10T22:14:04.871-0700] {processor.py:925} INFO - DAG(s) 'simple_dag' retrieved from /Users/dimitarjanevski/fake-news-finder/airflow/dags/simple_dag.py
[2024-12-10T22:14:04.951-0700] {logging_mixin.py:190} INFO - [2024-12-10T22:14:04.951-0700] {override.py:1911} INFO - Created Permission View: can edit on DAG:simple_dag
[2024-12-10T22:14:04.954-0700] {logging_mixin.py:190} INFO - [2024-12-10T22:14:04.954-0700] {override.py:1911} INFO - Created Permission View: can read on DAG:simple_dag
[2024-12-10T22:14:04.957-0700] {logging_mixin.py:190} INFO - [2024-12-10T22:14:04.957-0700] {override.py:1911} INFO - Created Permission View: can delete on DAG:simple_dag
[2024-12-10T22:14:04.960-0700] {logging_mixin.py:190} INFO - [2024-12-10T22:14:04.960-0700] {override.py:1911} INFO - Created Permission View: menu access on DAG Run:simple_dag
[2024-12-10T22:14:04.962-0700] {logging_mixin.py:190} INFO - [2024-12-10T22:14:04.962-0700] {override.py:1911} INFO - Created Permission View: can create on DAG Run:simple_dag
[2024-12-10T22:14:04.964-0700] {logging_mixin.py:190} INFO - [2024-12-10T22:14:04.964-0700] {override.py:1911} INFO - Created Permission View: can read on DAG Run:simple_dag
[2024-12-10T22:14:04.966-0700] {logging_mixin.py:190} INFO - [2024-12-10T22:14:04.966-0700] {override.py:1911} INFO - Created Permission View: can delete on DAG Run:simple_dag
[2024-12-10T22:14:04.967-0700] {logging_mixin.py:190} INFO - [2024-12-10T22:14:04.966-0700] {dag.py:3239} INFO - Sync 1 DAGs
[2024-12-10T22:14:04.971-0700] {logging_mixin.py:190} INFO - [2024-12-10T22:14:04.971-0700] {dag.py:3262} INFO - Creating ORM DAG for simple_dag
[2024-12-10T22:14:04.974-0700] {logging_mixin.py:190} INFO - [2024-12-10T22:14:04.974-0700] {dag.py:4180} INFO - Setting next_dagrun for simple_dag to 2024-12-10 00:00:00+00:00, run_after=2024-12-11 00:00:00+00:00
[2024-12-10T22:14:04.983-0700] {processor.py:208} INFO - Processing /Users/dimitarjanevski/fake-news-finder/airflow/dags/simple_dag.py took 0.151 seconds
[2024-12-10T22:16:22.277-0700] {processor.py:186} INFO - Started process (PID=2672) to work on /Users/dimitarjanevski/fake-news-finder/airflow/dags/simple_dag.py
[2024-12-10T22:16:22.278-0700] {processor.py:914} INFO - Processing file /Users/dimitarjanevski/fake-news-finder/airflow/dags/simple_dag.py for tasks to queue
[2024-12-10T22:16:22.279-0700] {logging_mixin.py:190} INFO - [2024-12-10T22:16:22.279-0700] {dagbag.py:588} INFO - Filling up the DagBag from /Users/dimitarjanevski/fake-news-finder/airflow/dags/simple_dag.py
[2024-12-10T22:16:22.313-0700] {processor.py:925} INFO - DAG(s) 'simple_dag' retrieved from /Users/dimitarjanevski/fake-news-finder/airflow/dags/simple_dag.py
[2024-12-10T22:16:22.355-0700] {logging_mixin.py:190} INFO - [2024-12-10T22:16:22.355-0700] {dag.py:3239} INFO - Sync 1 DAGs
[2024-12-10T22:16:22.362-0700] {logging_mixin.py:190} INFO - [2024-12-10T22:16:22.362-0700] {dag.py:4180} INFO - Setting next_dagrun for simple_dag to 2024-12-10 00:00:00+00:00, run_after=2024-12-11 00:00:00+00:00
[2024-12-10T22:16:22.370-0700] {processor.py:208} INFO - Processing /Users/dimitarjanevski/fake-news-finder/airflow/dags/simple_dag.py took 0.094 seconds
[2024-12-10T22:18:06.635-0700] {processor.py:186} INFO - Started process (PID=4177) to work on /Users/dimitarjanevski/fake-news-finder/airflow/dags/simple_dag.py
[2024-12-10T22:18:06.636-0700] {processor.py:914} INFO - Processing file /Users/dimitarjanevski/fake-news-finder/airflow/dags/simple_dag.py for tasks to queue
[2024-12-10T22:18:06.636-0700] {logging_mixin.py:190} INFO - [2024-12-10T22:18:06.636-0700] {dagbag.py:588} INFO - Filling up the DagBag from /Users/dimitarjanevski/fake-news-finder/airflow/dags/simple_dag.py
[2024-12-10T22:18:06.670-0700] {processor.py:925} INFO - DAG(s) 'simple_dag' retrieved from /Users/dimitarjanevski/fake-news-finder/airflow/dags/simple_dag.py
[2024-12-10T22:18:06.712-0700] {logging_mixin.py:190} INFO - [2024-12-10T22:18:06.711-0700] {dag.py:3239} INFO - Sync 1 DAGs
[2024-12-10T22:18:06.718-0700] {logging_mixin.py:190} INFO - [2024-12-10T22:18:06.718-0700] {dag.py:4180} INFO - Setting next_dagrun for simple_dag to 2024-12-10 00:00:00+00:00, run_after=2024-12-11 00:00:00+00:00
[2024-12-10T22:18:06.726-0700] {processor.py:208} INFO - Processing /Users/dimitarjanevski/fake-news-finder/airflow/dags/simple_dag.py took 0.093 seconds
[2024-12-10T22:18:19.644-0700] {processor.py:186} INFO - Started process (PID=4414) to work on /Users/dimitarjanevski/fake-news-finder/airflow/dags/simple_dag.py
[2024-12-10T22:18:19.645-0700] {processor.py:914} INFO - Processing file /Users/dimitarjanevski/fake-news-finder/airflow/dags/simple_dag.py for tasks to queue
[2024-12-10T22:18:19.645-0700] {logging_mixin.py:190} INFO - [2024-12-10T22:18:19.645-0700] {dagbag.py:588} INFO - Filling up the DagBag from /Users/dimitarjanevski/fake-news-finder/airflow/dags/simple_dag.py
[2024-12-10T22:18:19.678-0700] {processor.py:925} INFO - DAG(s) 'simple_dag' retrieved from /Users/dimitarjanevski/fake-news-finder/airflow/dags/simple_dag.py
[2024-12-10T22:18:19.720-0700] {logging_mixin.py:190} INFO - [2024-12-10T22:18:19.720-0700] {dag.py:3239} INFO - Sync 1 DAGs
[2024-12-10T22:18:19.727-0700] {logging_mixin.py:190} INFO - [2024-12-10T22:18:19.727-0700] {dag.py:4180} INFO - Setting next_dagrun for simple_dag to 2024-12-10 00:00:00+00:00, run_after=2024-12-11 00:00:00+00:00
[2024-12-10T22:18:19.736-0700] {processor.py:208} INFO - Processing /Users/dimitarjanevski/fake-news-finder/airflow/dags/simple_dag.py took 0.094 seconds
[2024-12-10T22:20:03.035-0700] {processor.py:186} INFO - Started process (PID=5088) to work on /Users/dimitarjanevski/fake-news-finder/airflow/dags/simple_dag.py
[2024-12-10T22:20:03.036-0700] {processor.py:914} INFO - Processing file /Users/dimitarjanevski/fake-news-finder/airflow/dags/simple_dag.py for tasks to queue
[2024-12-10T22:20:03.037-0700] {logging_mixin.py:190} INFO - [2024-12-10T22:20:03.036-0700] {dagbag.py:588} INFO - Filling up the DagBag from /Users/dimitarjanevski/fake-news-finder/airflow/dags/simple_dag.py
[2024-12-10T22:20:03.071-0700] {processor.py:925} INFO - DAG(s) 'simple_dag' retrieved from /Users/dimitarjanevski/fake-news-finder/airflow/dags/simple_dag.py
[2024-12-10T22:20:03.114-0700] {logging_mixin.py:190} INFO - [2024-12-10T22:20:03.114-0700] {dag.py:3239} INFO - Sync 1 DAGs
[2024-12-10T22:20:03.124-0700] {logging_mixin.py:190} INFO - [2024-12-10T22:20:03.124-0700] {dag.py:4180} INFO - Setting next_dagrun for simple_dag to 2024-12-10 00:00:00+00:00, run_after=2024-12-11 00:00:00+00:00
[2024-12-10T22:20:03.131-0700] {processor.py:208} INFO - Processing /Users/dimitarjanevski/fake-news-finder/airflow/dags/simple_dag.py took 0.097 seconds
[2024-12-10T22:21:18.768-0700] {processor.py:186} INFO - Started process (PID=5555) to work on /Users/dimitarjanevski/fake-news-finder/airflow/dags/simple_dag.py
[2024-12-10T22:21:18.769-0700] {processor.py:914} INFO - Processing file /Users/dimitarjanevski/fake-news-finder/airflow/dags/simple_dag.py for tasks to queue
[2024-12-10T22:21:18.770-0700] {logging_mixin.py:190} INFO - [2024-12-10T22:21:18.770-0700] {dagbag.py:588} INFO - Filling up the DagBag from /Users/dimitarjanevski/fake-news-finder/airflow/dags/simple_dag.py
[2024-12-10T22:21:18.804-0700] {processor.py:925} INFO - DAG(s) 'simple_dag' retrieved from /Users/dimitarjanevski/fake-news-finder/airflow/dags/simple_dag.py
[2024-12-10T22:21:18.845-0700] {logging_mixin.py:190} INFO - [2024-12-10T22:21:18.845-0700] {dag.py:3239} INFO - Sync 1 DAGs
[2024-12-10T22:21:18.852-0700] {logging_mixin.py:190} INFO - [2024-12-10T22:21:18.852-0700] {dag.py:4180} INFO - Setting next_dagrun for simple_dag to 2024-12-10 00:00:00+00:00, run_after=2024-12-11 00:00:00+00:00
[2024-12-10T22:21:18.859-0700] {processor.py:208} INFO - Processing /Users/dimitarjanevski/fake-news-finder/airflow/dags/simple_dag.py took 0.092 seconds
