[2024-12-10T22:14:02.798-0700] {processor.py:186} INFO - Started process (PID=562) to work on /Users/dimitarjanevski/fake-news-finder/airflow/dags/trending_news_dag.py
[2024-12-10T22:14:02.798-0700] {processor.py:914} INFO - Processing file /Users/dimitarjanevski/fake-news-finder/airflow/dags/trending_news_dag.py for tasks to queue
[2024-12-10T22:14:02.799-0700] {logging_mixin.py:190} INFO - [2024-12-10T22:14:02.799-0700] {dagbag.py:588} INFO - Filling up the DagBag from /Users/dimitarjanevski/fake-news-finder/airflow/dags/trending_news_dag.py
[2024-12-10T22:14:02.840-0700] {processor.py:925} INFO - DAG(s) 'trending_news_dag' retrieved from /Users/dimitarjanevski/fake-news-finder/airflow/dags/trending_news_dag.py
[2024-12-10T22:14:02.943-0700] {logging_mixin.py:190} INFO - [2024-12-10T22:14:02.942-0700] {override.py:1911} INFO - Created Permission View: can edit on DAG:trending_news_dag
[2024-12-10T22:14:02.949-0700] {logging_mixin.py:190} INFO - [2024-12-10T22:14:02.949-0700] {override.py:1911} INFO - Created Permission View: can delete on DAG:trending_news_dag
[2024-12-10T22:14:02.951-0700] {logging_mixin.py:190} INFO - [2024-12-10T22:14:02.951-0700] {override.py:1911} INFO - Created Permission View: can read on DAG:trending_news_dag
[2024-12-10T22:14:02.955-0700] {logging_mixin.py:190} INFO - [2024-12-10T22:14:02.955-0700] {override.py:1911} INFO - Created Permission View: can create on DAG Run:trending_news_dag
[2024-12-10T22:14:02.957-0700] {logging_mixin.py:190} INFO - [2024-12-10T22:14:02.957-0700] {override.py:1911} INFO - Created Permission View: can delete on DAG Run:trending_news_dag
[2024-12-10T22:14:02.960-0700] {logging_mixin.py:190} INFO - [2024-12-10T22:14:02.960-0700] {override.py:1911} INFO - Created Permission View: can read on DAG Run:trending_news_dag
[2024-12-10T22:14:02.963-0700] {logging_mixin.py:190} INFO - [2024-12-10T22:14:02.963-0700] {override.py:1911} INFO - Created Permission View: menu access on DAG Run:trending_news_dag
[2024-12-10T22:14:02.963-0700] {logging_mixin.py:190} INFO - [2024-12-10T22:14:02.963-0700] {dag.py:3239} INFO - Sync 1 DAGs
[2024-12-10T22:14:02.968-0700] {logging_mixin.py:190} INFO - [2024-12-10T22:14:02.968-0700] {dag.py:3262} INFO - Creating ORM DAG for trending_news_dag
[2024-12-10T22:14:02.972-0700] {logging_mixin.py:190} INFO - [2024-12-10T22:14:02.972-0700] {dag.py:4180} INFO - Setting next_dagrun for trending_news_dag to 2024-12-10 00:00:00+00:00, run_after=2024-12-11 00:00:00+00:00
[2024-12-10T22:14:02.980-0700] {processor.py:208} INFO - Processing /Users/dimitarjanevski/fake-news-finder/airflow/dags/trending_news_dag.py took 0.184 seconds
[2024-12-10T22:16:20.383-0700] {processor.py:186} INFO - Started process (PID=2655) to work on /Users/dimitarjanevski/fake-news-finder/airflow/dags/trending_news_dag.py
[2024-12-10T22:16:20.385-0700] {processor.py:914} INFO - Processing file /Users/dimitarjanevski/fake-news-finder/airflow/dags/trending_news_dag.py for tasks to queue
[2024-12-10T22:16:20.385-0700] {logging_mixin.py:190} INFO - [2024-12-10T22:16:20.385-0700] {dagbag.py:588} INFO - Filling up the DagBag from /Users/dimitarjanevski/fake-news-finder/airflow/dags/trending_news_dag.py
[2024-12-10T22:16:20.423-0700] {processor.py:925} INFO - DAG(s) 'trending_news_dag' retrieved from /Users/dimitarjanevski/fake-news-finder/airflow/dags/trending_news_dag.py
[2024-12-10T22:16:20.468-0700] {logging_mixin.py:190} INFO - [2024-12-10T22:16:20.468-0700] {dag.py:3239} INFO - Sync 1 DAGs
[2024-12-10T22:16:20.479-0700] {logging_mixin.py:190} INFO - [2024-12-10T22:16:20.479-0700] {dag.py:4180} INFO - Setting next_dagrun for trending_news_dag to 2024-12-10 00:00:00+00:00, run_after=2024-12-11 00:00:00+00:00
[2024-12-10T22:16:20.486-0700] {processor.py:208} INFO - Processing /Users/dimitarjanevski/fake-news-finder/airflow/dags/trending_news_dag.py took 0.105 seconds
[2024-12-10T22:18:04.761-0700] {processor.py:186} INFO - Started process (PID=4075) to work on /Users/dimitarjanevski/fake-news-finder/airflow/dags/trending_news_dag.py
[2024-12-10T22:18:04.763-0700] {processor.py:914} INFO - Processing file /Users/dimitarjanevski/fake-news-finder/airflow/dags/trending_news_dag.py for tasks to queue
[2024-12-10T22:18:04.763-0700] {logging_mixin.py:190} INFO - [2024-12-10T22:18:04.763-0700] {dagbag.py:588} INFO - Filling up the DagBag from /Users/dimitarjanevski/fake-news-finder/airflow/dags/trending_news_dag.py
[2024-12-10T22:18:04.797-0700] {processor.py:925} INFO - DAG(s) 'trending_news_dag' retrieved from /Users/dimitarjanevski/fake-news-finder/airflow/dags/trending_news_dag.py
[2024-12-10T22:18:04.840-0700] {logging_mixin.py:190} INFO - [2024-12-10T22:18:04.840-0700] {dag.py:3239} INFO - Sync 1 DAGs
[2024-12-10T22:18:04.847-0700] {logging_mixin.py:190} INFO - [2024-12-10T22:18:04.847-0700] {dag.py:4180} INFO - Setting next_dagrun for trending_news_dag to 2024-12-10 00:00:00+00:00, run_after=2024-12-11 00:00:00+00:00
[2024-12-10T22:18:04.854-0700] {processor.py:208} INFO - Processing /Users/dimitarjanevski/fake-news-finder/airflow/dags/trending_news_dag.py took 0.094 seconds
[2024-12-10T22:18:17.754-0700] {processor.py:186} INFO - Started process (PID=4399) to work on /Users/dimitarjanevski/fake-news-finder/airflow/dags/trending_news_dag.py
[2024-12-10T22:18:17.755-0700] {processor.py:914} INFO - Processing file /Users/dimitarjanevski/fake-news-finder/airflow/dags/trending_news_dag.py for tasks to queue
[2024-12-10T22:18:17.755-0700] {logging_mixin.py:190} INFO - [2024-12-10T22:18:17.755-0700] {dagbag.py:588} INFO - Filling up the DagBag from /Users/dimitarjanevski/fake-news-finder/airflow/dags/trending_news_dag.py
[2024-12-10T22:18:17.793-0700] {processor.py:925} INFO - DAG(s) 'trending_news_dag' retrieved from /Users/dimitarjanevski/fake-news-finder/airflow/dags/trending_news_dag.py
[2024-12-10T22:18:17.836-0700] {logging_mixin.py:190} INFO - [2024-12-10T22:18:17.836-0700] {dag.py:3239} INFO - Sync 1 DAGs
[2024-12-10T22:18:17.845-0700] {logging_mixin.py:190} INFO - [2024-12-10T22:18:17.845-0700] {dag.py:4180} INFO - Setting next_dagrun for trending_news_dag to 2024-12-10 00:00:00+00:00, run_after=2024-12-11 00:00:00+00:00
[2024-12-10T22:18:17.853-0700] {processor.py:208} INFO - Processing /Users/dimitarjanevski/fake-news-finder/airflow/dags/trending_news_dag.py took 0.100 seconds
[2024-12-10T22:20:01.115-0700] {processor.py:186} INFO - Started process (PID=5075) to work on /Users/dimitarjanevski/fake-news-finder/airflow/dags/trending_news_dag.py
[2024-12-10T22:20:01.116-0700] {processor.py:914} INFO - Processing file /Users/dimitarjanevski/fake-news-finder/airflow/dags/trending_news_dag.py for tasks to queue
[2024-12-10T22:20:01.117-0700] {logging_mixin.py:190} INFO - [2024-12-10T22:20:01.116-0700] {dagbag.py:588} INFO - Filling up the DagBag from /Users/dimitarjanevski/fake-news-finder/airflow/dags/trending_news_dag.py
[2024-12-10T22:20:01.155-0700] {processor.py:925} INFO - DAG(s) 'trending_news_dag' retrieved from /Users/dimitarjanevski/fake-news-finder/airflow/dags/trending_news_dag.py
[2024-12-10T22:20:01.201-0700] {logging_mixin.py:190} INFO - [2024-12-10T22:20:01.201-0700] {dag.py:3239} INFO - Sync 1 DAGs
[2024-12-10T22:20:01.210-0700] {logging_mixin.py:190} INFO - [2024-12-10T22:20:01.210-0700] {dag.py:4180} INFO - Setting next_dagrun for trending_news_dag to 2024-12-10 00:00:00+00:00, run_after=2024-12-11 00:00:00+00:00
[2024-12-10T22:20:01.220-0700] {processor.py:208} INFO - Processing /Users/dimitarjanevski/fake-news-finder/airflow/dags/trending_news_dag.py took 0.107 seconds
[2024-12-10T22:21:17.174-0700] {processor.py:186} INFO - Started process (PID=5542) to work on /Users/dimitarjanevski/fake-news-finder/airflow/dags/trending_news_dag.py
[2024-12-10T22:21:17.175-0700] {processor.py:914} INFO - Processing file /Users/dimitarjanevski/fake-news-finder/airflow/dags/trending_news_dag.py for tasks to queue
[2024-12-10T22:21:17.175-0700] {logging_mixin.py:190} INFO - [2024-12-10T22:21:17.175-0700] {dagbag.py:588} INFO - Filling up the DagBag from /Users/dimitarjanevski/fake-news-finder/airflow/dags/trending_news_dag.py
[2024-12-10T22:21:17.211-0700] {processor.py:925} INFO - DAG(s) 'trending_news_dag' retrieved from /Users/dimitarjanevski/fake-news-finder/airflow/dags/trending_news_dag.py
[2024-12-10T22:21:17.255-0700] {logging_mixin.py:190} INFO - [2024-12-10T22:21:17.254-0700] {dag.py:3239} INFO - Sync 1 DAGs
[2024-12-10T22:21:17.262-0700] {logging_mixin.py:190} INFO - [2024-12-10T22:21:17.262-0700] {dag.py:4180} INFO - Setting next_dagrun for trending_news_dag to 2024-12-10 00:00:00+00:00, run_after=2024-12-11 00:00:00+00:00
[2024-12-10T22:21:17.269-0700] {processor.py:208} INFO - Processing /Users/dimitarjanevski/fake-news-finder/airflow/dags/trending_news_dag.py took 0.097 seconds
