[2024-12-10T22:10:05.511-0700] {processor.py:186} INFO - Started process (PID=98993) to work on /Users/dimitarjanevski/fake-news-finder/venv/lib/python3.9/site-packages/airflow/example_dags/subdags/subdag.py
[2024-12-10T22:10:05.512-0700] {processor.py:914} INFO - Processing file /Users/dimitarjanevski/fake-news-finder/venv/lib/python3.9/site-packages/airflow/example_dags/subdags/subdag.py for tasks to queue
[2024-12-10T22:10:05.512-0700] {logging_mixin.py:190} INFO - [2024-12-10T22:10:05.512-0700] {dagbag.py:588} INFO - Filling up the DagBag from /Users/dimitarjanevski/fake-news-finder/venv/lib/python3.9/site-packages/airflow/example_dags/subdags/subdag.py
[2024-12-10T22:10:05.513-0700] {processor.py:927} WARNING - No viable dags retrieved from /Users/dimitarjanevski/fake-news-finder/venv/lib/python3.9/site-packages/airflow/example_dags/subdags/subdag.py
[2024-12-10T22:10:05.585-0700] {processor.py:208} INFO - Processing /Users/dimitarjanevski/fake-news-finder/venv/lib/python3.9/site-packages/airflow/example_dags/subdags/subdag.py took 0.075 seconds
[2024-12-10T22:11:49.431-0700] {processor.py:186} INFO - Started process (PID=99588) to work on /Users/dimitarjanevski/fake-news-finder/venv/lib/python3.9/site-packages/airflow/example_dags/subdags/subdag.py
[2024-12-10T22:11:49.432-0700] {processor.py:914} INFO - Processing file /Users/dimitarjanevski/fake-news-finder/venv/lib/python3.9/site-packages/airflow/example_dags/subdags/subdag.py for tasks to queue
[2024-12-10T22:11:49.432-0700] {logging_mixin.py:190} INFO - [2024-12-10T22:11:49.432-0700] {dagbag.py:588} INFO - Filling up the DagBag from /Users/dimitarjanevski/fake-news-finder/venv/lib/python3.9/site-packages/airflow/example_dags/subdags/subdag.py
[2024-12-10T22:11:49.433-0700] {processor.py:927} WARNING - No viable dags retrieved from /Users/dimitarjanevski/fake-news-finder/venv/lib/python3.9/site-packages/airflow/example_dags/subdags/subdag.py
[2024-12-10T22:11:49.496-0700] {processor.py:208} INFO - Processing /Users/dimitarjanevski/fake-news-finder/venv/lib/python3.9/site-packages/airflow/example_dags/subdags/subdag.py took 0.067 seconds
[2024-12-10T22:13:01.476-0700] {processor.py:186} INFO - Started process (PID=99957) to work on /Users/dimitarjanevski/fake-news-finder/venv/lib/python3.9/site-packages/airflow/example_dags/subdags/subdag.py
[2024-12-10T22:13:01.477-0700] {processor.py:914} INFO - Processing file /Users/dimitarjanevski/fake-news-finder/venv/lib/python3.9/site-packages/airflow/example_dags/subdags/subdag.py for tasks to queue
[2024-12-10T22:13:01.477-0700] {logging_mixin.py:190} INFO - [2024-12-10T22:13:01.477-0700] {dagbag.py:588} INFO - Filling up the DagBag from /Users/dimitarjanevski/fake-news-finder/venv/lib/python3.9/site-packages/airflow/example_dags/subdags/subdag.py
[2024-12-10T22:13:01.478-0700] {processor.py:927} WARNING - No viable dags retrieved from /Users/dimitarjanevski/fake-news-finder/venv/lib/python3.9/site-packages/airflow/example_dags/subdags/subdag.py
[2024-12-10T22:13:01.542-0700] {processor.py:208} INFO - Processing /Users/dimitarjanevski/fake-news-finder/venv/lib/python3.9/site-packages/airflow/example_dags/subdags/subdag.py took 0.067 seconds
[2024-12-10T22:14:06.764-0700] {processor.py:186} INFO - Started process (PID=603) to work on /Users/dimitarjanevski/fake-news-finder/venv/lib/python3.9/site-packages/airflow/example_dags/subdags/subdag.py
[2024-12-10T22:14:06.765-0700] {processor.py:914} INFO - Processing file /Users/dimitarjanevski/fake-news-finder/venv/lib/python3.9/site-packages/airflow/example_dags/subdags/subdag.py for tasks to queue
[2024-12-10T22:14:06.765-0700] {logging_mixin.py:190} INFO - [2024-12-10T22:14:06.765-0700] {dagbag.py:588} INFO - Filling up the DagBag from /Users/dimitarjanevski/fake-news-finder/venv/lib/python3.9/site-packages/airflow/example_dags/subdags/subdag.py
[2024-12-10T22:14:06.766-0700] {processor.py:927} WARNING - No viable dags retrieved from /Users/dimitarjanevski/fake-news-finder/venv/lib/python3.9/site-packages/airflow/example_dags/subdags/subdag.py
[2024-12-10T22:14:06.829-0700] {processor.py:208} INFO - Processing /Users/dimitarjanevski/fake-news-finder/venv/lib/python3.9/site-packages/airflow/example_dags/subdags/subdag.py took 0.066 seconds
[2024-12-10T22:16:24.117-0700] {processor.py:186} INFO - Started process (PID=2676) to work on /Users/dimitarjanevski/fake-news-finder/venv/lib/python3.9/site-packages/airflow/example_dags/subdags/subdag.py
[2024-12-10T22:16:24.118-0700] {processor.py:914} INFO - Processing file /Users/dimitarjanevski/fake-news-finder/venv/lib/python3.9/site-packages/airflow/example_dags/subdags/subdag.py for tasks to queue
[2024-12-10T22:16:24.118-0700] {logging_mixin.py:190} INFO - [2024-12-10T22:16:24.118-0700] {dagbag.py:588} INFO - Filling up the DagBag from /Users/dimitarjanevski/fake-news-finder/venv/lib/python3.9/site-packages/airflow/example_dags/subdags/subdag.py
[2024-12-10T22:16:24.119-0700] {processor.py:927} WARNING - No viable dags retrieved from /Users/dimitarjanevski/fake-news-finder/venv/lib/python3.9/site-packages/airflow/example_dags/subdags/subdag.py
[2024-12-10T22:16:24.187-0700] {processor.py:208} INFO - Processing /Users/dimitarjanevski/fake-news-finder/venv/lib/python3.9/site-packages/airflow/example_dags/subdags/subdag.py took 0.071 seconds
[2024-12-10T22:18:08.466-0700] {processor.py:186} INFO - Started process (PID=4277) to work on /Users/dimitarjanevski/fake-news-finder/venv/lib/python3.9/site-packages/airflow/example_dags/subdags/subdag.py
[2024-12-10T22:18:08.467-0700] {processor.py:914} INFO - Processing file /Users/dimitarjanevski/fake-news-finder/venv/lib/python3.9/site-packages/airflow/example_dags/subdags/subdag.py for tasks to queue
[2024-12-10T22:18:08.468-0700] {logging_mixin.py:190} INFO - [2024-12-10T22:18:08.467-0700] {dagbag.py:588} INFO - Filling up the DagBag from /Users/dimitarjanevski/fake-news-finder/venv/lib/python3.9/site-packages/airflow/example_dags/subdags/subdag.py
[2024-12-10T22:18:08.469-0700] {processor.py:927} WARNING - No viable dags retrieved from /Users/dimitarjanevski/fake-news-finder/venv/lib/python3.9/site-packages/airflow/example_dags/subdags/subdag.py
[2024-12-10T22:18:08.535-0700] {processor.py:208} INFO - Processing /Users/dimitarjanevski/fake-news-finder/venv/lib/python3.9/site-packages/airflow/example_dags/subdags/subdag.py took 0.070 seconds
[2024-12-10T22:18:21.478-0700] {processor.py:186} INFO - Started process (PID=4427) to work on /Users/dimitarjanevski/fake-news-finder/venv/lib/python3.9/site-packages/airflow/example_dags/subdags/subdag.py
[2024-12-10T22:18:21.480-0700] {processor.py:914} INFO - Processing file /Users/dimitarjanevski/fake-news-finder/venv/lib/python3.9/site-packages/airflow/example_dags/subdags/subdag.py for tasks to queue
[2024-12-10T22:18:21.480-0700] {logging_mixin.py:190} INFO - [2024-12-10T22:18:21.480-0700] {dagbag.py:588} INFO - Filling up the DagBag from /Users/dimitarjanevski/fake-news-finder/venv/lib/python3.9/site-packages/airflow/example_dags/subdags/subdag.py
[2024-12-10T22:18:21.481-0700] {processor.py:927} WARNING - No viable dags retrieved from /Users/dimitarjanevski/fake-news-finder/venv/lib/python3.9/site-packages/airflow/example_dags/subdags/subdag.py
[2024-12-10T22:18:21.545-0700] {processor.py:208} INFO - Processing /Users/dimitarjanevski/fake-news-finder/venv/lib/python3.9/site-packages/airflow/example_dags/subdags/subdag.py took 0.068 seconds
[2024-12-10T22:20:04.258-0700] {processor.py:186} INFO - Started process (PID=5100) to work on /Users/dimitarjanevski/fake-news-finder/venv/lib/python3.9/site-packages/airflow/example_dags/subdags/subdag.py
[2024-12-10T22:20:04.258-0700] {processor.py:914} INFO - Processing file /Users/dimitarjanevski/fake-news-finder/venv/lib/python3.9/site-packages/airflow/example_dags/subdags/subdag.py for tasks to queue
[2024-12-10T22:20:04.259-0700] {logging_mixin.py:190} INFO - [2024-12-10T22:20:04.259-0700] {dagbag.py:588} INFO - Filling up the DagBag from /Users/dimitarjanevski/fake-news-finder/venv/lib/python3.9/site-packages/airflow/example_dags/subdags/subdag.py
[2024-12-10T22:20:04.260-0700] {processor.py:927} WARNING - No viable dags retrieved from /Users/dimitarjanevski/fake-news-finder/venv/lib/python3.9/site-packages/airflow/example_dags/subdags/subdag.py
[2024-12-10T22:20:04.324-0700] {processor.py:208} INFO - Processing /Users/dimitarjanevski/fake-news-finder/venv/lib/python3.9/site-packages/airflow/example_dags/subdags/subdag.py took 0.068 seconds
[2024-12-10T22:21:20.643-0700] {processor.py:186} INFO - Started process (PID=5566) to work on /Users/dimitarjanevski/fake-news-finder/venv/lib/python3.9/site-packages/airflow/example_dags/subdags/subdag.py
[2024-12-10T22:21:20.644-0700] {processor.py:914} INFO - Processing file /Users/dimitarjanevski/fake-news-finder/venv/lib/python3.9/site-packages/airflow/example_dags/subdags/subdag.py for tasks to queue
[2024-12-10T22:21:20.646-0700] {logging_mixin.py:190} INFO - [2024-12-10T22:21:20.646-0700] {dagbag.py:588} INFO - Filling up the DagBag from /Users/dimitarjanevski/fake-news-finder/venv/lib/python3.9/site-packages/airflow/example_dags/subdags/subdag.py
[2024-12-10T22:21:20.647-0700] {processor.py:927} WARNING - No viable dags retrieved from /Users/dimitarjanevski/fake-news-finder/venv/lib/python3.9/site-packages/airflow/example_dags/subdags/subdag.py
[2024-12-10T22:21:20.716-0700] {processor.py:208} INFO - Processing /Users/dimitarjanevski/fake-news-finder/venv/lib/python3.9/site-packages/airflow/example_dags/subdags/subdag.py took 0.074 seconds
