[2024-12-10T22:10:46.161-0700] {processor.py:186} INFO - Started process (PID=99239) to work on /Users/dimitarjanevski/fake-news-finder/venv/lib/python3.9/site-packages/airflow/example_dags/example_short_circuit_decorator.py
[2024-12-10T22:10:46.161-0700] {processor.py:914} INFO - Processing file /Users/dimitarjanevski/fake-news-finder/venv/lib/python3.9/site-packages/airflow/example_dags/example_short_circuit_decorator.py for tasks to queue
[2024-12-10T22:10:46.162-0700] {logging_mixin.py:190} INFO - [2024-12-10T22:10:46.162-0700] {dagbag.py:588} INFO - Filling up the DagBag from /Users/dimitarjanevski/fake-news-finder/venv/lib/python3.9/site-packages/airflow/example_dags/example_short_circuit_decorator.py
[2024-12-10T22:10:46.202-0700] {processor.py:925} INFO - DAG(s) 'example_short_circuit_decorator' retrieved from /Users/dimitarjanevski/fake-news-finder/venv/lib/python3.9/site-packages/airflow/example_dags/example_short_circuit_decorator.py
[2024-12-10T22:10:46.279-0700] {logging_mixin.py:190} INFO - [2024-12-10T22:10:46.279-0700] {override.py:1911} INFO - Created Permission View: can edit on DAG:example_short_circuit_decorator
[2024-12-10T22:10:46.283-0700] {logging_mixin.py:190} INFO - [2024-12-10T22:10:46.283-0700] {override.py:1911} INFO - Created Permission View: can read on DAG:example_short_circuit_decorator
[2024-12-10T22:10:46.285-0700] {logging_mixin.py:190} INFO - [2024-12-10T22:10:46.285-0700] {override.py:1911} INFO - Created Permission View: can delete on DAG:example_short_circuit_decorator
[2024-12-10T22:10:46.288-0700] {logging_mixin.py:190} INFO - [2024-12-10T22:10:46.288-0700] {override.py:1911} INFO - Created Permission View: menu access on DAG Run:example_short_circuit_decorator
[2024-12-10T22:10:46.290-0700] {logging_mixin.py:190} INFO - [2024-12-10T22:10:46.290-0700] {override.py:1911} INFO - Created Permission View: can read on DAG Run:example_short_circuit_decorator
[2024-12-10T22:10:46.292-0700] {logging_mixin.py:190} INFO - [2024-12-10T22:10:46.292-0700] {override.py:1911} INFO - Created Permission View: can create on DAG Run:example_short_circuit_decorator
[2024-12-10T22:10:46.294-0700] {logging_mixin.py:190} INFO - [2024-12-10T22:10:46.294-0700] {override.py:1911} INFO - Created Permission View: can delete on DAG Run:example_short_circuit_decorator
[2024-12-10T22:10:46.295-0700] {logging_mixin.py:190} INFO - [2024-12-10T22:10:46.295-0700] {dag.py:3239} INFO - Sync 1 DAGs
[2024-12-10T22:10:46.299-0700] {logging_mixin.py:190} INFO - [2024-12-10T22:10:46.299-0700] {dag.py:3262} INFO - Creating ORM DAG for example_short_circuit_decorator
[2024-12-10T22:10:46.299-0700] {logging_mixin.py:190} INFO - [2024-12-10T22:10:46.299-0700] {dag.py:4180} INFO - Setting next_dagrun for example_short_circuit_decorator to None, run_after=None
[2024-12-10T22:10:46.306-0700] {processor.py:208} INFO - Processing /Users/dimitarjanevski/fake-news-finder/venv/lib/python3.9/site-packages/airflow/example_dags/example_short_circuit_decorator.py took 0.147 seconds
[2024-12-10T22:12:28.665-0700] {processor.py:186} INFO - Started process (PID=99798) to work on /Users/dimitarjanevski/fake-news-finder/venv/lib/python3.9/site-packages/airflow/example_dags/example_short_circuit_decorator.py
[2024-12-10T22:12:28.666-0700] {processor.py:914} INFO - Processing file /Users/dimitarjanevski/fake-news-finder/venv/lib/python3.9/site-packages/airflow/example_dags/example_short_circuit_decorator.py for tasks to queue
[2024-12-10T22:12:28.667-0700] {logging_mixin.py:190} INFO - [2024-12-10T22:12:28.667-0700] {dagbag.py:588} INFO - Filling up the DagBag from /Users/dimitarjanevski/fake-news-finder/venv/lib/python3.9/site-packages/airflow/example_dags/example_short_circuit_decorator.py
[2024-12-10T22:12:28.707-0700] {processor.py:925} INFO - DAG(s) 'example_short_circuit_decorator' retrieved from /Users/dimitarjanevski/fake-news-finder/venv/lib/python3.9/site-packages/airflow/example_dags/example_short_circuit_decorator.py
[2024-12-10T22:12:28.751-0700] {logging_mixin.py:190} INFO - [2024-12-10T22:12:28.750-0700] {dag.py:3239} INFO - Sync 1 DAGs
[2024-12-10T22:12:28.755-0700] {logging_mixin.py:190} INFO - [2024-12-10T22:12:28.755-0700] {dag.py:4180} INFO - Setting next_dagrun for example_short_circuit_decorator to None, run_after=None
[2024-12-10T22:12:28.762-0700] {processor.py:208} INFO - Processing /Users/dimitarjanevski/fake-news-finder/venv/lib/python3.9/site-packages/airflow/example_dags/example_short_circuit_decorator.py took 0.099 seconds
[2024-12-10T22:14:48.089-0700] {processor.py:186} INFO - Started process (PID=938) to work on /Users/dimitarjanevski/fake-news-finder/venv/lib/python3.9/site-packages/airflow/example_dags/example_short_circuit_decorator.py
[2024-12-10T22:14:48.089-0700] {processor.py:914} INFO - Processing file /Users/dimitarjanevski/fake-news-finder/venv/lib/python3.9/site-packages/airflow/example_dags/example_short_circuit_decorator.py for tasks to queue
[2024-12-10T22:14:48.090-0700] {logging_mixin.py:190} INFO - [2024-12-10T22:14:48.090-0700] {dagbag.py:588} INFO - Filling up the DagBag from /Users/dimitarjanevski/fake-news-finder/venv/lib/python3.9/site-packages/airflow/example_dags/example_short_circuit_decorator.py
[2024-12-10T22:14:48.130-0700] {processor.py:925} INFO - DAG(s) 'example_short_circuit_decorator' retrieved from /Users/dimitarjanevski/fake-news-finder/venv/lib/python3.9/site-packages/airflow/example_dags/example_short_circuit_decorator.py
[2024-12-10T22:14:48.173-0700] {logging_mixin.py:190} INFO - [2024-12-10T22:14:48.173-0700] {dag.py:3239} INFO - Sync 1 DAGs
[2024-12-10T22:14:48.178-0700] {logging_mixin.py:190} INFO - [2024-12-10T22:14:48.178-0700] {dag.py:4180} INFO - Setting next_dagrun for example_short_circuit_decorator to None, run_after=None
[2024-12-10T22:14:48.185-0700] {processor.py:208} INFO - Processing /Users/dimitarjanevski/fake-news-finder/venv/lib/python3.9/site-packages/airflow/example_dags/example_short_circuit_decorator.py took 0.098 seconds
[2024-12-10T22:17:04.982-0700] {processor.py:186} INFO - Started process (PID=2900) to work on /Users/dimitarjanevski/fake-news-finder/venv/lib/python3.9/site-packages/airflow/example_dags/example_short_circuit_decorator.py
[2024-12-10T22:17:04.983-0700] {processor.py:914} INFO - Processing file /Users/dimitarjanevski/fake-news-finder/venv/lib/python3.9/site-packages/airflow/example_dags/example_short_circuit_decorator.py for tasks to queue
[2024-12-10T22:17:04.983-0700] {logging_mixin.py:190} INFO - [2024-12-10T22:17:04.983-0700] {dagbag.py:588} INFO - Filling up the DagBag from /Users/dimitarjanevski/fake-news-finder/venv/lib/python3.9/site-packages/airflow/example_dags/example_short_circuit_decorator.py
[2024-12-10T22:17:05.027-0700] {processor.py:925} INFO - DAG(s) 'example_short_circuit_decorator' retrieved from /Users/dimitarjanevski/fake-news-finder/venv/lib/python3.9/site-packages/airflow/example_dags/example_short_circuit_decorator.py
[2024-12-10T22:17:05.077-0700] {logging_mixin.py:190} INFO - [2024-12-10T22:17:05.077-0700] {dag.py:3239} INFO - Sync 1 DAGs
[2024-12-10T22:17:05.085-0700] {logging_mixin.py:190} INFO - [2024-12-10T22:17:05.085-0700] {dag.py:4180} INFO - Setting next_dagrun for example_short_circuit_decorator to None, run_after=None
[2024-12-10T22:17:05.094-0700] {processor.py:208} INFO - Processing /Users/dimitarjanevski/fake-news-finder/venv/lib/python3.9/site-packages/airflow/example_dags/example_short_circuit_decorator.py took 0.115 seconds
[2024-12-10T22:19:02.387-0700] {processor.py:186} INFO - Started process (PID=4677) to work on /Users/dimitarjanevski/fake-news-finder/venv/lib/python3.9/site-packages/airflow/example_dags/example_short_circuit_decorator.py
[2024-12-10T22:19:02.389-0700] {processor.py:914} INFO - Processing file /Users/dimitarjanevski/fake-news-finder/venv/lib/python3.9/site-packages/airflow/example_dags/example_short_circuit_decorator.py for tasks to queue
[2024-12-10T22:19:02.389-0700] {logging_mixin.py:190} INFO - [2024-12-10T22:19:02.389-0700] {dagbag.py:588} INFO - Filling up the DagBag from /Users/dimitarjanevski/fake-news-finder/venv/lib/python3.9/site-packages/airflow/example_dags/example_short_circuit_decorator.py
[2024-12-10T22:19:02.431-0700] {processor.py:925} INFO - DAG(s) 'example_short_circuit_decorator' retrieved from /Users/dimitarjanevski/fake-news-finder/venv/lib/python3.9/site-packages/airflow/example_dags/example_short_circuit_decorator.py
[2024-12-10T22:19:02.475-0700] {logging_mixin.py:190} INFO - [2024-12-10T22:19:02.475-0700] {dag.py:3239} INFO - Sync 1 DAGs
[2024-12-10T22:19:02.479-0700] {logging_mixin.py:190} INFO - [2024-12-10T22:19:02.479-0700] {dag.py:4180} INFO - Setting next_dagrun for example_short_circuit_decorator to None, run_after=None
[2024-12-10T22:19:02.487-0700] {processor.py:208} INFO - Processing /Users/dimitarjanevski/fake-news-finder/venv/lib/python3.9/site-packages/airflow/example_dags/example_short_circuit_decorator.py took 0.102 seconds
[2024-12-10T22:20:44.401-0700] {processor.py:186} INFO - Started process (PID=5341) to work on /Users/dimitarjanevski/fake-news-finder/venv/lib/python3.9/site-packages/airflow/example_dags/example_short_circuit_decorator.py
[2024-12-10T22:20:44.401-0700] {processor.py:914} INFO - Processing file /Users/dimitarjanevski/fake-news-finder/venv/lib/python3.9/site-packages/airflow/example_dags/example_short_circuit_decorator.py for tasks to queue
[2024-12-10T22:20:44.402-0700] {logging_mixin.py:190} INFO - [2024-12-10T22:20:44.402-0700] {dagbag.py:588} INFO - Filling up the DagBag from /Users/dimitarjanevski/fake-news-finder/venv/lib/python3.9/site-packages/airflow/example_dags/example_short_circuit_decorator.py
[2024-12-10T22:20:44.442-0700] {processor.py:925} INFO - DAG(s) 'example_short_circuit_decorator' retrieved from /Users/dimitarjanevski/fake-news-finder/venv/lib/python3.9/site-packages/airflow/example_dags/example_short_circuit_decorator.py
[2024-12-10T22:20:44.485-0700] {logging_mixin.py:190} INFO - [2024-12-10T22:20:44.485-0700] {dag.py:3239} INFO - Sync 1 DAGs
[2024-12-10T22:20:44.489-0700] {logging_mixin.py:190} INFO - [2024-12-10T22:20:44.489-0700] {dag.py:4180} INFO - Setting next_dagrun for example_short_circuit_decorator to None, run_after=None
[2024-12-10T22:20:44.497-0700] {processor.py:208} INFO - Processing /Users/dimitarjanevski/fake-news-finder/venv/lib/python3.9/site-packages/airflow/example_dags/example_short_circuit_decorator.py took 0.098 seconds
