[2024-12-10T22:11:00.856-0700] {processor.py:186} INFO - Started process (PID=99314) to work on /Users/dimitarjanevski/fake-news-finder/venv/lib/python3.9/site-packages/airflow/example_dags/example_params_ui_tutorial.py
[2024-12-10T22:11:00.856-0700] {processor.py:914} INFO - Processing file /Users/dimitarjanevski/fake-news-finder/venv/lib/python3.9/site-packages/airflow/example_dags/example_params_ui_tutorial.py for tasks to queue
[2024-12-10T22:11:00.857-0700] {logging_mixin.py:190} INFO - [2024-12-10T22:11:00.857-0700] {dagbag.py:588} INFO - Filling up the DagBag from /Users/dimitarjanevski/fake-news-finder/venv/lib/python3.9/site-packages/airflow/example_dags/example_params_ui_tutorial.py
[2024-12-10T22:11:00.898-0700] {processor.py:925} INFO - DAG(s) 'example_params_ui_tutorial' retrieved from /Users/dimitarjanevski/fake-news-finder/venv/lib/python3.9/site-packages/airflow/example_dags/example_params_ui_tutorial.py
[2024-12-10T22:11:00.984-0700] {logging_mixin.py:190} INFO - [2024-12-10T22:11:00.984-0700] {override.py:1911} INFO - Created Permission View: can read on DAG:example_params_ui_tutorial
[2024-12-10T22:11:00.987-0700] {logging_mixin.py:190} INFO - [2024-12-10T22:11:00.987-0700] {override.py:1911} INFO - Created Permission View: can edit on DAG:example_params_ui_tutorial
[2024-12-10T22:11:00.989-0700] {logging_mixin.py:190} INFO - [2024-12-10T22:11:00.989-0700] {override.py:1911} INFO - Created Permission View: can delete on DAG:example_params_ui_tutorial
[2024-12-10T22:11:00.992-0700] {logging_mixin.py:190} INFO - [2024-12-10T22:11:00.992-0700] {override.py:1911} INFO - Created Permission View: menu access on DAG Run:example_params_ui_tutorial
[2024-12-10T22:11:00.994-0700] {logging_mixin.py:190} INFO - [2024-12-10T22:11:00.994-0700] {override.py:1911} INFO - Created Permission View: can read on DAG Run:example_params_ui_tutorial
[2024-12-10T22:11:00.996-0700] {logging_mixin.py:190} INFO - [2024-12-10T22:11:00.996-0700] {override.py:1911} INFO - Created Permission View: can create on DAG Run:example_params_ui_tutorial
[2024-12-10T22:11:00.998-0700] {logging_mixin.py:190} INFO - [2024-12-10T22:11:00.998-0700] {override.py:1911} INFO - Created Permission View: can delete on DAG Run:example_params_ui_tutorial
[2024-12-10T22:11:00.998-0700] {logging_mixin.py:190} INFO - [2024-12-10T22:11:00.998-0700] {dag.py:3239} INFO - Sync 1 DAGs
[2024-12-10T22:11:01.003-0700] {logging_mixin.py:190} INFO - [2024-12-10T22:11:01.003-0700] {dag.py:3262} INFO - Creating ORM DAG for example_params_ui_tutorial
[2024-12-10T22:11:01.003-0700] {logging_mixin.py:190} INFO - [2024-12-10T22:11:01.003-0700] {dag.py:4180} INFO - Setting next_dagrun for example_params_ui_tutorial to None, run_after=None
[2024-12-10T22:11:01.009-0700] {processor.py:208} INFO - Processing /Users/dimitarjanevski/fake-news-finder/venv/lib/python3.9/site-packages/airflow/example_dags/example_params_ui_tutorial.py took 0.155 seconds
[2024-12-10T22:12:43.836-0700] {processor.py:186} INFO - Started process (PID=99872) to work on /Users/dimitarjanevski/fake-news-finder/venv/lib/python3.9/site-packages/airflow/example_dags/example_params_ui_tutorial.py
[2024-12-10T22:12:43.837-0700] {processor.py:914} INFO - Processing file /Users/dimitarjanevski/fake-news-finder/venv/lib/python3.9/site-packages/airflow/example_dags/example_params_ui_tutorial.py for tasks to queue
[2024-12-10T22:12:43.838-0700] {logging_mixin.py:190} INFO - [2024-12-10T22:12:43.838-0700] {dagbag.py:588} INFO - Filling up the DagBag from /Users/dimitarjanevski/fake-news-finder/venv/lib/python3.9/site-packages/airflow/example_dags/example_params_ui_tutorial.py
[2024-12-10T22:12:43.879-0700] {processor.py:925} INFO - DAG(s) 'example_params_ui_tutorial' retrieved from /Users/dimitarjanevski/fake-news-finder/venv/lib/python3.9/site-packages/airflow/example_dags/example_params_ui_tutorial.py
[2024-12-10T22:12:43.934-0700] {logging_mixin.py:190} INFO - [2024-12-10T22:12:43.934-0700] {dag.py:3239} INFO - Sync 1 DAGs
[2024-12-10T22:12:43.939-0700] {logging_mixin.py:190} INFO - [2024-12-10T22:12:43.939-0700] {dag.py:4180} INFO - Setting next_dagrun for example_params_ui_tutorial to None, run_after=None
[2024-12-10T22:12:43.949-0700] {processor.py:208} INFO - Processing /Users/dimitarjanevski/fake-news-finder/venv/lib/python3.9/site-packages/airflow/example_dags/example_params_ui_tutorial.py took 0.115 seconds
[2024-12-10T22:15:03.201-0700] {processor.py:186} INFO - Started process (PID=1042) to work on /Users/dimitarjanevski/fake-news-finder/venv/lib/python3.9/site-packages/airflow/example_dags/example_params_ui_tutorial.py
[2024-12-10T22:15:03.202-0700] {processor.py:914} INFO - Processing file /Users/dimitarjanevski/fake-news-finder/venv/lib/python3.9/site-packages/airflow/example_dags/example_params_ui_tutorial.py for tasks to queue
[2024-12-10T22:15:03.202-0700] {logging_mixin.py:190} INFO - [2024-12-10T22:15:03.202-0700] {dagbag.py:588} INFO - Filling up the DagBag from /Users/dimitarjanevski/fake-news-finder/venv/lib/python3.9/site-packages/airflow/example_dags/example_params_ui_tutorial.py
[2024-12-10T22:15:03.244-0700] {processor.py:925} INFO - DAG(s) 'example_params_ui_tutorial' retrieved from /Users/dimitarjanevski/fake-news-finder/venv/lib/python3.9/site-packages/airflow/example_dags/example_params_ui_tutorial.py
[2024-12-10T22:15:03.307-0700] {logging_mixin.py:190} INFO - [2024-12-10T22:15:03.307-0700] {dag.py:3239} INFO - Sync 1 DAGs
[2024-12-10T22:15:03.313-0700] {logging_mixin.py:190} INFO - [2024-12-10T22:15:03.312-0700] {dag.py:4180} INFO - Setting next_dagrun for example_params_ui_tutorial to None, run_after=None
[2024-12-10T22:15:03.322-0700] {processor.py:208} INFO - Processing /Users/dimitarjanevski/fake-news-finder/venv/lib/python3.9/site-packages/airflow/example_dags/example_params_ui_tutorial.py took 0.123 seconds
[2024-12-10T22:17:19.624-0700] {processor.py:186} INFO - Started process (PID=3025) to work on /Users/dimitarjanevski/fake-news-finder/venv/lib/python3.9/site-packages/airflow/example_dags/example_params_ui_tutorial.py
[2024-12-10T22:17:19.625-0700] {processor.py:914} INFO - Processing file /Users/dimitarjanevski/fake-news-finder/venv/lib/python3.9/site-packages/airflow/example_dags/example_params_ui_tutorial.py for tasks to queue
[2024-12-10T22:17:19.625-0700] {logging_mixin.py:190} INFO - [2024-12-10T22:17:19.625-0700] {dagbag.py:588} INFO - Filling up the DagBag from /Users/dimitarjanevski/fake-news-finder/venv/lib/python3.9/site-packages/airflow/example_dags/example_params_ui_tutorial.py
[2024-12-10T22:17:19.667-0700] {processor.py:925} INFO - DAG(s) 'example_params_ui_tutorial' retrieved from /Users/dimitarjanevski/fake-news-finder/venv/lib/python3.9/site-packages/airflow/example_dags/example_params_ui_tutorial.py
[2024-12-10T22:17:19.724-0700] {logging_mixin.py:190} INFO - [2024-12-10T22:17:19.724-0700] {dag.py:3239} INFO - Sync 1 DAGs
[2024-12-10T22:17:19.728-0700] {logging_mixin.py:190} INFO - [2024-12-10T22:17:19.728-0700] {dag.py:4180} INFO - Setting next_dagrun for example_params_ui_tutorial to None, run_after=None
[2024-12-10T22:17:19.736-0700] {processor.py:208} INFO - Processing /Users/dimitarjanevski/fake-news-finder/venv/lib/python3.9/site-packages/airflow/example_dags/example_params_ui_tutorial.py took 0.114 seconds
[2024-12-10T22:19:15.884-0700] {processor.py:186} INFO - Started process (PID=4776) to work on /Users/dimitarjanevski/fake-news-finder/venv/lib/python3.9/site-packages/airflow/example_dags/example_params_ui_tutorial.py
[2024-12-10T22:19:15.885-0700] {processor.py:914} INFO - Processing file /Users/dimitarjanevski/fake-news-finder/venv/lib/python3.9/site-packages/airflow/example_dags/example_params_ui_tutorial.py for tasks to queue
[2024-12-10T22:19:15.885-0700] {logging_mixin.py:190} INFO - [2024-12-10T22:19:15.885-0700] {dagbag.py:588} INFO - Filling up the DagBag from /Users/dimitarjanevski/fake-news-finder/venv/lib/python3.9/site-packages/airflow/example_dags/example_params_ui_tutorial.py
[2024-12-10T22:19:15.924-0700] {processor.py:925} INFO - DAG(s) 'example_params_ui_tutorial' retrieved from /Users/dimitarjanevski/fake-news-finder/venv/lib/python3.9/site-packages/airflow/example_dags/example_params_ui_tutorial.py
[2024-12-10T22:19:15.979-0700] {logging_mixin.py:190} INFO - [2024-12-10T22:19:15.978-0700] {dag.py:3239} INFO - Sync 1 DAGs
[2024-12-10T22:19:15.983-0700] {logging_mixin.py:190} INFO - [2024-12-10T22:19:15.983-0700] {dag.py:4180} INFO - Setting next_dagrun for example_params_ui_tutorial to None, run_after=None
[2024-12-10T22:19:15.990-0700] {processor.py:208} INFO - Processing /Users/dimitarjanevski/fake-news-finder/venv/lib/python3.9/site-packages/airflow/example_dags/example_params_ui_tutorial.py took 0.108 seconds
[2024-12-10T22:20:58.942-0700] {processor.py:186} INFO - Started process (PID=5434) to work on /Users/dimitarjanevski/fake-news-finder/venv/lib/python3.9/site-packages/airflow/example_dags/example_params_ui_tutorial.py
[2024-12-10T22:20:58.943-0700] {processor.py:914} INFO - Processing file /Users/dimitarjanevski/fake-news-finder/venv/lib/python3.9/site-packages/airflow/example_dags/example_params_ui_tutorial.py for tasks to queue
[2024-12-10T22:20:58.944-0700] {logging_mixin.py:190} INFO - [2024-12-10T22:20:58.944-0700] {dagbag.py:588} INFO - Filling up the DagBag from /Users/dimitarjanevski/fake-news-finder/venv/lib/python3.9/site-packages/airflow/example_dags/example_params_ui_tutorial.py
[2024-12-10T22:20:58.985-0700] {processor.py:925} INFO - DAG(s) 'example_params_ui_tutorial' retrieved from /Users/dimitarjanevski/fake-news-finder/venv/lib/python3.9/site-packages/airflow/example_dags/example_params_ui_tutorial.py
[2024-12-10T22:20:59.041-0700] {logging_mixin.py:190} INFO - [2024-12-10T22:20:59.041-0700] {dag.py:3239} INFO - Sync 1 DAGs
[2024-12-10T22:20:59.048-0700] {logging_mixin.py:190} INFO - [2024-12-10T22:20:59.048-0700] {dag.py:4180} INFO - Setting next_dagrun for example_params_ui_tutorial to None, run_after=None
[2024-12-10T22:20:59.056-0700] {processor.py:208} INFO - Processing /Users/dimitarjanevski/fake-news-finder/venv/lib/python3.9/site-packages/airflow/example_dags/example_params_ui_tutorial.py took 0.116 seconds
