[2024-12-10T22:10:26.603-0700] {processor.py:186} INFO - Started process (PID=99121) to work on /Users/dimitarjanevski/fake-news-finder/venv/lib/python3.9/site-packages/airflow/example_dags/example_xcom.py
[2024-12-10T22:10:26.604-0700] {processor.py:914} INFO - Processing file /Users/dimitarjanevski/fake-news-finder/venv/lib/python3.9/site-packages/airflow/example_dags/example_xcom.py for tasks to queue
[2024-12-10T22:10:26.604-0700] {logging_mixin.py:190} INFO - [2024-12-10T22:10:26.604-0700] {dagbag.py:588} INFO - Filling up the DagBag from /Users/dimitarjanevski/fake-news-finder/venv/lib/python3.9/site-packages/airflow/example_dags/example_xcom.py
[2024-12-10T22:10:26.649-0700] {processor.py:925} INFO - DAG(s) 'example_xcom' retrieved from /Users/dimitarjanevski/fake-news-finder/venv/lib/python3.9/site-packages/airflow/example_dags/example_xcom.py
[2024-12-10T22:10:26.730-0700] {logging_mixin.py:190} INFO - [2024-12-10T22:10:26.729-0700] {override.py:1911} INFO - Created Permission View: can edit on DAG:example_xcom
[2024-12-10T22:10:26.733-0700] {logging_mixin.py:190} INFO - [2024-12-10T22:10:26.733-0700] {override.py:1911} INFO - Created Permission View: can delete on DAG:example_xcom
[2024-12-10T22:10:26.735-0700] {logging_mixin.py:190} INFO - [2024-12-10T22:10:26.735-0700] {override.py:1911} INFO - Created Permission View: can read on DAG:example_xcom
[2024-12-10T22:10:26.738-0700] {logging_mixin.py:190} INFO - [2024-12-10T22:10:26.738-0700] {override.py:1911} INFO - Created Permission View: can create on DAG Run:example_xcom
[2024-12-10T22:10:26.740-0700] {logging_mixin.py:190} INFO - [2024-12-10T22:10:26.740-0700] {override.py:1911} INFO - Created Permission View: menu access on DAG Run:example_xcom
[2024-12-10T22:10:26.742-0700] {logging_mixin.py:190} INFO - [2024-12-10T22:10:26.742-0700] {override.py:1911} INFO - Created Permission View: can delete on DAG Run:example_xcom
[2024-12-10T22:10:26.745-0700] {logging_mixin.py:190} INFO - [2024-12-10T22:10:26.744-0700] {override.py:1911} INFO - Created Permission View: can read on DAG Run:example_xcom
[2024-12-10T22:10:26.745-0700] {logging_mixin.py:190} INFO - [2024-12-10T22:10:26.745-0700] {dag.py:3239} INFO - Sync 1 DAGs
[2024-12-10T22:10:26.749-0700] {logging_mixin.py:190} INFO - [2024-12-10T22:10:26.749-0700] {dag.py:3262} INFO - Creating ORM DAG for example_xcom
[2024-12-10T22:10:26.752-0700] {logging_mixin.py:190} INFO - [2024-12-10T22:10:26.752-0700] {dag.py:4180} INFO - Setting next_dagrun for example_xcom to 2021-01-01 00:00:00+00:00, run_after=2021-01-01 00:00:00+00:00
[2024-12-10T22:10:26.759-0700] {processor.py:208} INFO - Processing /Users/dimitarjanevski/fake-news-finder/venv/lib/python3.9/site-packages/airflow/example_dags/example_xcom.py took 0.158 seconds
[2024-12-10T22:12:09.113-0700] {processor.py:186} INFO - Started process (PID=99693) to work on /Users/dimitarjanevski/fake-news-finder/venv/lib/python3.9/site-packages/airflow/example_dags/example_xcom.py
[2024-12-10T22:12:09.114-0700] {processor.py:914} INFO - Processing file /Users/dimitarjanevski/fake-news-finder/venv/lib/python3.9/site-packages/airflow/example_dags/example_xcom.py for tasks to queue
[2024-12-10T22:12:09.114-0700] {logging_mixin.py:190} INFO - [2024-12-10T22:12:09.114-0700] {dagbag.py:588} INFO - Filling up the DagBag from /Users/dimitarjanevski/fake-news-finder/venv/lib/python3.9/site-packages/airflow/example_dags/example_xcom.py
[2024-12-10T22:12:09.153-0700] {processor.py:925} INFO - DAG(s) 'example_xcom' retrieved from /Users/dimitarjanevski/fake-news-finder/venv/lib/python3.9/site-packages/airflow/example_dags/example_xcom.py
[2024-12-10T22:12:09.197-0700] {logging_mixin.py:190} INFO - [2024-12-10T22:12:09.197-0700] {dag.py:3239} INFO - Sync 1 DAGs
[2024-12-10T22:12:09.204-0700] {logging_mixin.py:190} INFO - [2024-12-10T22:12:09.204-0700] {dag.py:4180} INFO - Setting next_dagrun for example_xcom to 2021-01-01 00:00:00+00:00, run_after=2021-01-01 00:00:00+00:00
[2024-12-10T22:12:09.211-0700] {processor.py:208} INFO - Processing /Users/dimitarjanevski/fake-news-finder/venv/lib/python3.9/site-packages/airflow/example_dags/example_xcom.py took 0.100 seconds
[2024-12-10T22:14:28.369-0700] {processor.py:186} INFO - Started process (PID=809) to work on /Users/dimitarjanevski/fake-news-finder/venv/lib/python3.9/site-packages/airflow/example_dags/example_xcom.py
[2024-12-10T22:14:28.370-0700] {processor.py:914} INFO - Processing file /Users/dimitarjanevski/fake-news-finder/venv/lib/python3.9/site-packages/airflow/example_dags/example_xcom.py for tasks to queue
[2024-12-10T22:14:28.370-0700] {logging_mixin.py:190} INFO - [2024-12-10T22:14:28.370-0700] {dagbag.py:588} INFO - Filling up the DagBag from /Users/dimitarjanevski/fake-news-finder/venv/lib/python3.9/site-packages/airflow/example_dags/example_xcom.py
[2024-12-10T22:14:28.410-0700] {processor.py:925} INFO - DAG(s) 'example_xcom' retrieved from /Users/dimitarjanevski/fake-news-finder/venv/lib/python3.9/site-packages/airflow/example_dags/example_xcom.py
[2024-12-10T22:14:28.452-0700] {logging_mixin.py:190} INFO - [2024-12-10T22:14:28.452-0700] {dag.py:3239} INFO - Sync 1 DAGs
[2024-12-10T22:14:28.462-0700] {logging_mixin.py:190} INFO - [2024-12-10T22:14:28.462-0700] {dag.py:4180} INFO - Setting next_dagrun for example_xcom to 2021-01-01 00:00:00+00:00, run_after=2021-01-01 00:00:00+00:00
[2024-12-10T22:14:28.471-0700] {processor.py:208} INFO - Processing /Users/dimitarjanevski/fake-news-finder/venv/lib/python3.9/site-packages/airflow/example_dags/example_xcom.py took 0.104 seconds
[2024-12-10T22:16:45.727-0700] {processor.py:186} INFO - Started process (PID=2798) to work on /Users/dimitarjanevski/fake-news-finder/venv/lib/python3.9/site-packages/airflow/example_dags/example_xcom.py
[2024-12-10T22:16:45.728-0700] {processor.py:914} INFO - Processing file /Users/dimitarjanevski/fake-news-finder/venv/lib/python3.9/site-packages/airflow/example_dags/example_xcom.py for tasks to queue
[2024-12-10T22:16:45.729-0700] {logging_mixin.py:190} INFO - [2024-12-10T22:16:45.729-0700] {dagbag.py:588} INFO - Filling up the DagBag from /Users/dimitarjanevski/fake-news-finder/venv/lib/python3.9/site-packages/airflow/example_dags/example_xcom.py
[2024-12-10T22:16:45.768-0700] {processor.py:925} INFO - DAG(s) 'example_xcom' retrieved from /Users/dimitarjanevski/fake-news-finder/venv/lib/python3.9/site-packages/airflow/example_dags/example_xcom.py
[2024-12-10T22:16:45.811-0700] {logging_mixin.py:190} INFO - [2024-12-10T22:16:45.810-0700] {dag.py:3239} INFO - Sync 1 DAGs
[2024-12-10T22:16:45.818-0700] {logging_mixin.py:190} INFO - [2024-12-10T22:16:45.818-0700] {dag.py:4180} INFO - Setting next_dagrun for example_xcom to 2021-01-01 00:00:00+00:00, run_after=2021-01-01 00:00:00+00:00
[2024-12-10T22:16:45.826-0700] {processor.py:208} INFO - Processing /Users/dimitarjanevski/fake-news-finder/venv/lib/python3.9/site-packages/airflow/example_dags/example_xcom.py took 0.100 seconds
[2024-12-10T22:18:42.730-0700] {processor.py:186} INFO - Started process (PID=4553) to work on /Users/dimitarjanevski/fake-news-finder/venv/lib/python3.9/site-packages/airflow/example_dags/example_xcom.py
[2024-12-10T22:18:42.731-0700] {processor.py:914} INFO - Processing file /Users/dimitarjanevski/fake-news-finder/venv/lib/python3.9/site-packages/airflow/example_dags/example_xcom.py for tasks to queue
[2024-12-10T22:18:42.731-0700] {logging_mixin.py:190} INFO - [2024-12-10T22:18:42.731-0700] {dagbag.py:588} INFO - Filling up the DagBag from /Users/dimitarjanevski/fake-news-finder/venv/lib/python3.9/site-packages/airflow/example_dags/example_xcom.py
[2024-12-10T22:18:42.772-0700] {processor.py:925} INFO - DAG(s) 'example_xcom' retrieved from /Users/dimitarjanevski/fake-news-finder/venv/lib/python3.9/site-packages/airflow/example_dags/example_xcom.py
[2024-12-10T22:18:42.814-0700] {logging_mixin.py:190} INFO - [2024-12-10T22:18:42.814-0700] {dag.py:3239} INFO - Sync 1 DAGs
[2024-12-10T22:18:42.821-0700] {logging_mixin.py:190} INFO - [2024-12-10T22:18:42.821-0700] {dag.py:4180} INFO - Setting next_dagrun for example_xcom to 2021-01-01 00:00:00+00:00, run_after=2021-01-01 00:00:00+00:00
[2024-12-10T22:18:42.828-0700] {processor.py:208} INFO - Processing /Users/dimitarjanevski/fake-news-finder/venv/lib/python3.9/site-packages/airflow/example_dags/example_xcom.py took 0.099 seconds
[2024-12-10T22:20:25.488-0700] {processor.py:186} INFO - Started process (PID=5228) to work on /Users/dimitarjanevski/fake-news-finder/venv/lib/python3.9/site-packages/airflow/example_dags/example_xcom.py
[2024-12-10T22:20:25.489-0700] {processor.py:914} INFO - Processing file /Users/dimitarjanevski/fake-news-finder/venv/lib/python3.9/site-packages/airflow/example_dags/example_xcom.py for tasks to queue
[2024-12-10T22:20:25.489-0700] {logging_mixin.py:190} INFO - [2024-12-10T22:20:25.489-0700] {dagbag.py:588} INFO - Filling up the DagBag from /Users/dimitarjanevski/fake-news-finder/venv/lib/python3.9/site-packages/airflow/example_dags/example_xcom.py
[2024-12-10T22:20:25.528-0700] {processor.py:925} INFO - DAG(s) 'example_xcom' retrieved from /Users/dimitarjanevski/fake-news-finder/venv/lib/python3.9/site-packages/airflow/example_dags/example_xcom.py
[2024-12-10T22:20:25.629-0700] {logging_mixin.py:190} INFO - [2024-12-10T22:20:25.629-0700] {dag.py:3239} INFO - Sync 1 DAGs
[2024-12-10T22:20:25.638-0700] {logging_mixin.py:190} INFO - [2024-12-10T22:20:25.638-0700] {dag.py:4180} INFO - Setting next_dagrun for example_xcom to 2021-01-01 00:00:00+00:00, run_after=2021-01-01 00:00:00+00:00
[2024-12-10T22:20:25.647-0700] {processor.py:208} INFO - Processing /Users/dimitarjanevski/fake-news-finder/venv/lib/python3.9/site-packages/airflow/example_dags/example_xcom.py took 0.161 seconds
[2024-12-10T22:21:43.154-0700] {processor.py:186} INFO - Started process (PID=5699) to work on /Users/dimitarjanevski/fake-news-finder/venv/lib/python3.9/site-packages/airflow/example_dags/example_xcom.py
[2024-12-10T22:21:43.156-0700] {processor.py:914} INFO - Processing file /Users/dimitarjanevski/fake-news-finder/venv/lib/python3.9/site-packages/airflow/example_dags/example_xcom.py for tasks to queue
[2024-12-10T22:21:43.156-0700] {logging_mixin.py:190} INFO - [2024-12-10T22:21:43.156-0700] {dagbag.py:588} INFO - Filling up the DagBag from /Users/dimitarjanevski/fake-news-finder/venv/lib/python3.9/site-packages/airflow/example_dags/example_xcom.py
[2024-12-10T22:21:43.196-0700] {processor.py:925} INFO - DAG(s) 'example_xcom' retrieved from /Users/dimitarjanevski/fake-news-finder/venv/lib/python3.9/site-packages/airflow/example_dags/example_xcom.py
[2024-12-10T22:21:43.241-0700] {logging_mixin.py:190} INFO - [2024-12-10T22:21:43.241-0700] {dag.py:3239} INFO - Sync 1 DAGs
[2024-12-10T22:21:43.248-0700] {logging_mixin.py:190} INFO - [2024-12-10T22:21:43.248-0700] {dag.py:4180} INFO - Setting next_dagrun for example_xcom to 2021-01-01 00:00:00+00:00, run_after=2021-01-01 00:00:00+00:00
[2024-12-10T22:21:43.255-0700] {processor.py:208} INFO - Processing /Users/dimitarjanevski/fake-news-finder/venv/lib/python3.9/site-packages/airflow/example_dags/example_xcom.py took 0.102 seconds
