[2024-12-10T22:10:44.269-0700] {processor.py:186} INFO - Started process (PID=99228) to work on /Users/dimitarjanevski/fake-news-finder/venv/lib/python3.9/site-packages/airflow/example_dags/example_short_circuit_operator.py
[2024-12-10T22:10:44.270-0700] {processor.py:914} INFO - Processing file /Users/dimitarjanevski/fake-news-finder/venv/lib/python3.9/site-packages/airflow/example_dags/example_short_circuit_operator.py for tasks to queue
[2024-12-10T22:10:44.270-0700] {logging_mixin.py:190} INFO - [2024-12-10T22:10:44.270-0700] {dagbag.py:588} INFO - Filling up the DagBag from /Users/dimitarjanevski/fake-news-finder/venv/lib/python3.9/site-packages/airflow/example_dags/example_short_circuit_operator.py
[2024-12-10T22:10:44.305-0700] {processor.py:925} INFO - DAG(s) 'example_short_circuit_operator' retrieved from /Users/dimitarjanevski/fake-news-finder/venv/lib/python3.9/site-packages/airflow/example_dags/example_short_circuit_operator.py
[2024-12-10T22:10:44.382-0700] {logging_mixin.py:190} INFO - [2024-12-10T22:10:44.382-0700] {override.py:1911} INFO - Created Permission View: can edit on DAG:example_short_circuit_operator
[2024-12-10T22:10:44.386-0700] {logging_mixin.py:190} INFO - [2024-12-10T22:10:44.386-0700] {override.py:1911} INFO - Created Permission View: can delete on DAG:example_short_circuit_operator
[2024-12-10T22:10:44.388-0700] {logging_mixin.py:190} INFO - [2024-12-10T22:10:44.388-0700] {override.py:1911} INFO - Created Permission View: can read on DAG:example_short_circuit_operator
[2024-12-10T22:10:44.391-0700] {logging_mixin.py:190} INFO - [2024-12-10T22:10:44.391-0700] {override.py:1911} INFO - Created Permission View: menu access on DAG Run:example_short_circuit_operator
[2024-12-10T22:10:44.393-0700] {logging_mixin.py:190} INFO - [2024-12-10T22:10:44.393-0700] {override.py:1911} INFO - Created Permission View: can delete on DAG Run:example_short_circuit_operator
[2024-12-10T22:10:44.395-0700] {logging_mixin.py:190} INFO - [2024-12-10T22:10:44.395-0700] {override.py:1911} INFO - Created Permission View: can create on DAG Run:example_short_circuit_operator
[2024-12-10T22:10:44.397-0700] {logging_mixin.py:190} INFO - [2024-12-10T22:10:44.397-0700] {override.py:1911} INFO - Created Permission View: can read on DAG Run:example_short_circuit_operator
[2024-12-10T22:10:44.398-0700] {logging_mixin.py:190} INFO - [2024-12-10T22:10:44.397-0700] {dag.py:3239} INFO - Sync 1 DAGs
[2024-12-10T22:10:44.402-0700] {logging_mixin.py:190} INFO - [2024-12-10T22:10:44.402-0700] {dag.py:3262} INFO - Creating ORM DAG for example_short_circuit_operator
[2024-12-10T22:10:44.402-0700] {logging_mixin.py:190} INFO - [2024-12-10T22:10:44.402-0700] {dag.py:4180} INFO - Setting next_dagrun for example_short_circuit_operator to None, run_after=None
[2024-12-10T22:10:44.409-0700] {processor.py:208} INFO - Processing /Users/dimitarjanevski/fake-news-finder/venv/lib/python3.9/site-packages/airflow/example_dags/example_short_circuit_operator.py took 0.142 seconds
[2024-12-10T22:12:26.843-0700] {processor.py:186} INFO - Started process (PID=99790) to work on /Users/dimitarjanevski/fake-news-finder/venv/lib/python3.9/site-packages/airflow/example_dags/example_short_circuit_operator.py
[2024-12-10T22:12:26.844-0700] {processor.py:914} INFO - Processing file /Users/dimitarjanevski/fake-news-finder/venv/lib/python3.9/site-packages/airflow/example_dags/example_short_circuit_operator.py for tasks to queue
[2024-12-10T22:12:26.844-0700] {logging_mixin.py:190} INFO - [2024-12-10T22:12:26.844-0700] {dagbag.py:588} INFO - Filling up the DagBag from /Users/dimitarjanevski/fake-news-finder/venv/lib/python3.9/site-packages/airflow/example_dags/example_short_circuit_operator.py
[2024-12-10T22:12:26.880-0700] {processor.py:925} INFO - DAG(s) 'example_short_circuit_operator' retrieved from /Users/dimitarjanevski/fake-news-finder/venv/lib/python3.9/site-packages/airflow/example_dags/example_short_circuit_operator.py
[2024-12-10T22:12:26.923-0700] {logging_mixin.py:190} INFO - [2024-12-10T22:12:26.923-0700] {dag.py:3239} INFO - Sync 1 DAGs
[2024-12-10T22:12:26.927-0700] {logging_mixin.py:190} INFO - [2024-12-10T22:12:26.927-0700] {dag.py:4180} INFO - Setting next_dagrun for example_short_circuit_operator to None, run_after=None
[2024-12-10T22:12:26.936-0700] {processor.py:208} INFO - Processing /Users/dimitarjanevski/fake-news-finder/venv/lib/python3.9/site-packages/airflow/example_dags/example_short_circuit_operator.py took 0.094 seconds
[2024-12-10T22:14:46.369-0700] {processor.py:186} INFO - Started process (PID=927) to work on /Users/dimitarjanevski/fake-news-finder/venv/lib/python3.9/site-packages/airflow/example_dags/example_short_circuit_operator.py
[2024-12-10T22:14:46.370-0700] {processor.py:914} INFO - Processing file /Users/dimitarjanevski/fake-news-finder/venv/lib/python3.9/site-packages/airflow/example_dags/example_short_circuit_operator.py for tasks to queue
[2024-12-10T22:14:46.370-0700] {logging_mixin.py:190} INFO - [2024-12-10T22:14:46.370-0700] {dagbag.py:588} INFO - Filling up the DagBag from /Users/dimitarjanevski/fake-news-finder/venv/lib/python3.9/site-packages/airflow/example_dags/example_short_circuit_operator.py
[2024-12-10T22:14:46.407-0700] {processor.py:925} INFO - DAG(s) 'example_short_circuit_operator' retrieved from /Users/dimitarjanevski/fake-news-finder/venv/lib/python3.9/site-packages/airflow/example_dags/example_short_circuit_operator.py
[2024-12-10T22:14:46.451-0700] {logging_mixin.py:190} INFO - [2024-12-10T22:14:46.451-0700] {dag.py:3239} INFO - Sync 1 DAGs
[2024-12-10T22:14:46.455-0700] {logging_mixin.py:190} INFO - [2024-12-10T22:14:46.455-0700] {dag.py:4180} INFO - Setting next_dagrun for example_short_circuit_operator to None, run_after=None
[2024-12-10T22:14:46.465-0700] {processor.py:208} INFO - Processing /Users/dimitarjanevski/fake-news-finder/venv/lib/python3.9/site-packages/airflow/example_dags/example_short_circuit_operator.py took 0.098 seconds
[2024-12-10T22:17:02.895-0700] {processor.py:186} INFO - Started process (PID=2889) to work on /Users/dimitarjanevski/fake-news-finder/venv/lib/python3.9/site-packages/airflow/example_dags/example_short_circuit_operator.py
[2024-12-10T22:17:02.895-0700] {processor.py:914} INFO - Processing file /Users/dimitarjanevski/fake-news-finder/venv/lib/python3.9/site-packages/airflow/example_dags/example_short_circuit_operator.py for tasks to queue
[2024-12-10T22:17:02.896-0700] {logging_mixin.py:190} INFO - [2024-12-10T22:17:02.896-0700] {dagbag.py:588} INFO - Filling up the DagBag from /Users/dimitarjanevski/fake-news-finder/venv/lib/python3.9/site-packages/airflow/example_dags/example_short_circuit_operator.py
[2024-12-10T22:17:02.930-0700] {processor.py:925} INFO - DAG(s) 'example_short_circuit_operator' retrieved from /Users/dimitarjanevski/fake-news-finder/venv/lib/python3.9/site-packages/airflow/example_dags/example_short_circuit_operator.py
[2024-12-10T22:17:02.973-0700] {logging_mixin.py:190} INFO - [2024-12-10T22:17:02.973-0700] {dag.py:3239} INFO - Sync 1 DAGs
[2024-12-10T22:17:02.977-0700] {logging_mixin.py:190} INFO - [2024-12-10T22:17:02.977-0700] {dag.py:4180} INFO - Setting next_dagrun for example_short_circuit_operator to None, run_after=None
[2024-12-10T22:17:02.984-0700] {processor.py:208} INFO - Processing /Users/dimitarjanevski/fake-news-finder/venv/lib/python3.9/site-packages/airflow/example_dags/example_short_circuit_operator.py took 0.091 seconds
[2024-12-10T22:19:01.163-0700] {processor.py:186} INFO - Started process (PID=4671) to work on /Users/dimitarjanevski/fake-news-finder/venv/lib/python3.9/site-packages/airflow/example_dags/example_short_circuit_operator.py
[2024-12-10T22:19:01.164-0700] {processor.py:914} INFO - Processing file /Users/dimitarjanevski/fake-news-finder/venv/lib/python3.9/site-packages/airflow/example_dags/example_short_circuit_operator.py for tasks to queue
[2024-12-10T22:19:01.165-0700] {logging_mixin.py:190} INFO - [2024-12-10T22:19:01.165-0700] {dagbag.py:588} INFO - Filling up the DagBag from /Users/dimitarjanevski/fake-news-finder/venv/lib/python3.9/site-packages/airflow/example_dags/example_short_circuit_operator.py
[2024-12-10T22:19:01.205-0700] {processor.py:925} INFO - DAG(s) 'example_short_circuit_operator' retrieved from /Users/dimitarjanevski/fake-news-finder/venv/lib/python3.9/site-packages/airflow/example_dags/example_short_circuit_operator.py
[2024-12-10T22:19:01.252-0700] {logging_mixin.py:190} INFO - [2024-12-10T22:19:01.252-0700] {dag.py:3239} INFO - Sync 1 DAGs
[2024-12-10T22:19:01.257-0700] {logging_mixin.py:190} INFO - [2024-12-10T22:19:01.257-0700] {dag.py:4180} INFO - Setting next_dagrun for example_short_circuit_operator to None, run_after=None
[2024-12-10T22:19:01.264-0700] {processor.py:208} INFO - Processing /Users/dimitarjanevski/fake-news-finder/venv/lib/python3.9/site-packages/airflow/example_dags/example_short_circuit_operator.py took 0.103 seconds
[2024-12-10T22:20:42.559-0700] {processor.py:186} INFO - Started process (PID=5326) to work on /Users/dimitarjanevski/fake-news-finder/venv/lib/python3.9/site-packages/airflow/example_dags/example_short_circuit_operator.py
[2024-12-10T22:20:42.560-0700] {processor.py:914} INFO - Processing file /Users/dimitarjanevski/fake-news-finder/venv/lib/python3.9/site-packages/airflow/example_dags/example_short_circuit_operator.py for tasks to queue
[2024-12-10T22:20:42.561-0700] {logging_mixin.py:190} INFO - [2024-12-10T22:20:42.560-0700] {dagbag.py:588} INFO - Filling up the DagBag from /Users/dimitarjanevski/fake-news-finder/venv/lib/python3.9/site-packages/airflow/example_dags/example_short_circuit_operator.py
[2024-12-10T22:20:42.595-0700] {processor.py:925} INFO - DAG(s) 'example_short_circuit_operator' retrieved from /Users/dimitarjanevski/fake-news-finder/venv/lib/python3.9/site-packages/airflow/example_dags/example_short_circuit_operator.py
[2024-12-10T22:20:42.640-0700] {logging_mixin.py:190} INFO - [2024-12-10T22:20:42.640-0700] {dag.py:3239} INFO - Sync 1 DAGs
[2024-12-10T22:20:42.645-0700] {logging_mixin.py:190} INFO - [2024-12-10T22:20:42.645-0700] {dag.py:4180} INFO - Setting next_dagrun for example_short_circuit_operator to None, run_after=None
[2024-12-10T22:20:42.655-0700] {processor.py:208} INFO - Processing /Users/dimitarjanevski/fake-news-finder/venv/lib/python3.9/site-packages/airflow/example_dags/example_short_circuit_operator.py took 0.097 seconds
