[2024-12-10T22:11:17.415-0700] {processor.py:186} INFO - Started process (PID=99402) to work on /Users/dimitarjanevski/fake-news-finder/venv/lib/python3.9/site-packages/airflow/example_dags/example_external_task_marker_dag.py
[2024-12-10T22:11:17.415-0700] {processor.py:914} INFO - Processing file /Users/dimitarjanevski/fake-news-finder/venv/lib/python3.9/site-packages/airflow/example_dags/example_external_task_marker_dag.py for tasks to queue
[2024-12-10T22:11:17.415-0700] {logging_mixin.py:190} INFO - [2024-12-10T22:11:17.415-0700] {dagbag.py:588} INFO - Filling up the DagBag from /Users/dimitarjanevski/fake-news-finder/venv/lib/python3.9/site-packages/airflow/example_dags/example_external_task_marker_dag.py
[2024-12-10T22:11:17.447-0700] {processor.py:925} INFO - DAG(s) 'example_external_task_marker_child', 'example_external_task_marker_parent' retrieved from /Users/dimitarjanevski/fake-news-finder/venv/lib/python3.9/site-packages/airflow/example_dags/example_external_task_marker_dag.py
[2024-12-10T22:11:17.486-0700] {logging_mixin.py:190} INFO - [2024-12-10T22:11:17.486-0700] {workday.py:41} WARNING - Could not import pandas. Holidays will not be considered.
[2024-12-10T22:11:17.536-0700] {logging_mixin.py:190} INFO - [2024-12-10T22:11:17.535-0700] {override.py:1911} INFO - Created Permission View: can read on DAG:example_external_task_marker_child
[2024-12-10T22:11:17.539-0700] {logging_mixin.py:190} INFO - [2024-12-10T22:11:17.539-0700] {override.py:1911} INFO - Created Permission View: can delete on DAG:example_external_task_marker_child
[2024-12-10T22:11:17.541-0700] {logging_mixin.py:190} INFO - [2024-12-10T22:11:17.541-0700] {override.py:1911} INFO - Created Permission View: can edit on DAG:example_external_task_marker_child
[2024-12-10T22:11:17.544-0700] {logging_mixin.py:190} INFO - [2024-12-10T22:11:17.544-0700] {override.py:1911} INFO - Created Permission View: can read on DAG Run:example_external_task_marker_child
[2024-12-10T22:11:17.547-0700] {logging_mixin.py:190} INFO - [2024-12-10T22:11:17.547-0700] {override.py:1911} INFO - Created Permission View: can delete on DAG Run:example_external_task_marker_child
[2024-12-10T22:11:17.549-0700] {logging_mixin.py:190} INFO - [2024-12-10T22:11:17.549-0700] {override.py:1911} INFO - Created Permission View: can create on DAG Run:example_external_task_marker_child
[2024-12-10T22:11:17.551-0700] {logging_mixin.py:190} INFO - [2024-12-10T22:11:17.551-0700] {override.py:1911} INFO - Created Permission View: menu access on DAG Run:example_external_task_marker_child
[2024-12-10T22:11:17.556-0700] {logging_mixin.py:190} INFO - [2024-12-10T22:11:17.556-0700] {override.py:1911} INFO - Created Permission View: can read on DAG:example_external_task_marker_parent
[2024-12-10T22:11:17.558-0700] {logging_mixin.py:190} INFO - [2024-12-10T22:11:17.558-0700] {override.py:1911} INFO - Created Permission View: can delete on DAG:example_external_task_marker_parent
[2024-12-10T22:11:17.561-0700] {logging_mixin.py:190} INFO - [2024-12-10T22:11:17.560-0700] {override.py:1911} INFO - Created Permission View: can edit on DAG:example_external_task_marker_parent
[2024-12-10T22:11:17.568-0700] {logging_mixin.py:190} INFO - [2024-12-10T22:11:17.568-0700] {override.py:1911} INFO - Created Permission View: can read on DAG Run:example_external_task_marker_parent
[2024-12-10T22:11:17.570-0700] {logging_mixin.py:190} INFO - [2024-12-10T22:11:17.570-0700] {override.py:1911} INFO - Created Permission View: can delete on DAG Run:example_external_task_marker_parent
[2024-12-10T22:11:17.572-0700] {logging_mixin.py:190} INFO - [2024-12-10T22:11:17.572-0700] {override.py:1911} INFO - Created Permission View: can create on DAG Run:example_external_task_marker_parent
[2024-12-10T22:11:17.574-0700] {logging_mixin.py:190} INFO - [2024-12-10T22:11:17.574-0700] {override.py:1911} INFO - Created Permission View: menu access on DAG Run:example_external_task_marker_parent
[2024-12-10T22:11:17.575-0700] {logging_mixin.py:190} INFO - [2024-12-10T22:11:17.574-0700] {dag.py:3239} INFO - Sync 2 DAGs
[2024-12-10T22:11:17.580-0700] {logging_mixin.py:190} INFO - [2024-12-10T22:11:17.580-0700] {dag.py:3262} INFO - Creating ORM DAG for example_external_task_marker_parent
[2024-12-10T22:11:17.580-0700] {logging_mixin.py:190} INFO - [2024-12-10T22:11:17.580-0700] {dag.py:3262} INFO - Creating ORM DAG for example_external_task_marker_child
[2024-12-10T22:11:17.580-0700] {logging_mixin.py:190} INFO - [2024-12-10T22:11:17.580-0700] {dag.py:4180} INFO - Setting next_dagrun for example_external_task_marker_child to None, run_after=None
[2024-12-10T22:11:17.581-0700] {logging_mixin.py:190} INFO - [2024-12-10T22:11:17.580-0700] {dag.py:4180} INFO - Setting next_dagrun for example_external_task_marker_parent to None, run_after=None
[2024-12-10T22:11:17.590-0700] {processor.py:208} INFO - Processing /Users/dimitarjanevski/fake-news-finder/venv/lib/python3.9/site-packages/airflow/example_dags/example_external_task_marker_dag.py took 0.177 seconds
[2024-12-10T22:12:59.644-0700] {processor.py:186} INFO - Started process (PID=99953) to work on /Users/dimitarjanevski/fake-news-finder/venv/lib/python3.9/site-packages/airflow/example_dags/example_external_task_marker_dag.py
[2024-12-10T22:12:59.646-0700] {processor.py:914} INFO - Processing file /Users/dimitarjanevski/fake-news-finder/venv/lib/python3.9/site-packages/airflow/example_dags/example_external_task_marker_dag.py for tasks to queue
[2024-12-10T22:12:59.646-0700] {logging_mixin.py:190} INFO - [2024-12-10T22:12:59.646-0700] {dagbag.py:588} INFO - Filling up the DagBag from /Users/dimitarjanevski/fake-news-finder/venv/lib/python3.9/site-packages/airflow/example_dags/example_external_task_marker_dag.py
[2024-12-10T22:12:59.652-0700] {processor.py:925} INFO - DAG(s) 'example_external_task_marker_child', 'example_external_task_marker_parent' retrieved from /Users/dimitarjanevski/fake-news-finder/venv/lib/python3.9/site-packages/airflow/example_dags/example_external_task_marker_dag.py
[2024-12-10T22:12:59.717-0700] {logging_mixin.py:190} INFO - [2024-12-10T22:12:59.717-0700] {workday.py:41} WARNING - Could not import pandas. Holidays will not be considered.
[2024-12-10T22:12:59.725-0700] {logging_mixin.py:190} INFO - [2024-12-10T22:12:59.725-0700] {dag.py:3239} INFO - Sync 2 DAGs
[2024-12-10T22:12:59.729-0700] {logging_mixin.py:190} INFO - [2024-12-10T22:12:59.729-0700] {dag.py:4180} INFO - Setting next_dagrun for example_external_task_marker_child to None, run_after=None
[2024-12-10T22:12:59.730-0700] {logging_mixin.py:190} INFO - [2024-12-10T22:12:59.730-0700] {dag.py:4180} INFO - Setting next_dagrun for example_external_task_marker_parent to None, run_after=None
[2024-12-10T22:12:59.736-0700] {processor.py:208} INFO - Processing /Users/dimitarjanevski/fake-news-finder/venv/lib/python3.9/site-packages/airflow/example_dags/example_external_task_marker_dag.py took 0.093 seconds
[2024-12-10T22:17:34.783-0700] {processor.py:186} INFO - Started process (PID=3353) to work on /Users/dimitarjanevski/fake-news-finder/venv/lib/python3.9/site-packages/airflow/example_dags/example_external_task_marker_dag.py
[2024-12-10T22:17:34.784-0700] {processor.py:914} INFO - Processing file /Users/dimitarjanevski/fake-news-finder/venv/lib/python3.9/site-packages/airflow/example_dags/example_external_task_marker_dag.py for tasks to queue
[2024-12-10T22:17:34.785-0700] {logging_mixin.py:190} INFO - [2024-12-10T22:17:34.785-0700] {dagbag.py:588} INFO - Filling up the DagBag from /Users/dimitarjanevski/fake-news-finder/venv/lib/python3.9/site-packages/airflow/example_dags/example_external_task_marker_dag.py
[2024-12-10T22:17:34.790-0700] {processor.py:925} INFO - DAG(s) 'example_external_task_marker_child', 'example_external_task_marker_parent' retrieved from /Users/dimitarjanevski/fake-news-finder/venv/lib/python3.9/site-packages/airflow/example_dags/example_external_task_marker_dag.py
[2024-12-10T22:17:34.856-0700] {logging_mixin.py:190} INFO - [2024-12-10T22:17:34.856-0700] {workday.py:41} WARNING - Could not import pandas. Holidays will not be considered.
[2024-12-10T22:17:34.864-0700] {logging_mixin.py:190} INFO - [2024-12-10T22:17:34.864-0700] {dag.py:3239} INFO - Sync 2 DAGs
[2024-12-10T22:17:34.869-0700] {logging_mixin.py:190} INFO - [2024-12-10T22:17:34.869-0700] {dag.py:4180} INFO - Setting next_dagrun for example_external_task_marker_child to None, run_after=None
[2024-12-10T22:17:34.870-0700] {logging_mixin.py:190} INFO - [2024-12-10T22:17:34.870-0700] {dag.py:4180} INFO - Setting next_dagrun for example_external_task_marker_parent to None, run_after=None
[2024-12-10T22:17:34.876-0700] {processor.py:208} INFO - Processing /Users/dimitarjanevski/fake-news-finder/venv/lib/python3.9/site-packages/airflow/example_dags/example_external_task_marker_dag.py took 0.095 seconds
[2024-12-10T22:19:29.585-0700] {processor.py:186} INFO - Started process (PID=4862) to work on /Users/dimitarjanevski/fake-news-finder/venv/lib/python3.9/site-packages/airflow/example_dags/example_external_task_marker_dag.py
[2024-12-10T22:19:29.586-0700] {processor.py:914} INFO - Processing file /Users/dimitarjanevski/fake-news-finder/venv/lib/python3.9/site-packages/airflow/example_dags/example_external_task_marker_dag.py for tasks to queue
[2024-12-10T22:19:29.586-0700] {logging_mixin.py:190} INFO - [2024-12-10T22:19:29.586-0700] {dagbag.py:588} INFO - Filling up the DagBag from /Users/dimitarjanevski/fake-news-finder/venv/lib/python3.9/site-packages/airflow/example_dags/example_external_task_marker_dag.py
[2024-12-10T22:19:29.592-0700] {processor.py:925} INFO - DAG(s) 'example_external_task_marker_child', 'example_external_task_marker_parent' retrieved from /Users/dimitarjanevski/fake-news-finder/venv/lib/python3.9/site-packages/airflow/example_dags/example_external_task_marker_dag.py
[2024-12-10T22:19:29.661-0700] {logging_mixin.py:190} INFO - [2024-12-10T22:19:29.660-0700] {workday.py:41} WARNING - Could not import pandas. Holidays will not be considered.
[2024-12-10T22:19:29.669-0700] {logging_mixin.py:190} INFO - [2024-12-10T22:19:29.669-0700] {dag.py:3239} INFO - Sync 2 DAGs
[2024-12-10T22:19:29.674-0700] {logging_mixin.py:190} INFO - [2024-12-10T22:19:29.674-0700] {dag.py:4180} INFO - Setting next_dagrun for example_external_task_marker_child to None, run_after=None
[2024-12-10T22:19:29.675-0700] {logging_mixin.py:190} INFO - [2024-12-10T22:19:29.675-0700] {dag.py:4180} INFO - Setting next_dagrun for example_external_task_marker_parent to None, run_after=None
[2024-12-10T22:19:29.681-0700] {processor.py:208} INFO - Processing /Users/dimitarjanevski/fake-news-finder/venv/lib/python3.9/site-packages/airflow/example_dags/example_external_task_marker_dag.py took 0.098 seconds
[2024-12-10T22:21:15.326-0700] {processor.py:186} INFO - Started process (PID=5530) to work on /Users/dimitarjanevski/fake-news-finder/venv/lib/python3.9/site-packages/airflow/example_dags/example_external_task_marker_dag.py
[2024-12-10T22:21:15.327-0700] {processor.py:914} INFO - Processing file /Users/dimitarjanevski/fake-news-finder/venv/lib/python3.9/site-packages/airflow/example_dags/example_external_task_marker_dag.py for tasks to queue
[2024-12-10T22:21:15.327-0700] {logging_mixin.py:190} INFO - [2024-12-10T22:21:15.327-0700] {dagbag.py:588} INFO - Filling up the DagBag from /Users/dimitarjanevski/fake-news-finder/venv/lib/python3.9/site-packages/airflow/example_dags/example_external_task_marker_dag.py
[2024-12-10T22:21:15.333-0700] {processor.py:925} INFO - DAG(s) 'example_external_task_marker_parent', 'example_external_task_marker_child' retrieved from /Users/dimitarjanevski/fake-news-finder/venv/lib/python3.9/site-packages/airflow/example_dags/example_external_task_marker_dag.py
[2024-12-10T22:21:15.401-0700] {logging_mixin.py:190} INFO - [2024-12-10T22:21:15.401-0700] {workday.py:41} WARNING - Could not import pandas. Holidays will not be considered.
[2024-12-10T22:21:15.407-0700] {logging_mixin.py:190} INFO - [2024-12-10T22:21:15.407-0700] {dag.py:3239} INFO - Sync 2 DAGs
[2024-12-10T22:21:15.411-0700] {logging_mixin.py:190} INFO - [2024-12-10T22:21:15.411-0700] {dag.py:4180} INFO - Setting next_dagrun for example_external_task_marker_child to None, run_after=None
[2024-12-10T22:21:15.412-0700] {logging_mixin.py:190} INFO - [2024-12-10T22:21:15.412-0700] {dag.py:4180} INFO - Setting next_dagrun for example_external_task_marker_parent to None, run_after=None
[2024-12-10T22:21:15.418-0700] {processor.py:208} INFO - Processing /Users/dimitarjanevski/fake-news-finder/venv/lib/python3.9/site-packages/airflow/example_dags/example_external_task_marker_dag.py took 0.094 seconds
