[2024-12-10T22:10:51.893-0700] {processor.py:186} INFO - Started process (PID=99264) to work on /Users/dimitarjanevski/fake-news-finder/venv/lib/python3.9/site-packages/airflow/example_dags/example_sensors.py
[2024-12-10T22:10:51.894-0700] {processor.py:914} INFO - Processing file /Users/dimitarjanevski/fake-news-finder/venv/lib/python3.9/site-packages/airflow/example_dags/example_sensors.py for tasks to queue
[2024-12-10T22:10:51.894-0700] {logging_mixin.py:190} INFO - [2024-12-10T22:10:51.894-0700] {dagbag.py:588} INFO - Filling up the DagBag from /Users/dimitarjanevski/fake-news-finder/venv/lib/python3.9/site-packages/airflow/example_dags/example_sensors.py
[2024-12-10T22:10:51.925-0700] {processor.py:925} INFO - DAG(s) 'example_sensors' retrieved from /Users/dimitarjanevski/fake-news-finder/venv/lib/python3.9/site-packages/airflow/example_dags/example_sensors.py
[2024-12-10T22:10:51.966-0700] {logging_mixin.py:190} INFO - [2024-12-10T22:10:51.966-0700] {workday.py:41} WARNING - Could not import pandas. Holidays will not be considered.
[2024-12-10T22:10:52.011-0700] {logging_mixin.py:190} INFO - [2024-12-10T22:10:52.010-0700] {override.py:1911} INFO - Created Permission View: can read on DAG:example_sensors
[2024-12-10T22:10:52.014-0700] {logging_mixin.py:190} INFO - [2024-12-10T22:10:52.014-0700] {override.py:1911} INFO - Created Permission View: can delete on DAG:example_sensors
[2024-12-10T22:10:52.017-0700] {logging_mixin.py:190} INFO - [2024-12-10T22:10:52.017-0700] {override.py:1911} INFO - Created Permission View: can edit on DAG:example_sensors
[2024-12-10T22:10:52.020-0700] {logging_mixin.py:190} INFO - [2024-12-10T22:10:52.020-0700] {override.py:1911} INFO - Created Permission View: can read on DAG Run:example_sensors
[2024-12-10T22:10:52.022-0700] {logging_mixin.py:190} INFO - [2024-12-10T22:10:52.022-0700] {override.py:1911} INFO - Created Permission View: can delete on DAG Run:example_sensors
[2024-12-10T22:10:52.024-0700] {logging_mixin.py:190} INFO - [2024-12-10T22:10:52.024-0700] {override.py:1911} INFO - Created Permission View: can create on DAG Run:example_sensors
[2024-12-10T22:10:52.026-0700] {logging_mixin.py:190} INFO - [2024-12-10T22:10:52.026-0700] {override.py:1911} INFO - Created Permission View: menu access on DAG Run:example_sensors
[2024-12-10T22:10:52.026-0700] {logging_mixin.py:190} INFO - [2024-12-10T22:10:52.026-0700] {dag.py:3239} INFO - Sync 1 DAGs
[2024-12-10T22:10:52.031-0700] {logging_mixin.py:190} INFO - [2024-12-10T22:10:52.031-0700] {dag.py:3262} INFO - Creating ORM DAG for example_sensors
[2024-12-10T22:10:52.031-0700] {logging_mixin.py:190} INFO - [2024-12-10T22:10:52.031-0700] {dag.py:4180} INFO - Setting next_dagrun for example_sensors to None, run_after=None
[2024-12-10T22:10:52.038-0700] {processor.py:208} INFO - Processing /Users/dimitarjanevski/fake-news-finder/venv/lib/python3.9/site-packages/airflow/example_dags/example_sensors.py took 0.146 seconds
[2024-12-10T22:12:34.328-0700] {processor.py:186} INFO - Started process (PID=99822) to work on /Users/dimitarjanevski/fake-news-finder/venv/lib/python3.9/site-packages/airflow/example_dags/example_sensors.py
[2024-12-10T22:12:34.328-0700] {processor.py:914} INFO - Processing file /Users/dimitarjanevski/fake-news-finder/venv/lib/python3.9/site-packages/airflow/example_dags/example_sensors.py for tasks to queue
[2024-12-10T22:12:34.329-0700] {logging_mixin.py:190} INFO - [2024-12-10T22:12:34.329-0700] {dagbag.py:588} INFO - Filling up the DagBag from /Users/dimitarjanevski/fake-news-finder/venv/lib/python3.9/site-packages/airflow/example_dags/example_sensors.py
[2024-12-10T22:12:34.364-0700] {processor.py:925} INFO - DAG(s) 'example_sensors' retrieved from /Users/dimitarjanevski/fake-news-finder/venv/lib/python3.9/site-packages/airflow/example_dags/example_sensors.py
[2024-12-10T22:12:34.406-0700] {logging_mixin.py:190} INFO - [2024-12-10T22:12:34.406-0700] {workday.py:41} WARNING - Could not import pandas. Holidays will not be considered.
[2024-12-10T22:12:34.419-0700] {logging_mixin.py:190} INFO - [2024-12-10T22:12:34.419-0700] {dag.py:3239} INFO - Sync 1 DAGs
[2024-12-10T22:12:34.423-0700] {logging_mixin.py:190} INFO - [2024-12-10T22:12:34.423-0700] {dag.py:4180} INFO - Setting next_dagrun for example_sensors to None, run_after=None
[2024-12-10T22:12:34.430-0700] {processor.py:208} INFO - Processing /Users/dimitarjanevski/fake-news-finder/venv/lib/python3.9/site-packages/airflow/example_dags/example_sensors.py took 0.105 seconds
[2024-12-10T22:14:53.669-0700] {processor.py:186} INFO - Started process (PID=981) to work on /Users/dimitarjanevski/fake-news-finder/venv/lib/python3.9/site-packages/airflow/example_dags/example_sensors.py
[2024-12-10T22:14:53.671-0700] {processor.py:914} INFO - Processing file /Users/dimitarjanevski/fake-news-finder/venv/lib/python3.9/site-packages/airflow/example_dags/example_sensors.py for tasks to queue
[2024-12-10T22:14:53.671-0700] {logging_mixin.py:190} INFO - [2024-12-10T22:14:53.671-0700] {dagbag.py:588} INFO - Filling up the DagBag from /Users/dimitarjanevski/fake-news-finder/venv/lib/python3.9/site-packages/airflow/example_dags/example_sensors.py
[2024-12-10T22:14:53.705-0700] {processor.py:925} INFO - DAG(s) 'example_sensors' retrieved from /Users/dimitarjanevski/fake-news-finder/venv/lib/python3.9/site-packages/airflow/example_dags/example_sensors.py
[2024-12-10T22:14:53.749-0700] {logging_mixin.py:190} INFO - [2024-12-10T22:14:53.749-0700] {workday.py:41} WARNING - Could not import pandas. Holidays will not be considered.
[2024-12-10T22:14:53.761-0700] {logging_mixin.py:190} INFO - [2024-12-10T22:14:53.761-0700] {dag.py:3239} INFO - Sync 1 DAGs
[2024-12-10T22:14:53.766-0700] {logging_mixin.py:190} INFO - [2024-12-10T22:14:53.766-0700] {dag.py:4180} INFO - Setting next_dagrun for example_sensors to None, run_after=None
[2024-12-10T22:14:53.773-0700] {processor.py:208} INFO - Processing /Users/dimitarjanevski/fake-news-finder/venv/lib/python3.9/site-packages/airflow/example_dags/example_sensors.py took 0.105 seconds
[2024-12-10T22:17:10.382-0700] {processor.py:186} INFO - Started process (PID=2929) to work on /Users/dimitarjanevski/fake-news-finder/venv/lib/python3.9/site-packages/airflow/example_dags/example_sensors.py
[2024-12-10T22:17:10.383-0700] {processor.py:914} INFO - Processing file /Users/dimitarjanevski/fake-news-finder/venv/lib/python3.9/site-packages/airflow/example_dags/example_sensors.py for tasks to queue
[2024-12-10T22:17:10.383-0700] {logging_mixin.py:190} INFO - [2024-12-10T22:17:10.383-0700] {dagbag.py:588} INFO - Filling up the DagBag from /Users/dimitarjanevski/fake-news-finder/venv/lib/python3.9/site-packages/airflow/example_dags/example_sensors.py
[2024-12-10T22:17:10.421-0700] {processor.py:925} INFO - DAG(s) 'example_sensors' retrieved from /Users/dimitarjanevski/fake-news-finder/venv/lib/python3.9/site-packages/airflow/example_dags/example_sensors.py
[2024-12-10T22:17:10.481-0700] {logging_mixin.py:190} INFO - [2024-12-10T22:17:10.481-0700] {workday.py:41} WARNING - Could not import pandas. Holidays will not be considered.
[2024-12-10T22:17:10.498-0700] {logging_mixin.py:190} INFO - [2024-12-10T22:17:10.498-0700] {dag.py:3239} INFO - Sync 1 DAGs
[2024-12-10T22:17:10.506-0700] {logging_mixin.py:190} INFO - [2024-12-10T22:17:10.506-0700] {dag.py:4180} INFO - Setting next_dagrun for example_sensors to None, run_after=None
[2024-12-10T22:17:10.516-0700] {processor.py:208} INFO - Processing /Users/dimitarjanevski/fake-news-finder/venv/lib/python3.9/site-packages/airflow/example_dags/example_sensors.py took 0.136 seconds
[2024-12-10T22:19:07.019-0700] {processor.py:186} INFO - Started process (PID=4706) to work on /Users/dimitarjanevski/fake-news-finder/venv/lib/python3.9/site-packages/airflow/example_dags/example_sensors.py
[2024-12-10T22:19:07.020-0700] {processor.py:914} INFO - Processing file /Users/dimitarjanevski/fake-news-finder/venv/lib/python3.9/site-packages/airflow/example_dags/example_sensors.py for tasks to queue
[2024-12-10T22:19:07.021-0700] {logging_mixin.py:190} INFO - [2024-12-10T22:19:07.021-0700] {dagbag.py:588} INFO - Filling up the DagBag from /Users/dimitarjanevski/fake-news-finder/venv/lib/python3.9/site-packages/airflow/example_dags/example_sensors.py
[2024-12-10T22:19:07.054-0700] {processor.py:925} INFO - DAG(s) 'example_sensors' retrieved from /Users/dimitarjanevski/fake-news-finder/venv/lib/python3.9/site-packages/airflow/example_dags/example_sensors.py
[2024-12-10T22:19:07.098-0700] {logging_mixin.py:190} INFO - [2024-12-10T22:19:07.098-0700] {workday.py:41} WARNING - Could not import pandas. Holidays will not be considered.
[2024-12-10T22:19:07.113-0700] {logging_mixin.py:190} INFO - [2024-12-10T22:19:07.113-0700] {dag.py:3239} INFO - Sync 1 DAGs
[2024-12-10T22:19:07.117-0700] {logging_mixin.py:190} INFO - [2024-12-10T22:19:07.117-0700] {dag.py:4180} INFO - Setting next_dagrun for example_sensors to None, run_after=None
[2024-12-10T22:19:07.126-0700] {processor.py:208} INFO - Processing /Users/dimitarjanevski/fake-news-finder/venv/lib/python3.9/site-packages/airflow/example_dags/example_sensors.py took 0.108 seconds
[2024-12-10T22:20:49.981-0700] {processor.py:186} INFO - Started process (PID=5386) to work on /Users/dimitarjanevski/fake-news-finder/venv/lib/python3.9/site-packages/airflow/example_dags/example_sensors.py
[2024-12-10T22:20:49.983-0700] {processor.py:914} INFO - Processing file /Users/dimitarjanevski/fake-news-finder/venv/lib/python3.9/site-packages/airflow/example_dags/example_sensors.py for tasks to queue
[2024-12-10T22:20:49.983-0700] {logging_mixin.py:190} INFO - [2024-12-10T22:20:49.983-0700] {dagbag.py:588} INFO - Filling up the DagBag from /Users/dimitarjanevski/fake-news-finder/venv/lib/python3.9/site-packages/airflow/example_dags/example_sensors.py
[2024-12-10T22:20:50.017-0700] {processor.py:925} INFO - DAG(s) 'example_sensors' retrieved from /Users/dimitarjanevski/fake-news-finder/venv/lib/python3.9/site-packages/airflow/example_dags/example_sensors.py
[2024-12-10T22:20:50.060-0700] {logging_mixin.py:190} INFO - [2024-12-10T22:20:50.059-0700] {workday.py:41} WARNING - Could not import pandas. Holidays will not be considered.
[2024-12-10T22:20:50.072-0700] {logging_mixin.py:190} INFO - [2024-12-10T22:20:50.072-0700] {dag.py:3239} INFO - Sync 1 DAGs
[2024-12-10T22:20:50.078-0700] {logging_mixin.py:190} INFO - [2024-12-10T22:20:50.078-0700] {dag.py:4180} INFO - Setting next_dagrun for example_sensors to None, run_after=None
[2024-12-10T22:20:50.086-0700] {processor.py:208} INFO - Processing /Users/dimitarjanevski/fake-news-finder/venv/lib/python3.9/site-packages/airflow/example_dags/example_sensors.py took 0.106 seconds
