[2024-12-10T22:10:32.544-0700] {processor.py:186} INFO - Started process (PID=99150) to work on /Users/dimitarjanevski/fake-news-finder/venv/lib/python3.9/site-packages/airflow/example_dags/example_trigger_controller_dag.py
[2024-12-10T22:10:32.544-0700] {processor.py:914} INFO - Processing file /Users/dimitarjanevski/fake-news-finder/venv/lib/python3.9/site-packages/airflow/example_dags/example_trigger_controller_dag.py for tasks to queue
[2024-12-10T22:10:32.545-0700] {logging_mixin.py:190} INFO - [2024-12-10T22:10:32.545-0700] {dagbag.py:588} INFO - Filling up the DagBag from /Users/dimitarjanevski/fake-news-finder/venv/lib/python3.9/site-packages/airflow/example_dags/example_trigger_controller_dag.py
[2024-12-10T22:10:32.550-0700] {processor.py:925} INFO - DAG(s) 'example_trigger_controller_dag' retrieved from /Users/dimitarjanevski/fake-news-finder/venv/lib/python3.9/site-packages/airflow/example_dags/example_trigger_controller_dag.py
[2024-12-10T22:10:32.657-0700] {logging_mixin.py:190} INFO - [2024-12-10T22:10:32.657-0700] {override.py:1911} INFO - Created Permission View: can delete on DAG:example_trigger_controller_dag
[2024-12-10T22:10:32.661-0700] {logging_mixin.py:190} INFO - [2024-12-10T22:10:32.661-0700] {override.py:1911} INFO - Created Permission View: can read on DAG:example_trigger_controller_dag
[2024-12-10T22:10:32.664-0700] {logging_mixin.py:190} INFO - [2024-12-10T22:10:32.664-0700] {override.py:1911} INFO - Created Permission View: can edit on DAG:example_trigger_controller_dag
[2024-12-10T22:10:32.666-0700] {logging_mixin.py:190} INFO - [2024-12-10T22:10:32.666-0700] {override.py:1911} INFO - Created Permission View: menu access on DAG Run:example_trigger_controller_dag
[2024-12-10T22:10:32.669-0700] {logging_mixin.py:190} INFO - [2024-12-10T22:10:32.669-0700] {override.py:1911} INFO - Created Permission View: can delete on DAG Run:example_trigger_controller_dag
[2024-12-10T22:10:32.671-0700] {logging_mixin.py:190} INFO - [2024-12-10T22:10:32.671-0700] {override.py:1911} INFO - Created Permission View: can read on DAG Run:example_trigger_controller_dag
[2024-12-10T22:10:32.674-0700] {logging_mixin.py:190} INFO - [2024-12-10T22:10:32.674-0700] {override.py:1911} INFO - Created Permission View: can create on DAG Run:example_trigger_controller_dag
[2024-12-10T22:10:32.674-0700] {logging_mixin.py:190} INFO - [2024-12-10T22:10:32.674-0700] {dag.py:3239} INFO - Sync 1 DAGs
[2024-12-10T22:10:32.679-0700] {logging_mixin.py:190} INFO - [2024-12-10T22:10:32.679-0700] {dag.py:3262} INFO - Creating ORM DAG for example_trigger_controller_dag
[2024-12-10T22:10:32.682-0700] {logging_mixin.py:190} INFO - [2024-12-10T22:10:32.682-0700] {dag.py:4180} INFO - Setting next_dagrun for example_trigger_controller_dag to 2021-01-01 00:00:00+00:00, run_after=2021-01-01 00:00:00+00:00
[2024-12-10T22:10:32.689-0700] {processor.py:208} INFO - Processing /Users/dimitarjanevski/fake-news-finder/venv/lib/python3.9/site-packages/airflow/example_dags/example_trigger_controller_dag.py took 0.148 seconds
[2024-12-10T22:12:14.408-0700] {processor.py:186} INFO - Started process (PID=99723) to work on /Users/dimitarjanevski/fake-news-finder/venv/lib/python3.9/site-packages/airflow/example_dags/example_trigger_controller_dag.py
[2024-12-10T22:12:14.409-0700] {processor.py:914} INFO - Processing file /Users/dimitarjanevski/fake-news-finder/venv/lib/python3.9/site-packages/airflow/example_dags/example_trigger_controller_dag.py for tasks to queue
[2024-12-10T22:12:14.410-0700] {logging_mixin.py:190} INFO - [2024-12-10T22:12:14.410-0700] {dagbag.py:588} INFO - Filling up the DagBag from /Users/dimitarjanevski/fake-news-finder/venv/lib/python3.9/site-packages/airflow/example_dags/example_trigger_controller_dag.py
[2024-12-10T22:12:14.415-0700] {processor.py:925} INFO - DAG(s) 'example_trigger_controller_dag' retrieved from /Users/dimitarjanevski/fake-news-finder/venv/lib/python3.9/site-packages/airflow/example_dags/example_trigger_controller_dag.py
[2024-12-10T22:12:14.478-0700] {logging_mixin.py:190} INFO - [2024-12-10T22:12:14.478-0700] {dag.py:3239} INFO - Sync 1 DAGs
[2024-12-10T22:12:14.485-0700] {logging_mixin.py:190} INFO - [2024-12-10T22:12:14.485-0700] {dag.py:4180} INFO - Setting next_dagrun for example_trigger_controller_dag to 2021-01-01 00:00:00+00:00, run_after=2021-01-01 00:00:00+00:00
[2024-12-10T22:12:14.492-0700] {processor.py:208} INFO - Processing /Users/dimitarjanevski/fake-news-finder/venv/lib/python3.9/site-packages/airflow/example_dags/example_trigger_controller_dag.py took 0.085 seconds
[2024-12-10T22:14:33.663-0700] {processor.py:186} INFO - Started process (PID=851) to work on /Users/dimitarjanevski/fake-news-finder/venv/lib/python3.9/site-packages/airflow/example_dags/example_trigger_controller_dag.py
[2024-12-10T22:14:33.663-0700] {processor.py:914} INFO - Processing file /Users/dimitarjanevski/fake-news-finder/venv/lib/python3.9/site-packages/airflow/example_dags/example_trigger_controller_dag.py for tasks to queue
[2024-12-10T22:14:33.664-0700] {logging_mixin.py:190} INFO - [2024-12-10T22:14:33.664-0700] {dagbag.py:588} INFO - Filling up the DagBag from /Users/dimitarjanevski/fake-news-finder/venv/lib/python3.9/site-packages/airflow/example_dags/example_trigger_controller_dag.py
[2024-12-10T22:14:33.669-0700] {processor.py:925} INFO - DAG(s) 'example_trigger_controller_dag' retrieved from /Users/dimitarjanevski/fake-news-finder/venv/lib/python3.9/site-packages/airflow/example_dags/example_trigger_controller_dag.py
[2024-12-10T22:14:33.734-0700] {logging_mixin.py:190} INFO - [2024-12-10T22:14:33.734-0700] {dag.py:3239} INFO - Sync 1 DAGs
[2024-12-10T22:14:33.743-0700] {logging_mixin.py:190} INFO - [2024-12-10T22:14:33.743-0700] {dag.py:4180} INFO - Setting next_dagrun for example_trigger_controller_dag to 2021-01-01 00:00:00+00:00, run_after=2021-01-01 00:00:00+00:00
[2024-12-10T22:14:33.750-0700] {processor.py:208} INFO - Processing /Users/dimitarjanevski/fake-news-finder/venv/lib/python3.9/site-packages/airflow/example_dags/example_trigger_controller_dag.py took 0.089 seconds
[2024-12-10T22:16:50.578-0700] {processor.py:186} INFO - Started process (PID=2820) to work on /Users/dimitarjanevski/fake-news-finder/venv/lib/python3.9/site-packages/airflow/example_dags/example_trigger_controller_dag.py
[2024-12-10T22:16:50.579-0700] {processor.py:914} INFO - Processing file /Users/dimitarjanevski/fake-news-finder/venv/lib/python3.9/site-packages/airflow/example_dags/example_trigger_controller_dag.py for tasks to queue
[2024-12-10T22:16:50.579-0700] {logging_mixin.py:190} INFO - [2024-12-10T22:16:50.579-0700] {dagbag.py:588} INFO - Filling up the DagBag from /Users/dimitarjanevski/fake-news-finder/venv/lib/python3.9/site-packages/airflow/example_dags/example_trigger_controller_dag.py
[2024-12-10T22:16:50.584-0700] {processor.py:925} INFO - DAG(s) 'example_trigger_controller_dag' retrieved from /Users/dimitarjanevski/fake-news-finder/venv/lib/python3.9/site-packages/airflow/example_dags/example_trigger_controller_dag.py
[2024-12-10T22:16:50.651-0700] {logging_mixin.py:190} INFO - [2024-12-10T22:16:50.651-0700] {dag.py:3239} INFO - Sync 1 DAGs
[2024-12-10T22:16:50.663-0700] {logging_mixin.py:190} INFO - [2024-12-10T22:16:50.663-0700] {dag.py:4180} INFO - Setting next_dagrun for example_trigger_controller_dag to 2021-01-01 00:00:00+00:00, run_after=2021-01-01 00:00:00+00:00
[2024-12-10T22:16:50.673-0700] {processor.py:208} INFO - Processing /Users/dimitarjanevski/fake-news-finder/venv/lib/python3.9/site-packages/airflow/example_dags/example_trigger_controller_dag.py took 0.097 seconds
[2024-12-10T22:18:48.374-0700] {processor.py:186} INFO - Started process (PID=4599) to work on /Users/dimitarjanevski/fake-news-finder/venv/lib/python3.9/site-packages/airflow/example_dags/example_trigger_controller_dag.py
[2024-12-10T22:18:48.374-0700] {processor.py:914} INFO - Processing file /Users/dimitarjanevski/fake-news-finder/venv/lib/python3.9/site-packages/airflow/example_dags/example_trigger_controller_dag.py for tasks to queue
[2024-12-10T22:18:48.375-0700] {logging_mixin.py:190} INFO - [2024-12-10T22:18:48.375-0700] {dagbag.py:588} INFO - Filling up the DagBag from /Users/dimitarjanevski/fake-news-finder/venv/lib/python3.9/site-packages/airflow/example_dags/example_trigger_controller_dag.py
[2024-12-10T22:18:48.382-0700] {processor.py:925} INFO - DAG(s) 'example_trigger_controller_dag' retrieved from /Users/dimitarjanevski/fake-news-finder/venv/lib/python3.9/site-packages/airflow/example_dags/example_trigger_controller_dag.py
[2024-12-10T22:18:48.455-0700] {logging_mixin.py:190} INFO - [2024-12-10T22:18:48.455-0700] {dag.py:3239} INFO - Sync 1 DAGs
[2024-12-10T22:18:48.463-0700] {logging_mixin.py:190} INFO - [2024-12-10T22:18:48.463-0700] {dag.py:4180} INFO - Setting next_dagrun for example_trigger_controller_dag to 2021-01-01 00:00:00+00:00, run_after=2021-01-01 00:00:00+00:00
[2024-12-10T22:18:48.474-0700] {processor.py:208} INFO - Processing /Users/dimitarjanevski/fake-news-finder/venv/lib/python3.9/site-packages/airflow/example_dags/example_trigger_controller_dag.py took 0.102 seconds
[2024-12-10T22:20:31.125-0700] {processor.py:186} INFO - Started process (PID=5265) to work on /Users/dimitarjanevski/fake-news-finder/venv/lib/python3.9/site-packages/airflow/example_dags/example_trigger_controller_dag.py
[2024-12-10T22:20:31.126-0700] {processor.py:914} INFO - Processing file /Users/dimitarjanevski/fake-news-finder/venv/lib/python3.9/site-packages/airflow/example_dags/example_trigger_controller_dag.py for tasks to queue
[2024-12-10T22:20:31.126-0700] {logging_mixin.py:190} INFO - [2024-12-10T22:20:31.126-0700] {dagbag.py:588} INFO - Filling up the DagBag from /Users/dimitarjanevski/fake-news-finder/venv/lib/python3.9/site-packages/airflow/example_dags/example_trigger_controller_dag.py
[2024-12-10T22:20:31.132-0700] {processor.py:925} INFO - DAG(s) 'example_trigger_controller_dag' retrieved from /Users/dimitarjanevski/fake-news-finder/venv/lib/python3.9/site-packages/airflow/example_dags/example_trigger_controller_dag.py
[2024-12-10T22:20:31.197-0700] {logging_mixin.py:190} INFO - [2024-12-10T22:20:31.197-0700] {dag.py:3239} INFO - Sync 1 DAGs
[2024-12-10T22:20:31.207-0700] {logging_mixin.py:190} INFO - [2024-12-10T22:20:31.207-0700] {dag.py:4180} INFO - Setting next_dagrun for example_trigger_controller_dag to 2021-01-01 00:00:00+00:00, run_after=2021-01-01 00:00:00+00:00
[2024-12-10T22:20:31.215-0700] {processor.py:208} INFO - Processing /Users/dimitarjanevski/fake-news-finder/venv/lib/python3.9/site-packages/airflow/example_dags/example_trigger_controller_dag.py took 0.092 seconds
[2024-12-10T22:21:48.838-0700] {processor.py:186} INFO - Started process (PID=5725) to work on /Users/dimitarjanevski/fake-news-finder/venv/lib/python3.9/site-packages/airflow/example_dags/example_trigger_controller_dag.py
[2024-12-10T22:21:48.838-0700] {processor.py:914} INFO - Processing file /Users/dimitarjanevski/fake-news-finder/venv/lib/python3.9/site-packages/airflow/example_dags/example_trigger_controller_dag.py for tasks to queue
[2024-12-10T22:21:48.839-0700] {logging_mixin.py:190} INFO - [2024-12-10T22:21:48.839-0700] {dagbag.py:588} INFO - Filling up the DagBag from /Users/dimitarjanevski/fake-news-finder/venv/lib/python3.9/site-packages/airflow/example_dags/example_trigger_controller_dag.py
[2024-12-10T22:21:48.844-0700] {processor.py:925} INFO - DAG(s) 'example_trigger_controller_dag' retrieved from /Users/dimitarjanevski/fake-news-finder/venv/lib/python3.9/site-packages/airflow/example_dags/example_trigger_controller_dag.py
[2024-12-10T22:21:48.914-0700] {logging_mixin.py:190} INFO - [2024-12-10T22:21:48.914-0700] {dag.py:3239} INFO - Sync 1 DAGs
[2024-12-10T22:21:48.922-0700] {logging_mixin.py:190} INFO - [2024-12-10T22:21:48.922-0700] {dag.py:4180} INFO - Setting next_dagrun for example_trigger_controller_dag to 2021-01-01 00:00:00+00:00, run_after=2021-01-01 00:00:00+00:00
[2024-12-10T22:21:48.932-0700] {processor.py:208} INFO - Processing /Users/dimitarjanevski/fake-news-finder/venv/lib/python3.9/site-packages/airflow/example_dags/example_trigger_controller_dag.py took 0.096 seconds
