[2024-12-10T22:11:35.742-0700] {processor.py:186} INFO - Started process (PID=99513) to work on /Users/dimitarjanevski/fake-news-finder/venv/lib/python3.9/site-packages/airflow/example_dags/example_branch_operator_decorator.py
[2024-12-10T22:11:35.742-0700] {processor.py:914} INFO - Processing file /Users/dimitarjanevski/fake-news-finder/venv/lib/python3.9/site-packages/airflow/example_dags/example_branch_operator_decorator.py for tasks to queue
[2024-12-10T22:11:35.743-0700] {logging_mixin.py:190} INFO - [2024-12-10T22:11:35.743-0700] {dagbag.py:588} INFO - Filling up the DagBag from /Users/dimitarjanevski/fake-news-finder/venv/lib/python3.9/site-packages/airflow/example_dags/example_branch_operator_decorator.py
[2024-12-10T22:11:35.791-0700] {processor.py:925} INFO - DAG(s) 'example_branch_python_operator_decorator' retrieved from /Users/dimitarjanevski/fake-news-finder/venv/lib/python3.9/site-packages/airflow/example_dags/example_branch_operator_decorator.py
[2024-12-10T22:11:35.896-0700] {logging_mixin.py:190} INFO - [2024-12-10T22:11:35.896-0700] {override.py:1911} INFO - Created Permission View: can read on DAG:example_branch_python_operator_decorator
[2024-12-10T22:11:35.900-0700] {logging_mixin.py:190} INFO - [2024-12-10T22:11:35.900-0700] {override.py:1911} INFO - Created Permission View: can edit on DAG:example_branch_python_operator_decorator
[2024-12-10T22:11:35.902-0700] {logging_mixin.py:190} INFO - [2024-12-10T22:11:35.902-0700] {override.py:1911} INFO - Created Permission View: can delete on DAG:example_branch_python_operator_decorator
[2024-12-10T22:11:35.908-0700] {logging_mixin.py:190} INFO - [2024-12-10T22:11:35.908-0700] {override.py:1911} INFO - Created Permission View: can read on DAG Run:example_branch_python_operator_decorator
[2024-12-10T22:11:35.913-0700] {logging_mixin.py:190} INFO - [2024-12-10T22:11:35.912-0700] {override.py:1911} INFO - Created Permission View: can create on DAG Run:example_branch_python_operator_decorator
[2024-12-10T22:11:35.916-0700] {logging_mixin.py:190} INFO - [2024-12-10T22:11:35.916-0700] {override.py:1911} INFO - Created Permission View: menu access on DAG Run:example_branch_python_operator_decorator
[2024-12-10T22:11:35.920-0700] {logging_mixin.py:190} INFO - [2024-12-10T22:11:35.920-0700] {override.py:1911} INFO - Created Permission View: can delete on DAG Run:example_branch_python_operator_decorator
[2024-12-10T22:11:35.920-0700] {logging_mixin.py:190} INFO - [2024-12-10T22:11:35.920-0700] {dag.py:3239} INFO - Sync 1 DAGs
[2024-12-10T22:11:35.926-0700] {logging_mixin.py:190} INFO - [2024-12-10T22:11:35.926-0700] {dag.py:3262} INFO - Creating ORM DAG for example_branch_python_operator_decorator
[2024-12-10T22:11:35.932-0700] {logging_mixin.py:190} INFO - [2024-12-10T22:11:35.931-0700] {dag.py:4180} INFO - Setting next_dagrun for example_branch_python_operator_decorator to 2024-12-10 00:00:00+00:00, run_after=2024-12-11 00:00:00+00:00
[2024-12-10T22:11:35.942-0700] {processor.py:208} INFO - Processing /Users/dimitarjanevski/fake-news-finder/venv/lib/python3.9/site-packages/airflow/example_dags/example_branch_operator_decorator.py took 0.202 seconds
[2024-12-10T22:17:53.299-0700] {processor.py:186} INFO - Started process (PID=3738) to work on /Users/dimitarjanevski/fake-news-finder/venv/lib/python3.9/site-packages/airflow/example_dags/example_branch_operator_decorator.py
[2024-12-10T22:17:53.300-0700] {processor.py:914} INFO - Processing file /Users/dimitarjanevski/fake-news-finder/venv/lib/python3.9/site-packages/airflow/example_dags/example_branch_operator_decorator.py for tasks to queue
[2024-12-10T22:17:53.300-0700] {logging_mixin.py:190} INFO - [2024-12-10T22:17:53.300-0700] {dagbag.py:588} INFO - Filling up the DagBag from /Users/dimitarjanevski/fake-news-finder/venv/lib/python3.9/site-packages/airflow/example_dags/example_branch_operator_decorator.py
[2024-12-10T22:17:53.346-0700] {processor.py:925} INFO - DAG(s) 'example_branch_python_operator_decorator' retrieved from /Users/dimitarjanevski/fake-news-finder/venv/lib/python3.9/site-packages/airflow/example_dags/example_branch_operator_decorator.py
[2024-12-10T22:17:53.431-0700] {logging_mixin.py:190} INFO - [2024-12-10T22:17:53.431-0700] {dag.py:3239} INFO - Sync 1 DAGs
[2024-12-10T22:17:53.440-0700] {logging_mixin.py:190} INFO - [2024-12-10T22:17:53.440-0700] {dag.py:4180} INFO - Setting next_dagrun for example_branch_python_operator_decorator to 2024-12-10 00:00:00+00:00, run_after=2024-12-11 00:00:00+00:00
[2024-12-10T22:17:53.448-0700] {processor.py:208} INFO - Processing /Users/dimitarjanevski/fake-news-finder/venv/lib/python3.9/site-packages/airflow/example_dags/example_branch_operator_decorator.py took 0.151 seconds
[2024-12-10T22:19:48.339-0700] {processor.py:186} INFO - Started process (PID=4999) to work on /Users/dimitarjanevski/fake-news-finder/venv/lib/python3.9/site-packages/airflow/example_dags/example_branch_operator_decorator.py
[2024-12-10T22:19:48.340-0700] {processor.py:914} INFO - Processing file /Users/dimitarjanevski/fake-news-finder/venv/lib/python3.9/site-packages/airflow/example_dags/example_branch_operator_decorator.py for tasks to queue
[2024-12-10T22:19:48.340-0700] {logging_mixin.py:190} INFO - [2024-12-10T22:19:48.340-0700] {dagbag.py:588} INFO - Filling up the DagBag from /Users/dimitarjanevski/fake-news-finder/venv/lib/python3.9/site-packages/airflow/example_dags/example_branch_operator_decorator.py
[2024-12-10T22:19:48.384-0700] {processor.py:925} INFO - DAG(s) 'example_branch_python_operator_decorator' retrieved from /Users/dimitarjanevski/fake-news-finder/venv/lib/python3.9/site-packages/airflow/example_dags/example_branch_operator_decorator.py
[2024-12-10T22:19:48.490-0700] {logging_mixin.py:190} INFO - [2024-12-10T22:19:48.490-0700] {dag.py:3239} INFO - Sync 1 DAGs
[2024-12-10T22:19:48.497-0700] {logging_mixin.py:190} INFO - [2024-12-10T22:19:48.497-0700] {dag.py:4180} INFO - Setting next_dagrun for example_branch_python_operator_decorator to 2024-12-10 00:00:00+00:00, run_after=2024-12-11 00:00:00+00:00
[2024-12-10T22:19:48.505-0700] {processor.py:208} INFO - Processing /Users/dimitarjanevski/fake-news-finder/venv/lib/python3.9/site-packages/airflow/example_dags/example_branch_operator_decorator.py took 0.168 seconds
