[2024-12-10T22:10:34.517-0700] {processor.py:186} INFO - Started process (PID=99159) to work on /Users/dimitarjanevski/fake-news-finder/venv/lib/python3.9/site-packages/airflow/example_dags/example_time_delta_sensor_async.py
[2024-12-10T22:10:34.518-0700] {processor.py:914} INFO - Processing file /Users/dimitarjanevski/fake-news-finder/venv/lib/python3.9/site-packages/airflow/example_dags/example_time_delta_sensor_async.py for tasks to queue
[2024-12-10T22:10:34.518-0700] {logging_mixin.py:190} INFO - [2024-12-10T22:10:34.518-0700] {dagbag.py:588} INFO - Filling up the DagBag from /Users/dimitarjanevski/fake-news-finder/venv/lib/python3.9/site-packages/airflow/example_dags/example_time_delta_sensor_async.py
[2024-12-10T22:10:34.522-0700] {processor.py:925} INFO - DAG(s) 'example_time_delta_sensor_async' retrieved from /Users/dimitarjanevski/fake-news-finder/venv/lib/python3.9/site-packages/airflow/example_dags/example_time_delta_sensor_async.py
[2024-12-10T22:10:34.590-0700] {logging_mixin.py:190} INFO - [2024-12-10T22:10:34.590-0700] {workday.py:41} WARNING - Could not import pandas. Holidays will not be considered.
[2024-12-10T22:10:34.636-0700] {logging_mixin.py:190} INFO - [2024-12-10T22:10:34.636-0700] {override.py:1911} INFO - Created Permission View: can delete on DAG:example_time_delta_sensor_async
[2024-12-10T22:10:34.641-0700] {logging_mixin.py:190} INFO - [2024-12-10T22:10:34.640-0700] {override.py:1911} INFO - Created Permission View: can edit on DAG:example_time_delta_sensor_async
[2024-12-10T22:10:34.643-0700] {logging_mixin.py:190} INFO - [2024-12-10T22:10:34.643-0700] {override.py:1911} INFO - Created Permission View: can read on DAG:example_time_delta_sensor_async
[2024-12-10T22:10:34.648-0700] {logging_mixin.py:190} INFO - [2024-12-10T22:10:34.647-0700] {override.py:1911} INFO - Created Permission View: can delete on DAG Run:example_time_delta_sensor_async
[2024-12-10T22:10:34.650-0700] {logging_mixin.py:190} INFO - [2024-12-10T22:10:34.650-0700] {override.py:1911} INFO - Created Permission View: can create on DAG Run:example_time_delta_sensor_async
[2024-12-10T22:10:34.654-0700] {logging_mixin.py:190} INFO - [2024-12-10T22:10:34.654-0700] {override.py:1911} INFO - Created Permission View: can read on DAG Run:example_time_delta_sensor_async
[2024-12-10T22:10:34.657-0700] {logging_mixin.py:190} INFO - [2024-12-10T22:10:34.656-0700] {override.py:1911} INFO - Created Permission View: menu access on DAG Run:example_time_delta_sensor_async
[2024-12-10T22:10:34.657-0700] {logging_mixin.py:190} INFO - [2024-12-10T22:10:34.657-0700] {dag.py:3239} INFO - Sync 1 DAGs
[2024-12-10T22:10:34.666-0700] {logging_mixin.py:190} INFO - [2024-12-10T22:10:34.666-0700] {dag.py:3262} INFO - Creating ORM DAG for example_time_delta_sensor_async
[2024-12-10T22:10:34.666-0700] {logging_mixin.py:190} INFO - [2024-12-10T22:10:34.666-0700] {dag.py:4180} INFO - Setting next_dagrun for example_time_delta_sensor_async to None, run_after=None
[2024-12-10T22:10:34.675-0700] {processor.py:208} INFO - Processing /Users/dimitarjanevski/fake-news-finder/venv/lib/python3.9/site-packages/airflow/example_dags/example_time_delta_sensor_async.py took 0.159 seconds
[2024-12-10T22:12:16.269-0700] {processor.py:186} INFO - Started process (PID=99727) to work on /Users/dimitarjanevski/fake-news-finder/venv/lib/python3.9/site-packages/airflow/example_dags/example_time_delta_sensor_async.py
[2024-12-10T22:12:16.270-0700] {processor.py:914} INFO - Processing file /Users/dimitarjanevski/fake-news-finder/venv/lib/python3.9/site-packages/airflow/example_dags/example_time_delta_sensor_async.py for tasks to queue
[2024-12-10T22:12:16.270-0700] {logging_mixin.py:190} INFO - [2024-12-10T22:12:16.270-0700] {dagbag.py:588} INFO - Filling up the DagBag from /Users/dimitarjanevski/fake-news-finder/venv/lib/python3.9/site-packages/airflow/example_dags/example_time_delta_sensor_async.py
[2024-12-10T22:12:16.274-0700] {processor.py:925} INFO - DAG(s) 'example_time_delta_sensor_async' retrieved from /Users/dimitarjanevski/fake-news-finder/venv/lib/python3.9/site-packages/airflow/example_dags/example_time_delta_sensor_async.py
[2024-12-10T22:12:16.337-0700] {logging_mixin.py:190} INFO - [2024-12-10T22:12:16.337-0700] {workday.py:41} WARNING - Could not import pandas. Holidays will not be considered.
[2024-12-10T22:12:16.346-0700] {logging_mixin.py:190} INFO - [2024-12-10T22:12:16.346-0700] {dag.py:3239} INFO - Sync 1 DAGs
[2024-12-10T22:12:16.350-0700] {logging_mixin.py:190} INFO - [2024-12-10T22:12:16.350-0700] {dag.py:4180} INFO - Setting next_dagrun for example_time_delta_sensor_async to None, run_after=None
[2024-12-10T22:12:16.360-0700] {processor.py:208} INFO - Processing /Users/dimitarjanevski/fake-news-finder/venv/lib/python3.9/site-packages/airflow/example_dags/example_time_delta_sensor_async.py took 0.093 seconds
[2024-12-10T22:14:35.515-0700] {processor.py:186} INFO - Started process (PID=861) to work on /Users/dimitarjanevski/fake-news-finder/venv/lib/python3.9/site-packages/airflow/example_dags/example_time_delta_sensor_async.py
[2024-12-10T22:14:35.516-0700] {processor.py:914} INFO - Processing file /Users/dimitarjanevski/fake-news-finder/venv/lib/python3.9/site-packages/airflow/example_dags/example_time_delta_sensor_async.py for tasks to queue
[2024-12-10T22:14:35.516-0700] {logging_mixin.py:190} INFO - [2024-12-10T22:14:35.516-0700] {dagbag.py:588} INFO - Filling up the DagBag from /Users/dimitarjanevski/fake-news-finder/venv/lib/python3.9/site-packages/airflow/example_dags/example_time_delta_sensor_async.py
[2024-12-10T22:14:35.520-0700] {processor.py:925} INFO - DAG(s) 'example_time_delta_sensor_async' retrieved from /Users/dimitarjanevski/fake-news-finder/venv/lib/python3.9/site-packages/airflow/example_dags/example_time_delta_sensor_async.py
[2024-12-10T22:14:35.584-0700] {logging_mixin.py:190} INFO - [2024-12-10T22:14:35.584-0700] {workday.py:41} WARNING - Could not import pandas. Holidays will not be considered.
[2024-12-10T22:14:35.593-0700] {logging_mixin.py:190} INFO - [2024-12-10T22:14:35.593-0700] {dag.py:3239} INFO - Sync 1 DAGs
[2024-12-10T22:14:35.597-0700] {logging_mixin.py:190} INFO - [2024-12-10T22:14:35.597-0700] {dag.py:4180} INFO - Setting next_dagrun for example_time_delta_sensor_async to None, run_after=None
[2024-12-10T22:14:35.604-0700] {processor.py:208} INFO - Processing /Users/dimitarjanevski/fake-news-finder/venv/lib/python3.9/site-packages/airflow/example_dags/example_time_delta_sensor_async.py took 0.091 seconds
[2024-12-10T22:16:51.573-0700] {processor.py:186} INFO - Started process (PID=2833) to work on /Users/dimitarjanevski/fake-news-finder/venv/lib/python3.9/site-packages/airflow/example_dags/example_time_delta_sensor_async.py
[2024-12-10T22:16:51.575-0700] {processor.py:914} INFO - Processing file /Users/dimitarjanevski/fake-news-finder/venv/lib/python3.9/site-packages/airflow/example_dags/example_time_delta_sensor_async.py for tasks to queue
[2024-12-10T22:16:51.575-0700] {logging_mixin.py:190} INFO - [2024-12-10T22:16:51.575-0700] {dagbag.py:588} INFO - Filling up the DagBag from /Users/dimitarjanevski/fake-news-finder/venv/lib/python3.9/site-packages/airflow/example_dags/example_time_delta_sensor_async.py
[2024-12-10T22:16:51.579-0700] {processor.py:925} INFO - DAG(s) 'example_time_delta_sensor_async' retrieved from /Users/dimitarjanevski/fake-news-finder/venv/lib/python3.9/site-packages/airflow/example_dags/example_time_delta_sensor_async.py
[2024-12-10T22:16:51.641-0700] {logging_mixin.py:190} INFO - [2024-12-10T22:16:51.641-0700] {workday.py:41} WARNING - Could not import pandas. Holidays will not be considered.
[2024-12-10T22:16:51.649-0700] {logging_mixin.py:190} INFO - [2024-12-10T22:16:51.649-0700] {dag.py:3239} INFO - Sync 1 DAGs
[2024-12-10T22:16:51.653-0700] {logging_mixin.py:190} INFO - [2024-12-10T22:16:51.653-0700] {dag.py:4180} INFO - Setting next_dagrun for example_time_delta_sensor_async to None, run_after=None
[2024-12-10T22:16:51.660-0700] {processor.py:208} INFO - Processing /Users/dimitarjanevski/fake-news-finder/venv/lib/python3.9/site-packages/airflow/example_dags/example_time_delta_sensor_async.py took 0.088 seconds
[2024-12-10T22:18:50.240-0700] {processor.py:186} INFO - Started process (PID=4610) to work on /Users/dimitarjanevski/fake-news-finder/venv/lib/python3.9/site-packages/airflow/example_dags/example_time_delta_sensor_async.py
[2024-12-10T22:18:50.241-0700] {processor.py:914} INFO - Processing file /Users/dimitarjanevski/fake-news-finder/venv/lib/python3.9/site-packages/airflow/example_dags/example_time_delta_sensor_async.py for tasks to queue
[2024-12-10T22:18:50.241-0700] {logging_mixin.py:190} INFO - [2024-12-10T22:18:50.241-0700] {dagbag.py:588} INFO - Filling up the DagBag from /Users/dimitarjanevski/fake-news-finder/venv/lib/python3.9/site-packages/airflow/example_dags/example_time_delta_sensor_async.py
[2024-12-10T22:18:50.245-0700] {processor.py:925} INFO - DAG(s) 'example_time_delta_sensor_async' retrieved from /Users/dimitarjanevski/fake-news-finder/venv/lib/python3.9/site-packages/airflow/example_dags/example_time_delta_sensor_async.py
[2024-12-10T22:18:50.312-0700] {logging_mixin.py:190} INFO - [2024-12-10T22:18:50.312-0700] {workday.py:41} WARNING - Could not import pandas. Holidays will not be considered.
[2024-12-10T22:18:50.321-0700] {logging_mixin.py:190} INFO - [2024-12-10T22:18:50.321-0700] {dag.py:3239} INFO - Sync 1 DAGs
[2024-12-10T22:18:50.325-0700] {logging_mixin.py:190} INFO - [2024-12-10T22:18:50.325-0700] {dag.py:4180} INFO - Setting next_dagrun for example_time_delta_sensor_async to None, run_after=None
[2024-12-10T22:18:50.334-0700] {processor.py:208} INFO - Processing /Users/dimitarjanevski/fake-news-finder/venv/lib/python3.9/site-packages/airflow/example_dags/example_time_delta_sensor_async.py took 0.096 seconds
[2024-12-10T22:20:32.965-0700] {processor.py:186} INFO - Started process (PID=5267) to work on /Users/dimitarjanevski/fake-news-finder/venv/lib/python3.9/site-packages/airflow/example_dags/example_time_delta_sensor_async.py
[2024-12-10T22:20:32.966-0700] {processor.py:914} INFO - Processing file /Users/dimitarjanevski/fake-news-finder/venv/lib/python3.9/site-packages/airflow/example_dags/example_time_delta_sensor_async.py for tasks to queue
[2024-12-10T22:20:32.967-0700] {logging_mixin.py:190} INFO - [2024-12-10T22:20:32.967-0700] {dagbag.py:588} INFO - Filling up the DagBag from /Users/dimitarjanevski/fake-news-finder/venv/lib/python3.9/site-packages/airflow/example_dags/example_time_delta_sensor_async.py
[2024-12-10T22:20:32.971-0700] {processor.py:925} INFO - DAG(s) 'example_time_delta_sensor_async' retrieved from /Users/dimitarjanevski/fake-news-finder/venv/lib/python3.9/site-packages/airflow/example_dags/example_time_delta_sensor_async.py
[2024-12-10T22:20:33.036-0700] {logging_mixin.py:190} INFO - [2024-12-10T22:20:33.035-0700] {workday.py:41} WARNING - Could not import pandas. Holidays will not be considered.
[2024-12-10T22:20:33.044-0700] {logging_mixin.py:190} INFO - [2024-12-10T22:20:33.044-0700] {dag.py:3239} INFO - Sync 1 DAGs
[2024-12-10T22:20:33.048-0700] {logging_mixin.py:190} INFO - [2024-12-10T22:20:33.048-0700] {dag.py:4180} INFO - Setting next_dagrun for example_time_delta_sensor_async to None, run_after=None
[2024-12-10T22:20:33.055-0700] {processor.py:208} INFO - Processing /Users/dimitarjanevski/fake-news-finder/venv/lib/python3.9/site-packages/airflow/example_dags/example_time_delta_sensor_async.py took 0.091 seconds
[2024-12-10T22:21:50.700-0700] {processor.py:186} INFO - Started process (PID=5736) to work on /Users/dimitarjanevski/fake-news-finder/venv/lib/python3.9/site-packages/airflow/example_dags/example_time_delta_sensor_async.py
[2024-12-10T22:21:50.701-0700] {processor.py:914} INFO - Processing file /Users/dimitarjanevski/fake-news-finder/venv/lib/python3.9/site-packages/airflow/example_dags/example_time_delta_sensor_async.py for tasks to queue
[2024-12-10T22:21:50.701-0700] {logging_mixin.py:190} INFO - [2024-12-10T22:21:50.701-0700] {dagbag.py:588} INFO - Filling up the DagBag from /Users/dimitarjanevski/fake-news-finder/venv/lib/python3.9/site-packages/airflow/example_dags/example_time_delta_sensor_async.py
[2024-12-10T22:21:50.705-0700] {processor.py:925} INFO - DAG(s) 'example_time_delta_sensor_async' retrieved from /Users/dimitarjanevski/fake-news-finder/venv/lib/python3.9/site-packages/airflow/example_dags/example_time_delta_sensor_async.py
[2024-12-10T22:21:50.772-0700] {logging_mixin.py:190} INFO - [2024-12-10T22:21:50.772-0700] {workday.py:41} WARNING - Could not import pandas. Holidays will not be considered.
[2024-12-10T22:21:50.780-0700] {logging_mixin.py:190} INFO - [2024-12-10T22:21:50.780-0700] {dag.py:3239} INFO - Sync 1 DAGs
[2024-12-10T22:21:50.785-0700] {logging_mixin.py:190} INFO - [2024-12-10T22:21:50.785-0700] {dag.py:4180} INFO - Setting next_dagrun for example_time_delta_sensor_async to None, run_after=None
[2024-12-10T22:21:50.792-0700] {processor.py:208} INFO - Processing /Users/dimitarjanevski/fake-news-finder/venv/lib/python3.9/site-packages/airflow/example_dags/example_time_delta_sensor_async.py took 0.094 seconds
