[2024-12-10T22:11:02.757-0700] {processor.py:186} INFO - Started process (PID=99323) to work on /Users/dimitarjanevski/fake-news-finder/venv/lib/python3.9/site-packages/airflow/example_dags/example_params_trigger_ui.py
[2024-12-10T22:11:02.757-0700] {processor.py:914} INFO - Processing file /Users/dimitarjanevski/fake-news-finder/venv/lib/python3.9/site-packages/airflow/example_dags/example_params_trigger_ui.py for tasks to queue
[2024-12-10T22:11:02.758-0700] {logging_mixin.py:190} INFO - [2024-12-10T22:11:02.758-0700] {dagbag.py:588} INFO - Filling up the DagBag from /Users/dimitarjanevski/fake-news-finder/venv/lib/python3.9/site-packages/airflow/example_dags/example_params_trigger_ui.py
[2024-12-10T22:11:02.798-0700] {processor.py:925} INFO - DAG(s) 'example_params_trigger_ui' retrieved from /Users/dimitarjanevski/fake-news-finder/venv/lib/python3.9/site-packages/airflow/example_dags/example_params_trigger_ui.py
[2024-12-10T22:11:02.882-0700] {logging_mixin.py:190} INFO - [2024-12-10T22:11:02.882-0700] {override.py:1911} INFO - Created Permission View: can read on DAG:example_params_trigger_ui
[2024-12-10T22:11:02.886-0700] {logging_mixin.py:190} INFO - [2024-12-10T22:11:02.886-0700] {override.py:1911} INFO - Created Permission View: can delete on DAG:example_params_trigger_ui
[2024-12-10T22:11:02.888-0700] {logging_mixin.py:190} INFO - [2024-12-10T22:11:02.888-0700] {override.py:1911} INFO - Created Permission View: can edit on DAG:example_params_trigger_ui
[2024-12-10T22:11:02.891-0700] {logging_mixin.py:190} INFO - [2024-12-10T22:11:02.890-0700] {override.py:1911} INFO - Created Permission View: can read on DAG Run:example_params_trigger_ui
[2024-12-10T22:11:02.893-0700] {logging_mixin.py:190} INFO - [2024-12-10T22:11:02.893-0700] {override.py:1911} INFO - Created Permission View: menu access on DAG Run:example_params_trigger_ui
[2024-12-10T22:11:02.895-0700] {logging_mixin.py:190} INFO - [2024-12-10T22:11:02.895-0700] {override.py:1911} INFO - Created Permission View: can delete on DAG Run:example_params_trigger_ui
[2024-12-10T22:11:02.897-0700] {logging_mixin.py:190} INFO - [2024-12-10T22:11:02.897-0700] {override.py:1911} INFO - Created Permission View: can create on DAG Run:example_params_trigger_ui
[2024-12-10T22:11:02.897-0700] {logging_mixin.py:190} INFO - [2024-12-10T22:11:02.897-0700] {dag.py:3239} INFO - Sync 1 DAGs
[2024-12-10T22:11:02.902-0700] {logging_mixin.py:190} INFO - [2024-12-10T22:11:02.901-0700] {dag.py:3262} INFO - Creating ORM DAG for example_params_trigger_ui
[2024-12-10T22:11:02.902-0700] {logging_mixin.py:190} INFO - [2024-12-10T22:11:02.902-0700] {dag.py:4180} INFO - Setting next_dagrun for example_params_trigger_ui to None, run_after=None
[2024-12-10T22:11:02.908-0700] {processor.py:208} INFO - Processing /Users/dimitarjanevski/fake-news-finder/venv/lib/python3.9/site-packages/airflow/example_dags/example_params_trigger_ui.py took 0.153 seconds
[2024-12-10T22:12:45.199-0700] {processor.py:186} INFO - Started process (PID=99881) to work on /Users/dimitarjanevski/fake-news-finder/venv/lib/python3.9/site-packages/airflow/example_dags/example_params_trigger_ui.py
[2024-12-10T22:12:45.199-0700] {processor.py:914} INFO - Processing file /Users/dimitarjanevski/fake-news-finder/venv/lib/python3.9/site-packages/airflow/example_dags/example_params_trigger_ui.py for tasks to queue
[2024-12-10T22:12:45.200-0700] {logging_mixin.py:190} INFO - [2024-12-10T22:12:45.200-0700] {dagbag.py:588} INFO - Filling up the DagBag from /Users/dimitarjanevski/fake-news-finder/venv/lib/python3.9/site-packages/airflow/example_dags/example_params_trigger_ui.py
[2024-12-10T22:12:45.242-0700] {processor.py:925} INFO - DAG(s) 'example_params_trigger_ui' retrieved from /Users/dimitarjanevski/fake-news-finder/venv/lib/python3.9/site-packages/airflow/example_dags/example_params_trigger_ui.py
[2024-12-10T22:12:45.295-0700] {logging_mixin.py:190} INFO - [2024-12-10T22:12:45.295-0700] {dag.py:3239} INFO - Sync 1 DAGs
[2024-12-10T22:12:45.300-0700] {logging_mixin.py:190} INFO - [2024-12-10T22:12:45.300-0700] {dag.py:4180} INFO - Setting next_dagrun for example_params_trigger_ui to None, run_after=None
[2024-12-10T22:12:45.307-0700] {processor.py:208} INFO - Processing /Users/dimitarjanevski/fake-news-finder/venv/lib/python3.9/site-packages/airflow/example_dags/example_params_trigger_ui.py took 0.111 seconds
[2024-12-10T22:15:05.185-0700] {processor.py:186} INFO - Started process (PID=1055) to work on /Users/dimitarjanevski/fake-news-finder/venv/lib/python3.9/site-packages/airflow/example_dags/example_params_trigger_ui.py
[2024-12-10T22:15:05.186-0700] {processor.py:914} INFO - Processing file /Users/dimitarjanevski/fake-news-finder/venv/lib/python3.9/site-packages/airflow/example_dags/example_params_trigger_ui.py for tasks to queue
[2024-12-10T22:15:05.186-0700] {logging_mixin.py:190} INFO - [2024-12-10T22:15:05.186-0700] {dagbag.py:588} INFO - Filling up the DagBag from /Users/dimitarjanevski/fake-news-finder/venv/lib/python3.9/site-packages/airflow/example_dags/example_params_trigger_ui.py
[2024-12-10T22:15:05.228-0700] {processor.py:925} INFO - DAG(s) 'example_params_trigger_ui' retrieved from /Users/dimitarjanevski/fake-news-finder/venv/lib/python3.9/site-packages/airflow/example_dags/example_params_trigger_ui.py
[2024-12-10T22:15:05.300-0700] {logging_mixin.py:190} INFO - [2024-12-10T22:15:05.300-0700] {dag.py:3239} INFO - Sync 1 DAGs
[2024-12-10T22:15:05.307-0700] {logging_mixin.py:190} INFO - [2024-12-10T22:15:05.307-0700] {dag.py:4180} INFO - Setting next_dagrun for example_params_trigger_ui to None, run_after=None
[2024-12-10T22:15:05.315-0700] {processor.py:208} INFO - Processing /Users/dimitarjanevski/fake-news-finder/venv/lib/python3.9/site-packages/airflow/example_dags/example_params_trigger_ui.py took 0.132 seconds
[2024-12-10T22:17:21.516-0700] {processor.py:186} INFO - Started process (PID=3169) to work on /Users/dimitarjanevski/fake-news-finder/venv/lib/python3.9/site-packages/airflow/example_dags/example_params_trigger_ui.py
[2024-12-10T22:17:21.516-0700] {processor.py:914} INFO - Processing file /Users/dimitarjanevski/fake-news-finder/venv/lib/python3.9/site-packages/airflow/example_dags/example_params_trigger_ui.py for tasks to queue
[2024-12-10T22:17:21.517-0700] {logging_mixin.py:190} INFO - [2024-12-10T22:17:21.517-0700] {dagbag.py:588} INFO - Filling up the DagBag from /Users/dimitarjanevski/fake-news-finder/venv/lib/python3.9/site-packages/airflow/example_dags/example_params_trigger_ui.py
[2024-12-10T22:17:21.560-0700] {processor.py:925} INFO - DAG(s) 'example_params_trigger_ui' retrieved from /Users/dimitarjanevski/fake-news-finder/venv/lib/python3.9/site-packages/airflow/example_dags/example_params_trigger_ui.py
[2024-12-10T22:17:21.614-0700] {logging_mixin.py:190} INFO - [2024-12-10T22:17:21.614-0700] {dag.py:3239} INFO - Sync 1 DAGs
[2024-12-10T22:17:21.619-0700] {logging_mixin.py:190} INFO - [2024-12-10T22:17:21.619-0700] {dag.py:4180} INFO - Setting next_dagrun for example_params_trigger_ui to None, run_after=None
[2024-12-10T22:17:21.626-0700] {processor.py:208} INFO - Processing /Users/dimitarjanevski/fake-news-finder/venv/lib/python3.9/site-packages/airflow/example_dags/example_params_trigger_ui.py took 0.111 seconds
[2024-12-10T22:19:17.013-0700] {processor.py:186} INFO - Started process (PID=4785) to work on /Users/dimitarjanevski/fake-news-finder/venv/lib/python3.9/site-packages/airflow/example_dags/example_params_trigger_ui.py
[2024-12-10T22:19:17.014-0700] {processor.py:914} INFO - Processing file /Users/dimitarjanevski/fake-news-finder/venv/lib/python3.9/site-packages/airflow/example_dags/example_params_trigger_ui.py for tasks to queue
[2024-12-10T22:19:17.015-0700] {logging_mixin.py:190} INFO - [2024-12-10T22:19:17.014-0700] {dagbag.py:588} INFO - Filling up the DagBag from /Users/dimitarjanevski/fake-news-finder/venv/lib/python3.9/site-packages/airflow/example_dags/example_params_trigger_ui.py
[2024-12-10T22:19:17.055-0700] {processor.py:925} INFO - DAG(s) 'example_params_trigger_ui' retrieved from /Users/dimitarjanevski/fake-news-finder/venv/lib/python3.9/site-packages/airflow/example_dags/example_params_trigger_ui.py
[2024-12-10T22:19:17.107-0700] {logging_mixin.py:190} INFO - [2024-12-10T22:19:17.107-0700] {dag.py:3239} INFO - Sync 1 DAGs
[2024-12-10T22:19:17.111-0700] {logging_mixin.py:190} INFO - [2024-12-10T22:19:17.111-0700] {dag.py:4180} INFO - Setting next_dagrun for example_params_trigger_ui to None, run_after=None
[2024-12-10T22:19:17.122-0700] {processor.py:208} INFO - Processing /Users/dimitarjanevski/fake-news-finder/venv/lib/python3.9/site-packages/airflow/example_dags/example_params_trigger_ui.py took 0.111 seconds
[2024-12-10T22:21:00.827-0700] {processor.py:186} INFO - Started process (PID=5446) to work on /Users/dimitarjanevski/fake-news-finder/venv/lib/python3.9/site-packages/airflow/example_dags/example_params_trigger_ui.py
[2024-12-10T22:21:00.827-0700] {processor.py:914} INFO - Processing file /Users/dimitarjanevski/fake-news-finder/venv/lib/python3.9/site-packages/airflow/example_dags/example_params_trigger_ui.py for tasks to queue
[2024-12-10T22:21:00.828-0700] {logging_mixin.py:190} INFO - [2024-12-10T22:21:00.828-0700] {dagbag.py:588} INFO - Filling up the DagBag from /Users/dimitarjanevski/fake-news-finder/venv/lib/python3.9/site-packages/airflow/example_dags/example_params_trigger_ui.py
[2024-12-10T22:21:00.867-0700] {processor.py:925} INFO - DAG(s) 'example_params_trigger_ui' retrieved from /Users/dimitarjanevski/fake-news-finder/venv/lib/python3.9/site-packages/airflow/example_dags/example_params_trigger_ui.py
[2024-12-10T22:21:00.922-0700] {logging_mixin.py:190} INFO - [2024-12-10T22:21:00.922-0700] {dag.py:3239} INFO - Sync 1 DAGs
[2024-12-10T22:21:00.927-0700] {logging_mixin.py:190} INFO - [2024-12-10T22:21:00.927-0700] {dag.py:4180} INFO - Setting next_dagrun for example_params_trigger_ui to None, run_after=None
[2024-12-10T22:21:00.934-0700] {processor.py:208} INFO - Processing /Users/dimitarjanevski/fake-news-finder/venv/lib/python3.9/site-packages/airflow/example_dags/example_params_trigger_ui.py took 0.109 seconds
