[2024-12-10T22:11:09.645-0700] {processor.py:186} INFO - Started process (PID=99354) to work on /Users/dimitarjanevski/fake-news-finder/venv/lib/python3.9/site-packages/airflow/example_dags/example_latest_only_with_trigger.py
[2024-12-10T22:11:09.646-0700] {processor.py:914} INFO - Processing file /Users/dimitarjanevski/fake-news-finder/venv/lib/python3.9/site-packages/airflow/example_dags/example_latest_only_with_trigger.py for tasks to queue
[2024-12-10T22:11:09.646-0700] {logging_mixin.py:190} INFO - [2024-12-10T22:11:09.646-0700] {dagbag.py:588} INFO - Filling up the DagBag from /Users/dimitarjanevski/fake-news-finder/venv/lib/python3.9/site-packages/airflow/example_dags/example_latest_only_with_trigger.py
[2024-12-10T22:11:09.650-0700] {processor.py:925} INFO - DAG(s) 'latest_only_with_trigger' retrieved from /Users/dimitarjanevski/fake-news-finder/venv/lib/python3.9/site-packages/airflow/example_dags/example_latest_only_with_trigger.py
[2024-12-10T22:11:09.750-0700] {logging_mixin.py:190} INFO - [2024-12-10T22:11:09.749-0700] {override.py:1911} INFO - Created Permission View: can delete on DAG:latest_only_with_trigger
[2024-12-10T22:11:09.753-0700] {logging_mixin.py:190} INFO - [2024-12-10T22:11:09.753-0700] {override.py:1911} INFO - Created Permission View: can read on DAG:latest_only_with_trigger
[2024-12-10T22:11:09.755-0700] {logging_mixin.py:190} INFO - [2024-12-10T22:11:09.755-0700] {override.py:1911} INFO - Created Permission View: can edit on DAG:latest_only_with_trigger
[2024-12-10T22:11:09.758-0700] {logging_mixin.py:190} INFO - [2024-12-10T22:11:09.758-0700] {override.py:1911} INFO - Created Permission View: menu access on DAG Run:latest_only_with_trigger
[2024-12-10T22:11:09.760-0700] {logging_mixin.py:190} INFO - [2024-12-10T22:11:09.760-0700] {override.py:1911} INFO - Created Permission View: can create on DAG Run:latest_only_with_trigger
[2024-12-10T22:11:09.762-0700] {logging_mixin.py:190} INFO - [2024-12-10T22:11:09.762-0700] {override.py:1911} INFO - Created Permission View: can delete on DAG Run:latest_only_with_trigger
[2024-12-10T22:11:09.764-0700] {logging_mixin.py:190} INFO - [2024-12-10T22:11:09.764-0700] {override.py:1911} INFO - Created Permission View: can read on DAG Run:latest_only_with_trigger
[2024-12-10T22:11:09.765-0700] {logging_mixin.py:190} INFO - [2024-12-10T22:11:09.764-0700] {dag.py:3239} INFO - Sync 1 DAGs
[2024-12-10T22:11:09.770-0700] {logging_mixin.py:190} INFO - [2024-12-10T22:11:09.769-0700] {dag.py:3262} INFO - Creating ORM DAG for latest_only_with_trigger
[2024-12-10T22:11:09.773-0700] {logging_mixin.py:190} INFO - [2024-12-10T22:11:09.773-0700] {dag.py:4180} INFO - Setting next_dagrun for latest_only_with_trigger to 2024-12-11 00:00:00+00:00, run_after=2024-12-11 04:00:00+00:00
[2024-12-10T22:11:09.779-0700] {processor.py:208} INFO - Processing /Users/dimitarjanevski/fake-news-finder/venv/lib/python3.9/site-packages/airflow/example_dags/example_latest_only_with_trigger.py took 0.135 seconds
[2024-12-10T22:12:52.792-0700] {processor.py:186} INFO - Started process (PID=99915) to work on /Users/dimitarjanevski/fake-news-finder/venv/lib/python3.9/site-packages/airflow/example_dags/example_latest_only_with_trigger.py
[2024-12-10T22:12:52.793-0700] {processor.py:914} INFO - Processing file /Users/dimitarjanevski/fake-news-finder/venv/lib/python3.9/site-packages/airflow/example_dags/example_latest_only_with_trigger.py for tasks to queue
[2024-12-10T22:12:52.793-0700] {logging_mixin.py:190} INFO - [2024-12-10T22:12:52.793-0700] {dagbag.py:588} INFO - Filling up the DagBag from /Users/dimitarjanevski/fake-news-finder/venv/lib/python3.9/site-packages/airflow/example_dags/example_latest_only_with_trigger.py
[2024-12-10T22:12:52.798-0700] {processor.py:925} INFO - DAG(s) 'latest_only_with_trigger' retrieved from /Users/dimitarjanevski/fake-news-finder/venv/lib/python3.9/site-packages/airflow/example_dags/example_latest_only_with_trigger.py
[2024-12-10T22:12:52.869-0700] {logging_mixin.py:190} INFO - [2024-12-10T22:12:52.869-0700] {dag.py:3239} INFO - Sync 1 DAGs
[2024-12-10T22:12:52.879-0700] {logging_mixin.py:190} INFO - [2024-12-10T22:12:52.879-0700] {dag.py:4180} INFO - Setting next_dagrun for latest_only_with_trigger to 2024-12-11 00:00:00+00:00, run_after=2024-12-11 04:00:00+00:00
[2024-12-10T22:12:52.888-0700] {processor.py:208} INFO - Processing /Users/dimitarjanevski/fake-news-finder/venv/lib/python3.9/site-packages/airflow/example_dags/example_latest_only_with_trigger.py took 0.098 seconds
[2024-12-10T22:17:27.336-0700] {processor.py:186} INFO - Started process (PID=3210) to work on /Users/dimitarjanevski/fake-news-finder/venv/lib/python3.9/site-packages/airflow/example_dags/example_latest_only_with_trigger.py
[2024-12-10T22:17:27.337-0700] {processor.py:914} INFO - Processing file /Users/dimitarjanevski/fake-news-finder/venv/lib/python3.9/site-packages/airflow/example_dags/example_latest_only_with_trigger.py for tasks to queue
[2024-12-10T22:17:27.337-0700] {logging_mixin.py:190} INFO - [2024-12-10T22:17:27.337-0700] {dagbag.py:588} INFO - Filling up the DagBag from /Users/dimitarjanevski/fake-news-finder/venv/lib/python3.9/site-packages/airflow/example_dags/example_latest_only_with_trigger.py
[2024-12-10T22:17:27.341-0700] {processor.py:925} INFO - DAG(s) 'latest_only_with_trigger' retrieved from /Users/dimitarjanevski/fake-news-finder/venv/lib/python3.9/site-packages/airflow/example_dags/example_latest_only_with_trigger.py
[2024-12-10T22:17:27.409-0700] {logging_mixin.py:190} INFO - [2024-12-10T22:17:27.409-0700] {dag.py:3239} INFO - Sync 1 DAGs
[2024-12-10T22:17:27.420-0700] {logging_mixin.py:190} INFO - [2024-12-10T22:17:27.420-0700] {dag.py:4180} INFO - Setting next_dagrun for latest_only_with_trigger to 2024-12-11 00:00:00+00:00, run_after=2024-12-11 04:00:00+00:00
[2024-12-10T22:17:27.427-0700] {processor.py:208} INFO - Processing /Users/dimitarjanevski/fake-news-finder/venv/lib/python3.9/site-packages/airflow/example_dags/example_latest_only_with_trigger.py took 0.092 seconds
[2024-12-10T22:19:22.924-0700] {processor.py:186} INFO - Started process (PID=4824) to work on /Users/dimitarjanevski/fake-news-finder/venv/lib/python3.9/site-packages/airflow/example_dags/example_latest_only_with_trigger.py
[2024-12-10T22:19:22.925-0700] {processor.py:914} INFO - Processing file /Users/dimitarjanevski/fake-news-finder/venv/lib/python3.9/site-packages/airflow/example_dags/example_latest_only_with_trigger.py for tasks to queue
[2024-12-10T22:19:22.925-0700] {logging_mixin.py:190} INFO - [2024-12-10T22:19:22.925-0700] {dagbag.py:588} INFO - Filling up the DagBag from /Users/dimitarjanevski/fake-news-finder/venv/lib/python3.9/site-packages/airflow/example_dags/example_latest_only_with_trigger.py
[2024-12-10T22:19:22.929-0700] {processor.py:925} INFO - DAG(s) 'latest_only_with_trigger' retrieved from /Users/dimitarjanevski/fake-news-finder/venv/lib/python3.9/site-packages/airflow/example_dags/example_latest_only_with_trigger.py
[2024-12-10T22:19:23.002-0700] {logging_mixin.py:190} INFO - [2024-12-10T22:19:23.002-0700] {dag.py:3239} INFO - Sync 1 DAGs
[2024-12-10T22:19:23.010-0700] {logging_mixin.py:190} INFO - [2024-12-10T22:19:23.010-0700] {dag.py:4180} INFO - Setting next_dagrun for latest_only_with_trigger to 2024-12-11 00:00:00+00:00, run_after=2024-12-11 04:00:00+00:00
[2024-12-10T22:19:23.017-0700] {processor.py:208} INFO - Processing /Users/dimitarjanevski/fake-news-finder/venv/lib/python3.9/site-packages/airflow/example_dags/example_latest_only_with_trigger.py took 0.095 seconds
[2024-12-10T22:21:07.943-0700] {processor.py:186} INFO - Started process (PID=5488) to work on /Users/dimitarjanevski/fake-news-finder/venv/lib/python3.9/site-packages/airflow/example_dags/example_latest_only_with_trigger.py
[2024-12-10T22:21:07.944-0700] {processor.py:914} INFO - Processing file /Users/dimitarjanevski/fake-news-finder/venv/lib/python3.9/site-packages/airflow/example_dags/example_latest_only_with_trigger.py for tasks to queue
[2024-12-10T22:21:07.944-0700] {logging_mixin.py:190} INFO - [2024-12-10T22:21:07.944-0700] {dagbag.py:588} INFO - Filling up the DagBag from /Users/dimitarjanevski/fake-news-finder/venv/lib/python3.9/site-packages/airflow/example_dags/example_latest_only_with_trigger.py
[2024-12-10T22:21:07.948-0700] {processor.py:925} INFO - DAG(s) 'latest_only_with_trigger' retrieved from /Users/dimitarjanevski/fake-news-finder/venv/lib/python3.9/site-packages/airflow/example_dags/example_latest_only_with_trigger.py
[2024-12-10T22:21:08.019-0700] {logging_mixin.py:190} INFO - [2024-12-10T22:21:08.018-0700] {dag.py:3239} INFO - Sync 1 DAGs
[2024-12-10T22:21:08.028-0700] {logging_mixin.py:190} INFO - [2024-12-10T22:21:08.028-0700] {dag.py:4180} INFO - Setting next_dagrun for latest_only_with_trigger to 2024-12-11 00:00:00+00:00, run_after=2024-12-11 04:00:00+00:00
[2024-12-10T22:21:08.037-0700] {processor.py:208} INFO - Processing /Users/dimitarjanevski/fake-news-finder/venv/lib/python3.9/site-packages/airflow/example_dags/example_latest_only_with_trigger.py took 0.095 seconds
