[2024-12-10T22:11:41.753-0700] {processor.py:186} INFO - Started process (PID=99557) to work on /Users/dimitarjanevski/fake-news-finder/venv/lib/python3.9/site-packages/airflow/example_dags/example_branch_day_of_week_operator.py
[2024-12-10T22:11:41.753-0700] {processor.py:914} INFO - Processing file /Users/dimitarjanevski/fake-news-finder/venv/lib/python3.9/site-packages/airflow/example_dags/example_branch_day_of_week_operator.py for tasks to queue
[2024-12-10T22:11:41.754-0700] {logging_mixin.py:190} INFO - [2024-12-10T22:11:41.754-0700] {dagbag.py:588} INFO - Filling up the DagBag from /Users/dimitarjanevski/fake-news-finder/venv/lib/python3.9/site-packages/airflow/example_dags/example_branch_day_of_week_operator.py
[2024-12-10T22:11:41.758-0700] {processor.py:925} INFO - DAG(s) 'example_weekday_branch_operator' retrieved from /Users/dimitarjanevski/fake-news-finder/venv/lib/python3.9/site-packages/airflow/example_dags/example_branch_day_of_week_operator.py
[2024-12-10T22:11:41.865-0700] {logging_mixin.py:190} INFO - [2024-12-10T22:11:41.864-0700] {override.py:1911} INFO - Created Permission View: can delete on DAG:example_weekday_branch_operator
[2024-12-10T22:11:41.868-0700] {logging_mixin.py:190} INFO - [2024-12-10T22:11:41.868-0700] {override.py:1911} INFO - Created Permission View: can edit on DAG:example_weekday_branch_operator
[2024-12-10T22:11:41.871-0700] {logging_mixin.py:190} INFO - [2024-12-10T22:11:41.870-0700] {override.py:1911} INFO - Created Permission View: can read on DAG:example_weekday_branch_operator
[2024-12-10T22:11:41.875-0700] {logging_mixin.py:190} INFO - [2024-12-10T22:11:41.875-0700] {override.py:1911} INFO - Created Permission View: can create on DAG Run:example_weekday_branch_operator
[2024-12-10T22:11:41.878-0700] {logging_mixin.py:190} INFO - [2024-12-10T22:11:41.878-0700] {override.py:1911} INFO - Created Permission View: menu access on DAG Run:example_weekday_branch_operator
[2024-12-10T22:11:41.883-0700] {logging_mixin.py:190} INFO - [2024-12-10T22:11:41.883-0700] {override.py:1911} INFO - Created Permission View: can delete on DAG Run:example_weekday_branch_operator
[2024-12-10T22:11:41.886-0700] {logging_mixin.py:190} INFO - [2024-12-10T22:11:41.886-0700] {override.py:1911} INFO - Created Permission View: can read on DAG Run:example_weekday_branch_operator
[2024-12-10T22:11:41.886-0700] {logging_mixin.py:190} INFO - [2024-12-10T22:11:41.886-0700] {dag.py:3239} INFO - Sync 1 DAGs
[2024-12-10T22:11:41.892-0700] {logging_mixin.py:190} INFO - [2024-12-10T22:11:41.892-0700] {dag.py:3262} INFO - Creating ORM DAG for example_weekday_branch_operator
[2024-12-10T22:11:41.895-0700] {logging_mixin.py:190} INFO - [2024-12-10T22:11:41.895-0700] {dag.py:4180} INFO - Setting next_dagrun for example_weekday_branch_operator to 2024-12-10 00:00:00+00:00, run_after=2024-12-11 00:00:00+00:00
[2024-12-10T22:11:41.905-0700] {processor.py:208} INFO - Processing /Users/dimitarjanevski/fake-news-finder/venv/lib/python3.9/site-packages/airflow/example_dags/example_branch_day_of_week_operator.py took 0.154 seconds
[2024-12-10T22:17:58.364-0700] {processor.py:186} INFO - Started process (PID=3943) to work on /Users/dimitarjanevski/fake-news-finder/venv/lib/python3.9/site-packages/airflow/example_dags/example_branch_day_of_week_operator.py
[2024-12-10T22:17:58.365-0700] {processor.py:914} INFO - Processing file /Users/dimitarjanevski/fake-news-finder/venv/lib/python3.9/site-packages/airflow/example_dags/example_branch_day_of_week_operator.py for tasks to queue
[2024-12-10T22:17:58.366-0700] {logging_mixin.py:190} INFO - [2024-12-10T22:17:58.366-0700] {dagbag.py:588} INFO - Filling up the DagBag from /Users/dimitarjanevski/fake-news-finder/venv/lib/python3.9/site-packages/airflow/example_dags/example_branch_day_of_week_operator.py
[2024-12-10T22:17:58.370-0700] {processor.py:925} INFO - DAG(s) 'example_weekday_branch_operator' retrieved from /Users/dimitarjanevski/fake-news-finder/venv/lib/python3.9/site-packages/airflow/example_dags/example_branch_day_of_week_operator.py
[2024-12-10T22:17:58.439-0700] {logging_mixin.py:190} INFO - [2024-12-10T22:17:58.439-0700] {dag.py:3239} INFO - Sync 1 DAGs
[2024-12-10T22:17:58.446-0700] {logging_mixin.py:190} INFO - [2024-12-10T22:17:58.446-0700] {dag.py:4180} INFO - Setting next_dagrun for example_weekday_branch_operator to 2024-12-10 00:00:00+00:00, run_after=2024-12-11 00:00:00+00:00
[2024-12-10T22:17:58.454-0700] {processor.py:208} INFO - Processing /Users/dimitarjanevski/fake-news-finder/venv/lib/python3.9/site-packages/airflow/example_dags/example_branch_day_of_week_operator.py took 0.091 seconds
[2024-12-10T22:19:53.566-0700] {processor.py:186} INFO - Started process (PID=5029) to work on /Users/dimitarjanevski/fake-news-finder/venv/lib/python3.9/site-packages/airflow/example_dags/example_branch_day_of_week_operator.py
[2024-12-10T22:19:53.568-0700] {processor.py:914} INFO - Processing file /Users/dimitarjanevski/fake-news-finder/venv/lib/python3.9/site-packages/airflow/example_dags/example_branch_day_of_week_operator.py for tasks to queue
[2024-12-10T22:19:53.568-0700] {logging_mixin.py:190} INFO - [2024-12-10T22:19:53.568-0700] {dagbag.py:588} INFO - Filling up the DagBag from /Users/dimitarjanevski/fake-news-finder/venv/lib/python3.9/site-packages/airflow/example_dags/example_branch_day_of_week_operator.py
[2024-12-10T22:19:53.573-0700] {processor.py:925} INFO - DAG(s) 'example_weekday_branch_operator' retrieved from /Users/dimitarjanevski/fake-news-finder/venv/lib/python3.9/site-packages/airflow/example_dags/example_branch_day_of_week_operator.py
[2024-12-10T22:19:53.643-0700] {logging_mixin.py:190} INFO - [2024-12-10T22:19:53.642-0700] {dag.py:3239} INFO - Sync 1 DAGs
[2024-12-10T22:19:53.650-0700] {logging_mixin.py:190} INFO - [2024-12-10T22:19:53.650-0700] {dag.py:4180} INFO - Setting next_dagrun for example_weekday_branch_operator to 2024-12-10 00:00:00+00:00, run_after=2024-12-11 00:00:00+00:00
[2024-12-10T22:19:53.658-0700] {processor.py:208} INFO - Processing /Users/dimitarjanevski/fake-news-finder/venv/lib/python3.9/site-packages/airflow/example_dags/example_branch_day_of_week_operator.py took 0.094 seconds
