[2024-12-10T22:10:30.547-0700] {processor.py:186} INFO - Started process (PID=99139) to work on /Users/dimitarjanevski/fake-news-finder/venv/lib/python3.9/site-packages/airflow/example_dags/example_trigger_target_dag.py
[2024-12-10T22:10:30.548-0700] {processor.py:914} INFO - Processing file /Users/dimitarjanevski/fake-news-finder/venv/lib/python3.9/site-packages/airflow/example_dags/example_trigger_target_dag.py for tasks to queue
[2024-12-10T22:10:30.548-0700] {logging_mixin.py:190} INFO - [2024-12-10T22:10:30.548-0700] {dagbag.py:588} INFO - Filling up the DagBag from /Users/dimitarjanevski/fake-news-finder/venv/lib/python3.9/site-packages/airflow/example_dags/example_trigger_target_dag.py
[2024-12-10T22:10:30.590-0700] {processor.py:925} INFO - DAG(s) 'example_trigger_target_dag' retrieved from /Users/dimitarjanevski/fake-news-finder/venv/lib/python3.9/site-packages/airflow/example_dags/example_trigger_target_dag.py
[2024-12-10T22:10:30.672-0700] {logging_mixin.py:190} INFO - [2024-12-10T22:10:30.672-0700] {override.py:1911} INFO - Created Permission View: can edit on DAG:example_trigger_target_dag
[2024-12-10T22:10:30.676-0700] {logging_mixin.py:190} INFO - [2024-12-10T22:10:30.676-0700] {override.py:1911} INFO - Created Permission View: can delete on DAG:example_trigger_target_dag
[2024-12-10T22:10:30.678-0700] {logging_mixin.py:190} INFO - [2024-12-10T22:10:30.678-0700] {override.py:1911} INFO - Created Permission View: can read on DAG:example_trigger_target_dag
[2024-12-10T22:10:30.681-0700] {logging_mixin.py:190} INFO - [2024-12-10T22:10:30.681-0700] {override.py:1911} INFO - Created Permission View: can create on DAG Run:example_trigger_target_dag
[2024-12-10T22:10:30.683-0700] {logging_mixin.py:190} INFO - [2024-12-10T22:10:30.683-0700] {override.py:1911} INFO - Created Permission View: can delete on DAG Run:example_trigger_target_dag
[2024-12-10T22:10:30.685-0700] {logging_mixin.py:190} INFO - [2024-12-10T22:10:30.685-0700] {override.py:1911} INFO - Created Permission View: menu access on DAG Run:example_trigger_target_dag
[2024-12-10T22:10:30.688-0700] {logging_mixin.py:190} INFO - [2024-12-10T22:10:30.688-0700] {override.py:1911} INFO - Created Permission View: can read on DAG Run:example_trigger_target_dag
[2024-12-10T22:10:30.689-0700] {logging_mixin.py:190} INFO - [2024-12-10T22:10:30.689-0700] {dag.py:3239} INFO - Sync 1 DAGs
[2024-12-10T22:10:30.694-0700] {logging_mixin.py:190} INFO - [2024-12-10T22:10:30.694-0700] {dag.py:3262} INFO - Creating ORM DAG for example_trigger_target_dag
[2024-12-10T22:10:30.694-0700] {logging_mixin.py:190} INFO - [2024-12-10T22:10:30.694-0700] {dag.py:4180} INFO - Setting next_dagrun for example_trigger_target_dag to None, run_after=None
[2024-12-10T22:10:30.704-0700] {processor.py:208} INFO - Processing /Users/dimitarjanevski/fake-news-finder/venv/lib/python3.9/site-packages/airflow/example_dags/example_trigger_target_dag.py took 0.159 seconds
[2024-12-10T22:12:12.597-0700] {processor.py:186} INFO - Started process (PID=99714) to work on /Users/dimitarjanevski/fake-news-finder/venv/lib/python3.9/site-packages/airflow/example_dags/example_trigger_target_dag.py
[2024-12-10T22:12:12.599-0700] {processor.py:914} INFO - Processing file /Users/dimitarjanevski/fake-news-finder/venv/lib/python3.9/site-packages/airflow/example_dags/example_trigger_target_dag.py for tasks to queue
[2024-12-10T22:12:12.599-0700] {logging_mixin.py:190} INFO - [2024-12-10T22:12:12.599-0700] {dagbag.py:588} INFO - Filling up the DagBag from /Users/dimitarjanevski/fake-news-finder/venv/lib/python3.9/site-packages/airflow/example_dags/example_trigger_target_dag.py
[2024-12-10T22:12:12.637-0700] {processor.py:925} INFO - DAG(s) 'example_trigger_target_dag' retrieved from /Users/dimitarjanevski/fake-news-finder/venv/lib/python3.9/site-packages/airflow/example_dags/example_trigger_target_dag.py
[2024-12-10T22:12:12.679-0700] {logging_mixin.py:190} INFO - [2024-12-10T22:12:12.679-0700] {dag.py:3239} INFO - Sync 1 DAGs
[2024-12-10T22:12:12.683-0700] {logging_mixin.py:190} INFO - [2024-12-10T22:12:12.683-0700] {dag.py:4180} INFO - Setting next_dagrun for example_trigger_target_dag to None, run_after=None
[2024-12-10T22:12:12.691-0700] {processor.py:208} INFO - Processing /Users/dimitarjanevski/fake-news-finder/venv/lib/python3.9/site-packages/airflow/example_dags/example_trigger_target_dag.py took 0.095 seconds
[2024-12-10T22:14:32.230-0700] {processor.py:186} INFO - Started process (PID=840) to work on /Users/dimitarjanevski/fake-news-finder/venv/lib/python3.9/site-packages/airflow/example_dags/example_trigger_target_dag.py
[2024-12-10T22:14:32.231-0700] {processor.py:914} INFO - Processing file /Users/dimitarjanevski/fake-news-finder/venv/lib/python3.9/site-packages/airflow/example_dags/example_trigger_target_dag.py for tasks to queue
[2024-12-10T22:14:32.231-0700] {logging_mixin.py:190} INFO - [2024-12-10T22:14:32.231-0700] {dagbag.py:588} INFO - Filling up the DagBag from /Users/dimitarjanevski/fake-news-finder/venv/lib/python3.9/site-packages/airflow/example_dags/example_trigger_target_dag.py
[2024-12-10T22:14:32.275-0700] {processor.py:925} INFO - DAG(s) 'example_trigger_target_dag' retrieved from /Users/dimitarjanevski/fake-news-finder/venv/lib/python3.9/site-packages/airflow/example_dags/example_trigger_target_dag.py
[2024-12-10T22:14:32.331-0700] {logging_mixin.py:190} INFO - [2024-12-10T22:14:32.331-0700] {dag.py:3239} INFO - Sync 1 DAGs
[2024-12-10T22:14:32.339-0700] {logging_mixin.py:190} INFO - [2024-12-10T22:14:32.338-0700] {dag.py:4180} INFO - Setting next_dagrun for example_trigger_target_dag to None, run_after=None
[2024-12-10T22:14:32.349-0700] {processor.py:208} INFO - Processing /Users/dimitarjanevski/fake-news-finder/venv/lib/python3.9/site-packages/airflow/example_dags/example_trigger_target_dag.py took 0.121 seconds
[2024-12-10T22:16:49.388-0700] {processor.py:186} INFO - Started process (PID=2818) to work on /Users/dimitarjanevski/fake-news-finder/venv/lib/python3.9/site-packages/airflow/example_dags/example_trigger_target_dag.py
[2024-12-10T22:16:49.390-0700] {processor.py:914} INFO - Processing file /Users/dimitarjanevski/fake-news-finder/venv/lib/python3.9/site-packages/airflow/example_dags/example_trigger_target_dag.py for tasks to queue
[2024-12-10T22:16:49.390-0700] {logging_mixin.py:190} INFO - [2024-12-10T22:16:49.390-0700] {dagbag.py:588} INFO - Filling up the DagBag from /Users/dimitarjanevski/fake-news-finder/venv/lib/python3.9/site-packages/airflow/example_dags/example_trigger_target_dag.py
[2024-12-10T22:16:49.428-0700] {processor.py:925} INFO - DAG(s) 'example_trigger_target_dag' retrieved from /Users/dimitarjanevski/fake-news-finder/venv/lib/python3.9/site-packages/airflow/example_dags/example_trigger_target_dag.py
[2024-12-10T22:16:49.469-0700] {logging_mixin.py:190} INFO - [2024-12-10T22:16:49.468-0700] {dag.py:3239} INFO - Sync 1 DAGs
[2024-12-10T22:16:49.473-0700] {logging_mixin.py:190} INFO - [2024-12-10T22:16:49.473-0700] {dag.py:4180} INFO - Setting next_dagrun for example_trigger_target_dag to None, run_after=None
[2024-12-10T22:16:49.480-0700] {processor.py:208} INFO - Processing /Users/dimitarjanevski/fake-news-finder/venv/lib/python3.9/site-packages/airflow/example_dags/example_trigger_target_dag.py took 0.093 seconds
[2024-12-10T22:18:46.496-0700] {processor.py:186} INFO - Started process (PID=4586) to work on /Users/dimitarjanevski/fake-news-finder/venv/lib/python3.9/site-packages/airflow/example_dags/example_trigger_target_dag.py
[2024-12-10T22:18:46.497-0700] {processor.py:914} INFO - Processing file /Users/dimitarjanevski/fake-news-finder/venv/lib/python3.9/site-packages/airflow/example_dags/example_trigger_target_dag.py for tasks to queue
[2024-12-10T22:18:46.498-0700] {logging_mixin.py:190} INFO - [2024-12-10T22:18:46.497-0700] {dagbag.py:588} INFO - Filling up the DagBag from /Users/dimitarjanevski/fake-news-finder/venv/lib/python3.9/site-packages/airflow/example_dags/example_trigger_target_dag.py
[2024-12-10T22:18:46.542-0700] {processor.py:925} INFO - DAG(s) 'example_trigger_target_dag' retrieved from /Users/dimitarjanevski/fake-news-finder/venv/lib/python3.9/site-packages/airflow/example_dags/example_trigger_target_dag.py
[2024-12-10T22:18:46.586-0700] {logging_mixin.py:190} INFO - [2024-12-10T22:18:46.586-0700] {dag.py:3239} INFO - Sync 1 DAGs
[2024-12-10T22:18:46.591-0700] {logging_mixin.py:190} INFO - [2024-12-10T22:18:46.591-0700] {dag.py:4180} INFO - Setting next_dagrun for example_trigger_target_dag to None, run_after=None
[2024-12-10T22:18:46.598-0700] {processor.py:208} INFO - Processing /Users/dimitarjanevski/fake-news-finder/venv/lib/python3.9/site-packages/airflow/example_dags/example_trigger_target_dag.py took 0.103 seconds
[2024-12-10T22:20:29.266-0700] {processor.py:186} INFO - Started process (PID=5256) to work on /Users/dimitarjanevski/fake-news-finder/venv/lib/python3.9/site-packages/airflow/example_dags/example_trigger_target_dag.py
[2024-12-10T22:20:29.267-0700] {processor.py:914} INFO - Processing file /Users/dimitarjanevski/fake-news-finder/venv/lib/python3.9/site-packages/airflow/example_dags/example_trigger_target_dag.py for tasks to queue
[2024-12-10T22:20:29.267-0700] {logging_mixin.py:190} INFO - [2024-12-10T22:20:29.267-0700] {dagbag.py:588} INFO - Filling up the DagBag from /Users/dimitarjanevski/fake-news-finder/venv/lib/python3.9/site-packages/airflow/example_dags/example_trigger_target_dag.py
[2024-12-10T22:20:29.307-0700] {processor.py:925} INFO - DAG(s) 'example_trigger_target_dag' retrieved from /Users/dimitarjanevski/fake-news-finder/venv/lib/python3.9/site-packages/airflow/example_dags/example_trigger_target_dag.py
[2024-12-10T22:20:29.352-0700] {logging_mixin.py:190} INFO - [2024-12-10T22:20:29.351-0700] {dag.py:3239} INFO - Sync 1 DAGs
[2024-12-10T22:20:29.356-0700] {logging_mixin.py:190} INFO - [2024-12-10T22:20:29.356-0700] {dag.py:4180} INFO - Setting next_dagrun for example_trigger_target_dag to None, run_after=None
[2024-12-10T22:20:29.365-0700] {processor.py:208} INFO - Processing /Users/dimitarjanevski/fake-news-finder/venv/lib/python3.9/site-packages/airflow/example_dags/example_trigger_target_dag.py took 0.100 seconds
[2024-12-10T22:21:46.853-0700] {processor.py:186} INFO - Started process (PID=5712) to work on /Users/dimitarjanevski/fake-news-finder/venv/lib/python3.9/site-packages/airflow/example_dags/example_trigger_target_dag.py
[2024-12-10T22:21:46.854-0700] {processor.py:914} INFO - Processing file /Users/dimitarjanevski/fake-news-finder/venv/lib/python3.9/site-packages/airflow/example_dags/example_trigger_target_dag.py for tasks to queue
[2024-12-10T22:21:46.856-0700] {logging_mixin.py:190} INFO - [2024-12-10T22:21:46.855-0700] {dagbag.py:588} INFO - Filling up the DagBag from /Users/dimitarjanevski/fake-news-finder/venv/lib/python3.9/site-packages/airflow/example_dags/example_trigger_target_dag.py
[2024-12-10T22:21:46.990-0700] {processor.py:925} INFO - DAG(s) 'example_trigger_target_dag' retrieved from /Users/dimitarjanevski/fake-news-finder/venv/lib/python3.9/site-packages/airflow/example_dags/example_trigger_target_dag.py
[2024-12-10T22:21:47.034-0700] {logging_mixin.py:190} INFO - [2024-12-10T22:21:47.034-0700] {dag.py:3239} INFO - Sync 1 DAGs
[2024-12-10T22:21:47.038-0700] {logging_mixin.py:190} INFO - [2024-12-10T22:21:47.038-0700] {dag.py:4180} INFO - Setting next_dagrun for example_trigger_target_dag to None, run_after=None
[2024-12-10T22:21:47.048-0700] {processor.py:208} INFO - Processing /Users/dimitarjanevski/fake-news-finder/venv/lib/python3.9/site-packages/airflow/example_dags/example_trigger_target_dag.py took 0.197 seconds
