[2024-12-10T22:11:04.433-0700] {processor.py:186} INFO - Started process (PID=99332) to work on /Users/dimitarjanevski/fake-news-finder/venv/lib/python3.9/site-packages/airflow/example_dags/example_outlet_event_extra.py
[2024-12-10T22:11:04.434-0700] {processor.py:914} INFO - Processing file /Users/dimitarjanevski/fake-news-finder/venv/lib/python3.9/site-packages/airflow/example_dags/example_outlet_event_extra.py for tasks to queue
[2024-12-10T22:11:04.434-0700] {logging_mixin.py:190} INFO - [2024-12-10T22:11:04.434-0700] {dagbag.py:588} INFO - Filling up the DagBag from /Users/dimitarjanevski/fake-news-finder/venv/lib/python3.9/site-packages/airflow/example_dags/example_outlet_event_extra.py
[2024-12-10T22:11:04.505-0700] {processor.py:925} INFO - DAG(s) 'dataset_with_extra_from_classic_operator', 'dataset_with_extra_by_context', 'dataset_with_extra_by_yield' retrieved from /Users/dimitarjanevski/fake-news-finder/venv/lib/python3.9/site-packages/airflow/example_dags/example_outlet_event_extra.py
[2024-12-10T22:11:04.583-0700] {logging_mixin.py:190} INFO - [2024-12-10T22:11:04.583-0700] {override.py:1911} INFO - Created Permission View: can delete on DAG:dataset_with_extra_from_classic_operator
[2024-12-10T22:11:04.587-0700] {logging_mixin.py:190} INFO - [2024-12-10T22:11:04.587-0700] {override.py:1911} INFO - Created Permission View: can read on DAG:dataset_with_extra_from_classic_operator
[2024-12-10T22:11:04.589-0700] {logging_mixin.py:190} INFO - [2024-12-10T22:11:04.589-0700] {override.py:1911} INFO - Created Permission View: can edit on DAG:dataset_with_extra_from_classic_operator
[2024-12-10T22:11:04.592-0700] {logging_mixin.py:190} INFO - [2024-12-10T22:11:04.592-0700] {override.py:1911} INFO - Created Permission View: can create on DAG Run:dataset_with_extra_from_classic_operator
[2024-12-10T22:11:04.595-0700] {logging_mixin.py:190} INFO - [2024-12-10T22:11:04.595-0700] {override.py:1911} INFO - Created Permission View: menu access on DAG Run:dataset_with_extra_from_classic_operator
[2024-12-10T22:11:04.597-0700] {logging_mixin.py:190} INFO - [2024-12-10T22:11:04.597-0700] {override.py:1911} INFO - Created Permission View: can delete on DAG Run:dataset_with_extra_from_classic_operator
[2024-12-10T22:11:04.599-0700] {logging_mixin.py:190} INFO - [2024-12-10T22:11:04.599-0700] {override.py:1911} INFO - Created Permission View: can read on DAG Run:dataset_with_extra_from_classic_operator
[2024-12-10T22:11:04.604-0700] {logging_mixin.py:190} INFO - [2024-12-10T22:11:04.604-0700] {override.py:1911} INFO - Created Permission View: can delete on DAG:dataset_with_extra_by_context
[2024-12-10T22:11:04.607-0700] {logging_mixin.py:190} INFO - [2024-12-10T22:11:04.606-0700] {override.py:1911} INFO - Created Permission View: can read on DAG:dataset_with_extra_by_context
[2024-12-10T22:11:04.609-0700] {logging_mixin.py:190} INFO - [2024-12-10T22:11:04.609-0700] {override.py:1911} INFO - Created Permission View: can edit on DAG:dataset_with_extra_by_context
[2024-12-10T22:11:04.612-0700] {logging_mixin.py:190} INFO - [2024-12-10T22:11:04.612-0700] {override.py:1911} INFO - Created Permission View: can create on DAG Run:dataset_with_extra_by_context
[2024-12-10T22:11:04.614-0700] {logging_mixin.py:190} INFO - [2024-12-10T22:11:04.614-0700] {override.py:1911} INFO - Created Permission View: menu access on DAG Run:dataset_with_extra_by_context
[2024-12-10T22:11:04.617-0700] {logging_mixin.py:190} INFO - [2024-12-10T22:11:04.616-0700] {override.py:1911} INFO - Created Permission View: can delete on DAG Run:dataset_with_extra_by_context
[2024-12-10T22:11:04.619-0700] {logging_mixin.py:190} INFO - [2024-12-10T22:11:04.619-0700] {override.py:1911} INFO - Created Permission View: can read on DAG Run:dataset_with_extra_by_context
[2024-12-10T22:11:04.623-0700] {logging_mixin.py:190} INFO - [2024-12-10T22:11:04.623-0700] {override.py:1911} INFO - Created Permission View: can delete on DAG:dataset_with_extra_by_yield
[2024-12-10T22:11:04.626-0700] {logging_mixin.py:190} INFO - [2024-12-10T22:11:04.626-0700] {override.py:1911} INFO - Created Permission View: can read on DAG:dataset_with_extra_by_yield
[2024-12-10T22:11:04.628-0700] {logging_mixin.py:190} INFO - [2024-12-10T22:11:04.628-0700] {override.py:1911} INFO - Created Permission View: can edit on DAG:dataset_with_extra_by_yield
[2024-12-10T22:11:04.631-0700] {logging_mixin.py:190} INFO - [2024-12-10T22:11:04.631-0700] {override.py:1911} INFO - Created Permission View: can create on DAG Run:dataset_with_extra_by_yield
[2024-12-10T22:11:04.633-0700] {logging_mixin.py:190} INFO - [2024-12-10T22:11:04.633-0700] {override.py:1911} INFO - Created Permission View: menu access on DAG Run:dataset_with_extra_by_yield
[2024-12-10T22:11:04.635-0700] {logging_mixin.py:190} INFO - [2024-12-10T22:11:04.635-0700] {override.py:1911} INFO - Created Permission View: can delete on DAG Run:dataset_with_extra_by_yield
[2024-12-10T22:11:04.637-0700] {logging_mixin.py:190} INFO - [2024-12-10T22:11:04.637-0700] {override.py:1911} INFO - Created Permission View: can read on DAG Run:dataset_with_extra_by_yield
[2024-12-10T22:11:04.637-0700] {logging_mixin.py:190} INFO - [2024-12-10T22:11:04.637-0700] {dag.py:3239} INFO - Sync 3 DAGs
[2024-12-10T22:11:04.642-0700] {logging_mixin.py:190} INFO - [2024-12-10T22:11:04.642-0700] {dag.py:3262} INFO - Creating ORM DAG for dataset_with_extra_by_context
[2024-12-10T22:11:04.642-0700] {logging_mixin.py:190} INFO - [2024-12-10T22:11:04.642-0700] {dag.py:3262} INFO - Creating ORM DAG for dataset_with_extra_from_classic_operator
[2024-12-10T22:11:04.643-0700] {logging_mixin.py:190} INFO - [2024-12-10T22:11:04.643-0700] {dag.py:3262} INFO - Creating ORM DAG for dataset_with_extra_by_yield
[2024-12-10T22:11:04.646-0700] {logging_mixin.py:190} INFO - [2024-12-10T22:11:04.646-0700] {dag.py:4180} INFO - Setting next_dagrun for dataset_with_extra_by_context to 2024-12-10 00:00:00+00:00, run_after=2024-12-11 00:00:00+00:00
[2024-12-10T22:11:04.647-0700] {logging_mixin.py:190} INFO - [2024-12-10T22:11:04.647-0700] {dag.py:4180} INFO - Setting next_dagrun for dataset_with_extra_by_yield to 2024-12-10 00:00:00+00:00, run_after=2024-12-11 00:00:00+00:00
[2024-12-10T22:11:04.648-0700] {logging_mixin.py:190} INFO - [2024-12-10T22:11:04.648-0700] {dag.py:4180} INFO - Setting next_dagrun for dataset_with_extra_from_classic_operator to 2024-12-10 00:00:00+00:00, run_after=2024-12-11 00:00:00+00:00
[2024-12-10T22:11:04.658-0700] {logging_mixin.py:190} INFO - [2024-12-10T22:11:04.658-0700] {workday.py:41} WARNING - Could not import pandas. Holidays will not be considered.
[2024-12-10T22:11:04.668-0700] {processor.py:208} INFO - Processing /Users/dimitarjanevski/fake-news-finder/venv/lib/python3.9/site-packages/airflow/example_dags/example_outlet_event_extra.py took 0.236 seconds
[2024-12-10T22:12:47.095-0700] {processor.py:186} INFO - Started process (PID=99885) to work on /Users/dimitarjanevski/fake-news-finder/venv/lib/python3.9/site-packages/airflow/example_dags/example_outlet_event_extra.py
[2024-12-10T22:12:47.096-0700] {processor.py:914} INFO - Processing file /Users/dimitarjanevski/fake-news-finder/venv/lib/python3.9/site-packages/airflow/example_dags/example_outlet_event_extra.py for tasks to queue
[2024-12-10T22:12:47.096-0700] {logging_mixin.py:190} INFO - [2024-12-10T22:12:47.096-0700] {dagbag.py:588} INFO - Filling up the DagBag from /Users/dimitarjanevski/fake-news-finder/venv/lib/python3.9/site-packages/airflow/example_dags/example_outlet_event_extra.py
[2024-12-10T22:12:47.166-0700] {processor.py:925} INFO - DAG(s) 'dataset_with_extra_by_context', 'dataset_with_extra_from_classic_operator', 'dataset_with_extra_by_yield' retrieved from /Users/dimitarjanevski/fake-news-finder/venv/lib/python3.9/site-packages/airflow/example_dags/example_outlet_event_extra.py
[2024-12-10T22:12:47.210-0700] {logging_mixin.py:190} INFO - [2024-12-10T22:12:47.210-0700] {dag.py:3239} INFO - Sync 3 DAGs
[2024-12-10T22:12:47.219-0700] {logging_mixin.py:190} INFO - [2024-12-10T22:12:47.219-0700] {dag.py:4180} INFO - Setting next_dagrun for dataset_with_extra_by_context to 2024-12-10 00:00:00+00:00, run_after=2024-12-11 00:00:00+00:00
[2024-12-10T22:12:47.222-0700] {logging_mixin.py:190} INFO - [2024-12-10T22:12:47.221-0700] {dag.py:4180} INFO - Setting next_dagrun for dataset_with_extra_by_yield to 2024-12-10 00:00:00+00:00, run_after=2024-12-11 00:00:00+00:00
[2024-12-10T22:12:47.222-0700] {logging_mixin.py:190} INFO - [2024-12-10T22:12:47.222-0700] {dag.py:4180} INFO - Setting next_dagrun for dataset_with_extra_from_classic_operator to 2024-12-10 00:00:00+00:00, run_after=2024-12-11 00:00:00+00:00
[2024-12-10T22:12:47.231-0700] {processor.py:208} INFO - Processing /Users/dimitarjanevski/fake-news-finder/venv/lib/python3.9/site-packages/airflow/example_dags/example_outlet_event_extra.py took 0.139 seconds
[2024-12-10T22:15:06.258-0700] {processor.py:186} INFO - Started process (PID=1064) to work on /Users/dimitarjanevski/fake-news-finder/venv/lib/python3.9/site-packages/airflow/example_dags/example_outlet_event_extra.py
[2024-12-10T22:15:06.259-0700] {processor.py:914} INFO - Processing file /Users/dimitarjanevski/fake-news-finder/venv/lib/python3.9/site-packages/airflow/example_dags/example_outlet_event_extra.py for tasks to queue
[2024-12-10T22:15:06.260-0700] {logging_mixin.py:190} INFO - [2024-12-10T22:15:06.260-0700] {dagbag.py:588} INFO - Filling up the DagBag from /Users/dimitarjanevski/fake-news-finder/venv/lib/python3.9/site-packages/airflow/example_dags/example_outlet_event_extra.py
[2024-12-10T22:15:06.334-0700] {processor.py:925} INFO - DAG(s) 'dataset_with_extra_by_context', 'dataset_with_extra_from_classic_operator', 'dataset_with_extra_by_yield' retrieved from /Users/dimitarjanevski/fake-news-finder/venv/lib/python3.9/site-packages/airflow/example_dags/example_outlet_event_extra.py
[2024-12-10T22:15:06.380-0700] {logging_mixin.py:190} INFO - [2024-12-10T22:15:06.380-0700] {dag.py:3239} INFO - Sync 3 DAGs
[2024-12-10T22:15:06.389-0700] {logging_mixin.py:190} INFO - [2024-12-10T22:15:06.389-0700] {dag.py:4180} INFO - Setting next_dagrun for dataset_with_extra_by_context to 2024-12-10 00:00:00+00:00, run_after=2024-12-11 00:00:00+00:00
[2024-12-10T22:15:06.391-0700] {logging_mixin.py:190} INFO - [2024-12-10T22:15:06.391-0700] {dag.py:4180} INFO - Setting next_dagrun for dataset_with_extra_by_yield to 2024-12-10 00:00:00+00:00, run_after=2024-12-11 00:00:00+00:00
[2024-12-10T22:15:06.392-0700] {logging_mixin.py:190} INFO - [2024-12-10T22:15:06.392-0700] {dag.py:4180} INFO - Setting next_dagrun for dataset_with_extra_from_classic_operator to 2024-12-10 00:00:00+00:00, run_after=2024-12-11 00:00:00+00:00
[2024-12-10T22:15:06.399-0700] {processor.py:208} INFO - Processing /Users/dimitarjanevski/fake-news-finder/venv/lib/python3.9/site-packages/airflow/example_dags/example_outlet_event_extra.py took 0.143 seconds
[2024-12-10T22:17:22.347-0700] {processor.py:186} INFO - Started process (PID=3180) to work on /Users/dimitarjanevski/fake-news-finder/venv/lib/python3.9/site-packages/airflow/example_dags/example_outlet_event_extra.py
[2024-12-10T22:17:22.348-0700] {processor.py:914} INFO - Processing file /Users/dimitarjanevski/fake-news-finder/venv/lib/python3.9/site-packages/airflow/example_dags/example_outlet_event_extra.py for tasks to queue
[2024-12-10T22:17:22.349-0700] {logging_mixin.py:190} INFO - [2024-12-10T22:17:22.349-0700] {dagbag.py:588} INFO - Filling up the DagBag from /Users/dimitarjanevski/fake-news-finder/venv/lib/python3.9/site-packages/airflow/example_dags/example_outlet_event_extra.py
[2024-12-10T22:17:22.418-0700] {processor.py:925} INFO - DAG(s) 'dataset_with_extra_by_context', 'dataset_with_extra_from_classic_operator', 'dataset_with_extra_by_yield' retrieved from /Users/dimitarjanevski/fake-news-finder/venv/lib/python3.9/site-packages/airflow/example_dags/example_outlet_event_extra.py
[2024-12-10T22:17:22.461-0700] {logging_mixin.py:190} INFO - [2024-12-10T22:17:22.461-0700] {dag.py:3239} INFO - Sync 3 DAGs
[2024-12-10T22:17:22.469-0700] {logging_mixin.py:190} INFO - [2024-12-10T22:17:22.469-0700] {dag.py:4180} INFO - Setting next_dagrun for dataset_with_extra_by_context to 2024-12-10 00:00:00+00:00, run_after=2024-12-11 00:00:00+00:00
[2024-12-10T22:17:22.471-0700] {logging_mixin.py:190} INFO - [2024-12-10T22:17:22.471-0700] {dag.py:4180} INFO - Setting next_dagrun for dataset_with_extra_by_yield to 2024-12-10 00:00:00+00:00, run_after=2024-12-11 00:00:00+00:00
[2024-12-10T22:17:22.472-0700] {logging_mixin.py:190} INFO - [2024-12-10T22:17:22.472-0700] {dag.py:4180} INFO - Setting next_dagrun for dataset_with_extra_from_classic_operator to 2024-12-10 00:00:00+00:00, run_after=2024-12-11 00:00:00+00:00
[2024-12-10T22:17:22.480-0700] {processor.py:208} INFO - Processing /Users/dimitarjanevski/fake-news-finder/venv/lib/python3.9/site-packages/airflow/example_dags/example_outlet_event_extra.py took 0.134 seconds
[2024-12-10T22:19:18.032-0700] {processor.py:186} INFO - Started process (PID=4791) to work on /Users/dimitarjanevski/fake-news-finder/venv/lib/python3.9/site-packages/airflow/example_dags/example_outlet_event_extra.py
[2024-12-10T22:19:18.034-0700] {processor.py:914} INFO - Processing file /Users/dimitarjanevski/fake-news-finder/venv/lib/python3.9/site-packages/airflow/example_dags/example_outlet_event_extra.py for tasks to queue
[2024-12-10T22:19:18.034-0700] {logging_mixin.py:190} INFO - [2024-12-10T22:19:18.034-0700] {dagbag.py:588} INFO - Filling up the DagBag from /Users/dimitarjanevski/fake-news-finder/venv/lib/python3.9/site-packages/airflow/example_dags/example_outlet_event_extra.py
[2024-12-10T22:19:18.110-0700] {processor.py:925} INFO - DAG(s) 'dataset_with_extra_by_context', 'dataset_with_extra_by_yield', 'dataset_with_extra_from_classic_operator' retrieved from /Users/dimitarjanevski/fake-news-finder/venv/lib/python3.9/site-packages/airflow/example_dags/example_outlet_event_extra.py
[2024-12-10T22:19:18.155-0700] {logging_mixin.py:190} INFO - [2024-12-10T22:19:18.155-0700] {dag.py:3239} INFO - Sync 3 DAGs
[2024-12-10T22:19:18.163-0700] {logging_mixin.py:190} INFO - [2024-12-10T22:19:18.163-0700] {dag.py:4180} INFO - Setting next_dagrun for dataset_with_extra_by_context to 2024-12-10 00:00:00+00:00, run_after=2024-12-11 00:00:00+00:00
[2024-12-10T22:19:18.165-0700] {logging_mixin.py:190} INFO - [2024-12-10T22:19:18.165-0700] {dag.py:4180} INFO - Setting next_dagrun for dataset_with_extra_by_yield to 2024-12-10 00:00:00+00:00, run_after=2024-12-11 00:00:00+00:00
[2024-12-10T22:19:18.166-0700] {logging_mixin.py:190} INFO - [2024-12-10T22:19:18.165-0700] {dag.py:4180} INFO - Setting next_dagrun for dataset_with_extra_from_classic_operator to 2024-12-10 00:00:00+00:00, run_after=2024-12-11 00:00:00+00:00
[2024-12-10T22:19:18.174-0700] {processor.py:208} INFO - Processing /Users/dimitarjanevski/fake-news-finder/venv/lib/python3.9/site-packages/airflow/example_dags/example_outlet_event_extra.py took 0.143 seconds
[2024-12-10T22:21:02.718-0700] {processor.py:186} INFO - Started process (PID=5455) to work on /Users/dimitarjanevski/fake-news-finder/venv/lib/python3.9/site-packages/airflow/example_dags/example_outlet_event_extra.py
[2024-12-10T22:21:02.719-0700] {processor.py:914} INFO - Processing file /Users/dimitarjanevski/fake-news-finder/venv/lib/python3.9/site-packages/airflow/example_dags/example_outlet_event_extra.py for tasks to queue
[2024-12-10T22:21:02.720-0700] {logging_mixin.py:190} INFO - [2024-12-10T22:21:02.720-0700] {dagbag.py:588} INFO - Filling up the DagBag from /Users/dimitarjanevski/fake-news-finder/venv/lib/python3.9/site-packages/airflow/example_dags/example_outlet_event_extra.py
[2024-12-10T22:21:02.787-0700] {processor.py:925} INFO - DAG(s) 'dataset_with_extra_by_yield', 'dataset_with_extra_by_context', 'dataset_with_extra_from_classic_operator' retrieved from /Users/dimitarjanevski/fake-news-finder/venv/lib/python3.9/site-packages/airflow/example_dags/example_outlet_event_extra.py
[2024-12-10T22:21:02.831-0700] {logging_mixin.py:190} INFO - [2024-12-10T22:21:02.831-0700] {dag.py:3239} INFO - Sync 3 DAGs
[2024-12-10T22:21:02.839-0700] {logging_mixin.py:190} INFO - [2024-12-10T22:21:02.839-0700] {dag.py:4180} INFO - Setting next_dagrun for dataset_with_extra_by_context to 2024-12-10 00:00:00+00:00, run_after=2024-12-11 00:00:00+00:00
[2024-12-10T22:21:02.841-0700] {logging_mixin.py:190} INFO - [2024-12-10T22:21:02.841-0700] {dag.py:4180} INFO - Setting next_dagrun for dataset_with_extra_by_yield to 2024-12-10 00:00:00+00:00, run_after=2024-12-11 00:00:00+00:00
[2024-12-10T22:21:02.842-0700] {logging_mixin.py:190} INFO - [2024-12-10T22:21:02.842-0700] {dag.py:4180} INFO - Setting next_dagrun for dataset_with_extra_from_classic_operator to 2024-12-10 00:00:00+00:00, run_after=2024-12-11 00:00:00+00:00
[2024-12-10T22:21:02.851-0700] {processor.py:208} INFO - Processing /Users/dimitarjanevski/fake-news-finder/venv/lib/python3.9/site-packages/airflow/example_dags/example_outlet_event_extra.py took 0.135 seconds
