[2024-12-10T22:11:21.835-0700] {processor.py:186} INFO - Started process (PID=99428) to work on /Users/dimitarjanevski/fake-news-finder/venv/lib/python3.9/site-packages/airflow/example_dags/example_display_name.py
[2024-12-10T22:11:21.835-0700] {processor.py:914} INFO - Processing file /Users/dimitarjanevski/fake-news-finder/venv/lib/python3.9/site-packages/airflow/example_dags/example_display_name.py for tasks to queue
[2024-12-10T22:11:21.836-0700] {logging_mixin.py:190} INFO - [2024-12-10T22:11:21.836-0700] {dagbag.py:588} INFO - Filling up the DagBag from /Users/dimitarjanevski/fake-news-finder/venv/lib/python3.9/site-packages/airflow/example_dags/example_display_name.py
[2024-12-10T22:11:21.876-0700] {processor.py:925} INFO - DAG(s) 'example_display_name' retrieved from /Users/dimitarjanevski/fake-news-finder/venv/lib/python3.9/site-packages/airflow/example_dags/example_display_name.py
[2024-12-10T22:11:21.954-0700] {logging_mixin.py:190} INFO - [2024-12-10T22:11:21.954-0700] {override.py:1911} INFO - Created Permission View: can read on DAG:example_display_name
[2024-12-10T22:11:21.957-0700] {logging_mixin.py:190} INFO - [2024-12-10T22:11:21.957-0700] {override.py:1911} INFO - Created Permission View: can edit on DAG:example_display_name
[2024-12-10T22:11:21.960-0700] {logging_mixin.py:190} INFO - [2024-12-10T22:11:21.960-0700] {override.py:1911} INFO - Created Permission View: can delete on DAG:example_display_name
[2024-12-10T22:11:21.963-0700] {logging_mixin.py:190} INFO - [2024-12-10T22:11:21.963-0700] {override.py:1911} INFO - Created Permission View: can read on DAG Run:example_display_name
[2024-12-10T22:11:21.965-0700] {logging_mixin.py:190} INFO - [2024-12-10T22:11:21.965-0700] {override.py:1911} INFO - Created Permission View: can create on DAG Run:example_display_name
[2024-12-10T22:11:21.967-0700] {logging_mixin.py:190} INFO - [2024-12-10T22:11:21.967-0700] {override.py:1911} INFO - Created Permission View: menu access on DAG Run:example_display_name
[2024-12-10T22:11:21.969-0700] {logging_mixin.py:190} INFO - [2024-12-10T22:11:21.969-0700] {override.py:1911} INFO - Created Permission View: can delete on DAG Run:example_display_name
[2024-12-10T22:11:21.969-0700] {logging_mixin.py:190} INFO - [2024-12-10T22:11:21.969-0700] {dag.py:3239} INFO - Sync 1 DAGs
[2024-12-10T22:11:21.974-0700] {logging_mixin.py:190} INFO - [2024-12-10T22:11:21.974-0700] {dag.py:3262} INFO - Creating ORM DAG for example_display_name
[2024-12-10T22:11:21.974-0700] {logging_mixin.py:190} INFO - [2024-12-10T22:11:21.974-0700] {dag.py:4180} INFO - Setting next_dagrun for example_display_name to None, run_after=None
[2024-12-10T22:11:21.980-0700] {processor.py:208} INFO - Processing /Users/dimitarjanevski/fake-news-finder/venv/lib/python3.9/site-packages/airflow/example_dags/example_display_name.py took 0.147 seconds
[2024-12-10T22:17:40.052-0700] {processor.py:186} INFO - Started process (PID=3559) to work on /Users/dimitarjanevski/fake-news-finder/venv/lib/python3.9/site-packages/airflow/example_dags/example_display_name.py
[2024-12-10T22:17:40.054-0700] {processor.py:914} INFO - Processing file /Users/dimitarjanevski/fake-news-finder/venv/lib/python3.9/site-packages/airflow/example_dags/example_display_name.py for tasks to queue
[2024-12-10T22:17:40.054-0700] {logging_mixin.py:190} INFO - [2024-12-10T22:17:40.054-0700] {dagbag.py:588} INFO - Filling up the DagBag from /Users/dimitarjanevski/fake-news-finder/venv/lib/python3.9/site-packages/airflow/example_dags/example_display_name.py
[2024-12-10T22:17:40.094-0700] {processor.py:925} INFO - DAG(s) 'example_display_name' retrieved from /Users/dimitarjanevski/fake-news-finder/venv/lib/python3.9/site-packages/airflow/example_dags/example_display_name.py
[2024-12-10T22:17:40.136-0700] {logging_mixin.py:190} INFO - [2024-12-10T22:17:40.136-0700] {dag.py:3239} INFO - Sync 1 DAGs
[2024-12-10T22:17:40.140-0700] {logging_mixin.py:190} INFO - [2024-12-10T22:17:40.140-0700] {dag.py:4180} INFO - Setting next_dagrun for example_display_name to None, run_after=None
[2024-12-10T22:17:40.148-0700] {processor.py:208} INFO - Processing /Users/dimitarjanevski/fake-news-finder/venv/lib/python3.9/site-packages/airflow/example_dags/example_display_name.py took 0.098 seconds
[2024-12-10T22:19:35.230-0700] {processor.py:186} INFO - Started process (PID=4897) to work on /Users/dimitarjanevski/fake-news-finder/venv/lib/python3.9/site-packages/airflow/example_dags/example_display_name.py
[2024-12-10T22:19:35.231-0700] {processor.py:914} INFO - Processing file /Users/dimitarjanevski/fake-news-finder/venv/lib/python3.9/site-packages/airflow/example_dags/example_display_name.py for tasks to queue
[2024-12-10T22:19:35.231-0700] {logging_mixin.py:190} INFO - [2024-12-10T22:19:35.231-0700] {dagbag.py:588} INFO - Filling up the DagBag from /Users/dimitarjanevski/fake-news-finder/venv/lib/python3.9/site-packages/airflow/example_dags/example_display_name.py
[2024-12-10T22:19:35.274-0700] {processor.py:925} INFO - DAG(s) 'example_display_name' retrieved from /Users/dimitarjanevski/fake-news-finder/venv/lib/python3.9/site-packages/airflow/example_dags/example_display_name.py
[2024-12-10T22:19:35.315-0700] {logging_mixin.py:190} INFO - [2024-12-10T22:19:35.315-0700] {dag.py:3239} INFO - Sync 1 DAGs
[2024-12-10T22:19:35.320-0700] {logging_mixin.py:190} INFO - [2024-12-10T22:19:35.320-0700] {dag.py:4180} INFO - Setting next_dagrun for example_display_name to None, run_after=None
[2024-12-10T22:19:35.327-0700] {processor.py:208} INFO - Processing /Users/dimitarjanevski/fake-news-finder/venv/lib/python3.9/site-packages/airflow/example_dags/example_display_name.py took 0.098 seconds
