[2024-12-10T22:11:45.633-0700] {processor.py:186} INFO - Started process (PID=99575) to work on /Users/dimitarjanevski/fake-news-finder/venv/lib/python3.9/site-packages/airflow/example_dags/example_bash_operator.py
[2024-12-10T22:11:45.634-0700] {processor.py:914} INFO - Processing file /Users/dimitarjanevski/fake-news-finder/venv/lib/python3.9/site-packages/airflow/example_dags/example_bash_operator.py for tasks to queue
[2024-12-10T22:11:45.634-0700] {logging_mixin.py:190} INFO - [2024-12-10T22:11:45.634-0700] {dagbag.py:588} INFO - Filling up the DagBag from /Users/dimitarjanevski/fake-news-finder/venv/lib/python3.9/site-packages/airflow/example_dags/example_bash_operator.py
[2024-12-10T22:11:45.640-0700] {processor.py:925} INFO - DAG(s) 'example_bash_operator' retrieved from /Users/dimitarjanevski/fake-news-finder/venv/lib/python3.9/site-packages/airflow/example_dags/example_bash_operator.py
[2024-12-10T22:11:45.744-0700] {logging_mixin.py:190} INFO - [2024-12-10T22:11:45.744-0700] {override.py:1911} INFO - Created Permission View: can delete on DAG:example_bash_operator
[2024-12-10T22:11:45.748-0700] {logging_mixin.py:190} INFO - [2024-12-10T22:11:45.748-0700] {override.py:1911} INFO - Created Permission View: can edit on DAG:example_bash_operator
[2024-12-10T22:11:45.750-0700] {logging_mixin.py:190} INFO - [2024-12-10T22:11:45.750-0700] {override.py:1911} INFO - Created Permission View: can read on DAG:example_bash_operator
[2024-12-10T22:11:45.753-0700] {logging_mixin.py:190} INFO - [2024-12-10T22:11:45.753-0700] {override.py:1911} INFO - Created Permission View: can delete on DAG Run:example_bash_operator
[2024-12-10T22:11:45.755-0700] {logging_mixin.py:190} INFO - [2024-12-10T22:11:45.755-0700] {override.py:1911} INFO - Created Permission View: can create on DAG Run:example_bash_operator
[2024-12-10T22:11:45.757-0700] {logging_mixin.py:190} INFO - [2024-12-10T22:11:45.757-0700] {override.py:1911} INFO - Created Permission View: can read on DAG Run:example_bash_operator
[2024-12-10T22:11:45.760-0700] {logging_mixin.py:190} INFO - [2024-12-10T22:11:45.759-0700] {override.py:1911} INFO - Created Permission View: menu access on DAG Run:example_bash_operator
[2024-12-10T22:11:45.760-0700] {logging_mixin.py:190} INFO - [2024-12-10T22:11:45.760-0700] {dag.py:3239} INFO - Sync 1 DAGs
[2024-12-10T22:11:45.765-0700] {logging_mixin.py:190} INFO - [2024-12-10T22:11:45.765-0700] {dag.py:3262} INFO - Creating ORM DAG for example_bash_operator
[2024-12-10T22:11:45.768-0700] {logging_mixin.py:190} INFO - [2024-12-10T22:11:45.768-0700] {dag.py:4180} INFO - Setting next_dagrun for example_bash_operator to 2024-12-10 00:00:00+00:00, run_after=2024-12-11 00:00:00+00:00
[2024-12-10T22:11:45.775-0700] {processor.py:208} INFO - Processing /Users/dimitarjanevski/fake-news-finder/venv/lib/python3.9/site-packages/airflow/example_dags/example_bash_operator.py took 0.144 seconds
[2024-12-10T22:18:01.046-0700] {processor.py:186} INFO - Started process (PID=4059) to work on /Users/dimitarjanevski/fake-news-finder/venv/lib/python3.9/site-packages/airflow/example_dags/example_bash_operator.py
[2024-12-10T22:18:01.046-0700] {processor.py:914} INFO - Processing file /Users/dimitarjanevski/fake-news-finder/venv/lib/python3.9/site-packages/airflow/example_dags/example_bash_operator.py for tasks to queue
[2024-12-10T22:18:01.047-0700] {logging_mixin.py:190} INFO - [2024-12-10T22:18:01.047-0700] {dagbag.py:588} INFO - Filling up the DagBag from /Users/dimitarjanevski/fake-news-finder/venv/lib/python3.9/site-packages/airflow/example_dags/example_bash_operator.py
[2024-12-10T22:18:01.077-0700] {processor.py:925} INFO - DAG(s) 'example_bash_operator' retrieved from /Users/dimitarjanevski/fake-news-finder/venv/lib/python3.9/site-packages/airflow/example_dags/example_bash_operator.py
[2024-12-10T22:18:01.124-0700] {logging_mixin.py:190} INFO - [2024-12-10T22:18:01.124-0700] {dag.py:3239} INFO - Sync 1 DAGs
[2024-12-10T22:18:01.134-0700] {logging_mixin.py:190} INFO - [2024-12-10T22:18:01.133-0700] {dag.py:4180} INFO - Setting next_dagrun for example_bash_operator to 2024-12-10 00:00:00+00:00, run_after=2024-12-11 00:00:00+00:00
[2024-12-10T22:18:01.142-0700] {processor.py:208} INFO - Processing /Users/dimitarjanevski/fake-news-finder/venv/lib/python3.9/site-packages/airflow/example_dags/example_bash_operator.py took 0.098 seconds
[2024-12-10T22:19:57.289-0700] {processor.py:186} INFO - Started process (PID=5050) to work on /Users/dimitarjanevski/fake-news-finder/venv/lib/python3.9/site-packages/airflow/example_dags/example_bash_operator.py
[2024-12-10T22:19:57.290-0700] {processor.py:914} INFO - Processing file /Users/dimitarjanevski/fake-news-finder/venv/lib/python3.9/site-packages/airflow/example_dags/example_bash_operator.py for tasks to queue
[2024-12-10T22:19:57.291-0700] {logging_mixin.py:190} INFO - [2024-12-10T22:19:57.290-0700] {dagbag.py:588} INFO - Filling up the DagBag from /Users/dimitarjanevski/fake-news-finder/venv/lib/python3.9/site-packages/airflow/example_dags/example_bash_operator.py
[2024-12-10T22:19:57.296-0700] {processor.py:925} INFO - DAG(s) 'example_bash_operator' retrieved from /Users/dimitarjanevski/fake-news-finder/venv/lib/python3.9/site-packages/airflow/example_dags/example_bash_operator.py
[2024-12-10T22:19:57.367-0700] {logging_mixin.py:190} INFO - [2024-12-10T22:19:57.367-0700] {dag.py:3239} INFO - Sync 1 DAGs
[2024-12-10T22:19:57.377-0700] {logging_mixin.py:190} INFO - [2024-12-10T22:19:57.377-0700] {dag.py:4180} INFO - Setting next_dagrun for example_bash_operator to 2024-12-10 00:00:00+00:00, run_after=2024-12-11 00:00:00+00:00
[2024-12-10T22:19:57.384-0700] {processor.py:208} INFO - Processing /Users/dimitarjanevski/fake-news-finder/venv/lib/python3.9/site-packages/airflow/example_dags/example_bash_operator.py took 0.096 seconds
