[2024-12-10T22:11:11.584-0700] {processor.py:186} INFO - Started process (PID=99366) to work on /Users/dimitarjanevski/fake-news-finder/venv/lib/python3.9/site-packages/airflow/example_dags/example_latest_only.py
[2024-12-10T22:11:11.585-0700] {processor.py:914} INFO - Processing file /Users/dimitarjanevski/fake-news-finder/venv/lib/python3.9/site-packages/airflow/example_dags/example_latest_only.py for tasks to queue
[2024-12-10T22:11:11.585-0700] {logging_mixin.py:190} INFO - [2024-12-10T22:11:11.585-0700] {dagbag.py:588} INFO - Filling up the DagBag from /Users/dimitarjanevski/fake-news-finder/venv/lib/python3.9/site-packages/airflow/example_dags/example_latest_only.py
[2024-12-10T22:11:11.588-0700] {processor.py:925} INFO - DAG(s) 'latest_only' retrieved from /Users/dimitarjanevski/fake-news-finder/venv/lib/python3.9/site-packages/airflow/example_dags/example_latest_only.py
[2024-12-10T22:11:11.690-0700] {logging_mixin.py:190} INFO - [2024-12-10T22:11:11.689-0700] {override.py:1911} INFO - Created Permission View: can edit on DAG:latest_only
[2024-12-10T22:11:11.693-0700] {logging_mixin.py:190} INFO - [2024-12-10T22:11:11.693-0700] {override.py:1911} INFO - Created Permission View: can read on DAG:latest_only
[2024-12-10T22:11:11.695-0700] {logging_mixin.py:190} INFO - [2024-12-10T22:11:11.695-0700] {override.py:1911} INFO - Created Permission View: can delete on DAG:latest_only
[2024-12-10T22:11:11.698-0700] {logging_mixin.py:190} INFO - [2024-12-10T22:11:11.698-0700] {override.py:1911} INFO - Created Permission View: can create on DAG Run:latest_only
[2024-12-10T22:11:11.700-0700] {logging_mixin.py:190} INFO - [2024-12-10T22:11:11.700-0700] {override.py:1911} INFO - Created Permission View: can read on DAG Run:latest_only
[2024-12-10T22:11:11.702-0700] {logging_mixin.py:190} INFO - [2024-12-10T22:11:11.702-0700] {override.py:1911} INFO - Created Permission View: menu access on DAG Run:latest_only
[2024-12-10T22:11:11.704-0700] {logging_mixin.py:190} INFO - [2024-12-10T22:11:11.704-0700] {override.py:1911} INFO - Created Permission View: can delete on DAG Run:latest_only
[2024-12-10T22:11:11.705-0700] {logging_mixin.py:190} INFO - [2024-12-10T22:11:11.705-0700] {dag.py:3239} INFO - Sync 1 DAGs
[2024-12-10T22:11:11.710-0700] {logging_mixin.py:190} INFO - [2024-12-10T22:11:11.710-0700] {dag.py:3262} INFO - Creating ORM DAG for latest_only
[2024-12-10T22:11:11.713-0700] {logging_mixin.py:190} INFO - [2024-12-10T22:11:11.713-0700] {dag.py:4180} INFO - Setting next_dagrun for latest_only to 2024-12-11 00:00:00+00:00, run_after=2024-12-11 04:00:00+00:00
[2024-12-10T22:11:11.721-0700] {processor.py:208} INFO - Processing /Users/dimitarjanevski/fake-news-finder/venv/lib/python3.9/site-packages/airflow/example_dags/example_latest_only.py took 0.138 seconds
[2024-12-10T22:12:54.784-0700] {processor.py:186} INFO - Started process (PID=99924) to work on /Users/dimitarjanevski/fake-news-finder/venv/lib/python3.9/site-packages/airflow/example_dags/example_latest_only.py
[2024-12-10T22:12:54.785-0700] {processor.py:914} INFO - Processing file /Users/dimitarjanevski/fake-news-finder/venv/lib/python3.9/site-packages/airflow/example_dags/example_latest_only.py for tasks to queue
[2024-12-10T22:12:54.786-0700] {logging_mixin.py:190} INFO - [2024-12-10T22:12:54.786-0700] {dagbag.py:588} INFO - Filling up the DagBag from /Users/dimitarjanevski/fake-news-finder/venv/lib/python3.9/site-packages/airflow/example_dags/example_latest_only.py
[2024-12-10T22:12:54.789-0700] {processor.py:925} INFO - DAG(s) 'latest_only' retrieved from /Users/dimitarjanevski/fake-news-finder/venv/lib/python3.9/site-packages/airflow/example_dags/example_latest_only.py
[2024-12-10T22:12:54.866-0700] {logging_mixin.py:190} INFO - [2024-12-10T22:12:54.865-0700] {dag.py:3239} INFO - Sync 1 DAGs
[2024-12-10T22:12:54.874-0700] {logging_mixin.py:190} INFO - [2024-12-10T22:12:54.873-0700] {dag.py:4180} INFO - Setting next_dagrun for latest_only to 2024-12-11 00:00:00+00:00, run_after=2024-12-11 04:00:00+00:00
[2024-12-10T22:12:54.881-0700] {processor.py:208} INFO - Processing /Users/dimitarjanevski/fake-news-finder/venv/lib/python3.9/site-packages/airflow/example_dags/example_latest_only.py took 0.098 seconds
[2024-12-10T22:17:29.217-0700] {processor.py:186} INFO - Started process (PID=3222) to work on /Users/dimitarjanevski/fake-news-finder/venv/lib/python3.9/site-packages/airflow/example_dags/example_latest_only.py
[2024-12-10T22:17:29.218-0700] {processor.py:914} INFO - Processing file /Users/dimitarjanevski/fake-news-finder/venv/lib/python3.9/site-packages/airflow/example_dags/example_latest_only.py for tasks to queue
[2024-12-10T22:17:29.218-0700] {logging_mixin.py:190} INFO - [2024-12-10T22:17:29.218-0700] {dagbag.py:588} INFO - Filling up the DagBag from /Users/dimitarjanevski/fake-news-finder/venv/lib/python3.9/site-packages/airflow/example_dags/example_latest_only.py
[2024-12-10T22:17:29.221-0700] {processor.py:925} INFO - DAG(s) 'latest_only' retrieved from /Users/dimitarjanevski/fake-news-finder/venv/lib/python3.9/site-packages/airflow/example_dags/example_latest_only.py
[2024-12-10T22:17:29.288-0700] {logging_mixin.py:190} INFO - [2024-12-10T22:17:29.287-0700] {dag.py:3239} INFO - Sync 1 DAGs
[2024-12-10T22:17:29.295-0700] {logging_mixin.py:190} INFO - [2024-12-10T22:17:29.295-0700] {dag.py:4180} INFO - Setting next_dagrun for latest_only to 2024-12-11 00:00:00+00:00, run_after=2024-12-11 04:00:00+00:00
[2024-12-10T22:17:29.302-0700] {processor.py:208} INFO - Processing /Users/dimitarjanevski/fake-news-finder/venv/lib/python3.9/site-packages/airflow/example_dags/example_latest_only.py took 0.087 seconds
[2024-12-10T22:19:23.997-0700] {processor.py:186} INFO - Started process (PID=4826) to work on /Users/dimitarjanevski/fake-news-finder/venv/lib/python3.9/site-packages/airflow/example_dags/example_latest_only.py
[2024-12-10T22:19:23.998-0700] {processor.py:914} INFO - Processing file /Users/dimitarjanevski/fake-news-finder/venv/lib/python3.9/site-packages/airflow/example_dags/example_latest_only.py for tasks to queue
[2024-12-10T22:19:23.998-0700] {logging_mixin.py:190} INFO - [2024-12-10T22:19:23.998-0700] {dagbag.py:588} INFO - Filling up the DagBag from /Users/dimitarjanevski/fake-news-finder/venv/lib/python3.9/site-packages/airflow/example_dags/example_latest_only.py
[2024-12-10T22:19:24.002-0700] {processor.py:925} INFO - DAG(s) 'latest_only' retrieved from /Users/dimitarjanevski/fake-news-finder/venv/lib/python3.9/site-packages/airflow/example_dags/example_latest_only.py
[2024-12-10T22:19:24.072-0700] {logging_mixin.py:190} INFO - [2024-12-10T22:19:24.072-0700] {dag.py:3239} INFO - Sync 1 DAGs
[2024-12-10T22:19:24.080-0700] {logging_mixin.py:190} INFO - [2024-12-10T22:19:24.080-0700] {dag.py:4180} INFO - Setting next_dagrun for latest_only to 2024-12-11 00:00:00+00:00, run_after=2024-12-11 04:00:00+00:00
[2024-12-10T22:19:24.087-0700] {processor.py:208} INFO - Processing /Users/dimitarjanevski/fake-news-finder/venv/lib/python3.9/site-packages/airflow/example_dags/example_latest_only.py took 0.091 seconds
[2024-12-10T22:21:09.817-0700] {processor.py:186} INFO - Started process (PID=5496) to work on /Users/dimitarjanevski/fake-news-finder/venv/lib/python3.9/site-packages/airflow/example_dags/example_latest_only.py
[2024-12-10T22:21:09.818-0700] {processor.py:914} INFO - Processing file /Users/dimitarjanevski/fake-news-finder/venv/lib/python3.9/site-packages/airflow/example_dags/example_latest_only.py for tasks to queue
[2024-12-10T22:21:09.818-0700] {logging_mixin.py:190} INFO - [2024-12-10T22:21:09.818-0700] {dagbag.py:588} INFO - Filling up the DagBag from /Users/dimitarjanevski/fake-news-finder/venv/lib/python3.9/site-packages/airflow/example_dags/example_latest_only.py
[2024-12-10T22:21:09.822-0700] {processor.py:925} INFO - DAG(s) 'latest_only' retrieved from /Users/dimitarjanevski/fake-news-finder/venv/lib/python3.9/site-packages/airflow/example_dags/example_latest_only.py
[2024-12-10T22:21:09.890-0700] {logging_mixin.py:190} INFO - [2024-12-10T22:21:09.890-0700] {dag.py:3239} INFO - Sync 1 DAGs
[2024-12-10T22:21:09.898-0700] {logging_mixin.py:190} INFO - [2024-12-10T22:21:09.898-0700] {dag.py:4180} INFO - Setting next_dagrun for latest_only to 2024-12-11 00:00:00+00:00, run_after=2024-12-11 04:00:00+00:00
[2024-12-10T22:21:09.905-0700] {processor.py:208} INFO - Processing /Users/dimitarjanevski/fake-news-finder/venv/lib/python3.9/site-packages/airflow/example_dags/example_latest_only.py took 0.090 seconds
