[2024-12-10T22:11:37.830-0700] {processor.py:186} INFO - Started process (PID=99529) to work on /Users/dimitarjanevski/fake-news-finder/venv/lib/python3.9/site-packages/airflow/example_dags/example_branch_operator.py
[2024-12-10T22:11:37.830-0700] {processor.py:914} INFO - Processing file /Users/dimitarjanevski/fake-news-finder/venv/lib/python3.9/site-packages/airflow/example_dags/example_branch_operator.py for tasks to queue
[2024-12-10T22:11:37.831-0700] {logging_mixin.py:190} INFO - [2024-12-10T22:11:37.831-0700] {dagbag.py:588} INFO - Filling up the DagBag from /Users/dimitarjanevski/fake-news-finder/venv/lib/python3.9/site-packages/airflow/example_dags/example_branch_operator.py
[2024-12-10T22:11:37.882-0700] {processor.py:925} INFO - DAG(s) 'example_branch_operator' retrieved from /Users/dimitarjanevski/fake-news-finder/venv/lib/python3.9/site-packages/airflow/example_dags/example_branch_operator.py
[2024-12-10T22:11:37.974-0700] {logging_mixin.py:190} INFO - [2024-12-10T22:11:37.974-0700] {override.py:1911} INFO - Created Permission View: can delete on DAG:example_branch_operator
[2024-12-10T22:11:37.978-0700] {logging_mixin.py:190} INFO - [2024-12-10T22:11:37.978-0700] {override.py:1911} INFO - Created Permission View: can edit on DAG:example_branch_operator
[2024-12-10T22:11:37.981-0700] {logging_mixin.py:190} INFO - [2024-12-10T22:11:37.981-0700] {override.py:1911} INFO - Created Permission View: can read on DAG:example_branch_operator
[2024-12-10T22:11:37.984-0700] {logging_mixin.py:190} INFO - [2024-12-10T22:11:37.984-0700] {override.py:1911} INFO - Created Permission View: menu access on DAG Run:example_branch_operator
[2024-12-10T22:11:37.986-0700] {logging_mixin.py:190} INFO - [2024-12-10T22:11:37.986-0700] {override.py:1911} INFO - Created Permission View: can create on DAG Run:example_branch_operator
[2024-12-10T22:11:37.988-0700] {logging_mixin.py:190} INFO - [2024-12-10T22:11:37.988-0700] {override.py:1911} INFO - Created Permission View: can delete on DAG Run:example_branch_operator
[2024-12-10T22:11:37.991-0700] {logging_mixin.py:190} INFO - [2024-12-10T22:11:37.990-0700] {override.py:1911} INFO - Created Permission View: can read on DAG Run:example_branch_operator
[2024-12-10T22:11:37.991-0700] {logging_mixin.py:190} INFO - [2024-12-10T22:11:37.991-0700] {dag.py:3239} INFO - Sync 1 DAGs
[2024-12-10T22:11:37.995-0700] {logging_mixin.py:190} INFO - [2024-12-10T22:11:37.995-0700] {dag.py:3262} INFO - Creating ORM DAG for example_branch_operator
[2024-12-10T22:11:37.999-0700] {logging_mixin.py:190} INFO - [2024-12-10T22:11:37.999-0700] {dag.py:4180} INFO - Setting next_dagrun for example_branch_operator to 2024-12-10 00:00:00+00:00, run_after=2024-12-11 00:00:00+00:00
[2024-12-10T22:11:38.006-0700] {processor.py:208} INFO - Processing /Users/dimitarjanevski/fake-news-finder/venv/lib/python3.9/site-packages/airflow/example_dags/example_branch_operator.py took 0.179 seconds
[2024-12-10T22:17:54.622-0700] {processor.py:186} INFO - Started process (PID=3926) to work on /Users/dimitarjanevski/fake-news-finder/venv/lib/python3.9/site-packages/airflow/example_dags/example_branch_operator.py
[2024-12-10T22:17:54.623-0700] {processor.py:914} INFO - Processing file /Users/dimitarjanevski/fake-news-finder/venv/lib/python3.9/site-packages/airflow/example_dags/example_branch_operator.py for tasks to queue
[2024-12-10T22:17:54.623-0700] {logging_mixin.py:190} INFO - [2024-12-10T22:17:54.623-0700] {dagbag.py:588} INFO - Filling up the DagBag from /Users/dimitarjanevski/fake-news-finder/venv/lib/python3.9/site-packages/airflow/example_dags/example_branch_operator.py
[2024-12-10T22:17:54.662-0700] {processor.py:925} INFO - DAG(s) 'example_branch_operator' retrieved from /Users/dimitarjanevski/fake-news-finder/venv/lib/python3.9/site-packages/airflow/example_dags/example_branch_operator.py
[2024-12-10T22:17:54.745-0700] {logging_mixin.py:190} INFO - [2024-12-10T22:17:54.744-0700] {dag.py:3239} INFO - Sync 1 DAGs
[2024-12-10T22:17:54.754-0700] {logging_mixin.py:190} INFO - [2024-12-10T22:17:54.753-0700] {dag.py:4180} INFO - Setting next_dagrun for example_branch_operator to 2024-12-10 00:00:00+00:00, run_after=2024-12-11 00:00:00+00:00
[2024-12-10T22:17:54.762-0700] {processor.py:208} INFO - Processing /Users/dimitarjanevski/fake-news-finder/venv/lib/python3.9/site-packages/airflow/example_dags/example_branch_operator.py took 0.141 seconds
[2024-12-10T22:19:50.292-0700] {processor.py:186} INFO - Started process (PID=5010) to work on /Users/dimitarjanevski/fake-news-finder/venv/lib/python3.9/site-packages/airflow/example_dags/example_branch_operator.py
[2024-12-10T22:19:50.292-0700] {processor.py:914} INFO - Processing file /Users/dimitarjanevski/fake-news-finder/venv/lib/python3.9/site-packages/airflow/example_dags/example_branch_operator.py for tasks to queue
[2024-12-10T22:19:50.293-0700] {logging_mixin.py:190} INFO - [2024-12-10T22:19:50.293-0700] {dagbag.py:588} INFO - Filling up the DagBag from /Users/dimitarjanevski/fake-news-finder/venv/lib/python3.9/site-packages/airflow/example_dags/example_branch_operator.py
[2024-12-10T22:19:50.332-0700] {processor.py:925} INFO - DAG(s) 'example_branch_operator' retrieved from /Users/dimitarjanevski/fake-news-finder/venv/lib/python3.9/site-packages/airflow/example_dags/example_branch_operator.py
[2024-12-10T22:19:50.419-0700] {logging_mixin.py:190} INFO - [2024-12-10T22:19:50.419-0700] {dag.py:3239} INFO - Sync 1 DAGs
[2024-12-10T22:19:50.426-0700] {logging_mixin.py:190} INFO - [2024-12-10T22:19:50.426-0700] {dag.py:4180} INFO - Setting next_dagrun for example_branch_operator to 2024-12-10 00:00:00+00:00, run_after=2024-12-11 00:00:00+00:00
[2024-12-10T22:19:50.437-0700] {processor.py:208} INFO - Processing /Users/dimitarjanevski/fake-news-finder/venv/lib/python3.9/site-packages/airflow/example_dags/example_branch_operator.py took 0.147 seconds
