[2024-12-10T22:10:28.589-0700] {processor.py:186} INFO - Started process (PID=99130) to work on /Users/dimitarjanevski/fake-news-finder/venv/lib/python3.9/site-packages/airflow/example_dags/example_workday_timetable.py
[2024-12-10T22:10:28.589-0700] {processor.py:914} INFO - Processing file /Users/dimitarjanevski/fake-news-finder/venv/lib/python3.9/site-packages/airflow/example_dags/example_workday_timetable.py for tasks to queue
[2024-12-10T22:10:28.590-0700] {logging_mixin.py:190} INFO - [2024-12-10T22:10:28.590-0700] {dagbag.py:588} INFO - Filling up the DagBag from /Users/dimitarjanevski/fake-news-finder/venv/lib/python3.9/site-packages/airflow/example_dags/example_workday_timetable.py
[2024-12-10T22:10:28.591-0700] {logging_mixin.py:190} INFO - [2024-12-10T22:10:28.591-0700] {workday.py:41} WARNING - Could not import pandas. Holidays will not be considered.
[2024-12-10T22:10:28.594-0700] {processor.py:925} INFO - DAG(s) 'example_workday_timetable' retrieved from /Users/dimitarjanevski/fake-news-finder/venv/lib/python3.9/site-packages/airflow/example_dags/example_workday_timetable.py
[2024-12-10T22:10:28.658-0700] {logging_mixin.py:190} INFO - [2024-12-10T22:10:28.657-0700] {workday.py:41} WARNING - Could not import pandas. Holidays will not be considered.
[2024-12-10T22:10:28.705-0700] {logging_mixin.py:190} INFO - [2024-12-10T22:10:28.705-0700] {override.py:1911} INFO - Created Permission View: can delete on DAG:example_workday_timetable
[2024-12-10T22:10:28.709-0700] {logging_mixin.py:190} INFO - [2024-12-10T22:10:28.709-0700] {override.py:1911} INFO - Created Permission View: can read on DAG:example_workday_timetable
[2024-12-10T22:10:28.711-0700] {logging_mixin.py:190} INFO - [2024-12-10T22:10:28.711-0700] {override.py:1911} INFO - Created Permission View: can edit on DAG:example_workday_timetable
[2024-12-10T22:10:28.714-0700] {logging_mixin.py:190} INFO - [2024-12-10T22:10:28.714-0700] {override.py:1911} INFO - Created Permission View: can delete on DAG Run:example_workday_timetable
[2024-12-10T22:10:28.716-0700] {logging_mixin.py:190} INFO - [2024-12-10T22:10:28.716-0700] {override.py:1911} INFO - Created Permission View: menu access on DAG Run:example_workday_timetable
[2024-12-10T22:10:28.718-0700] {logging_mixin.py:190} INFO - [2024-12-10T22:10:28.718-0700] {override.py:1911} INFO - Created Permission View: can read on DAG Run:example_workday_timetable
[2024-12-10T22:10:28.720-0700] {logging_mixin.py:190} INFO - [2024-12-10T22:10:28.720-0700] {override.py:1911} INFO - Created Permission View: can create on DAG Run:example_workday_timetable
[2024-12-10T22:10:28.720-0700] {logging_mixin.py:190} INFO - [2024-12-10T22:10:28.720-0700] {dag.py:3239} INFO - Sync 1 DAGs
[2024-12-10T22:10:28.726-0700] {logging_mixin.py:190} INFO - [2024-12-10T22:10:28.726-0700] {dag.py:3262} INFO - Creating ORM DAG for example_workday_timetable
[2024-12-10T22:10:28.729-0700] {logging_mixin.py:190} INFO - [2024-12-10T22:10:28.729-0700] {dag.py:4180} INFO - Setting next_dagrun for example_workday_timetable to 2021-01-01 00:00:00+00:00, run_after=2021-01-02 00:00:00+00:00
[2024-12-10T22:10:28.737-0700] {processor.py:208} INFO - Processing /Users/dimitarjanevski/fake-news-finder/venv/lib/python3.9/site-packages/airflow/example_dags/example_workday_timetable.py took 0.150 seconds
[2024-12-10T22:12:10.969-0700] {processor.py:186} INFO - Started process (PID=99704) to work on /Users/dimitarjanevski/fake-news-finder/venv/lib/python3.9/site-packages/airflow/example_dags/example_workday_timetable.py
[2024-12-10T22:12:10.970-0700] {processor.py:914} INFO - Processing file /Users/dimitarjanevski/fake-news-finder/venv/lib/python3.9/site-packages/airflow/example_dags/example_workday_timetable.py for tasks to queue
[2024-12-10T22:12:10.970-0700] {logging_mixin.py:190} INFO - [2024-12-10T22:12:10.970-0700] {dagbag.py:588} INFO - Filling up the DagBag from /Users/dimitarjanevski/fake-news-finder/venv/lib/python3.9/site-packages/airflow/example_dags/example_workday_timetable.py
[2024-12-10T22:12:10.972-0700] {logging_mixin.py:190} INFO - [2024-12-10T22:12:10.972-0700] {workday.py:41} WARNING - Could not import pandas. Holidays will not be considered.
[2024-12-10T22:12:10.974-0700] {processor.py:925} INFO - DAG(s) 'example_workday_timetable' retrieved from /Users/dimitarjanevski/fake-news-finder/venv/lib/python3.9/site-packages/airflow/example_dags/example_workday_timetable.py
[2024-12-10T22:12:11.036-0700] {logging_mixin.py:190} INFO - [2024-12-10T22:12:11.036-0700] {workday.py:41} WARNING - Could not import pandas. Holidays will not be considered.
[2024-12-10T22:12:11.045-0700] {logging_mixin.py:190} INFO - [2024-12-10T22:12:11.045-0700] {dag.py:3239} INFO - Sync 1 DAGs
[2024-12-10T22:12:11.052-0700] {logging_mixin.py:190} INFO - [2024-12-10T22:12:11.052-0700] {dag.py:4180} INFO - Setting next_dagrun for example_workday_timetable to 2021-01-01 00:00:00+00:00, run_after=2021-01-02 00:00:00+00:00
[2024-12-10T22:12:11.058-0700] {processor.py:208} INFO - Processing /Users/dimitarjanevski/fake-news-finder/venv/lib/python3.9/site-packages/airflow/example_dags/example_workday_timetable.py took 0.091 seconds
[2024-12-10T22:14:30.225-0700] {processor.py:186} INFO - Started process (PID=827) to work on /Users/dimitarjanevski/fake-news-finder/venv/lib/python3.9/site-packages/airflow/example_dags/example_workday_timetable.py
[2024-12-10T22:14:30.226-0700] {processor.py:914} INFO - Processing file /Users/dimitarjanevski/fake-news-finder/venv/lib/python3.9/site-packages/airflow/example_dags/example_workday_timetable.py for tasks to queue
[2024-12-10T22:14:30.227-0700] {logging_mixin.py:190} INFO - [2024-12-10T22:14:30.227-0700] {dagbag.py:588} INFO - Filling up the DagBag from /Users/dimitarjanevski/fake-news-finder/venv/lib/python3.9/site-packages/airflow/example_dags/example_workday_timetable.py
[2024-12-10T22:14:30.228-0700] {logging_mixin.py:190} INFO - [2024-12-10T22:14:30.228-0700] {workday.py:41} WARNING - Could not import pandas. Holidays will not be considered.
[2024-12-10T22:14:30.230-0700] {processor.py:925} INFO - DAG(s) 'example_workday_timetable' retrieved from /Users/dimitarjanevski/fake-news-finder/venv/lib/python3.9/site-packages/airflow/example_dags/example_workday_timetable.py
[2024-12-10T22:14:30.295-0700] {logging_mixin.py:190} INFO - [2024-12-10T22:14:30.295-0700] {workday.py:41} WARNING - Could not import pandas. Holidays will not be considered.
[2024-12-10T22:14:30.304-0700] {logging_mixin.py:190} INFO - [2024-12-10T22:14:30.304-0700] {dag.py:3239} INFO - Sync 1 DAGs
[2024-12-10T22:14:30.311-0700] {logging_mixin.py:190} INFO - [2024-12-10T22:14:30.311-0700] {dag.py:4180} INFO - Setting next_dagrun for example_workday_timetable to 2021-01-01 00:00:00+00:00, run_after=2021-01-02 00:00:00+00:00
[2024-12-10T22:14:30.321-0700] {processor.py:208} INFO - Processing /Users/dimitarjanevski/fake-news-finder/venv/lib/python3.9/site-packages/airflow/example_dags/example_workday_timetable.py took 0.098 seconds
[2024-12-10T22:16:47.565-0700] {processor.py:186} INFO - Started process (PID=2807) to work on /Users/dimitarjanevski/fake-news-finder/venv/lib/python3.9/site-packages/airflow/example_dags/example_workday_timetable.py
[2024-12-10T22:16:47.567-0700] {processor.py:914} INFO - Processing file /Users/dimitarjanevski/fake-news-finder/venv/lib/python3.9/site-packages/airflow/example_dags/example_workday_timetable.py for tasks to queue
[2024-12-10T22:16:47.567-0700] {logging_mixin.py:190} INFO - [2024-12-10T22:16:47.567-0700] {dagbag.py:588} INFO - Filling up the DagBag from /Users/dimitarjanevski/fake-news-finder/venv/lib/python3.9/site-packages/airflow/example_dags/example_workday_timetable.py
[2024-12-10T22:16:47.569-0700] {logging_mixin.py:190} INFO - [2024-12-10T22:16:47.569-0700] {workday.py:41} WARNING - Could not import pandas. Holidays will not be considered.
[2024-12-10T22:16:47.571-0700] {processor.py:925} INFO - DAG(s) 'example_workday_timetable' retrieved from /Users/dimitarjanevski/fake-news-finder/venv/lib/python3.9/site-packages/airflow/example_dags/example_workday_timetable.py
[2024-12-10T22:16:47.634-0700] {logging_mixin.py:190} INFO - [2024-12-10T22:16:47.633-0700] {workday.py:41} WARNING - Could not import pandas. Holidays will not be considered.
[2024-12-10T22:16:47.643-0700] {logging_mixin.py:190} INFO - [2024-12-10T22:16:47.643-0700] {dag.py:3239} INFO - Sync 1 DAGs
[2024-12-10T22:16:47.649-0700] {logging_mixin.py:190} INFO - [2024-12-10T22:16:47.649-0700] {dag.py:4180} INFO - Setting next_dagrun for example_workday_timetable to 2021-01-01 00:00:00+00:00, run_after=2021-01-02 00:00:00+00:00
[2024-12-10T22:16:47.656-0700] {processor.py:208} INFO - Processing /Users/dimitarjanevski/fake-news-finder/venv/lib/python3.9/site-packages/airflow/example_dags/example_workday_timetable.py took 0.092 seconds
[2024-12-10T22:18:44.617-0700] {processor.py:186} INFO - Started process (PID=4565) to work on /Users/dimitarjanevski/fake-news-finder/venv/lib/python3.9/site-packages/airflow/example_dags/example_workday_timetable.py
[2024-12-10T22:18:44.618-0700] {processor.py:914} INFO - Processing file /Users/dimitarjanevski/fake-news-finder/venv/lib/python3.9/site-packages/airflow/example_dags/example_workday_timetable.py for tasks to queue
[2024-12-10T22:18:44.619-0700] {logging_mixin.py:190} INFO - [2024-12-10T22:18:44.619-0700] {dagbag.py:588} INFO - Filling up the DagBag from /Users/dimitarjanevski/fake-news-finder/venv/lib/python3.9/site-packages/airflow/example_dags/example_workday_timetable.py
[2024-12-10T22:18:44.620-0700] {logging_mixin.py:190} INFO - [2024-12-10T22:18:44.620-0700] {workday.py:41} WARNING - Could not import pandas. Holidays will not be considered.
[2024-12-10T22:18:44.622-0700] {processor.py:925} INFO - DAG(s) 'example_workday_timetable' retrieved from /Users/dimitarjanevski/fake-news-finder/venv/lib/python3.9/site-packages/airflow/example_dags/example_workday_timetable.py
[2024-12-10T22:18:44.688-0700] {logging_mixin.py:190} INFO - [2024-12-10T22:18:44.688-0700] {workday.py:41} WARNING - Could not import pandas. Holidays will not be considered.
[2024-12-10T22:18:44.697-0700] {logging_mixin.py:190} INFO - [2024-12-10T22:18:44.697-0700] {dag.py:3239} INFO - Sync 1 DAGs
[2024-12-10T22:18:44.706-0700] {logging_mixin.py:190} INFO - [2024-12-10T22:18:44.706-0700] {dag.py:4180} INFO - Setting next_dagrun for example_workday_timetable to 2021-01-01 00:00:00+00:00, run_after=2021-01-02 00:00:00+00:00
[2024-12-10T22:18:44.714-0700] {processor.py:208} INFO - Processing /Users/dimitarjanevski/fake-news-finder/venv/lib/python3.9/site-packages/airflow/example_dags/example_workday_timetable.py took 0.098 seconds
[2024-12-10T22:20:27.439-0700] {processor.py:186} INFO - Started process (PID=5240) to work on /Users/dimitarjanevski/fake-news-finder/venv/lib/python3.9/site-packages/airflow/example_dags/example_workday_timetable.py
[2024-12-10T22:20:27.440-0700] {processor.py:914} INFO - Processing file /Users/dimitarjanevski/fake-news-finder/venv/lib/python3.9/site-packages/airflow/example_dags/example_workday_timetable.py for tasks to queue
[2024-12-10T22:20:27.440-0700] {logging_mixin.py:190} INFO - [2024-12-10T22:20:27.440-0700] {dagbag.py:588} INFO - Filling up the DagBag from /Users/dimitarjanevski/fake-news-finder/venv/lib/python3.9/site-packages/airflow/example_dags/example_workday_timetable.py
[2024-12-10T22:20:27.441-0700] {logging_mixin.py:190} INFO - [2024-12-10T22:20:27.441-0700] {workday.py:41} WARNING - Could not import pandas. Holidays will not be considered.
[2024-12-10T22:20:27.444-0700] {processor.py:925} INFO - DAG(s) 'example_workday_timetable' retrieved from /Users/dimitarjanevski/fake-news-finder/venv/lib/python3.9/site-packages/airflow/example_dags/example_workday_timetable.py
[2024-12-10T22:20:27.509-0700] {logging_mixin.py:190} INFO - [2024-12-10T22:20:27.509-0700] {workday.py:41} WARNING - Could not import pandas. Holidays will not be considered.
[2024-12-10T22:20:27.519-0700] {logging_mixin.py:190} INFO - [2024-12-10T22:20:27.518-0700] {dag.py:3239} INFO - Sync 1 DAGs
[2024-12-10T22:20:27.526-0700] {logging_mixin.py:190} INFO - [2024-12-10T22:20:27.526-0700] {dag.py:4180} INFO - Setting next_dagrun for example_workday_timetable to 2021-01-01 00:00:00+00:00, run_after=2021-01-02 00:00:00+00:00
[2024-12-10T22:20:27.533-0700] {processor.py:208} INFO - Processing /Users/dimitarjanevski/fake-news-finder/venv/lib/python3.9/site-packages/airflow/example_dags/example_workday_timetable.py took 0.096 seconds
[2024-12-10T22:21:45.014-0700] {processor.py:186} INFO - Started process (PID=5710) to work on /Users/dimitarjanevski/fake-news-finder/venv/lib/python3.9/site-packages/airflow/example_dags/example_workday_timetable.py
[2024-12-10T22:21:45.015-0700] {processor.py:914} INFO - Processing file /Users/dimitarjanevski/fake-news-finder/venv/lib/python3.9/site-packages/airflow/example_dags/example_workday_timetable.py for tasks to queue
[2024-12-10T22:21:45.015-0700] {logging_mixin.py:190} INFO - [2024-12-10T22:21:45.015-0700] {dagbag.py:588} INFO - Filling up the DagBag from /Users/dimitarjanevski/fake-news-finder/venv/lib/python3.9/site-packages/airflow/example_dags/example_workday_timetable.py
[2024-12-10T22:21:45.017-0700] {logging_mixin.py:190} INFO - [2024-12-10T22:21:45.017-0700] {workday.py:41} WARNING - Could not import pandas. Holidays will not be considered.
[2024-12-10T22:21:45.020-0700] {processor.py:925} INFO - DAG(s) 'example_workday_timetable' retrieved from /Users/dimitarjanevski/fake-news-finder/venv/lib/python3.9/site-packages/airflow/example_dags/example_workday_timetable.py
[2024-12-10T22:21:45.084-0700] {logging_mixin.py:190} INFO - [2024-12-10T22:21:45.084-0700] {workday.py:41} WARNING - Could not import pandas. Holidays will not be considered.
[2024-12-10T22:21:45.094-0700] {logging_mixin.py:190} INFO - [2024-12-10T22:21:45.094-0700] {dag.py:3239} INFO - Sync 1 DAGs
[2024-12-10T22:21:45.101-0700] {logging_mixin.py:190} INFO - [2024-12-10T22:21:45.101-0700] {dag.py:4180} INFO - Setting next_dagrun for example_workday_timetable to 2021-01-01 00:00:00+00:00, run_after=2021-01-02 00:00:00+00:00
[2024-12-10T22:21:45.108-0700] {processor.py:208} INFO - Processing /Users/dimitarjanevski/fake-news-finder/venv/lib/python3.9/site-packages/airflow/example_dags/example_workday_timetable.py took 0.095 seconds
