[2024-12-10T22:10:48.060-0700] {processor.py:186} INFO - Started process (PID=99248) to work on /Users/dimitarjanevski/fake-news-finder/venv/lib/python3.9/site-packages/airflow/example_dags/example_setup_teardown_taskflow.py
[2024-12-10T22:10:48.061-0700] {processor.py:914} INFO - Processing file /Users/dimitarjanevski/fake-news-finder/venv/lib/python3.9/site-packages/airflow/example_dags/example_setup_teardown_taskflow.py for tasks to queue
[2024-12-10T22:10:48.061-0700] {logging_mixin.py:190} INFO - [2024-12-10T22:10:48.061-0700] {dagbag.py:588} INFO - Filling up the DagBag from /Users/dimitarjanevski/fake-news-finder/venv/lib/python3.9/site-packages/airflow/example_dags/example_setup_teardown_taskflow.py
[2024-12-10T22:10:48.101-0700] {processor.py:925} INFO - DAG(s) 'example_setup_teardown_taskflow' retrieved from /Users/dimitarjanevski/fake-news-finder/venv/lib/python3.9/site-packages/airflow/example_dags/example_setup_teardown_taskflow.py
[2024-12-10T22:10:48.180-0700] {logging_mixin.py:190} INFO - [2024-12-10T22:10:48.180-0700] {override.py:1911} INFO - Created Permission View: can edit on DAG:example_setup_teardown_taskflow
[2024-12-10T22:10:48.183-0700] {logging_mixin.py:190} INFO - [2024-12-10T22:10:48.183-0700] {override.py:1911} INFO - Created Permission View: can delete on DAG:example_setup_teardown_taskflow
[2024-12-10T22:10:48.186-0700] {logging_mixin.py:190} INFO - [2024-12-10T22:10:48.186-0700] {override.py:1911} INFO - Created Permission View: can read on DAG:example_setup_teardown_taskflow
[2024-12-10T22:10:48.188-0700] {logging_mixin.py:190} INFO - [2024-12-10T22:10:48.188-0700] {override.py:1911} INFO - Created Permission View: can create on DAG Run:example_setup_teardown_taskflow
[2024-12-10T22:10:48.191-0700] {logging_mixin.py:190} INFO - [2024-12-10T22:10:48.191-0700] {override.py:1911} INFO - Created Permission View: menu access on DAG Run:example_setup_teardown_taskflow
[2024-12-10T22:10:48.193-0700] {logging_mixin.py:190} INFO - [2024-12-10T22:10:48.193-0700] {override.py:1911} INFO - Created Permission View: can delete on DAG Run:example_setup_teardown_taskflow
[2024-12-10T22:10:48.195-0700] {logging_mixin.py:190} INFO - [2024-12-10T22:10:48.195-0700] {override.py:1911} INFO - Created Permission View: can read on DAG Run:example_setup_teardown_taskflow
[2024-12-10T22:10:48.195-0700] {logging_mixin.py:190} INFO - [2024-12-10T22:10:48.195-0700] {dag.py:3239} INFO - Sync 1 DAGs
[2024-12-10T22:10:48.200-0700] {logging_mixin.py:190} INFO - [2024-12-10T22:10:48.200-0700] {dag.py:3262} INFO - Creating ORM DAG for example_setup_teardown_taskflow
[2024-12-10T22:10:48.200-0700] {logging_mixin.py:190} INFO - [2024-12-10T22:10:48.200-0700] {dag.py:4180} INFO - Setting next_dagrun for example_setup_teardown_taskflow to None, run_after=None
[2024-12-10T22:10:48.207-0700] {processor.py:208} INFO - Processing /Users/dimitarjanevski/fake-news-finder/venv/lib/python3.9/site-packages/airflow/example_dags/example_setup_teardown_taskflow.py took 0.148 seconds
[2024-12-10T22:12:30.502-0700] {processor.py:186} INFO - Started process (PID=99801) to work on /Users/dimitarjanevski/fake-news-finder/venv/lib/python3.9/site-packages/airflow/example_dags/example_setup_teardown_taskflow.py
[2024-12-10T22:12:30.502-0700] {processor.py:914} INFO - Processing file /Users/dimitarjanevski/fake-news-finder/venv/lib/python3.9/site-packages/airflow/example_dags/example_setup_teardown_taskflow.py for tasks to queue
[2024-12-10T22:12:30.503-0700] {logging_mixin.py:190} INFO - [2024-12-10T22:12:30.503-0700] {dagbag.py:588} INFO - Filling up the DagBag from /Users/dimitarjanevski/fake-news-finder/venv/lib/python3.9/site-packages/airflow/example_dags/example_setup_teardown_taskflow.py
[2024-12-10T22:12:30.543-0700] {processor.py:925} INFO - DAG(s) 'example_setup_teardown_taskflow' retrieved from /Users/dimitarjanevski/fake-news-finder/venv/lib/python3.9/site-packages/airflow/example_dags/example_setup_teardown_taskflow.py
[2024-12-10T22:12:30.588-0700] {logging_mixin.py:190} INFO - [2024-12-10T22:12:30.587-0700] {dag.py:3239} INFO - Sync 1 DAGs
[2024-12-10T22:12:30.592-0700] {logging_mixin.py:190} INFO - [2024-12-10T22:12:30.592-0700] {dag.py:4180} INFO - Setting next_dagrun for example_setup_teardown_taskflow to None, run_after=None
[2024-12-10T22:12:30.602-0700] {processor.py:208} INFO - Processing /Users/dimitarjanevski/fake-news-finder/venv/lib/python3.9/site-packages/airflow/example_dags/example_setup_teardown_taskflow.py took 0.102 seconds
[2024-12-10T22:14:49.936-0700] {processor.py:186} INFO - Started process (PID=949) to work on /Users/dimitarjanevski/fake-news-finder/venv/lib/python3.9/site-packages/airflow/example_dags/example_setup_teardown_taskflow.py
[2024-12-10T22:14:49.937-0700] {processor.py:914} INFO - Processing file /Users/dimitarjanevski/fake-news-finder/venv/lib/python3.9/site-packages/airflow/example_dags/example_setup_teardown_taskflow.py for tasks to queue
[2024-12-10T22:14:49.937-0700] {logging_mixin.py:190} INFO - [2024-12-10T22:14:49.937-0700] {dagbag.py:588} INFO - Filling up the DagBag from /Users/dimitarjanevski/fake-news-finder/venv/lib/python3.9/site-packages/airflow/example_dags/example_setup_teardown_taskflow.py
[2024-12-10T22:14:49.977-0700] {processor.py:925} INFO - DAG(s) 'example_setup_teardown_taskflow' retrieved from /Users/dimitarjanevski/fake-news-finder/venv/lib/python3.9/site-packages/airflow/example_dags/example_setup_teardown_taskflow.py
[2024-12-10T22:14:50.020-0700] {logging_mixin.py:190} INFO - [2024-12-10T22:14:50.020-0700] {dag.py:3239} INFO - Sync 1 DAGs
[2024-12-10T22:14:50.024-0700] {logging_mixin.py:190} INFO - [2024-12-10T22:14:50.024-0700] {dag.py:4180} INFO - Setting next_dagrun for example_setup_teardown_taskflow to None, run_after=None
[2024-12-10T22:14:50.033-0700] {processor.py:208} INFO - Processing /Users/dimitarjanevski/fake-news-finder/venv/lib/python3.9/site-packages/airflow/example_dags/example_setup_teardown_taskflow.py took 0.099 seconds
[2024-12-10T22:17:06.491-0700] {processor.py:186} INFO - Started process (PID=2909) to work on /Users/dimitarjanevski/fake-news-finder/venv/lib/python3.9/site-packages/airflow/example_dags/example_setup_teardown_taskflow.py
[2024-12-10T22:17:06.492-0700] {processor.py:914} INFO - Processing file /Users/dimitarjanevski/fake-news-finder/venv/lib/python3.9/site-packages/airflow/example_dags/example_setup_teardown_taskflow.py for tasks to queue
[2024-12-10T22:17:06.493-0700] {logging_mixin.py:190} INFO - [2024-12-10T22:17:06.493-0700] {dagbag.py:588} INFO - Filling up the DagBag from /Users/dimitarjanevski/fake-news-finder/venv/lib/python3.9/site-packages/airflow/example_dags/example_setup_teardown_taskflow.py
[2024-12-10T22:17:06.536-0700] {processor.py:925} INFO - DAG(s) 'example_setup_teardown_taskflow' retrieved from /Users/dimitarjanevski/fake-news-finder/venv/lib/python3.9/site-packages/airflow/example_dags/example_setup_teardown_taskflow.py
[2024-12-10T22:17:06.583-0700] {logging_mixin.py:190} INFO - [2024-12-10T22:17:06.583-0700] {dag.py:3239} INFO - Sync 1 DAGs
[2024-12-10T22:17:06.588-0700] {logging_mixin.py:190} INFO - [2024-12-10T22:17:06.588-0700] {dag.py:4180} INFO - Setting next_dagrun for example_setup_teardown_taskflow to None, run_after=None
[2024-12-10T22:17:06.598-0700] {processor.py:208} INFO - Processing /Users/dimitarjanevski/fake-news-finder/venv/lib/python3.9/site-packages/airflow/example_dags/example_setup_teardown_taskflow.py took 0.109 seconds
[2024-12-10T22:19:04.216-0700] {processor.py:186} INFO - Started process (PID=4688) to work on /Users/dimitarjanevski/fake-news-finder/venv/lib/python3.9/site-packages/airflow/example_dags/example_setup_teardown_taskflow.py
[2024-12-10T22:19:04.216-0700] {processor.py:914} INFO - Processing file /Users/dimitarjanevski/fake-news-finder/venv/lib/python3.9/site-packages/airflow/example_dags/example_setup_teardown_taskflow.py for tasks to queue
[2024-12-10T22:19:04.217-0700] {logging_mixin.py:190} INFO - [2024-12-10T22:19:04.217-0700] {dagbag.py:588} INFO - Filling up the DagBag from /Users/dimitarjanevski/fake-news-finder/venv/lib/python3.9/site-packages/airflow/example_dags/example_setup_teardown_taskflow.py
[2024-12-10T22:19:04.259-0700] {processor.py:925} INFO - DAG(s) 'example_setup_teardown_taskflow' retrieved from /Users/dimitarjanevski/fake-news-finder/venv/lib/python3.9/site-packages/airflow/example_dags/example_setup_teardown_taskflow.py
[2024-12-10T22:19:04.305-0700] {logging_mixin.py:190} INFO - [2024-12-10T22:19:04.305-0700] {dag.py:3239} INFO - Sync 1 DAGs
[2024-12-10T22:19:04.309-0700] {logging_mixin.py:190} INFO - [2024-12-10T22:19:04.309-0700] {dag.py:4180} INFO - Setting next_dagrun for example_setup_teardown_taskflow to None, run_after=None
[2024-12-10T22:19:04.318-0700] {processor.py:208} INFO - Processing /Users/dimitarjanevski/fake-news-finder/venv/lib/python3.9/site-packages/airflow/example_dags/example_setup_teardown_taskflow.py took 0.104 seconds
[2024-12-10T22:20:46.216-0700] {processor.py:186} INFO - Started process (PID=5356) to work on /Users/dimitarjanevski/fake-news-finder/venv/lib/python3.9/site-packages/airflow/example_dags/example_setup_teardown_taskflow.py
[2024-12-10T22:20:46.217-0700] {processor.py:914} INFO - Processing file /Users/dimitarjanevski/fake-news-finder/venv/lib/python3.9/site-packages/airflow/example_dags/example_setup_teardown_taskflow.py for tasks to queue
[2024-12-10T22:20:46.218-0700] {logging_mixin.py:190} INFO - [2024-12-10T22:20:46.218-0700] {dagbag.py:588} INFO - Filling up the DagBag from /Users/dimitarjanevski/fake-news-finder/venv/lib/python3.9/site-packages/airflow/example_dags/example_setup_teardown_taskflow.py
[2024-12-10T22:20:46.261-0700] {processor.py:925} INFO - DAG(s) 'example_setup_teardown_taskflow' retrieved from /Users/dimitarjanevski/fake-news-finder/venv/lib/python3.9/site-packages/airflow/example_dags/example_setup_teardown_taskflow.py
[2024-12-10T22:20:46.304-0700] {logging_mixin.py:190} INFO - [2024-12-10T22:20:46.304-0700] {dag.py:3239} INFO - Sync 1 DAGs
[2024-12-10T22:20:46.308-0700] {logging_mixin.py:190} INFO - [2024-12-10T22:20:46.308-0700] {dag.py:4180} INFO - Setting next_dagrun for example_setup_teardown_taskflow to None, run_after=None
[2024-12-10T22:20:46.316-0700] {processor.py:208} INFO - Processing /Users/dimitarjanevski/fake-news-finder/venv/lib/python3.9/site-packages/airflow/example_dags/example_setup_teardown_taskflow.py took 0.101 seconds
