[2024-12-10T22:11:18.681-0700] {processor.py:186} INFO - Started process (PID=99411) to work on /Users/dimitarjanevski/fake-news-finder/venv/lib/python3.9/site-packages/airflow/example_dags/example_dynamic_task_mapping_with_no_taskflow_operators.py
[2024-12-10T22:11:18.681-0700] {processor.py:914} INFO - Processing file /Users/dimitarjanevski/fake-news-finder/venv/lib/python3.9/site-packages/airflow/example_dags/example_dynamic_task_mapping_with_no_taskflow_operators.py for tasks to queue
[2024-12-10T22:11:18.681-0700] {logging_mixin.py:190} INFO - [2024-12-10T22:11:18.681-0700] {dagbag.py:588} INFO - Filling up the DagBag from /Users/dimitarjanevski/fake-news-finder/venv/lib/python3.9/site-packages/airflow/example_dags/example_dynamic_task_mapping_with_no_taskflow_operators.py
[2024-12-10T22:11:18.685-0700] {processor.py:925} INFO - DAG(s) 'example_dynamic_task_mapping_with_no_taskflow_operators' retrieved from /Users/dimitarjanevski/fake-news-finder/venv/lib/python3.9/site-packages/airflow/example_dags/example_dynamic_task_mapping_with_no_taskflow_operators.py
[2024-12-10T22:11:18.790-0700] {logging_mixin.py:190} INFO - [2024-12-10T22:11:18.789-0700] {override.py:1911} INFO - Created Permission View: can edit on DAG:example_dynamic_task_mapping_with_no_taskflow_operators
[2024-12-10T22:11:18.793-0700] {logging_mixin.py:190} INFO - [2024-12-10T22:11:18.793-0700] {override.py:1911} INFO - Created Permission View: can read on DAG:example_dynamic_task_mapping_with_no_taskflow_operators
[2024-12-10T22:11:18.795-0700] {logging_mixin.py:190} INFO - [2024-12-10T22:11:18.795-0700] {override.py:1911} INFO - Created Permission View: can delete on DAG:example_dynamic_task_mapping_with_no_taskflow_operators
[2024-12-10T22:11:18.798-0700] {logging_mixin.py:190} INFO - [2024-12-10T22:11:18.798-0700] {override.py:1911} INFO - Created Permission View: can read on DAG Run:example_dynamic_task_mapping_with_no_taskflow_operators
[2024-12-10T22:11:18.800-0700] {logging_mixin.py:190} INFO - [2024-12-10T22:11:18.800-0700] {override.py:1911} INFO - Created Permission View: menu access on DAG Run:example_dynamic_task_mapping_with_no_taskflow_operators
[2024-12-10T22:11:18.802-0700] {logging_mixin.py:190} INFO - [2024-12-10T22:11:18.802-0700] {override.py:1911} INFO - Created Permission View: can create on DAG Run:example_dynamic_task_mapping_with_no_taskflow_operators
[2024-12-10T22:11:18.805-0700] {logging_mixin.py:190} INFO - [2024-12-10T22:11:18.805-0700] {override.py:1911} INFO - Created Permission View: can delete on DAG Run:example_dynamic_task_mapping_with_no_taskflow_operators
[2024-12-10T22:11:18.805-0700] {logging_mixin.py:190} INFO - [2024-12-10T22:11:18.805-0700] {dag.py:3239} INFO - Sync 1 DAGs
[2024-12-10T22:11:18.810-0700] {logging_mixin.py:190} INFO - [2024-12-10T22:11:18.810-0700] {dag.py:3262} INFO - Creating ORM DAG for example_dynamic_task_mapping_with_no_taskflow_operators
[2024-12-10T22:11:18.810-0700] {logging_mixin.py:190} INFO - [2024-12-10T22:11:18.810-0700] {dag.py:4180} INFO - Setting next_dagrun for example_dynamic_task_mapping_with_no_taskflow_operators to None, run_after=None
[2024-12-10T22:11:18.816-0700] {processor.py:208} INFO - Processing /Users/dimitarjanevski/fake-news-finder/venv/lib/python3.9/site-packages/airflow/example_dags/example_dynamic_task_mapping_with_no_taskflow_operators.py took 0.138 seconds
[2024-12-10T22:17:36.643-0700] {processor.py:186} INFO - Started process (PID=3452) to work on /Users/dimitarjanevski/fake-news-finder/venv/lib/python3.9/site-packages/airflow/example_dags/example_dynamic_task_mapping_with_no_taskflow_operators.py
[2024-12-10T22:17:36.644-0700] {processor.py:914} INFO - Processing file /Users/dimitarjanevski/fake-news-finder/venv/lib/python3.9/site-packages/airflow/example_dags/example_dynamic_task_mapping_with_no_taskflow_operators.py for tasks to queue
[2024-12-10T22:17:36.645-0700] {logging_mixin.py:190} INFO - [2024-12-10T22:17:36.645-0700] {dagbag.py:588} INFO - Filling up the DagBag from /Users/dimitarjanevski/fake-news-finder/venv/lib/python3.9/site-packages/airflow/example_dags/example_dynamic_task_mapping_with_no_taskflow_operators.py
[2024-12-10T22:17:36.672-0700] {processor.py:925} INFO - DAG(s) 'example_dynamic_task_mapping_with_no_taskflow_operators' retrieved from /Users/dimitarjanevski/fake-news-finder/venv/lib/python3.9/site-packages/airflow/example_dags/example_dynamic_task_mapping_with_no_taskflow_operators.py
[2024-12-10T22:17:36.714-0700] {logging_mixin.py:190} INFO - [2024-12-10T22:17:36.714-0700] {dag.py:3239} INFO - Sync 1 DAGs
[2024-12-10T22:17:36.718-0700] {logging_mixin.py:190} INFO - [2024-12-10T22:17:36.718-0700] {dag.py:4180} INFO - Setting next_dagrun for example_dynamic_task_mapping_with_no_taskflow_operators to None, run_after=None
[2024-12-10T22:17:36.725-0700] {processor.py:208} INFO - Processing /Users/dimitarjanevski/fake-news-finder/venv/lib/python3.9/site-packages/airflow/example_dags/example_dynamic_task_mapping_with_no_taskflow_operators.py took 0.084 seconds
[2024-12-10T22:19:31.446-0700] {processor.py:186} INFO - Started process (PID=4871) to work on /Users/dimitarjanevski/fake-news-finder/venv/lib/python3.9/site-packages/airflow/example_dags/example_dynamic_task_mapping_with_no_taskflow_operators.py
[2024-12-10T22:19:31.447-0700] {processor.py:914} INFO - Processing file /Users/dimitarjanevski/fake-news-finder/venv/lib/python3.9/site-packages/airflow/example_dags/example_dynamic_task_mapping_with_no_taskflow_operators.py for tasks to queue
[2024-12-10T22:19:31.448-0700] {logging_mixin.py:190} INFO - [2024-12-10T22:19:31.447-0700] {dagbag.py:588} INFO - Filling up the DagBag from /Users/dimitarjanevski/fake-news-finder/venv/lib/python3.9/site-packages/airflow/example_dags/example_dynamic_task_mapping_with_no_taskflow_operators.py
[2024-12-10T22:19:31.451-0700] {processor.py:925} INFO - DAG(s) 'example_dynamic_task_mapping_with_no_taskflow_operators' retrieved from /Users/dimitarjanevski/fake-news-finder/venv/lib/python3.9/site-packages/airflow/example_dags/example_dynamic_task_mapping_with_no_taskflow_operators.py
[2024-12-10T22:19:31.517-0700] {logging_mixin.py:190} INFO - [2024-12-10T22:19:31.517-0700] {dag.py:3239} INFO - Sync 1 DAGs
[2024-12-10T22:19:31.522-0700] {logging_mixin.py:190} INFO - [2024-12-10T22:19:31.522-0700] {dag.py:4180} INFO - Setting next_dagrun for example_dynamic_task_mapping_with_no_taskflow_operators to None, run_after=None
[2024-12-10T22:19:31.528-0700] {processor.py:208} INFO - Processing /Users/dimitarjanevski/fake-news-finder/venv/lib/python3.9/site-packages/airflow/example_dags/example_dynamic_task_mapping_with_no_taskflow_operators.py took 0.083 seconds
