[2024-12-10T22:11:40.003-0700] {processor.py:186} INFO - Started process (PID=99546) to work on /Users/dimitarjanevski/fake-news-finder/venv/lib/python3.9/site-packages/airflow/example_dags/example_branch_labels.py
[2024-12-10T22:11:40.004-0700] {processor.py:914} INFO - Processing file /Users/dimitarjanevski/fake-news-finder/venv/lib/python3.9/site-packages/airflow/example_dags/example_branch_labels.py for tasks to queue
[2024-12-10T22:11:40.004-0700] {logging_mixin.py:190} INFO - [2024-12-10T22:11:40.004-0700] {dagbag.py:588} INFO - Filling up the DagBag from /Users/dimitarjanevski/fake-news-finder/venv/lib/python3.9/site-packages/airflow/example_dags/example_branch_labels.py
[2024-12-10T22:11:40.012-0700] {processor.py:925} INFO - DAG(s) 'example_branch_labels' retrieved from /Users/dimitarjanevski/fake-news-finder/venv/lib/python3.9/site-packages/airflow/example_dags/example_branch_labels.py
[2024-12-10T22:11:40.127-0700] {logging_mixin.py:190} INFO - [2024-12-10T22:11:40.127-0700] {override.py:1911} INFO - Created Permission View: can edit on DAG:example_branch_labels
[2024-12-10T22:11:40.131-0700] {logging_mixin.py:190} INFO - [2024-12-10T22:11:40.131-0700] {override.py:1911} INFO - Created Permission View: can read on DAG:example_branch_labels
[2024-12-10T22:11:40.133-0700] {logging_mixin.py:190} INFO - [2024-12-10T22:11:40.133-0700] {override.py:1911} INFO - Created Permission View: can delete on DAG:example_branch_labels
[2024-12-10T22:11:40.136-0700] {logging_mixin.py:190} INFO - [2024-12-10T22:11:40.136-0700] {override.py:1911} INFO - Created Permission View: can read on DAG Run:example_branch_labels
[2024-12-10T22:11:40.140-0700] {logging_mixin.py:190} INFO - [2024-12-10T22:11:40.140-0700] {override.py:1911} INFO - Created Permission View: menu access on DAG Run:example_branch_labels
[2024-12-10T22:11:40.143-0700] {logging_mixin.py:190} INFO - [2024-12-10T22:11:40.143-0700] {override.py:1911} INFO - Created Permission View: can create on DAG Run:example_branch_labels
[2024-12-10T22:11:40.145-0700] {logging_mixin.py:190} INFO - [2024-12-10T22:11:40.145-0700] {override.py:1911} INFO - Created Permission View: can delete on DAG Run:example_branch_labels
[2024-12-10T22:11:40.146-0700] {logging_mixin.py:190} INFO - [2024-12-10T22:11:40.146-0700] {dag.py:3239} INFO - Sync 1 DAGs
[2024-12-10T22:11:40.151-0700] {logging_mixin.py:190} INFO - [2024-12-10T22:11:40.151-0700] {dag.py:3262} INFO - Creating ORM DAG for example_branch_labels
[2024-12-10T22:11:40.155-0700] {logging_mixin.py:190} INFO - [2024-12-10T22:11:40.155-0700] {dag.py:4180} INFO - Setting next_dagrun for example_branch_labels to 2024-12-10 00:00:00+00:00, run_after=2024-12-11 00:00:00+00:00
[2024-12-10T22:11:40.162-0700] {processor.py:208} INFO - Processing /Users/dimitarjanevski/fake-news-finder/venv/lib/python3.9/site-packages/airflow/example_dags/example_branch_labels.py took 0.161 seconds
[2024-12-10T22:17:56.513-0700] {processor.py:186} INFO - Started process (PID=3932) to work on /Users/dimitarjanevski/fake-news-finder/venv/lib/python3.9/site-packages/airflow/example_dags/example_branch_labels.py
[2024-12-10T22:17:56.514-0700] {processor.py:914} INFO - Processing file /Users/dimitarjanevski/fake-news-finder/venv/lib/python3.9/site-packages/airflow/example_dags/example_branch_labels.py for tasks to queue
[2024-12-10T22:17:56.515-0700] {logging_mixin.py:190} INFO - [2024-12-10T22:17:56.514-0700] {dagbag.py:588} INFO - Filling up the DagBag from /Users/dimitarjanevski/fake-news-finder/venv/lib/python3.9/site-packages/airflow/example_dags/example_branch_labels.py
[2024-12-10T22:17:56.519-0700] {processor.py:925} INFO - DAG(s) 'example_branch_labels' retrieved from /Users/dimitarjanevski/fake-news-finder/venv/lib/python3.9/site-packages/airflow/example_dags/example_branch_labels.py
[2024-12-10T22:17:56.587-0700] {logging_mixin.py:190} INFO - [2024-12-10T22:17:56.586-0700] {dag.py:3239} INFO - Sync 1 DAGs
[2024-12-10T22:17:56.594-0700] {logging_mixin.py:190} INFO - [2024-12-10T22:17:56.594-0700] {dag.py:4180} INFO - Setting next_dagrun for example_branch_labels to 2024-12-10 00:00:00+00:00, run_after=2024-12-11 00:00:00+00:00
[2024-12-10T22:17:56.600-0700] {processor.py:208} INFO - Processing /Users/dimitarjanevski/fake-news-finder/venv/lib/python3.9/site-packages/airflow/example_dags/example_branch_labels.py took 0.089 seconds
[2024-12-10T22:19:52.215-0700] {processor.py:186} INFO - Started process (PID=5022) to work on /Users/dimitarjanevski/fake-news-finder/venv/lib/python3.9/site-packages/airflow/example_dags/example_branch_labels.py
[2024-12-10T22:19:52.216-0700] {processor.py:914} INFO - Processing file /Users/dimitarjanevski/fake-news-finder/venv/lib/python3.9/site-packages/airflow/example_dags/example_branch_labels.py for tasks to queue
[2024-12-10T22:19:52.217-0700] {logging_mixin.py:190} INFO - [2024-12-10T22:19:52.217-0700] {dagbag.py:588} INFO - Filling up the DagBag from /Users/dimitarjanevski/fake-news-finder/venv/lib/python3.9/site-packages/airflow/example_dags/example_branch_labels.py
[2024-12-10T22:19:52.221-0700] {processor.py:925} INFO - DAG(s) 'example_branch_labels' retrieved from /Users/dimitarjanevski/fake-news-finder/venv/lib/python3.9/site-packages/airflow/example_dags/example_branch_labels.py
[2024-12-10T22:19:52.291-0700] {logging_mixin.py:190} INFO - [2024-12-10T22:19:52.291-0700] {dag.py:3239} INFO - Sync 1 DAGs
[2024-12-10T22:19:52.302-0700] {logging_mixin.py:190} INFO - [2024-12-10T22:19:52.302-0700] {dag.py:4180} INFO - Setting next_dagrun for example_branch_labels to 2024-12-10 00:00:00+00:00, run_after=2024-12-11 00:00:00+00:00
[2024-12-10T22:19:52.308-0700] {processor.py:208} INFO - Processing /Users/dimitarjanevski/fake-news-finder/venv/lib/python3.9/site-packages/airflow/example_dags/example_branch_labels.py took 0.094 seconds
