[2024-12-10T22:11:27.671-0700] {processor.py:186} INFO - Started process (PID=99461) to work on /Users/dimitarjanevski/fake-news-finder/venv/lib/python3.9/site-packages/airflow/example_dags/example_dataset_alias.py
[2024-12-10T22:11:27.671-0700] {processor.py:914} INFO - Processing file /Users/dimitarjanevski/fake-news-finder/venv/lib/python3.9/site-packages/airflow/example_dags/example_dataset_alias.py for tasks to queue
[2024-12-10T22:11:27.672-0700] {logging_mixin.py:190} INFO - [2024-12-10T22:11:27.672-0700] {dagbag.py:588} INFO - Filling up the DagBag from /Users/dimitarjanevski/fake-news-finder/venv/lib/python3.9/site-packages/airflow/example_dags/example_dataset_alias.py
[2024-12-10T22:11:27.765-0700] {processor.py:925} INFO - DAG(s) 'dataset_alias_example_alias_consumer', 'dataset_s3_bucket_producer', 'dataset_alias_example_alias_producer', 'dataset_s3_bucket_consumer' retrieved from /Users/dimitarjanevski/fake-news-finder/venv/lib/python3.9/site-packages/airflow/example_dags/example_dataset_alias.py
[2024-12-10T22:11:27.807-0700] {logging_mixin.py:190} INFO - [2024-12-10T22:11:27.807-0700] {override.py:1911} INFO - Created Permission View: can edit on DAG:dataset_alias_example_alias_consumer
[2024-12-10T22:11:27.811-0700] {logging_mixin.py:190} INFO - [2024-12-10T22:11:27.811-0700] {override.py:1911} INFO - Created Permission View: can read on DAG:dataset_alias_example_alias_consumer
[2024-12-10T22:11:27.814-0700] {logging_mixin.py:190} INFO - [2024-12-10T22:11:27.814-0700] {override.py:1911} INFO - Created Permission View: can delete on DAG:dataset_alias_example_alias_consumer
[2024-12-10T22:11:27.818-0700] {logging_mixin.py:190} INFO - [2024-12-10T22:11:27.817-0700] {override.py:1911} INFO - Created Permission View: can delete on DAG Run:dataset_alias_example_alias_consumer
[2024-12-10T22:11:27.822-0700] {logging_mixin.py:190} INFO - [2024-12-10T22:11:27.821-0700] {override.py:1911} INFO - Created Permission View: can read on DAG Run:dataset_alias_example_alias_consumer
[2024-12-10T22:11:27.826-0700] {logging_mixin.py:190} INFO - [2024-12-10T22:11:27.826-0700] {override.py:1911} INFO - Created Permission View: menu access on DAG Run:dataset_alias_example_alias_consumer
[2024-12-10T22:11:27.840-0700] {logging_mixin.py:190} INFO - [2024-12-10T22:11:27.840-0700] {override.py:1911} INFO - Created Permission View: can create on DAG Run:dataset_alias_example_alias_consumer
[2024-12-10T22:11:27.870-0700] {logging_mixin.py:190} INFO - [2024-12-10T22:11:27.870-0700] {override.py:1911} INFO - Created Permission View: can edit on DAG:dataset_s3_bucket_producer
[2024-12-10T22:11:27.878-0700] {logging_mixin.py:190} INFO - [2024-12-10T22:11:27.877-0700] {override.py:1911} INFO - Created Permission View: can read on DAG:dataset_s3_bucket_producer
[2024-12-10T22:11:27.880-0700] {logging_mixin.py:190} INFO - [2024-12-10T22:11:27.880-0700] {override.py:1911} INFO - Created Permission View: can delete on DAG:dataset_s3_bucket_producer
[2024-12-10T22:11:27.883-0700] {logging_mixin.py:190} INFO - [2024-12-10T22:11:27.883-0700] {override.py:1911} INFO - Created Permission View: can delete on DAG Run:dataset_s3_bucket_producer
[2024-12-10T22:11:27.886-0700] {logging_mixin.py:190} INFO - [2024-12-10T22:11:27.886-0700] {override.py:1911} INFO - Created Permission View: can read on DAG Run:dataset_s3_bucket_producer
[2024-12-10T22:11:27.889-0700] {logging_mixin.py:190} INFO - [2024-12-10T22:11:27.888-0700] {override.py:1911} INFO - Created Permission View: menu access on DAG Run:dataset_s3_bucket_producer
[2024-12-10T22:11:27.891-0700] {logging_mixin.py:190} INFO - [2024-12-10T22:11:27.891-0700] {override.py:1911} INFO - Created Permission View: can create on DAG Run:dataset_s3_bucket_producer
[2024-12-10T22:11:27.900-0700] {logging_mixin.py:190} INFO - [2024-12-10T22:11:27.900-0700] {override.py:1911} INFO - Created Permission View: can edit on DAG:dataset_alias_example_alias_producer
[2024-12-10T22:11:27.902-0700] {logging_mixin.py:190} INFO - [2024-12-10T22:11:27.902-0700] {override.py:1911} INFO - Created Permission View: can read on DAG:dataset_alias_example_alias_producer
[2024-12-10T22:11:27.905-0700] {logging_mixin.py:190} INFO - [2024-12-10T22:11:27.905-0700] {override.py:1911} INFO - Created Permission View: can delete on DAG:dataset_alias_example_alias_producer
[2024-12-10T22:11:27.908-0700] {logging_mixin.py:190} INFO - [2024-12-10T22:11:27.908-0700] {override.py:1911} INFO - Created Permission View: can delete on DAG Run:dataset_alias_example_alias_producer
[2024-12-10T22:11:27.910-0700] {logging_mixin.py:190} INFO - [2024-12-10T22:11:27.910-0700] {override.py:1911} INFO - Created Permission View: can read on DAG Run:dataset_alias_example_alias_producer
[2024-12-10T22:11:27.913-0700] {logging_mixin.py:190} INFO - [2024-12-10T22:11:27.913-0700] {override.py:1911} INFO - Created Permission View: menu access on DAG Run:dataset_alias_example_alias_producer
[2024-12-10T22:11:27.915-0700] {logging_mixin.py:190} INFO - [2024-12-10T22:11:27.915-0700] {override.py:1911} INFO - Created Permission View: can create on DAG Run:dataset_alias_example_alias_producer
[2024-12-10T22:11:27.920-0700] {logging_mixin.py:190} INFO - [2024-12-10T22:11:27.920-0700] {override.py:1911} INFO - Created Permission View: can edit on DAG:dataset_s3_bucket_consumer
[2024-12-10T22:11:27.923-0700] {logging_mixin.py:190} INFO - [2024-12-10T22:11:27.923-0700] {override.py:1911} INFO - Created Permission View: can read on DAG:dataset_s3_bucket_consumer
[2024-12-10T22:11:27.926-0700] {logging_mixin.py:190} INFO - [2024-12-10T22:11:27.926-0700] {override.py:1911} INFO - Created Permission View: can delete on DAG:dataset_s3_bucket_consumer
[2024-12-10T22:11:27.930-0700] {logging_mixin.py:190} INFO - [2024-12-10T22:11:27.929-0700] {override.py:1911} INFO - Created Permission View: can delete on DAG Run:dataset_s3_bucket_consumer
[2024-12-10T22:11:27.932-0700] {logging_mixin.py:190} INFO - [2024-12-10T22:11:27.932-0700] {override.py:1911} INFO - Created Permission View: can read on DAG Run:dataset_s3_bucket_consumer
[2024-12-10T22:11:27.934-0700] {logging_mixin.py:190} INFO - [2024-12-10T22:11:27.934-0700] {override.py:1911} INFO - Created Permission View: menu access on DAG Run:dataset_s3_bucket_consumer
[2024-12-10T22:11:27.937-0700] {logging_mixin.py:190} INFO - [2024-12-10T22:11:27.937-0700] {override.py:1911} INFO - Created Permission View: can create on DAG Run:dataset_s3_bucket_consumer
[2024-12-10T22:11:27.937-0700] {logging_mixin.py:190} INFO - [2024-12-10T22:11:27.937-0700] {dag.py:3239} INFO - Sync 4 DAGs
[2024-12-10T22:11:27.943-0700] {logging_mixin.py:190} INFO - [2024-12-10T22:11:27.943-0700] {dag.py:3262} INFO - Creating ORM DAG for dataset_s3_bucket_producer
[2024-12-10T22:11:27.943-0700] {logging_mixin.py:190} INFO - [2024-12-10T22:11:27.943-0700] {dag.py:3262} INFO - Creating ORM DAG for dataset_alias_example_alias_producer
[2024-12-10T22:11:27.944-0700] {logging_mixin.py:190} INFO - [2024-12-10T22:11:27.944-0700] {dag.py:3262} INFO - Creating ORM DAG for dataset_s3_bucket_consumer
[2024-12-10T22:11:27.944-0700] {logging_mixin.py:190} INFO - [2024-12-10T22:11:27.944-0700] {dag.py:3262} INFO - Creating ORM DAG for dataset_alias_example_alias_consumer
[2024-12-10T22:11:27.948-0700] {logging_mixin.py:190} INFO - [2024-12-10T22:11:27.948-0700] {dag.py:4180} INFO - Setting next_dagrun for dataset_alias_example_alias_consumer to None, run_after=None
[2024-12-10T22:11:27.948-0700] {logging_mixin.py:190} INFO - [2024-12-10T22:11:27.948-0700] {dag.py:4180} INFO - Setting next_dagrun for dataset_alias_example_alias_producer to None, run_after=None
[2024-12-10T22:11:27.948-0700] {logging_mixin.py:190} INFO - [2024-12-10T22:11:27.948-0700] {dag.py:4180} INFO - Setting next_dagrun for dataset_s3_bucket_consumer to None, run_after=None
[2024-12-10T22:11:27.948-0700] {logging_mixin.py:190} INFO - [2024-12-10T22:11:27.948-0700] {dag.py:4180} INFO - Setting next_dagrun for dataset_s3_bucket_producer to None, run_after=None
[2024-12-10T22:11:27.955-0700] {logging_mixin.py:190} INFO - [2024-12-10T22:11:27.955-0700] {workday.py:41} WARNING - Could not import pandas. Holidays will not be considered.
[2024-12-10T22:11:27.962-0700] {processor.py:208} INFO - Processing /Users/dimitarjanevski/fake-news-finder/venv/lib/python3.9/site-packages/airflow/example_dags/example_dataset_alias.py took 0.293 seconds
[2024-12-10T22:17:45.682-0700] {processor.py:186} INFO - Started process (PID=3691) to work on /Users/dimitarjanevski/fake-news-finder/venv/lib/python3.9/site-packages/airflow/example_dags/example_dataset_alias.py
[2024-12-10T22:17:45.682-0700] {processor.py:914} INFO - Processing file /Users/dimitarjanevski/fake-news-finder/venv/lib/python3.9/site-packages/airflow/example_dags/example_dataset_alias.py for tasks to queue
[2024-12-10T22:17:45.683-0700] {logging_mixin.py:190} INFO - [2024-12-10T22:17:45.683-0700] {dagbag.py:588} INFO - Filling up the DagBag from /Users/dimitarjanevski/fake-news-finder/venv/lib/python3.9/site-packages/airflow/example_dags/example_dataset_alias.py
[2024-12-10T22:17:45.779-0700] {processor.py:925} INFO - DAG(s) 'dataset_s3_bucket_consumer', 'dataset_s3_bucket_producer', 'dataset_alias_example_alias_producer', 'dataset_alias_example_alias_consumer' retrieved from /Users/dimitarjanevski/fake-news-finder/venv/lib/python3.9/site-packages/airflow/example_dags/example_dataset_alias.py
[2024-12-10T22:17:45.790-0700] {logging_mixin.py:190} INFO - [2024-12-10T22:17:45.790-0700] {dag.py:3239} INFO - Sync 4 DAGs
[2024-12-10T22:17:45.799-0700] {logging_mixin.py:190} INFO - [2024-12-10T22:17:45.799-0700] {dag.py:4180} INFO - Setting next_dagrun for dataset_alias_example_alias_consumer to None, run_after=None
[2024-12-10T22:17:45.800-0700] {logging_mixin.py:190} INFO - [2024-12-10T22:17:45.800-0700] {dag.py:4180} INFO - Setting next_dagrun for dataset_alias_example_alias_producer to None, run_after=None
[2024-12-10T22:17:45.801-0700] {logging_mixin.py:190} INFO - [2024-12-10T22:17:45.801-0700] {dag.py:4180} INFO - Setting next_dagrun for dataset_s3_bucket_consumer to None, run_after=None
[2024-12-10T22:17:45.801-0700] {logging_mixin.py:190} INFO - [2024-12-10T22:17:45.801-0700] {dag.py:4180} INFO - Setting next_dagrun for dataset_s3_bucket_producer to None, run_after=None
[2024-12-10T22:17:45.812-0700] {processor.py:208} INFO - Processing /Users/dimitarjanevski/fake-news-finder/venv/lib/python3.9/site-packages/airflow/example_dags/example_dataset_alias.py took 0.132 seconds
[2024-12-10T22:19:40.983-0700] {processor.py:186} INFO - Started process (PID=4938) to work on /Users/dimitarjanevski/fake-news-finder/venv/lib/python3.9/site-packages/airflow/example_dags/example_dataset_alias.py
[2024-12-10T22:19:40.984-0700] {processor.py:914} INFO - Processing file /Users/dimitarjanevski/fake-news-finder/venv/lib/python3.9/site-packages/airflow/example_dags/example_dataset_alias.py for tasks to queue
[2024-12-10T22:19:40.985-0700] {logging_mixin.py:190} INFO - [2024-12-10T22:19:40.984-0700] {dagbag.py:588} INFO - Filling up the DagBag from /Users/dimitarjanevski/fake-news-finder/venv/lib/python3.9/site-packages/airflow/example_dags/example_dataset_alias.py
[2024-12-10T22:19:41.085-0700] {processor.py:925} INFO - DAG(s) 'dataset_alias_example_alias_producer', 'dataset_alias_example_alias_consumer', 'dataset_s3_bucket_consumer', 'dataset_s3_bucket_producer' retrieved from /Users/dimitarjanevski/fake-news-finder/venv/lib/python3.9/site-packages/airflow/example_dags/example_dataset_alias.py
[2024-12-10T22:19:41.097-0700] {logging_mixin.py:190} INFO - [2024-12-10T22:19:41.097-0700] {dag.py:3239} INFO - Sync 4 DAGs
[2024-12-10T22:19:41.105-0700] {logging_mixin.py:190} INFO - [2024-12-10T22:19:41.105-0700] {dag.py:4180} INFO - Setting next_dagrun for dataset_alias_example_alias_consumer to None, run_after=None
[2024-12-10T22:19:41.106-0700] {logging_mixin.py:190} INFO - [2024-12-10T22:19:41.106-0700] {dag.py:4180} INFO - Setting next_dagrun for dataset_alias_example_alias_producer to None, run_after=None
[2024-12-10T22:19:41.106-0700] {logging_mixin.py:190} INFO - [2024-12-10T22:19:41.106-0700] {dag.py:4180} INFO - Setting next_dagrun for dataset_s3_bucket_consumer to None, run_after=None
[2024-12-10T22:19:41.107-0700] {logging_mixin.py:190} INFO - [2024-12-10T22:19:41.106-0700] {dag.py:4180} INFO - Setting next_dagrun for dataset_s3_bucket_producer to None, run_after=None
[2024-12-10T22:19:41.115-0700] {processor.py:208} INFO - Processing /Users/dimitarjanevski/fake-news-finder/venv/lib/python3.9/site-packages/airflow/example_dags/example_dataset_alias.py took 0.133 seconds
