[2024-12-10T22:11:05.900-0700] {processor.py:186} INFO - Started process (PID=99336) to work on /Users/dimitarjanevski/fake-news-finder/venv/lib/python3.9/site-packages/airflow/example_dags/example_nested_branch_dag.py
[2024-12-10T22:11:05.901-0700] {processor.py:914} INFO - Processing file /Users/dimitarjanevski/fake-news-finder/venv/lib/python3.9/site-packages/airflow/example_dags/example_nested_branch_dag.py for tasks to queue
[2024-12-10T22:11:05.901-0700] {logging_mixin.py:190} INFO - [2024-12-10T22:11:05.901-0700] {dagbag.py:588} INFO - Filling up the DagBag from /Users/dimitarjanevski/fake-news-finder/venv/lib/python3.9/site-packages/airflow/example_dags/example_nested_branch_dag.py
[2024-12-10T22:11:05.941-0700] {processor.py:925} INFO - DAG(s) 'example_nested_branch_dag' retrieved from /Users/dimitarjanevski/fake-news-finder/venv/lib/python3.9/site-packages/airflow/example_dags/example_nested_branch_dag.py
[2024-12-10T22:11:06.021-0700] {logging_mixin.py:190} INFO - [2024-12-10T22:11:06.020-0700] {override.py:1911} INFO - Created Permission View: can delete on DAG:example_nested_branch_dag
[2024-12-10T22:11:06.024-0700] {logging_mixin.py:190} INFO - [2024-12-10T22:11:06.024-0700] {override.py:1911} INFO - Created Permission View: can read on DAG:example_nested_branch_dag
[2024-12-10T22:11:06.027-0700] {logging_mixin.py:190} INFO - [2024-12-10T22:11:06.027-0700] {override.py:1911} INFO - Created Permission View: can edit on DAG:example_nested_branch_dag
[2024-12-10T22:11:06.030-0700] {logging_mixin.py:190} INFO - [2024-12-10T22:11:06.030-0700] {override.py:1911} INFO - Created Permission View: can delete on DAG Run:example_nested_branch_dag
[2024-12-10T22:11:06.032-0700] {logging_mixin.py:190} INFO - [2024-12-10T22:11:06.032-0700] {override.py:1911} INFO - Created Permission View: can read on DAG Run:example_nested_branch_dag
[2024-12-10T22:11:06.035-0700] {logging_mixin.py:190} INFO - [2024-12-10T22:11:06.034-0700] {override.py:1911} INFO - Created Permission View: menu access on DAG Run:example_nested_branch_dag
[2024-12-10T22:11:06.037-0700] {logging_mixin.py:190} INFO - [2024-12-10T22:11:06.037-0700] {override.py:1911} INFO - Created Permission View: can create on DAG Run:example_nested_branch_dag
[2024-12-10T22:11:06.037-0700] {logging_mixin.py:190} INFO - [2024-12-10T22:11:06.037-0700] {dag.py:3239} INFO - Sync 1 DAGs
[2024-12-10T22:11:06.042-0700] {logging_mixin.py:190} INFO - [2024-12-10T22:11:06.042-0700] {dag.py:3262} INFO - Creating ORM DAG for example_nested_branch_dag
[2024-12-10T22:11:06.045-0700] {logging_mixin.py:190} INFO - [2024-12-10T22:11:06.045-0700] {dag.py:4180} INFO - Setting next_dagrun for example_nested_branch_dag to 2024-12-10 00:00:00+00:00, run_after=2024-12-11 00:00:00+00:00
[2024-12-10T22:11:06.053-0700] {processor.py:208} INFO - Processing /Users/dimitarjanevski/fake-news-finder/venv/lib/python3.9/site-packages/airflow/example_dags/example_nested_branch_dag.py took 0.154 seconds
[2024-12-10T22:12:49.012-0700] {processor.py:186} INFO - Started process (PID=99894) to work on /Users/dimitarjanevski/fake-news-finder/venv/lib/python3.9/site-packages/airflow/example_dags/example_nested_branch_dag.py
[2024-12-10T22:12:49.013-0700] {processor.py:914} INFO - Processing file /Users/dimitarjanevski/fake-news-finder/venv/lib/python3.9/site-packages/airflow/example_dags/example_nested_branch_dag.py for tasks to queue
[2024-12-10T22:12:49.014-0700] {logging_mixin.py:190} INFO - [2024-12-10T22:12:49.014-0700] {dagbag.py:588} INFO - Filling up the DagBag from /Users/dimitarjanevski/fake-news-finder/venv/lib/python3.9/site-packages/airflow/example_dags/example_nested_branch_dag.py
[2024-12-10T22:12:49.055-0700] {processor.py:925} INFO - DAG(s) 'example_nested_branch_dag' retrieved from /Users/dimitarjanevski/fake-news-finder/venv/lib/python3.9/site-packages/airflow/example_dags/example_nested_branch_dag.py
[2024-12-10T22:12:49.100-0700] {logging_mixin.py:190} INFO - [2024-12-10T22:12:49.099-0700] {dag.py:3239} INFO - Sync 1 DAGs
[2024-12-10T22:12:49.109-0700] {logging_mixin.py:190} INFO - [2024-12-10T22:12:49.109-0700] {dag.py:4180} INFO - Setting next_dagrun for example_nested_branch_dag to 2024-12-10 00:00:00+00:00, run_after=2024-12-11 00:00:00+00:00
[2024-12-10T22:12:49.118-0700] {processor.py:208} INFO - Processing /Users/dimitarjanevski/fake-news-finder/venv/lib/python3.9/site-packages/airflow/example_dags/example_nested_branch_dag.py took 0.108 seconds
[2024-12-10T22:15:08.253-0700] {processor.py:186} INFO - Started process (PID=1078) to work on /Users/dimitarjanevski/fake-news-finder/venv/lib/python3.9/site-packages/airflow/example_dags/example_nested_branch_dag.py
[2024-12-10T22:15:08.255-0700] {processor.py:914} INFO - Processing file /Users/dimitarjanevski/fake-news-finder/venv/lib/python3.9/site-packages/airflow/example_dags/example_nested_branch_dag.py for tasks to queue
[2024-12-10T22:15:08.257-0700] {logging_mixin.py:190} INFO - [2024-12-10T22:15:08.256-0700] {dagbag.py:588} INFO - Filling up the DagBag from /Users/dimitarjanevski/fake-news-finder/venv/lib/python3.9/site-packages/airflow/example_dags/example_nested_branch_dag.py
[2024-12-10T22:15:08.304-0700] {processor.py:925} INFO - DAG(s) 'example_nested_branch_dag' retrieved from /Users/dimitarjanevski/fake-news-finder/venv/lib/python3.9/site-packages/airflow/example_dags/example_nested_branch_dag.py
[2024-12-10T22:15:08.352-0700] {logging_mixin.py:190} INFO - [2024-12-10T22:15:08.351-0700] {dag.py:3239} INFO - Sync 1 DAGs
[2024-12-10T22:15:08.363-0700] {logging_mixin.py:190} INFO - [2024-12-10T22:15:08.363-0700] {dag.py:4180} INFO - Setting next_dagrun for example_nested_branch_dag to 2024-12-10 00:00:00+00:00, run_after=2024-12-11 00:00:00+00:00
[2024-12-10T22:15:08.372-0700] {processor.py:208} INFO - Processing /Users/dimitarjanevski/fake-news-finder/venv/lib/python3.9/site-packages/airflow/example_dags/example_nested_branch_dag.py took 0.121 seconds
[2024-12-10T22:17:24.245-0700] {processor.py:186} INFO - Started process (PID=3191) to work on /Users/dimitarjanevski/fake-news-finder/venv/lib/python3.9/site-packages/airflow/example_dags/example_nested_branch_dag.py
[2024-12-10T22:17:24.247-0700] {processor.py:914} INFO - Processing file /Users/dimitarjanevski/fake-news-finder/venv/lib/python3.9/site-packages/airflow/example_dags/example_nested_branch_dag.py for tasks to queue
[2024-12-10T22:17:24.247-0700] {logging_mixin.py:190} INFO - [2024-12-10T22:17:24.247-0700] {dagbag.py:588} INFO - Filling up the DagBag from /Users/dimitarjanevski/fake-news-finder/venv/lib/python3.9/site-packages/airflow/example_dags/example_nested_branch_dag.py
[2024-12-10T22:17:24.289-0700] {processor.py:925} INFO - DAG(s) 'example_nested_branch_dag' retrieved from /Users/dimitarjanevski/fake-news-finder/venv/lib/python3.9/site-packages/airflow/example_dags/example_nested_branch_dag.py
[2024-12-10T22:17:24.336-0700] {logging_mixin.py:190} INFO - [2024-12-10T22:17:24.336-0700] {dag.py:3239} INFO - Sync 1 DAGs
[2024-12-10T22:17:24.346-0700] {logging_mixin.py:190} INFO - [2024-12-10T22:17:24.346-0700] {dag.py:4180} INFO - Setting next_dagrun for example_nested_branch_dag to 2024-12-10 00:00:00+00:00, run_after=2024-12-11 00:00:00+00:00
[2024-12-10T22:17:24.354-0700] {processor.py:208} INFO - Processing /Users/dimitarjanevski/fake-news-finder/venv/lib/python3.9/site-packages/airflow/example_dags/example_nested_branch_dag.py took 0.111 seconds
[2024-12-10T22:19:19.968-0700] {processor.py:186} INFO - Started process (PID=4802) to work on /Users/dimitarjanevski/fake-news-finder/venv/lib/python3.9/site-packages/airflow/example_dags/example_nested_branch_dag.py
[2024-12-10T22:19:19.969-0700] {processor.py:914} INFO - Processing file /Users/dimitarjanevski/fake-news-finder/venv/lib/python3.9/site-packages/airflow/example_dags/example_nested_branch_dag.py for tasks to queue
[2024-12-10T22:19:19.969-0700] {logging_mixin.py:190} INFO - [2024-12-10T22:19:19.969-0700] {dagbag.py:588} INFO - Filling up the DagBag from /Users/dimitarjanevski/fake-news-finder/venv/lib/python3.9/site-packages/airflow/example_dags/example_nested_branch_dag.py
[2024-12-10T22:19:20.016-0700] {processor.py:925} INFO - DAG(s) 'example_nested_branch_dag' retrieved from /Users/dimitarjanevski/fake-news-finder/venv/lib/python3.9/site-packages/airflow/example_dags/example_nested_branch_dag.py
[2024-12-10T22:19:20.059-0700] {logging_mixin.py:190} INFO - [2024-12-10T22:19:20.059-0700] {dag.py:3239} INFO - Sync 1 DAGs
[2024-12-10T22:19:20.067-0700] {logging_mixin.py:190} INFO - [2024-12-10T22:19:20.067-0700] {dag.py:4180} INFO - Setting next_dagrun for example_nested_branch_dag to 2024-12-10 00:00:00+00:00, run_after=2024-12-11 00:00:00+00:00
[2024-12-10T22:19:20.076-0700] {processor.py:208} INFO - Processing /Users/dimitarjanevski/fake-news-finder/venv/lib/python3.9/site-packages/airflow/example_dags/example_nested_branch_dag.py took 0.110 seconds
[2024-12-10T22:21:04.638-0700] {processor.py:186} INFO - Started process (PID=5470) to work on /Users/dimitarjanevski/fake-news-finder/venv/lib/python3.9/site-packages/airflow/example_dags/example_nested_branch_dag.py
[2024-12-10T22:21:04.640-0700] {processor.py:914} INFO - Processing file /Users/dimitarjanevski/fake-news-finder/venv/lib/python3.9/site-packages/airflow/example_dags/example_nested_branch_dag.py for tasks to queue
[2024-12-10T22:21:04.640-0700] {logging_mixin.py:190} INFO - [2024-12-10T22:21:04.640-0700] {dagbag.py:588} INFO - Filling up the DagBag from /Users/dimitarjanevski/fake-news-finder/venv/lib/python3.9/site-packages/airflow/example_dags/example_nested_branch_dag.py
[2024-12-10T22:21:04.679-0700] {processor.py:925} INFO - DAG(s) 'example_nested_branch_dag' retrieved from /Users/dimitarjanevski/fake-news-finder/venv/lib/python3.9/site-packages/airflow/example_dags/example_nested_branch_dag.py
[2024-12-10T22:21:04.729-0700] {logging_mixin.py:190} INFO - [2024-12-10T22:21:04.729-0700] {dag.py:3239} INFO - Sync 1 DAGs
[2024-12-10T22:21:04.737-0700] {logging_mixin.py:190} INFO - [2024-12-10T22:21:04.737-0700] {dag.py:4180} INFO - Setting next_dagrun for example_nested_branch_dag to 2024-12-10 00:00:00+00:00, run_after=2024-12-11 00:00:00+00:00
[2024-12-10T22:21:04.745-0700] {processor.py:208} INFO - Processing /Users/dimitarjanevski/fake-news-finder/venv/lib/python3.9/site-packages/airflow/example_dags/example_nested_branch_dag.py took 0.108 seconds
