[2024-12-10T22:10:42.387-0700] {processor.py:186} INFO - Started process (PID=99219) to work on /Users/dimitarjanevski/fake-news-finder/venv/lib/python3.9/site-packages/airflow/example_dags/example_skip_dag.py
[2024-12-10T22:10:42.388-0700] {processor.py:914} INFO - Processing file /Users/dimitarjanevski/fake-news-finder/venv/lib/python3.9/site-packages/airflow/example_dags/example_skip_dag.py for tasks to queue
[2024-12-10T22:10:42.388-0700] {logging_mixin.py:190} INFO - [2024-12-10T22:10:42.388-0700] {dagbag.py:588} INFO - Filling up the DagBag from /Users/dimitarjanevski/fake-news-finder/venv/lib/python3.9/site-packages/airflow/example_dags/example_skip_dag.py
[2024-12-10T22:10:42.392-0700] {processor.py:925} INFO - DAG(s) 'example_skip_dag' retrieved from /Users/dimitarjanevski/fake-news-finder/venv/lib/python3.9/site-packages/airflow/example_dags/example_skip_dag.py
[2024-12-10T22:10:42.495-0700] {logging_mixin.py:190} INFO - [2024-12-10T22:10:42.495-0700] {override.py:1911} INFO - Created Permission View: can delete on DAG:example_skip_dag
[2024-12-10T22:10:42.499-0700] {logging_mixin.py:190} INFO - [2024-12-10T22:10:42.499-0700] {override.py:1911} INFO - Created Permission View: can read on DAG:example_skip_dag
[2024-12-10T22:10:42.501-0700] {logging_mixin.py:190} INFO - [2024-12-10T22:10:42.501-0700] {override.py:1911} INFO - Created Permission View: can edit on DAG:example_skip_dag
[2024-12-10T22:10:42.504-0700] {logging_mixin.py:190} INFO - [2024-12-10T22:10:42.504-0700] {override.py:1911} INFO - Created Permission View: can delete on DAG Run:example_skip_dag
[2024-12-10T22:10:42.506-0700] {logging_mixin.py:190} INFO - [2024-12-10T22:10:42.506-0700] {override.py:1911} INFO - Created Permission View: can read on DAG Run:example_skip_dag
[2024-12-10T22:10:42.508-0700] {logging_mixin.py:190} INFO - [2024-12-10T22:10:42.508-0700] {override.py:1911} INFO - Created Permission View: can create on DAG Run:example_skip_dag
[2024-12-10T22:10:42.510-0700] {logging_mixin.py:190} INFO - [2024-12-10T22:10:42.510-0700] {override.py:1911} INFO - Created Permission View: menu access on DAG Run:example_skip_dag
[2024-12-10T22:10:42.510-0700] {logging_mixin.py:190} INFO - [2024-12-10T22:10:42.510-0700] {dag.py:3239} INFO - Sync 1 DAGs
[2024-12-10T22:10:42.516-0700] {logging_mixin.py:190} INFO - [2024-12-10T22:10:42.516-0700] {dag.py:3262} INFO - Creating ORM DAG for example_skip_dag
[2024-12-10T22:10:42.519-0700] {logging_mixin.py:190} INFO - [2024-12-10T22:10:42.519-0700] {dag.py:4180} INFO - Setting next_dagrun for example_skip_dag to 2024-12-10 00:00:00+00:00, run_after=2024-12-11 00:00:00+00:00
[2024-12-10T22:10:42.525-0700] {processor.py:208} INFO - Processing /Users/dimitarjanevski/fake-news-finder/venv/lib/python3.9/site-packages/airflow/example_dags/example_skip_dag.py took 0.140 seconds
[2024-12-10T22:12:24.985-0700] {processor.py:186} INFO - Started process (PID=99777) to work on /Users/dimitarjanevski/fake-news-finder/venv/lib/python3.9/site-packages/airflow/example_dags/example_skip_dag.py
[2024-12-10T22:12:24.986-0700] {processor.py:914} INFO - Processing file /Users/dimitarjanevski/fake-news-finder/venv/lib/python3.9/site-packages/airflow/example_dags/example_skip_dag.py for tasks to queue
[2024-12-10T22:12:24.986-0700] {logging_mixin.py:190} INFO - [2024-12-10T22:12:24.986-0700] {dagbag.py:588} INFO - Filling up the DagBag from /Users/dimitarjanevski/fake-news-finder/venv/lib/python3.9/site-packages/airflow/example_dags/example_skip_dag.py
[2024-12-10T22:12:24.990-0700] {processor.py:925} INFO - DAG(s) 'example_skip_dag' retrieved from /Users/dimitarjanevski/fake-news-finder/venv/lib/python3.9/site-packages/airflow/example_dags/example_skip_dag.py
[2024-12-10T22:12:25.059-0700] {logging_mixin.py:190} INFO - [2024-12-10T22:12:25.059-0700] {dag.py:3239} INFO - Sync 1 DAGs
[2024-12-10T22:12:25.066-0700] {logging_mixin.py:190} INFO - [2024-12-10T22:12:25.066-0700] {dag.py:4180} INFO - Setting next_dagrun for example_skip_dag to 2024-12-10 00:00:00+00:00, run_after=2024-12-11 00:00:00+00:00
[2024-12-10T22:12:25.074-0700] {processor.py:208} INFO - Processing /Users/dimitarjanevski/fake-news-finder/venv/lib/python3.9/site-packages/airflow/example_dags/example_skip_dag.py took 0.091 seconds
[2024-12-10T22:14:44.520-0700] {processor.py:186} INFO - Started process (PID=918) to work on /Users/dimitarjanevski/fake-news-finder/venv/lib/python3.9/site-packages/airflow/example_dags/example_skip_dag.py
[2024-12-10T22:14:44.520-0700] {processor.py:914} INFO - Processing file /Users/dimitarjanevski/fake-news-finder/venv/lib/python3.9/site-packages/airflow/example_dags/example_skip_dag.py for tasks to queue
[2024-12-10T22:14:44.521-0700] {logging_mixin.py:190} INFO - [2024-12-10T22:14:44.521-0700] {dagbag.py:588} INFO - Filling up the DagBag from /Users/dimitarjanevski/fake-news-finder/venv/lib/python3.9/site-packages/airflow/example_dags/example_skip_dag.py
[2024-12-10T22:14:44.524-0700] {processor.py:925} INFO - DAG(s) 'example_skip_dag' retrieved from /Users/dimitarjanevski/fake-news-finder/venv/lib/python3.9/site-packages/airflow/example_dags/example_skip_dag.py
[2024-12-10T22:14:44.593-0700] {logging_mixin.py:190} INFO - [2024-12-10T22:14:44.593-0700] {dag.py:3239} INFO - Sync 1 DAGs
[2024-12-10T22:14:44.604-0700] {logging_mixin.py:190} INFO - [2024-12-10T22:14:44.604-0700] {dag.py:4180} INFO - Setting next_dagrun for example_skip_dag to 2024-12-10 00:00:00+00:00, run_after=2024-12-11 00:00:00+00:00
[2024-12-10T22:14:44.613-0700] {processor.py:208} INFO - Processing /Users/dimitarjanevski/fake-news-finder/venv/lib/python3.9/site-packages/airflow/example_dags/example_skip_dag.py took 0.095 seconds
[2024-12-10T22:17:01.024-0700] {processor.py:186} INFO - Started process (PID=2876) to work on /Users/dimitarjanevski/fake-news-finder/venv/lib/python3.9/site-packages/airflow/example_dags/example_skip_dag.py
[2024-12-10T22:17:01.025-0700] {processor.py:914} INFO - Processing file /Users/dimitarjanevski/fake-news-finder/venv/lib/python3.9/site-packages/airflow/example_dags/example_skip_dag.py for tasks to queue
[2024-12-10T22:17:01.026-0700] {logging_mixin.py:190} INFO - [2024-12-10T22:17:01.026-0700] {dagbag.py:588} INFO - Filling up the DagBag from /Users/dimitarjanevski/fake-news-finder/venv/lib/python3.9/site-packages/airflow/example_dags/example_skip_dag.py
[2024-12-10T22:17:01.029-0700] {processor.py:925} INFO - DAG(s) 'example_skip_dag' retrieved from /Users/dimitarjanevski/fake-news-finder/venv/lib/python3.9/site-packages/airflow/example_dags/example_skip_dag.py
[2024-12-10T22:17:01.098-0700] {logging_mixin.py:190} INFO - [2024-12-10T22:17:01.097-0700] {dag.py:3239} INFO - Sync 1 DAGs
[2024-12-10T22:17:01.106-0700] {logging_mixin.py:190} INFO - [2024-12-10T22:17:01.106-0700] {dag.py:4180} INFO - Setting next_dagrun for example_skip_dag to 2024-12-10 00:00:00+00:00, run_after=2024-12-11 00:00:00+00:00
[2024-12-10T22:17:01.113-0700] {processor.py:208} INFO - Processing /Users/dimitarjanevski/fake-news-finder/venv/lib/python3.9/site-packages/airflow/example_dags/example_skip_dag.py took 0.090 seconds
[2024-12-10T22:18:59.325-0700] {processor.py:186} INFO - Started process (PID=4662) to work on /Users/dimitarjanevski/fake-news-finder/venv/lib/python3.9/site-packages/airflow/example_dags/example_skip_dag.py
[2024-12-10T22:18:59.326-0700] {processor.py:914} INFO - Processing file /Users/dimitarjanevski/fake-news-finder/venv/lib/python3.9/site-packages/airflow/example_dags/example_skip_dag.py for tasks to queue
[2024-12-10T22:18:59.326-0700] {logging_mixin.py:190} INFO - [2024-12-10T22:18:59.326-0700] {dagbag.py:588} INFO - Filling up the DagBag from /Users/dimitarjanevski/fake-news-finder/venv/lib/python3.9/site-packages/airflow/example_dags/example_skip_dag.py
[2024-12-10T22:18:59.330-0700] {processor.py:925} INFO - DAG(s) 'example_skip_dag' retrieved from /Users/dimitarjanevski/fake-news-finder/venv/lib/python3.9/site-packages/airflow/example_dags/example_skip_dag.py
[2024-12-10T22:18:59.402-0700] {logging_mixin.py:190} INFO - [2024-12-10T22:18:59.402-0700] {dag.py:3239} INFO - Sync 1 DAGs
[2024-12-10T22:18:59.412-0700] {logging_mixin.py:190} INFO - [2024-12-10T22:18:59.411-0700] {dag.py:4180} INFO - Setting next_dagrun for example_skip_dag to 2024-12-10 00:00:00+00:00, run_after=2024-12-11 00:00:00+00:00
[2024-12-10T22:18:59.421-0700] {processor.py:208} INFO - Processing /Users/dimitarjanevski/fake-news-finder/venv/lib/python3.9/site-packages/airflow/example_dags/example_skip_dag.py took 0.098 seconds
[2024-12-10T22:20:40.722-0700] {processor.py:186} INFO - Started process (PID=5317) to work on /Users/dimitarjanevski/fake-news-finder/venv/lib/python3.9/site-packages/airflow/example_dags/example_skip_dag.py
[2024-12-10T22:20:40.723-0700] {processor.py:914} INFO - Processing file /Users/dimitarjanevski/fake-news-finder/venv/lib/python3.9/site-packages/airflow/example_dags/example_skip_dag.py for tasks to queue
[2024-12-10T22:20:40.723-0700] {logging_mixin.py:190} INFO - [2024-12-10T22:20:40.723-0700] {dagbag.py:588} INFO - Filling up the DagBag from /Users/dimitarjanevski/fake-news-finder/venv/lib/python3.9/site-packages/airflow/example_dags/example_skip_dag.py
[2024-12-10T22:20:40.727-0700] {processor.py:925} INFO - DAG(s) 'example_skip_dag' retrieved from /Users/dimitarjanevski/fake-news-finder/venv/lib/python3.9/site-packages/airflow/example_dags/example_skip_dag.py
[2024-12-10T22:20:40.795-0700] {logging_mixin.py:190} INFO - [2024-12-10T22:20:40.795-0700] {dag.py:3239} INFO - Sync 1 DAGs
[2024-12-10T22:20:40.803-0700] {logging_mixin.py:190} INFO - [2024-12-10T22:20:40.803-0700] {dag.py:4180} INFO - Setting next_dagrun for example_skip_dag to 2024-12-10 00:00:00+00:00, run_after=2024-12-11 00:00:00+00:00
[2024-12-10T22:20:40.809-0700] {processor.py:208} INFO - Processing /Users/dimitarjanevski/fake-news-finder/venv/lib/python3.9/site-packages/airflow/example_dags/example_skip_dag.py took 0.089 seconds
