[2024-12-10T22:10:57.057-0700] {processor.py:186} INFO - Started process (PID=99294) to work on /Users/dimitarjanevski/fake-news-finder/venv/lib/python3.9/site-packages/airflow/example_dags/example_python_decorator.py
[2024-12-10T22:10:57.057-0700] {processor.py:914} INFO - Processing file /Users/dimitarjanevski/fake-news-finder/venv/lib/python3.9/site-packages/airflow/example_dags/example_python_decorator.py for tasks to queue
[2024-12-10T22:10:57.058-0700] {logging_mixin.py:190} INFO - [2024-12-10T22:10:57.058-0700] {dagbag.py:588} INFO - Filling up the DagBag from /Users/dimitarjanevski/fake-news-finder/venv/lib/python3.9/site-packages/airflow/example_dags/example_python_decorator.py
[2024-12-10T22:10:57.098-0700] {processor.py:925} INFO - DAG(s) 'example_python_decorator' retrieved from /Users/dimitarjanevski/fake-news-finder/venv/lib/python3.9/site-packages/airflow/example_dags/example_python_decorator.py
[2024-12-10T22:10:57.174-0700] {logging_mixin.py:190} INFO - [2024-12-10T22:10:57.174-0700] {override.py:1911} INFO - Created Permission View: can read on DAG:example_python_decorator
[2024-12-10T22:10:57.177-0700] {logging_mixin.py:190} INFO - [2024-12-10T22:10:57.177-0700] {override.py:1911} INFO - Created Permission View: can edit on DAG:example_python_decorator
[2024-12-10T22:10:57.179-0700] {logging_mixin.py:190} INFO - [2024-12-10T22:10:57.179-0700] {override.py:1911} INFO - Created Permission View: can delete on DAG:example_python_decorator
[2024-12-10T22:10:57.182-0700] {logging_mixin.py:190} INFO - [2024-12-10T22:10:57.182-0700] {override.py:1911} INFO - Created Permission View: can read on DAG Run:example_python_decorator
[2024-12-10T22:10:57.184-0700] {logging_mixin.py:190} INFO - [2024-12-10T22:10:57.184-0700] {override.py:1911} INFO - Created Permission View: menu access on DAG Run:example_python_decorator
[2024-12-10T22:10:57.186-0700] {logging_mixin.py:190} INFO - [2024-12-10T22:10:57.186-0700] {override.py:1911} INFO - Created Permission View: can delete on DAG Run:example_python_decorator
[2024-12-10T22:10:57.188-0700] {logging_mixin.py:190} INFO - [2024-12-10T22:10:57.188-0700] {override.py:1911} INFO - Created Permission View: can create on DAG Run:example_python_decorator
[2024-12-10T22:10:57.188-0700] {logging_mixin.py:190} INFO - [2024-12-10T22:10:57.188-0700] {dag.py:3239} INFO - Sync 1 DAGs
[2024-12-10T22:10:57.193-0700] {logging_mixin.py:190} INFO - [2024-12-10T22:10:57.193-0700] {dag.py:3262} INFO - Creating ORM DAG for example_python_decorator
[2024-12-10T22:10:57.193-0700] {logging_mixin.py:190} INFO - [2024-12-10T22:10:57.193-0700] {dag.py:4180} INFO - Setting next_dagrun for example_python_decorator to None, run_after=None
[2024-12-10T22:10:57.200-0700] {processor.py:208} INFO - Processing /Users/dimitarjanevski/fake-news-finder/venv/lib/python3.9/site-packages/airflow/example_dags/example_python_decorator.py took 0.144 seconds
[2024-12-10T22:12:40.048-0700] {processor.py:186} INFO - Started process (PID=99852) to work on /Users/dimitarjanevski/fake-news-finder/venv/lib/python3.9/site-packages/airflow/example_dags/example_python_decorator.py
[2024-12-10T22:12:40.049-0700] {processor.py:914} INFO - Processing file /Users/dimitarjanevski/fake-news-finder/venv/lib/python3.9/site-packages/airflow/example_dags/example_python_decorator.py for tasks to queue
[2024-12-10T22:12:40.049-0700] {logging_mixin.py:190} INFO - [2024-12-10T22:12:40.049-0700] {dagbag.py:588} INFO - Filling up the DagBag from /Users/dimitarjanevski/fake-news-finder/venv/lib/python3.9/site-packages/airflow/example_dags/example_python_decorator.py
[2024-12-10T22:12:40.089-0700] {processor.py:925} INFO - DAG(s) 'example_python_decorator' retrieved from /Users/dimitarjanevski/fake-news-finder/venv/lib/python3.9/site-packages/airflow/example_dags/example_python_decorator.py
[2024-12-10T22:12:40.173-0700] {logging_mixin.py:190} INFO - [2024-12-10T22:12:40.173-0700] {dag.py:3239} INFO - Sync 1 DAGs
[2024-12-10T22:12:40.177-0700] {logging_mixin.py:190} INFO - [2024-12-10T22:12:40.177-0700] {dag.py:4180} INFO - Setting next_dagrun for example_python_decorator to None, run_after=None
[2024-12-10T22:12:40.186-0700] {processor.py:208} INFO - Processing /Users/dimitarjanevski/fake-news-finder/venv/lib/python3.9/site-packages/airflow/example_dags/example_python_decorator.py took 0.139 seconds
[2024-12-10T22:14:59.468-0700] {processor.py:186} INFO - Started process (PID=1012) to work on /Users/dimitarjanevski/fake-news-finder/venv/lib/python3.9/site-packages/airflow/example_dags/example_python_decorator.py
[2024-12-10T22:14:59.469-0700] {processor.py:914} INFO - Processing file /Users/dimitarjanevski/fake-news-finder/venv/lib/python3.9/site-packages/airflow/example_dags/example_python_decorator.py for tasks to queue
[2024-12-10T22:14:59.469-0700] {logging_mixin.py:190} INFO - [2024-12-10T22:14:59.469-0700] {dagbag.py:588} INFO - Filling up the DagBag from /Users/dimitarjanevski/fake-news-finder/venv/lib/python3.9/site-packages/airflow/example_dags/example_python_decorator.py
[2024-12-10T22:14:59.511-0700] {processor.py:925} INFO - DAG(s) 'example_python_decorator' retrieved from /Users/dimitarjanevski/fake-news-finder/venv/lib/python3.9/site-packages/airflow/example_dags/example_python_decorator.py
[2024-12-10T22:14:59.592-0700] {logging_mixin.py:190} INFO - [2024-12-10T22:14:59.592-0700] {dag.py:3239} INFO - Sync 1 DAGs
[2024-12-10T22:14:59.598-0700] {logging_mixin.py:190} INFO - [2024-12-10T22:14:59.598-0700] {dag.py:4180} INFO - Setting next_dagrun for example_python_decorator to None, run_after=None
[2024-12-10T22:14:59.606-0700] {processor.py:208} INFO - Processing /Users/dimitarjanevski/fake-news-finder/venv/lib/python3.9/site-packages/airflow/example_dags/example_python_decorator.py took 0.140 seconds
[2024-12-10T22:17:16.069-0700] {processor.py:186} INFO - Started process (PID=2964) to work on /Users/dimitarjanevski/fake-news-finder/venv/lib/python3.9/site-packages/airflow/example_dags/example_python_decorator.py
[2024-12-10T22:17:16.070-0700] {processor.py:914} INFO - Processing file /Users/dimitarjanevski/fake-news-finder/venv/lib/python3.9/site-packages/airflow/example_dags/example_python_decorator.py for tasks to queue
[2024-12-10T22:17:16.070-0700] {logging_mixin.py:190} INFO - [2024-12-10T22:17:16.070-0700] {dagbag.py:588} INFO - Filling up the DagBag from /Users/dimitarjanevski/fake-news-finder/venv/lib/python3.9/site-packages/airflow/example_dags/example_python_decorator.py
[2024-12-10T22:17:16.116-0700] {processor.py:925} INFO - DAG(s) 'example_python_decorator' retrieved from /Users/dimitarjanevski/fake-news-finder/venv/lib/python3.9/site-packages/airflow/example_dags/example_python_decorator.py
[2024-12-10T22:17:16.210-0700] {logging_mixin.py:190} INFO - [2024-12-10T22:17:16.210-0700] {dag.py:3239} INFO - Sync 1 DAGs
[2024-12-10T22:17:16.218-0700] {logging_mixin.py:190} INFO - [2024-12-10T22:17:16.218-0700] {dag.py:4180} INFO - Setting next_dagrun for example_python_decorator to None, run_after=None
[2024-12-10T22:17:16.227-0700] {processor.py:208} INFO - Processing /Users/dimitarjanevski/fake-news-finder/venv/lib/python3.9/site-packages/airflow/example_dags/example_python_decorator.py took 0.159 seconds
[2024-12-10T22:19:12.128-0700] {processor.py:186} INFO - Started process (PID=4740) to work on /Users/dimitarjanevski/fake-news-finder/venv/lib/python3.9/site-packages/airflow/example_dags/example_python_decorator.py
[2024-12-10T22:19:12.129-0700] {processor.py:914} INFO - Processing file /Users/dimitarjanevski/fake-news-finder/venv/lib/python3.9/site-packages/airflow/example_dags/example_python_decorator.py for tasks to queue
[2024-12-10T22:19:12.130-0700] {logging_mixin.py:190} INFO - [2024-12-10T22:19:12.130-0700] {dagbag.py:588} INFO - Filling up the DagBag from /Users/dimitarjanevski/fake-news-finder/venv/lib/python3.9/site-packages/airflow/example_dags/example_python_decorator.py
[2024-12-10T22:19:12.173-0700] {processor.py:925} INFO - DAG(s) 'example_python_decorator' retrieved from /Users/dimitarjanevski/fake-news-finder/venv/lib/python3.9/site-packages/airflow/example_dags/example_python_decorator.py
[2024-12-10T22:19:12.257-0700] {logging_mixin.py:190} INFO - [2024-12-10T22:19:12.257-0700] {dag.py:3239} INFO - Sync 1 DAGs
[2024-12-10T22:19:12.261-0700] {logging_mixin.py:190} INFO - [2024-12-10T22:19:12.261-0700] {dag.py:4180} INFO - Setting next_dagrun for example_python_decorator to None, run_after=None
[2024-12-10T22:19:12.270-0700] {processor.py:208} INFO - Processing /Users/dimitarjanevski/fake-news-finder/venv/lib/python3.9/site-packages/airflow/example_dags/example_python_decorator.py took 0.143 seconds
[2024-12-10T22:20:55.247-0700] {processor.py:186} INFO - Started process (PID=5412) to work on /Users/dimitarjanevski/fake-news-finder/venv/lib/python3.9/site-packages/airflow/example_dags/example_python_decorator.py
[2024-12-10T22:20:55.249-0700] {processor.py:914} INFO - Processing file /Users/dimitarjanevski/fake-news-finder/venv/lib/python3.9/site-packages/airflow/example_dags/example_python_decorator.py for tasks to queue
[2024-12-10T22:20:55.249-0700] {logging_mixin.py:190} INFO - [2024-12-10T22:20:55.249-0700] {dagbag.py:588} INFO - Filling up the DagBag from /Users/dimitarjanevski/fake-news-finder/venv/lib/python3.9/site-packages/airflow/example_dags/example_python_decorator.py
[2024-12-10T22:20:55.290-0700] {processor.py:925} INFO - DAG(s) 'example_python_decorator' retrieved from /Users/dimitarjanevski/fake-news-finder/venv/lib/python3.9/site-packages/airflow/example_dags/example_python_decorator.py
[2024-12-10T22:20:55.369-0700] {logging_mixin.py:190} INFO - [2024-12-10T22:20:55.368-0700] {dag.py:3239} INFO - Sync 1 DAGs
[2024-12-10T22:20:55.373-0700] {logging_mixin.py:190} INFO - [2024-12-10T22:20:55.373-0700] {dag.py:4180} INFO - Setting next_dagrun for example_python_decorator to None, run_after=None
[2024-12-10T22:20:55.381-0700] {processor.py:208} INFO - Processing /Users/dimitarjanevski/fake-news-finder/venv/lib/python3.9/site-packages/airflow/example_dags/example_python_decorator.py took 0.135 seconds
