[2024-12-10T22:11:13.544-0700] {processor.py:186} INFO - Started process (PID=99380) to work on /Users/dimitarjanevski/fake-news-finder/venv/lib/python3.9/site-packages/airflow/example_dags/example_kubernetes_executor.py
[2024-12-10T22:11:13.545-0700] {processor.py:914} INFO - Processing file /Users/dimitarjanevski/fake-news-finder/venv/lib/python3.9/site-packages/airflow/example_dags/example_kubernetes_executor.py for tasks to queue
[2024-12-10T22:11:13.546-0700] {logging_mixin.py:190} INFO - [2024-12-10T22:11:13.545-0700] {dagbag.py:588} INFO - Filling up the DagBag from /Users/dimitarjanevski/fake-news-finder/venv/lib/python3.9/site-packages/airflow/example_dags/example_kubernetes_executor.py
[2024-12-10T22:11:13.587-0700] {logging_mixin.py:190} INFO - [2024-12-10T22:11:13.587-0700] {example_kubernetes_executor.py:39} WARNING - The example_kubernetes_executor example DAG requires the kubernetes provider. Please install it with: pip install apache-airflow[cncf.kubernetes]
[2024-12-10T22:11:13.587-0700] {processor.py:927} WARNING - No viable dags retrieved from /Users/dimitarjanevski/fake-news-finder/venv/lib/python3.9/site-packages/airflow/example_dags/example_kubernetes_executor.py
[2024-12-10T22:11:13.625-0700] {processor.py:208} INFO - Processing /Users/dimitarjanevski/fake-news-finder/venv/lib/python3.9/site-packages/airflow/example_dags/example_kubernetes_executor.py took 0.083 seconds
[2024-12-10T22:12:55.984-0700] {processor.py:186} INFO - Started process (PID=99935) to work on /Users/dimitarjanevski/fake-news-finder/venv/lib/python3.9/site-packages/airflow/example_dags/example_kubernetes_executor.py
[2024-12-10T22:12:55.985-0700] {processor.py:914} INFO - Processing file /Users/dimitarjanevski/fake-news-finder/venv/lib/python3.9/site-packages/airflow/example_dags/example_kubernetes_executor.py for tasks to queue
[2024-12-10T22:12:55.986-0700] {logging_mixin.py:190} INFO - [2024-12-10T22:12:55.986-0700] {dagbag.py:588} INFO - Filling up the DagBag from /Users/dimitarjanevski/fake-news-finder/venv/lib/python3.9/site-packages/airflow/example_dags/example_kubernetes_executor.py
[2024-12-10T22:12:56.024-0700] {logging_mixin.py:190} INFO - [2024-12-10T22:12:56.024-0700] {example_kubernetes_executor.py:39} WARNING - The example_kubernetes_executor example DAG requires the kubernetes provider. Please install it with: pip install apache-airflow[cncf.kubernetes]
[2024-12-10T22:12:56.024-0700] {processor.py:927} WARNING - No viable dags retrieved from /Users/dimitarjanevski/fake-news-finder/venv/lib/python3.9/site-packages/airflow/example_dags/example_kubernetes_executor.py
[2024-12-10T22:12:56.061-0700] {processor.py:208} INFO - Processing /Users/dimitarjanevski/fake-news-finder/venv/lib/python3.9/site-packages/airflow/example_dags/example_kubernetes_executor.py took 0.079 seconds
[2024-12-10T22:17:31.074-0700] {processor.py:186} INFO - Started process (PID=3327) to work on /Users/dimitarjanevski/fake-news-finder/venv/lib/python3.9/site-packages/airflow/example_dags/example_kubernetes_executor.py
[2024-12-10T22:17:31.074-0700] {processor.py:914} INFO - Processing file /Users/dimitarjanevski/fake-news-finder/venv/lib/python3.9/site-packages/airflow/example_dags/example_kubernetes_executor.py for tasks to queue
[2024-12-10T22:17:31.075-0700] {logging_mixin.py:190} INFO - [2024-12-10T22:17:31.075-0700] {dagbag.py:588} INFO - Filling up the DagBag from /Users/dimitarjanevski/fake-news-finder/venv/lib/python3.9/site-packages/airflow/example_dags/example_kubernetes_executor.py
[2024-12-10T22:17:31.113-0700] {logging_mixin.py:190} INFO - [2024-12-10T22:17:31.113-0700] {example_kubernetes_executor.py:39} WARNING - The example_kubernetes_executor example DAG requires the kubernetes provider. Please install it with: pip install apache-airflow[cncf.kubernetes]
[2024-12-10T22:17:31.114-0700] {processor.py:927} WARNING - No viable dags retrieved from /Users/dimitarjanevski/fake-news-finder/venv/lib/python3.9/site-packages/airflow/example_dags/example_kubernetes_executor.py
[2024-12-10T22:17:31.152-0700] {processor.py:208} INFO - Processing /Users/dimitarjanevski/fake-news-finder/venv/lib/python3.9/site-packages/airflow/example_dags/example_kubernetes_executor.py took 0.081 seconds
[2024-12-10T22:19:25.846-0700] {processor.py:186} INFO - Started process (PID=4837) to work on /Users/dimitarjanevski/fake-news-finder/venv/lib/python3.9/site-packages/airflow/example_dags/example_kubernetes_executor.py
[2024-12-10T22:19:25.846-0700] {processor.py:914} INFO - Processing file /Users/dimitarjanevski/fake-news-finder/venv/lib/python3.9/site-packages/airflow/example_dags/example_kubernetes_executor.py for tasks to queue
[2024-12-10T22:19:25.847-0700] {logging_mixin.py:190} INFO - [2024-12-10T22:19:25.847-0700] {dagbag.py:588} INFO - Filling up the DagBag from /Users/dimitarjanevski/fake-news-finder/venv/lib/python3.9/site-packages/airflow/example_dags/example_kubernetes_executor.py
[2024-12-10T22:19:25.890-0700] {logging_mixin.py:190} INFO - [2024-12-10T22:19:25.890-0700] {example_kubernetes_executor.py:39} WARNING - The example_kubernetes_executor example DAG requires the kubernetes provider. Please install it with: pip install apache-airflow[cncf.kubernetes]
[2024-12-10T22:19:25.890-0700] {processor.py:927} WARNING - No viable dags retrieved from /Users/dimitarjanevski/fake-news-finder/venv/lib/python3.9/site-packages/airflow/example_dags/example_kubernetes_executor.py
[2024-12-10T22:19:25.928-0700] {processor.py:208} INFO - Processing /Users/dimitarjanevski/fake-news-finder/venv/lib/python3.9/site-packages/airflow/example_dags/example_kubernetes_executor.py took 0.085 seconds
[2024-12-10T22:21:11.639-0700] {processor.py:186} INFO - Started process (PID=5505) to work on /Users/dimitarjanevski/fake-news-finder/venv/lib/python3.9/site-packages/airflow/example_dags/example_kubernetes_executor.py
[2024-12-10T22:21:11.640-0700] {processor.py:914} INFO - Processing file /Users/dimitarjanevski/fake-news-finder/venv/lib/python3.9/site-packages/airflow/example_dags/example_kubernetes_executor.py for tasks to queue
[2024-12-10T22:21:11.641-0700] {logging_mixin.py:190} INFO - [2024-12-10T22:21:11.641-0700] {dagbag.py:588} INFO - Filling up the DagBag from /Users/dimitarjanevski/fake-news-finder/venv/lib/python3.9/site-packages/airflow/example_dags/example_kubernetes_executor.py
[2024-12-10T22:21:11.678-0700] {logging_mixin.py:190} INFO - [2024-12-10T22:21:11.678-0700] {example_kubernetes_executor.py:39} WARNING - The example_kubernetes_executor example DAG requires the kubernetes provider. Please install it with: pip install apache-airflow[cncf.kubernetes]
[2024-12-10T22:21:11.678-0700] {processor.py:927} WARNING - No viable dags retrieved from /Users/dimitarjanevski/fake-news-finder/venv/lib/python3.9/site-packages/airflow/example_dags/example_kubernetes_executor.py
[2024-12-10T22:21:11.717-0700] {processor.py:208} INFO - Processing /Users/dimitarjanevski/fake-news-finder/venv/lib/python3.9/site-packages/airflow/example_dags/example_kubernetes_executor.py took 0.079 seconds
