[2024-12-10T22:10:37.562-0700] {processor.py:186} INFO - Started process (PID=99180) to work on /Users/dimitarjanevski/fake-news-finder/venv/lib/python3.9/site-packages/airflow/example_dags/example_task_group.py
[2024-12-10T22:10:37.563-0700] {processor.py:914} INFO - Processing file /Users/dimitarjanevski/fake-news-finder/venv/lib/python3.9/site-packages/airflow/example_dags/example_task_group.py for tasks to queue
[2024-12-10T22:10:37.563-0700] {logging_mixin.py:190} INFO - [2024-12-10T22:10:37.563-0700] {dagbag.py:588} INFO - Filling up the DagBag from /Users/dimitarjanevski/fake-news-finder/venv/lib/python3.9/site-packages/airflow/example_dags/example_task_group.py
[2024-12-10T22:10:37.594-0700] {processor.py:925} INFO - DAG(s) 'example_task_group' retrieved from /Users/dimitarjanevski/fake-news-finder/venv/lib/python3.9/site-packages/airflow/example_dags/example_task_group.py
[2024-12-10T22:10:37.674-0700] {logging_mixin.py:190} INFO - [2024-12-10T22:10:37.673-0700] {override.py:1911} INFO - Created Permission View: can edit on DAG:example_task_group
[2024-12-10T22:10:37.677-0700] {logging_mixin.py:190} INFO - [2024-12-10T22:10:37.677-0700] {override.py:1911} INFO - Created Permission View: can delete on DAG:example_task_group
[2024-12-10T22:10:37.679-0700] {logging_mixin.py:190} INFO - [2024-12-10T22:10:37.679-0700] {override.py:1911} INFO - Created Permission View: can read on DAG:example_task_group
[2024-12-10T22:10:37.682-0700] {logging_mixin.py:190} INFO - [2024-12-10T22:10:37.682-0700] {override.py:1911} INFO - Created Permission View: can create on DAG Run:example_task_group
[2024-12-10T22:10:37.684-0700] {logging_mixin.py:190} INFO - [2024-12-10T22:10:37.684-0700] {override.py:1911} INFO - Created Permission View: menu access on DAG Run:example_task_group
[2024-12-10T22:10:37.686-0700] {logging_mixin.py:190} INFO - [2024-12-10T22:10:37.686-0700] {override.py:1911} INFO - Created Permission View: can delete on DAG Run:example_task_group
[2024-12-10T22:10:37.688-0700] {logging_mixin.py:190} INFO - [2024-12-10T22:10:37.688-0700] {override.py:1911} INFO - Created Permission View: can read on DAG Run:example_task_group
[2024-12-10T22:10:37.689-0700] {logging_mixin.py:190} INFO - [2024-12-10T22:10:37.688-0700] {dag.py:3239} INFO - Sync 1 DAGs
[2024-12-10T22:10:37.694-0700] {logging_mixin.py:190} INFO - [2024-12-10T22:10:37.694-0700] {dag.py:3262} INFO - Creating ORM DAG for example_task_group
[2024-12-10T22:10:37.694-0700] {logging_mixin.py:190} INFO - [2024-12-10T22:10:37.694-0700] {dag.py:4180} INFO - Setting next_dagrun for example_task_group to None, run_after=None
[2024-12-10T22:10:37.700-0700] {processor.py:208} INFO - Processing /Users/dimitarjanevski/fake-news-finder/venv/lib/python3.9/site-packages/airflow/example_dags/example_task_group.py took 0.140 seconds
[2024-12-10T22:12:19.957-0700] {processor.py:186} INFO - Started process (PID=99745) to work on /Users/dimitarjanevski/fake-news-finder/venv/lib/python3.9/site-packages/airflow/example_dags/example_task_group.py
[2024-12-10T22:12:19.958-0700] {processor.py:914} INFO - Processing file /Users/dimitarjanevski/fake-news-finder/venv/lib/python3.9/site-packages/airflow/example_dags/example_task_group.py for tasks to queue
[2024-12-10T22:12:19.958-0700] {logging_mixin.py:190} INFO - [2024-12-10T22:12:19.958-0700] {dagbag.py:588} INFO - Filling up the DagBag from /Users/dimitarjanevski/fake-news-finder/venv/lib/python3.9/site-packages/airflow/example_dags/example_task_group.py
[2024-12-10T22:12:19.963-0700] {processor.py:925} INFO - DAG(s) 'example_task_group' retrieved from /Users/dimitarjanevski/fake-news-finder/venv/lib/python3.9/site-packages/airflow/example_dags/example_task_group.py
[2024-12-10T22:12:20.029-0700] {logging_mixin.py:190} INFO - [2024-12-10T22:12:20.029-0700] {dag.py:3239} INFO - Sync 1 DAGs
[2024-12-10T22:12:20.034-0700] {logging_mixin.py:190} INFO - [2024-12-10T22:12:20.034-0700] {dag.py:4180} INFO - Setting next_dagrun for example_task_group to None, run_after=None
[2024-12-10T22:12:20.042-0700] {processor.py:208} INFO - Processing /Users/dimitarjanevski/fake-news-finder/venv/lib/python3.9/site-packages/airflow/example_dags/example_task_group.py took 0.086 seconds
[2024-12-10T22:14:39.195-0700] {processor.py:186} INFO - Started process (PID=885) to work on /Users/dimitarjanevski/fake-news-finder/venv/lib/python3.9/site-packages/airflow/example_dags/example_task_group.py
[2024-12-10T22:14:39.196-0700] {processor.py:914} INFO - Processing file /Users/dimitarjanevski/fake-news-finder/venv/lib/python3.9/site-packages/airflow/example_dags/example_task_group.py for tasks to queue
[2024-12-10T22:14:39.196-0700] {logging_mixin.py:190} INFO - [2024-12-10T22:14:39.196-0700] {dagbag.py:588} INFO - Filling up the DagBag from /Users/dimitarjanevski/fake-news-finder/venv/lib/python3.9/site-packages/airflow/example_dags/example_task_group.py
[2024-12-10T22:14:39.201-0700] {processor.py:925} INFO - DAG(s) 'example_task_group' retrieved from /Users/dimitarjanevski/fake-news-finder/venv/lib/python3.9/site-packages/airflow/example_dags/example_task_group.py
[2024-12-10T22:14:39.270-0700] {logging_mixin.py:190} INFO - [2024-12-10T22:14:39.270-0700] {dag.py:3239} INFO - Sync 1 DAGs
[2024-12-10T22:14:39.277-0700] {logging_mixin.py:190} INFO - [2024-12-10T22:14:39.277-0700] {dag.py:4180} INFO - Setting next_dagrun for example_task_group to None, run_after=None
[2024-12-10T22:14:39.288-0700] {processor.py:208} INFO - Processing /Users/dimitarjanevski/fake-news-finder/venv/lib/python3.9/site-packages/airflow/example_dags/example_task_group.py took 0.095 seconds
[2024-12-10T22:16:55.311-0700] {processor.py:186} INFO - Started process (PID=2853) to work on /Users/dimitarjanevski/fake-news-finder/venv/lib/python3.9/site-packages/airflow/example_dags/example_task_group.py
[2024-12-10T22:16:55.311-0700] {processor.py:914} INFO - Processing file /Users/dimitarjanevski/fake-news-finder/venv/lib/python3.9/site-packages/airflow/example_dags/example_task_group.py for tasks to queue
[2024-12-10T22:16:55.312-0700] {logging_mixin.py:190} INFO - [2024-12-10T22:16:55.312-0700] {dagbag.py:588} INFO - Filling up the DagBag from /Users/dimitarjanevski/fake-news-finder/venv/lib/python3.9/site-packages/airflow/example_dags/example_task_group.py
[2024-12-10T22:16:55.316-0700] {processor.py:925} INFO - DAG(s) 'example_task_group' retrieved from /Users/dimitarjanevski/fake-news-finder/venv/lib/python3.9/site-packages/airflow/example_dags/example_task_group.py
[2024-12-10T22:16:55.387-0700] {logging_mixin.py:190} INFO - [2024-12-10T22:16:55.387-0700] {dag.py:3239} INFO - Sync 1 DAGs
[2024-12-10T22:16:55.391-0700] {logging_mixin.py:190} INFO - [2024-12-10T22:16:55.391-0700] {dag.py:4180} INFO - Setting next_dagrun for example_task_group to None, run_after=None
[2024-12-10T22:16:55.399-0700] {processor.py:208} INFO - Processing /Users/dimitarjanevski/fake-news-finder/venv/lib/python3.9/site-packages/airflow/example_dags/example_task_group.py took 0.090 seconds
[2024-12-10T22:18:53.980-0700] {processor.py:186} INFO - Started process (PID=4625) to work on /Users/dimitarjanevski/fake-news-finder/venv/lib/python3.9/site-packages/airflow/example_dags/example_task_group.py
[2024-12-10T22:18:53.981-0700] {processor.py:914} INFO - Processing file /Users/dimitarjanevski/fake-news-finder/venv/lib/python3.9/site-packages/airflow/example_dags/example_task_group.py for tasks to queue
[2024-12-10T22:18:53.981-0700] {logging_mixin.py:190} INFO - [2024-12-10T22:18:53.981-0700] {dagbag.py:588} INFO - Filling up the DagBag from /Users/dimitarjanevski/fake-news-finder/venv/lib/python3.9/site-packages/airflow/example_dags/example_task_group.py
[2024-12-10T22:18:53.986-0700] {processor.py:925} INFO - DAG(s) 'example_task_group' retrieved from /Users/dimitarjanevski/fake-news-finder/venv/lib/python3.9/site-packages/airflow/example_dags/example_task_group.py
[2024-12-10T22:18:54.054-0700] {logging_mixin.py:190} INFO - [2024-12-10T22:18:54.053-0700] {dag.py:3239} INFO - Sync 1 DAGs
[2024-12-10T22:18:54.058-0700] {logging_mixin.py:190} INFO - [2024-12-10T22:18:54.058-0700] {dag.py:4180} INFO - Setting next_dagrun for example_task_group to None, run_after=None
[2024-12-10T22:18:54.065-0700] {processor.py:208} INFO - Processing /Users/dimitarjanevski/fake-news-finder/venv/lib/python3.9/site-packages/airflow/example_dags/example_task_group.py took 0.087 seconds
[2024-12-10T22:20:35.690-0700] {processor.py:186} INFO - Started process (PID=5291) to work on /Users/dimitarjanevski/fake-news-finder/venv/lib/python3.9/site-packages/airflow/example_dags/example_task_group.py
[2024-12-10T22:20:35.691-0700] {processor.py:914} INFO - Processing file /Users/dimitarjanevski/fake-news-finder/venv/lib/python3.9/site-packages/airflow/example_dags/example_task_group.py for tasks to queue
[2024-12-10T22:20:35.691-0700] {logging_mixin.py:190} INFO - [2024-12-10T22:20:35.691-0700] {dagbag.py:588} INFO - Filling up the DagBag from /Users/dimitarjanevski/fake-news-finder/venv/lib/python3.9/site-packages/airflow/example_dags/example_task_group.py
[2024-12-10T22:20:35.696-0700] {processor.py:925} INFO - DAG(s) 'example_task_group' retrieved from /Users/dimitarjanevski/fake-news-finder/venv/lib/python3.9/site-packages/airflow/example_dags/example_task_group.py
[2024-12-10T22:20:35.763-0700] {logging_mixin.py:190} INFO - [2024-12-10T22:20:35.762-0700] {dag.py:3239} INFO - Sync 1 DAGs
[2024-12-10T22:20:35.767-0700] {logging_mixin.py:190} INFO - [2024-12-10T22:20:35.767-0700] {dag.py:4180} INFO - Setting next_dagrun for example_task_group to None, run_after=None
[2024-12-10T22:20:35.775-0700] {processor.py:208} INFO - Processing /Users/dimitarjanevski/fake-news-finder/venv/lib/python3.9/site-packages/airflow/example_dags/example_task_group.py took 0.086 seconds
[2024-12-10T22:21:53.993-0700] {processor.py:186} INFO - Started process (PID=5850) to work on /Users/dimitarjanevski/fake-news-finder/venv/lib/python3.9/site-packages/airflow/example_dags/example_task_group.py
[2024-12-10T22:21:53.994-0700] {processor.py:914} INFO - Processing file /Users/dimitarjanevski/fake-news-finder/venv/lib/python3.9/site-packages/airflow/example_dags/example_task_group.py for tasks to queue
[2024-12-10T22:21:53.995-0700] {logging_mixin.py:190} INFO - [2024-12-10T22:21:53.994-0700] {dagbag.py:588} INFO - Filling up the DagBag from /Users/dimitarjanevski/fake-news-finder/venv/lib/python3.9/site-packages/airflow/example_dags/example_task_group.py
[2024-12-10T22:21:54.000-0700] {processor.py:925} INFO - DAG(s) 'example_task_group' retrieved from /Users/dimitarjanevski/fake-news-finder/venv/lib/python3.9/site-packages/airflow/example_dags/example_task_group.py
