[2024-12-10T22:11:43.709-0700] {processor.py:186} INFO - Started process (PID=99566) to work on /Users/dimitarjanevski/fake-news-finder/venv/lib/python3.9/site-packages/airflow/example_dags/example_branch_datetime_operator.py
[2024-12-10T22:11:43.710-0700] {processor.py:914} INFO - Processing file /Users/dimitarjanevski/fake-news-finder/venv/lib/python3.9/site-packages/airflow/example_dags/example_branch_datetime_operator.py for tasks to queue
[2024-12-10T22:11:43.710-0700] {logging_mixin.py:190} INFO - [2024-12-10T22:11:43.710-0700] {dagbag.py:588} INFO - Filling up the DagBag from /Users/dimitarjanevski/fake-news-finder/venv/lib/python3.9/site-packages/airflow/example_dags/example_branch_datetime_operator.py
[2024-12-10T22:11:43.717-0700] {processor.py:925} INFO - DAG(s) 'example_branch_datetime_operator', 'example_branch_datetime_operator_3', 'example_branch_datetime_operator_2' retrieved from /Users/dimitarjanevski/fake-news-finder/venv/lib/python3.9/site-packages/airflow/example_dags/example_branch_datetime_operator.py
[2024-12-10T22:11:43.826-0700] {logging_mixin.py:190} INFO - [2024-12-10T22:11:43.826-0700] {override.py:1911} INFO - Created Permission View: can read on DAG:example_branch_datetime_operator
[2024-12-10T22:11:43.830-0700] {logging_mixin.py:190} INFO - [2024-12-10T22:11:43.830-0700] {override.py:1911} INFO - Created Permission View: can delete on DAG:example_branch_datetime_operator
[2024-12-10T22:11:43.832-0700] {logging_mixin.py:190} INFO - [2024-12-10T22:11:43.832-0700] {override.py:1911} INFO - Created Permission View: can edit on DAG:example_branch_datetime_operator
[2024-12-10T22:11:43.836-0700] {logging_mixin.py:190} INFO - [2024-12-10T22:11:43.836-0700] {override.py:1911} INFO - Created Permission View: can read on DAG Run:example_branch_datetime_operator
[2024-12-10T22:11:43.839-0700] {logging_mixin.py:190} INFO - [2024-12-10T22:11:43.839-0700] {override.py:1911} INFO - Created Permission View: can delete on DAG Run:example_branch_datetime_operator
[2024-12-10T22:11:43.841-0700] {logging_mixin.py:190} INFO - [2024-12-10T22:11:43.841-0700] {override.py:1911} INFO - Created Permission View: can create on DAG Run:example_branch_datetime_operator
[2024-12-10T22:11:43.843-0700] {logging_mixin.py:190} INFO - [2024-12-10T22:11:43.843-0700] {override.py:1911} INFO - Created Permission View: menu access on DAG Run:example_branch_datetime_operator
[2024-12-10T22:11:43.849-0700] {logging_mixin.py:190} INFO - [2024-12-10T22:11:43.849-0700] {override.py:1911} INFO - Created Permission View: can read on DAG:example_branch_datetime_operator_3
[2024-12-10T22:11:43.851-0700] {logging_mixin.py:190} INFO - [2024-12-10T22:11:43.851-0700] {override.py:1911} INFO - Created Permission View: can delete on DAG:example_branch_datetime_operator_3
[2024-12-10T22:11:43.853-0700] {logging_mixin.py:190} INFO - [2024-12-10T22:11:43.853-0700] {override.py:1911} INFO - Created Permission View: can edit on DAG:example_branch_datetime_operator_3
[2024-12-10T22:11:43.857-0700] {logging_mixin.py:190} INFO - [2024-12-10T22:11:43.857-0700] {override.py:1911} INFO - Created Permission View: can read on DAG Run:example_branch_datetime_operator_3
[2024-12-10T22:11:43.860-0700] {logging_mixin.py:190} INFO - [2024-12-10T22:11:43.860-0700] {override.py:1911} INFO - Created Permission View: can delete on DAG Run:example_branch_datetime_operator_3
[2024-12-10T22:11:43.862-0700] {logging_mixin.py:190} INFO - [2024-12-10T22:11:43.862-0700] {override.py:1911} INFO - Created Permission View: can create on DAG Run:example_branch_datetime_operator_3
[2024-12-10T22:11:43.864-0700] {logging_mixin.py:190} INFO - [2024-12-10T22:11:43.864-0700] {override.py:1911} INFO - Created Permission View: menu access on DAG Run:example_branch_datetime_operator_3
[2024-12-10T22:11:43.869-0700] {logging_mixin.py:190} INFO - [2024-12-10T22:11:43.869-0700] {override.py:1911} INFO - Created Permission View: can read on DAG:example_branch_datetime_operator_2
[2024-12-10T22:11:43.872-0700] {logging_mixin.py:190} INFO - [2024-12-10T22:11:43.872-0700] {override.py:1911} INFO - Created Permission View: can delete on DAG:example_branch_datetime_operator_2
[2024-12-10T22:11:43.874-0700] {logging_mixin.py:190} INFO - [2024-12-10T22:11:43.874-0700] {override.py:1911} INFO - Created Permission View: can edit on DAG:example_branch_datetime_operator_2
[2024-12-10T22:11:43.879-0700] {logging_mixin.py:190} INFO - [2024-12-10T22:11:43.879-0700] {override.py:1911} INFO - Created Permission View: can read on DAG Run:example_branch_datetime_operator_2
[2024-12-10T22:11:43.882-0700] {logging_mixin.py:190} INFO - [2024-12-10T22:11:43.882-0700] {override.py:1911} INFO - Created Permission View: can delete on DAG Run:example_branch_datetime_operator_2
[2024-12-10T22:11:43.884-0700] {logging_mixin.py:190} INFO - [2024-12-10T22:11:43.884-0700] {override.py:1911} INFO - Created Permission View: can create on DAG Run:example_branch_datetime_operator_2
[2024-12-10T22:11:43.887-0700] {logging_mixin.py:190} INFO - [2024-12-10T22:11:43.887-0700] {override.py:1911} INFO - Created Permission View: menu access on DAG Run:example_branch_datetime_operator_2
[2024-12-10T22:11:43.887-0700] {logging_mixin.py:190} INFO - [2024-12-10T22:11:43.887-0700] {dag.py:3239} INFO - Sync 3 DAGs
[2024-12-10T22:11:43.892-0700] {logging_mixin.py:190} INFO - [2024-12-10T22:11:43.892-0700] {dag.py:3262} INFO - Creating ORM DAG for example_branch_datetime_operator_3
[2024-12-10T22:11:43.893-0700] {logging_mixin.py:190} INFO - [2024-12-10T22:11:43.893-0700] {dag.py:3262} INFO - Creating ORM DAG for example_branch_datetime_operator_2
[2024-12-10T22:11:43.893-0700] {logging_mixin.py:190} INFO - [2024-12-10T22:11:43.893-0700] {dag.py:3262} INFO - Creating ORM DAG for example_branch_datetime_operator
[2024-12-10T22:11:43.896-0700] {logging_mixin.py:190} INFO - [2024-12-10T22:11:43.896-0700] {dag.py:4180} INFO - Setting next_dagrun for example_branch_datetime_operator to 2024-12-10 00:00:00+00:00, run_after=2024-12-11 00:00:00+00:00
[2024-12-10T22:11:43.897-0700] {logging_mixin.py:190} INFO - [2024-12-10T22:11:43.897-0700] {dag.py:4180} INFO - Setting next_dagrun for example_branch_datetime_operator_2 to 2024-12-10 00:00:00+00:00, run_after=2024-12-11 00:00:00+00:00
[2024-12-10T22:11:43.898-0700] {logging_mixin.py:190} INFO - [2024-12-10T22:11:43.898-0700] {dag.py:4180} INFO - Setting next_dagrun for example_branch_datetime_operator_3 to 2024-12-10 00:00:00+00:00, run_after=2024-12-11 00:00:00+00:00
[2024-12-10T22:11:43.905-0700] {processor.py:208} INFO - Processing /Users/dimitarjanevski/fake-news-finder/venv/lib/python3.9/site-packages/airflow/example_dags/example_branch_datetime_operator.py took 0.198 seconds
[2024-12-10T22:17:59.179-0700] {processor.py:186} INFO - Started process (PID=3954) to work on /Users/dimitarjanevski/fake-news-finder/venv/lib/python3.9/site-packages/airflow/example_dags/example_branch_datetime_operator.py
[2024-12-10T22:17:59.180-0700] {processor.py:914} INFO - Processing file /Users/dimitarjanevski/fake-news-finder/venv/lib/python3.9/site-packages/airflow/example_dags/example_branch_datetime_operator.py for tasks to queue
[2024-12-10T22:17:59.181-0700] {logging_mixin.py:190} INFO - [2024-12-10T22:17:59.181-0700] {dagbag.py:588} INFO - Filling up the DagBag from /Users/dimitarjanevski/fake-news-finder/venv/lib/python3.9/site-packages/airflow/example_dags/example_branch_datetime_operator.py
[2024-12-10T22:17:59.186-0700] {processor.py:925} INFO - DAG(s) 'example_branch_datetime_operator_2', 'example_branch_datetime_operator', 'example_branch_datetime_operator_3' retrieved from /Users/dimitarjanevski/fake-news-finder/venv/lib/python3.9/site-packages/airflow/example_dags/example_branch_datetime_operator.py
[2024-12-10T22:17:59.255-0700] {logging_mixin.py:190} INFO - [2024-12-10T22:17:59.255-0700] {dag.py:3239} INFO - Sync 3 DAGs
[2024-12-10T22:17:59.263-0700] {logging_mixin.py:190} INFO - [2024-12-10T22:17:59.263-0700] {dag.py:4180} INFO - Setting next_dagrun for example_branch_datetime_operator to 2024-12-10 00:00:00+00:00, run_after=2024-12-11 00:00:00+00:00
[2024-12-10T22:17:59.264-0700] {logging_mixin.py:190} INFO - [2024-12-10T22:17:59.264-0700] {dag.py:4180} INFO - Setting next_dagrun for example_branch_datetime_operator_2 to 2024-12-10 00:00:00+00:00, run_after=2024-12-11 00:00:00+00:00
[2024-12-10T22:17:59.265-0700] {logging_mixin.py:190} INFO - [2024-12-10T22:17:59.265-0700] {dag.py:4180} INFO - Setting next_dagrun for example_branch_datetime_operator_3 to 2024-12-10 00:00:00+00:00, run_after=2024-12-11 00:00:00+00:00
[2024-12-10T22:17:59.272-0700] {processor.py:208} INFO - Processing /Users/dimitarjanevski/fake-news-finder/venv/lib/python3.9/site-packages/airflow/example_dags/example_branch_datetime_operator.py took 0.094 seconds
[2024-12-10T22:19:55.426-0700] {processor.py:186} INFO - Started process (PID=5040) to work on /Users/dimitarjanevski/fake-news-finder/venv/lib/python3.9/site-packages/airflow/example_dags/example_branch_datetime_operator.py
[2024-12-10T22:19:55.427-0700] {processor.py:914} INFO - Processing file /Users/dimitarjanevski/fake-news-finder/venv/lib/python3.9/site-packages/airflow/example_dags/example_branch_datetime_operator.py for tasks to queue
[2024-12-10T22:19:55.427-0700] {logging_mixin.py:190} INFO - [2024-12-10T22:19:55.427-0700] {dagbag.py:588} INFO - Filling up the DagBag from /Users/dimitarjanevski/fake-news-finder/venv/lib/python3.9/site-packages/airflow/example_dags/example_branch_datetime_operator.py
[2024-12-10T22:19:55.434-0700] {processor.py:925} INFO - DAG(s) 'example_branch_datetime_operator', 'example_branch_datetime_operator_2', 'example_branch_datetime_operator_3' retrieved from /Users/dimitarjanevski/fake-news-finder/venv/lib/python3.9/site-packages/airflow/example_dags/example_branch_datetime_operator.py
[2024-12-10T22:19:55.506-0700] {logging_mixin.py:190} INFO - [2024-12-10T22:19:55.506-0700] {dag.py:3239} INFO - Sync 3 DAGs
[2024-12-10T22:19:55.513-0700] {logging_mixin.py:190} INFO - [2024-12-10T22:19:55.513-0700] {dag.py:4180} INFO - Setting next_dagrun for example_branch_datetime_operator to 2024-12-10 00:00:00+00:00, run_after=2024-12-11 00:00:00+00:00
[2024-12-10T22:19:55.515-0700] {logging_mixin.py:190} INFO - [2024-12-10T22:19:55.515-0700] {dag.py:4180} INFO - Setting next_dagrun for example_branch_datetime_operator_2 to 2024-12-10 00:00:00+00:00, run_after=2024-12-11 00:00:00+00:00
[2024-12-10T22:19:55.516-0700] {logging_mixin.py:190} INFO - [2024-12-10T22:19:55.516-0700] {dag.py:4180} INFO - Setting next_dagrun for example_branch_datetime_operator_3 to 2024-12-10 00:00:00+00:00, run_after=2024-12-11 00:00:00+00:00
[2024-12-10T22:19:55.524-0700] {processor.py:208} INFO - Processing /Users/dimitarjanevski/fake-news-finder/venv/lib/python3.9/site-packages/airflow/example_dags/example_branch_datetime_operator.py took 0.100 seconds
