[2024-12-10T22:11:23.440-0700] {processor.py:186} INFO - Started process (PID=99441) to work on /Users/dimitarjanevski/fake-news-finder/venv/lib/python3.9/site-packages/airflow/example_dags/example_datasets.py
[2024-12-10T22:11:23.441-0700] {processor.py:914} INFO - Processing file /Users/dimitarjanevski/fake-news-finder/venv/lib/python3.9/site-packages/airflow/example_dags/example_datasets.py for tasks to queue
[2024-12-10T22:11:23.441-0700] {logging_mixin.py:190} INFO - [2024-12-10T22:11:23.441-0700] {dagbag.py:588} INFO - Filling up the DagBag from /Users/dimitarjanevski/fake-news-finder/venv/lib/python3.9/site-packages/airflow/example_dags/example_datasets.py
[2024-12-10T22:11:23.493-0700] {processor.py:925} INFO - DAG(s) 'dataset_consumes_unknown_never_scheduled', 'conditional_dataset_and_time_based_timetable', 'consume_1_or_2_with_dataset_expressions', 'dataset_consumes_1_and_2', 'dataset_produces_1', 'dataset_consumes_1', 'dataset_produces_2', 'dataset_consumes_1_never_scheduled', 'consume_1_or_both_2_and_3_with_dataset_expressions', 'consume_1_and_2_with_dataset_expressions' retrieved from /Users/dimitarjanevski/fake-news-finder/venv/lib/python3.9/site-packages/airflow/example_dags/example_datasets.py
[2024-12-10T22:11:23.571-0700] {logging_mixin.py:190} INFO - [2024-12-10T22:11:23.571-0700] {override.py:1911} INFO - Created Permission View: can delete on DAG:dataset_consumes_unknown_never_scheduled
[2024-12-10T22:11:23.575-0700] {logging_mixin.py:190} INFO - [2024-12-10T22:11:23.575-0700] {override.py:1911} INFO - Created Permission View: can read on DAG:dataset_consumes_unknown_never_scheduled
[2024-12-10T22:11:23.577-0700] {logging_mixin.py:190} INFO - [2024-12-10T22:11:23.577-0700] {override.py:1911} INFO - Created Permission View: can edit on DAG:dataset_consumes_unknown_never_scheduled
[2024-12-10T22:11:23.581-0700] {logging_mixin.py:190} INFO - [2024-12-10T22:11:23.580-0700] {override.py:1911} INFO - Created Permission View: can delete on DAG Run:dataset_consumes_unknown_never_scheduled
[2024-12-10T22:11:23.583-0700] {logging_mixin.py:190} INFO - [2024-12-10T22:11:23.583-0700] {override.py:1911} INFO - Created Permission View: can read on DAG Run:dataset_consumes_unknown_never_scheduled
[2024-12-10T22:11:23.585-0700] {logging_mixin.py:190} INFO - [2024-12-10T22:11:23.585-0700] {override.py:1911} INFO - Created Permission View: menu access on DAG Run:dataset_consumes_unknown_never_scheduled
[2024-12-10T22:11:23.587-0700] {logging_mixin.py:190} INFO - [2024-12-10T22:11:23.587-0700] {override.py:1911} INFO - Created Permission View: can create on DAG Run:dataset_consumes_unknown_never_scheduled
[2024-12-10T22:11:23.592-0700] {logging_mixin.py:190} INFO - [2024-12-10T22:11:23.592-0700] {override.py:1911} INFO - Created Permission View: can delete on DAG:conditional_dataset_and_time_based_timetable
[2024-12-10T22:11:23.594-0700] {logging_mixin.py:190} INFO - [2024-12-10T22:11:23.594-0700] {override.py:1911} INFO - Created Permission View: can read on DAG:conditional_dataset_and_time_based_timetable
[2024-12-10T22:11:23.596-0700] {logging_mixin.py:190} INFO - [2024-12-10T22:11:23.596-0700] {override.py:1911} INFO - Created Permission View: can edit on DAG:conditional_dataset_and_time_based_timetable
[2024-12-10T22:11:23.599-0700] {logging_mixin.py:190} INFO - [2024-12-10T22:11:23.599-0700] {override.py:1911} INFO - Created Permission View: can delete on DAG Run:conditional_dataset_and_time_based_timetable
[2024-12-10T22:11:23.601-0700] {logging_mixin.py:190} INFO - [2024-12-10T22:11:23.601-0700] {override.py:1911} INFO - Created Permission View: can read on DAG Run:conditional_dataset_and_time_based_timetable
[2024-12-10T22:11:23.604-0700] {logging_mixin.py:190} INFO - [2024-12-10T22:11:23.604-0700] {override.py:1911} INFO - Created Permission View: menu access on DAG Run:conditional_dataset_and_time_based_timetable
[2024-12-10T22:11:23.606-0700] {logging_mixin.py:190} INFO - [2024-12-10T22:11:23.606-0700] {override.py:1911} INFO - Created Permission View: can create on DAG Run:conditional_dataset_and_time_based_timetable
[2024-12-10T22:11:23.610-0700] {logging_mixin.py:190} INFO - [2024-12-10T22:11:23.610-0700] {override.py:1911} INFO - Created Permission View: can delete on DAG:consume_1_or_2_with_dataset_expressions
[2024-12-10T22:11:23.613-0700] {logging_mixin.py:190} INFO - [2024-12-10T22:11:23.613-0700] {override.py:1911} INFO - Created Permission View: can read on DAG:consume_1_or_2_with_dataset_expressions
[2024-12-10T22:11:23.615-0700] {logging_mixin.py:190} INFO - [2024-12-10T22:11:23.615-0700] {override.py:1911} INFO - Created Permission View: can edit on DAG:consume_1_or_2_with_dataset_expressions
[2024-12-10T22:11:23.618-0700] {logging_mixin.py:190} INFO - [2024-12-10T22:11:23.618-0700] {override.py:1911} INFO - Created Permission View: can delete on DAG Run:consume_1_or_2_with_dataset_expressions
[2024-12-10T22:11:23.620-0700] {logging_mixin.py:190} INFO - [2024-12-10T22:11:23.620-0700] {override.py:1911} INFO - Created Permission View: can read on DAG Run:consume_1_or_2_with_dataset_expressions
[2024-12-10T22:11:23.622-0700] {logging_mixin.py:190} INFO - [2024-12-10T22:11:23.622-0700] {override.py:1911} INFO - Created Permission View: menu access on DAG Run:consume_1_or_2_with_dataset_expressions
[2024-12-10T22:11:23.624-0700] {logging_mixin.py:190} INFO - [2024-12-10T22:11:23.624-0700] {override.py:1911} INFO - Created Permission View: can create on DAG Run:consume_1_or_2_with_dataset_expressions
[2024-12-10T22:11:23.629-0700] {logging_mixin.py:190} INFO - [2024-12-10T22:11:23.629-0700] {override.py:1911} INFO - Created Permission View: can delete on DAG:dataset_consumes_1_and_2
[2024-12-10T22:11:23.631-0700] {logging_mixin.py:190} INFO - [2024-12-10T22:11:23.631-0700] {override.py:1911} INFO - Created Permission View: can read on DAG:dataset_consumes_1_and_2
[2024-12-10T22:11:23.633-0700] {logging_mixin.py:190} INFO - [2024-12-10T22:11:23.633-0700] {override.py:1911} INFO - Created Permission View: can edit on DAG:dataset_consumes_1_and_2
[2024-12-10T22:11:23.637-0700] {logging_mixin.py:190} INFO - [2024-12-10T22:11:23.636-0700] {override.py:1911} INFO - Created Permission View: can delete on DAG Run:dataset_consumes_1_and_2
[2024-12-10T22:11:23.639-0700] {logging_mixin.py:190} INFO - [2024-12-10T22:11:23.639-0700] {override.py:1911} INFO - Created Permission View: can read on DAG Run:dataset_consumes_1_and_2
[2024-12-10T22:11:23.641-0700] {logging_mixin.py:190} INFO - [2024-12-10T22:11:23.641-0700] {override.py:1911} INFO - Created Permission View: menu access on DAG Run:dataset_consumes_1_and_2
[2024-12-10T22:11:23.644-0700] {logging_mixin.py:190} INFO - [2024-12-10T22:11:23.643-0700] {override.py:1911} INFO - Created Permission View: can create on DAG Run:dataset_consumes_1_and_2
[2024-12-10T22:11:23.648-0700] {logging_mixin.py:190} INFO - [2024-12-10T22:11:23.648-0700] {override.py:1911} INFO - Created Permission View: can delete on DAG:dataset_produces_1
[2024-12-10T22:11:23.651-0700] {logging_mixin.py:190} INFO - [2024-12-10T22:11:23.651-0700] {override.py:1911} INFO - Created Permission View: can read on DAG:dataset_produces_1
[2024-12-10T22:11:23.657-0700] {logging_mixin.py:190} INFO - [2024-12-10T22:11:23.657-0700] {override.py:1911} INFO - Created Permission View: can edit on DAG:dataset_produces_1
[2024-12-10T22:11:23.660-0700] {logging_mixin.py:190} INFO - [2024-12-10T22:11:23.660-0700] {override.py:1911} INFO - Created Permission View: can delete on DAG Run:dataset_produces_1
[2024-12-10T22:11:23.662-0700] {logging_mixin.py:190} INFO - [2024-12-10T22:11:23.662-0700] {override.py:1911} INFO - Created Permission View: can read on DAG Run:dataset_produces_1
[2024-12-10T22:11:23.665-0700] {logging_mixin.py:190} INFO - [2024-12-10T22:11:23.664-0700] {override.py:1911} INFO - Created Permission View: menu access on DAG Run:dataset_produces_1
[2024-12-10T22:11:23.667-0700] {logging_mixin.py:190} INFO - [2024-12-10T22:11:23.667-0700] {override.py:1911} INFO - Created Permission View: can create on DAG Run:dataset_produces_1
[2024-12-10T22:11:23.672-0700] {logging_mixin.py:190} INFO - [2024-12-10T22:11:23.672-0700] {override.py:1911} INFO - Created Permission View: can delete on DAG:dataset_consumes_1
[2024-12-10T22:11:23.674-0700] {logging_mixin.py:190} INFO - [2024-12-10T22:11:23.674-0700] {override.py:1911} INFO - Created Permission View: can read on DAG:dataset_consumes_1
[2024-12-10T22:11:23.676-0700] {logging_mixin.py:190} INFO - [2024-12-10T22:11:23.676-0700] {override.py:1911} INFO - Created Permission View: can edit on DAG:dataset_consumes_1
[2024-12-10T22:11:23.679-0700] {logging_mixin.py:190} INFO - [2024-12-10T22:11:23.679-0700] {override.py:1911} INFO - Created Permission View: can delete on DAG Run:dataset_consumes_1
[2024-12-10T22:11:23.681-0700] {logging_mixin.py:190} INFO - [2024-12-10T22:11:23.681-0700] {override.py:1911} INFO - Created Permission View: can read on DAG Run:dataset_consumes_1
[2024-12-10T22:11:23.683-0700] {logging_mixin.py:190} INFO - [2024-12-10T22:11:23.683-0700] {override.py:1911} INFO - Created Permission View: menu access on DAG Run:dataset_consumes_1
[2024-12-10T22:11:23.686-0700] {logging_mixin.py:190} INFO - [2024-12-10T22:11:23.686-0700] {override.py:1911} INFO - Created Permission View: can create on DAG Run:dataset_consumes_1
[2024-12-10T22:11:23.690-0700] {logging_mixin.py:190} INFO - [2024-12-10T22:11:23.690-0700] {override.py:1911} INFO - Created Permission View: can delete on DAG:dataset_produces_2
[2024-12-10T22:11:23.693-0700] {logging_mixin.py:190} INFO - [2024-12-10T22:11:23.692-0700] {override.py:1911} INFO - Created Permission View: can read on DAG:dataset_produces_2
[2024-12-10T22:11:23.695-0700] {logging_mixin.py:190} INFO - [2024-12-10T22:11:23.695-0700] {override.py:1911} INFO - Created Permission View: can edit on DAG:dataset_produces_2
[2024-12-10T22:11:23.698-0700] {logging_mixin.py:190} INFO - [2024-12-10T22:11:23.697-0700] {override.py:1911} INFO - Created Permission View: can delete on DAG Run:dataset_produces_2
[2024-12-10T22:11:23.700-0700] {logging_mixin.py:190} INFO - [2024-12-10T22:11:23.700-0700] {override.py:1911} INFO - Created Permission View: can read on DAG Run:dataset_produces_2
[2024-12-10T22:11:23.702-0700] {logging_mixin.py:190} INFO - [2024-12-10T22:11:23.702-0700] {override.py:1911} INFO - Created Permission View: menu access on DAG Run:dataset_produces_2
[2024-12-10T22:11:23.704-0700] {logging_mixin.py:190} INFO - [2024-12-10T22:11:23.704-0700] {override.py:1911} INFO - Created Permission View: can create on DAG Run:dataset_produces_2
[2024-12-10T22:11:23.709-0700] {logging_mixin.py:190} INFO - [2024-12-10T22:11:23.709-0700] {override.py:1911} INFO - Created Permission View: can delete on DAG:dataset_consumes_1_never_scheduled
[2024-12-10T22:11:23.711-0700] {logging_mixin.py:190} INFO - [2024-12-10T22:11:23.711-0700] {override.py:1911} INFO - Created Permission View: can read on DAG:dataset_consumes_1_never_scheduled
[2024-12-10T22:11:23.713-0700] {logging_mixin.py:190} INFO - [2024-12-10T22:11:23.713-0700] {override.py:1911} INFO - Created Permission View: can edit on DAG:dataset_consumes_1_never_scheduled
[2024-12-10T22:11:23.716-0700] {logging_mixin.py:190} INFO - [2024-12-10T22:11:23.716-0700] {override.py:1911} INFO - Created Permission View: can delete on DAG Run:dataset_consumes_1_never_scheduled
[2024-12-10T22:11:23.718-0700] {logging_mixin.py:190} INFO - [2024-12-10T22:11:23.718-0700] {override.py:1911} INFO - Created Permission View: can read on DAG Run:dataset_consumes_1_never_scheduled
[2024-12-10T22:11:23.721-0700] {logging_mixin.py:190} INFO - [2024-12-10T22:11:23.720-0700] {override.py:1911} INFO - Created Permission View: menu access on DAG Run:dataset_consumes_1_never_scheduled
[2024-12-10T22:11:23.723-0700] {logging_mixin.py:190} INFO - [2024-12-10T22:11:23.723-0700] {override.py:1911} INFO - Created Permission View: can create on DAG Run:dataset_consumes_1_never_scheduled
[2024-12-10T22:11:23.728-0700] {logging_mixin.py:190} INFO - [2024-12-10T22:11:23.728-0700] {override.py:1911} INFO - Created Permission View: can delete on DAG:consume_1_or_both_2_and_3_with_dataset_expressions
[2024-12-10T22:11:23.730-0700] {logging_mixin.py:190} INFO - [2024-12-10T22:11:23.730-0700] {override.py:1911} INFO - Created Permission View: can read on DAG:consume_1_or_both_2_and_3_with_dataset_expressions
[2024-12-10T22:11:23.733-0700] {logging_mixin.py:190} INFO - [2024-12-10T22:11:23.732-0700] {override.py:1911} INFO - Created Permission View: can edit on DAG:consume_1_or_both_2_and_3_with_dataset_expressions
[2024-12-10T22:11:23.736-0700] {logging_mixin.py:190} INFO - [2024-12-10T22:11:23.736-0700] {override.py:1911} INFO - Created Permission View: can delete on DAG Run:consume_1_or_both_2_and_3_with_dataset_expressions
[2024-12-10T22:11:23.739-0700] {logging_mixin.py:190} INFO - [2024-12-10T22:11:23.739-0700] {override.py:1911} INFO - Created Permission View: can read on DAG Run:consume_1_or_both_2_and_3_with_dataset_expressions
[2024-12-10T22:11:23.742-0700] {logging_mixin.py:190} INFO - [2024-12-10T22:11:23.742-0700] {override.py:1911} INFO - Created Permission View: menu access on DAG Run:consume_1_or_both_2_and_3_with_dataset_expressions
[2024-12-10T22:11:23.745-0700] {logging_mixin.py:190} INFO - [2024-12-10T22:11:23.745-0700] {override.py:1911} INFO - Created Permission View: can create on DAG Run:consume_1_or_both_2_and_3_with_dataset_expressions
[2024-12-10T22:11:23.751-0700] {logging_mixin.py:190} INFO - [2024-12-10T22:11:23.751-0700] {override.py:1911} INFO - Created Permission View: can delete on DAG:consume_1_and_2_with_dataset_expressions
[2024-12-10T22:11:23.754-0700] {logging_mixin.py:190} INFO - [2024-12-10T22:11:23.754-0700] {override.py:1911} INFO - Created Permission View: can read on DAG:consume_1_and_2_with_dataset_expressions
[2024-12-10T22:11:23.756-0700] {logging_mixin.py:190} INFO - [2024-12-10T22:11:23.756-0700] {override.py:1911} INFO - Created Permission View: can edit on DAG:consume_1_and_2_with_dataset_expressions
[2024-12-10T22:11:23.759-0700] {logging_mixin.py:190} INFO - [2024-12-10T22:11:23.759-0700] {override.py:1911} INFO - Created Permission View: can delete on DAG Run:consume_1_and_2_with_dataset_expressions
[2024-12-10T22:11:23.761-0700] {logging_mixin.py:190} INFO - [2024-12-10T22:11:23.761-0700] {override.py:1911} INFO - Created Permission View: can read on DAG Run:consume_1_and_2_with_dataset_expressions
[2024-12-10T22:11:23.763-0700] {logging_mixin.py:190} INFO - [2024-12-10T22:11:23.763-0700] {override.py:1911} INFO - Created Permission View: menu access on DAG Run:consume_1_and_2_with_dataset_expressions
[2024-12-10T22:11:23.766-0700] {logging_mixin.py:190} INFO - [2024-12-10T22:11:23.765-0700] {override.py:1911} INFO - Created Permission View: can create on DAG Run:consume_1_and_2_with_dataset_expressions
[2024-12-10T22:11:23.766-0700] {logging_mixin.py:190} INFO - [2024-12-10T22:11:23.766-0700] {dag.py:3239} INFO - Sync 10 DAGs
[2024-12-10T22:11:23.771-0700] {logging_mixin.py:190} INFO - [2024-12-10T22:11:23.770-0700] {dag.py:3262} INFO - Creating ORM DAG for dataset_consumes_unknown_never_scheduled
[2024-12-10T22:11:23.771-0700] {logging_mixin.py:190} INFO - [2024-12-10T22:11:23.771-0700] {dag.py:3262} INFO - Creating ORM DAG for dataset_consumes_1_never_scheduled
[2024-12-10T22:11:23.771-0700] {logging_mixin.py:190} INFO - [2024-12-10T22:11:23.771-0700] {dag.py:3262} INFO - Creating ORM DAG for consume_1_or_both_2_and_3_with_dataset_expressions
[2024-12-10T22:11:23.771-0700] {logging_mixin.py:190} INFO - [2024-12-10T22:11:23.771-0700] {dag.py:3262} INFO - Creating ORM DAG for consume_1_or_2_with_dataset_expressions
[2024-12-10T22:11:23.771-0700] {logging_mixin.py:190} INFO - [2024-12-10T22:11:23.771-0700] {dag.py:3262} INFO - Creating ORM DAG for dataset_produces_2
[2024-12-10T22:11:23.772-0700] {logging_mixin.py:190} INFO - [2024-12-10T22:11:23.772-0700] {dag.py:3262} INFO - Creating ORM DAG for dataset_consumes_1
[2024-12-10T22:11:23.772-0700] {logging_mixin.py:190} INFO - [2024-12-10T22:11:23.772-0700] {dag.py:3262} INFO - Creating ORM DAG for consume_1_and_2_with_dataset_expressions
[2024-12-10T22:11:23.772-0700] {logging_mixin.py:190} INFO - [2024-12-10T22:11:23.772-0700] {dag.py:3262} INFO - Creating ORM DAG for conditional_dataset_and_time_based_timetable
[2024-12-10T22:11:23.772-0700] {logging_mixin.py:190} INFO - [2024-12-10T22:11:23.772-0700] {dag.py:3262} INFO - Creating ORM DAG for dataset_produces_1
[2024-12-10T22:11:23.772-0700] {logging_mixin.py:190} INFO - [2024-12-10T22:11:23.772-0700] {dag.py:3262} INFO - Creating ORM DAG for dataset_consumes_1_and_2
[2024-12-10T22:11:23.776-0700] {logging_mixin.py:190} INFO - [2024-12-10T22:11:23.776-0700] {dag.py:4180} INFO - Setting next_dagrun for conditional_dataset_and_time_based_timetable to 2024-12-11 01:00:00+00:00, run_after=2024-12-11 01:00:00+00:00
[2024-12-10T22:11:23.776-0700] {logging_mixin.py:190} INFO - [2024-12-10T22:11:23.776-0700] {dag.py:4180} INFO - Setting next_dagrun for consume_1_and_2_with_dataset_expressions to None, run_after=None
[2024-12-10T22:11:23.776-0700] {logging_mixin.py:190} INFO - [2024-12-10T22:11:23.776-0700] {dag.py:4180} INFO - Setting next_dagrun for consume_1_or_2_with_dataset_expressions to None, run_after=None
[2024-12-10T22:11:23.776-0700] {logging_mixin.py:190} INFO - [2024-12-10T22:11:23.776-0700] {dag.py:4180} INFO - Setting next_dagrun for consume_1_or_both_2_and_3_with_dataset_expressions to None, run_after=None
[2024-12-10T22:11:23.776-0700] {logging_mixin.py:190} INFO - [2024-12-10T22:11:23.776-0700] {dag.py:4180} INFO - Setting next_dagrun for dataset_consumes_1 to None, run_after=None
[2024-12-10T22:11:23.777-0700] {logging_mixin.py:190} INFO - [2024-12-10T22:11:23.777-0700] {dag.py:4180} INFO - Setting next_dagrun for dataset_consumes_1_and_2 to None, run_after=None
[2024-12-10T22:11:23.777-0700] {logging_mixin.py:190} INFO - [2024-12-10T22:11:23.777-0700] {dag.py:4180} INFO - Setting next_dagrun for dataset_consumes_1_never_scheduled to None, run_after=None
[2024-12-10T22:11:23.777-0700] {logging_mixin.py:190} INFO - [2024-12-10T22:11:23.777-0700] {dag.py:4180} INFO - Setting next_dagrun for dataset_consumes_unknown_never_scheduled to None, run_after=None
[2024-12-10T22:11:23.778-0700] {logging_mixin.py:190} INFO - [2024-12-10T22:11:23.778-0700] {dag.py:4180} INFO - Setting next_dagrun for dataset_produces_1 to 2024-12-10 00:00:00+00:00, run_after=2024-12-11 00:00:00+00:00
[2024-12-10T22:11:23.778-0700] {logging_mixin.py:190} INFO - [2024-12-10T22:11:23.778-0700] {dag.py:4180} INFO - Setting next_dagrun for dataset_produces_2 to None, run_after=None
[2024-12-10T22:11:23.790-0700] {logging_mixin.py:190} INFO - [2024-12-10T22:11:23.790-0700] {workday.py:41} WARNING - Could not import pandas. Holidays will not be considered.
[2024-12-10T22:11:23.801-0700] {processor.py:208} INFO - Processing /Users/dimitarjanevski/fake-news-finder/venv/lib/python3.9/site-packages/airflow/example_dags/example_datasets.py took 0.362 seconds
[2024-12-10T22:17:41.888-0700] {processor.py:186} INFO - Started process (PID=3574) to work on /Users/dimitarjanevski/fake-news-finder/venv/lib/python3.9/site-packages/airflow/example_dags/example_datasets.py
[2024-12-10T22:17:41.889-0700] {processor.py:914} INFO - Processing file /Users/dimitarjanevski/fake-news-finder/venv/lib/python3.9/site-packages/airflow/example_dags/example_datasets.py for tasks to queue
[2024-12-10T22:17:41.890-0700] {logging_mixin.py:190} INFO - [2024-12-10T22:17:41.890-0700] {dagbag.py:588} INFO - Filling up the DagBag from /Users/dimitarjanevski/fake-news-finder/venv/lib/python3.9/site-packages/airflow/example_dags/example_datasets.py
[2024-12-10T22:17:41.932-0700] {processor.py:925} INFO - DAG(s) 'consume_1_and_2_with_dataset_expressions', 'consume_1_or_2_with_dataset_expressions', 'consume_1_or_both_2_and_3_with_dataset_expressions', 'dataset_produces_1', 'dataset_consumes_1_and_2', 'dataset_produces_2', 'conditional_dataset_and_time_based_timetable', 'dataset_consumes_1_never_scheduled', 'dataset_consumes_unknown_never_scheduled', 'dataset_consumes_1' retrieved from /Users/dimitarjanevski/fake-news-finder/venv/lib/python3.9/site-packages/airflow/example_dags/example_datasets.py
[2024-12-10T22:17:41.983-0700] {logging_mixin.py:190} INFO - [2024-12-10T22:17:41.983-0700] {dag.py:3239} INFO - Sync 10 DAGs
[2024-12-10T22:17:41.991-0700] {logging_mixin.py:190} INFO - [2024-12-10T22:17:41.991-0700] {dag.py:4180} INFO - Setting next_dagrun for conditional_dataset_and_time_based_timetable to 2024-12-11 01:00:00+00:00, run_after=2024-12-11 01:00:00+00:00
[2024-12-10T22:17:41.992-0700] {logging_mixin.py:190} INFO - [2024-12-10T22:17:41.992-0700] {dag.py:4180} INFO - Setting next_dagrun for consume_1_and_2_with_dataset_expressions to None, run_after=None
[2024-12-10T22:17:41.993-0700] {logging_mixin.py:190} INFO - [2024-12-10T22:17:41.993-0700] {dag.py:4180} INFO - Setting next_dagrun for consume_1_or_2_with_dataset_expressions to None, run_after=None
[2024-12-10T22:17:41.993-0700] {logging_mixin.py:190} INFO - [2024-12-10T22:17:41.993-0700] {dag.py:4180} INFO - Setting next_dagrun for consume_1_or_both_2_and_3_with_dataset_expressions to None, run_after=None
[2024-12-10T22:17:41.993-0700] {logging_mixin.py:190} INFO - [2024-12-10T22:17:41.993-0700] {dag.py:4180} INFO - Setting next_dagrun for dataset_consumes_1 to None, run_after=None
[2024-12-10T22:17:41.994-0700] {logging_mixin.py:190} INFO - [2024-12-10T22:17:41.994-0700] {dag.py:4180} INFO - Setting next_dagrun for dataset_consumes_1_and_2 to None, run_after=None
[2024-12-10T22:17:41.994-0700] {logging_mixin.py:190} INFO - [2024-12-10T22:17:41.994-0700] {dag.py:4180} INFO - Setting next_dagrun for dataset_consumes_1_never_scheduled to None, run_after=None
[2024-12-10T22:17:41.994-0700] {logging_mixin.py:190} INFO - [2024-12-10T22:17:41.994-0700] {dag.py:4180} INFO - Setting next_dagrun for dataset_consumes_unknown_never_scheduled to None, run_after=None
[2024-12-10T22:17:41.995-0700] {logging_mixin.py:190} INFO - [2024-12-10T22:17:41.995-0700] {dag.py:4180} INFO - Setting next_dagrun for dataset_produces_1 to 2024-12-10 00:00:00+00:00, run_after=2024-12-11 00:00:00+00:00
[2024-12-10T22:17:41.996-0700] {logging_mixin.py:190} INFO - [2024-12-10T22:17:41.996-0700] {dag.py:4180} INFO - Setting next_dagrun for dataset_produces_2 to None, run_after=None
[2024-12-10T22:17:42.007-0700] {processor.py:208} INFO - Processing /Users/dimitarjanevski/fake-news-finder/venv/lib/python3.9/site-packages/airflow/example_dags/example_datasets.py took 0.120 seconds
[2024-12-10T22:19:37.106-0700] {processor.py:186} INFO - Started process (PID=4912) to work on /Users/dimitarjanevski/fake-news-finder/venv/lib/python3.9/site-packages/airflow/example_dags/example_datasets.py
[2024-12-10T22:19:37.107-0700] {processor.py:914} INFO - Processing file /Users/dimitarjanevski/fake-news-finder/venv/lib/python3.9/site-packages/airflow/example_dags/example_datasets.py for tasks to queue
[2024-12-10T22:19:37.108-0700] {logging_mixin.py:190} INFO - [2024-12-10T22:19:37.108-0700] {dagbag.py:588} INFO - Filling up the DagBag from /Users/dimitarjanevski/fake-news-finder/venv/lib/python3.9/site-packages/airflow/example_dags/example_datasets.py
[2024-12-10T22:19:37.165-0700] {processor.py:925} INFO - DAG(s) 'dataset_consumes_1_never_scheduled', 'dataset_produces_1', 'dataset_consumes_1', 'conditional_dataset_and_time_based_timetable', 'dataset_consumes_1_and_2', 'dataset_consumes_unknown_never_scheduled', 'consume_1_or_both_2_and_3_with_dataset_expressions', 'consume_1_and_2_with_dataset_expressions', 'dataset_produces_2', 'consume_1_or_2_with_dataset_expressions' retrieved from /Users/dimitarjanevski/fake-news-finder/venv/lib/python3.9/site-packages/airflow/example_dags/example_datasets.py
[2024-12-10T22:19:37.217-0700] {logging_mixin.py:190} INFO - [2024-12-10T22:19:37.217-0700] {dag.py:3239} INFO - Sync 10 DAGs
[2024-12-10T22:19:37.226-0700] {logging_mixin.py:190} INFO - [2024-12-10T22:19:37.226-0700] {dag.py:4180} INFO - Setting next_dagrun for conditional_dataset_and_time_based_timetable to 2024-12-11 01:00:00+00:00, run_after=2024-12-11 01:00:00+00:00
[2024-12-10T22:19:37.227-0700] {logging_mixin.py:190} INFO - [2024-12-10T22:19:37.227-0700] {dag.py:4180} INFO - Setting next_dagrun for consume_1_and_2_with_dataset_expressions to None, run_after=None
[2024-12-10T22:19:37.227-0700] {logging_mixin.py:190} INFO - [2024-12-10T22:19:37.227-0700] {dag.py:4180} INFO - Setting next_dagrun for consume_1_or_2_with_dataset_expressions to None, run_after=None
[2024-12-10T22:19:37.228-0700] {logging_mixin.py:190} INFO - [2024-12-10T22:19:37.228-0700] {dag.py:4180} INFO - Setting next_dagrun for consume_1_or_both_2_and_3_with_dataset_expressions to None, run_after=None
[2024-12-10T22:19:37.228-0700] {logging_mixin.py:190} INFO - [2024-12-10T22:19:37.228-0700] {dag.py:4180} INFO - Setting next_dagrun for dataset_consumes_1 to None, run_after=None
[2024-12-10T22:19:37.228-0700] {logging_mixin.py:190} INFO - [2024-12-10T22:19:37.228-0700] {dag.py:4180} INFO - Setting next_dagrun for dataset_consumes_1_and_2 to None, run_after=None
[2024-12-10T22:19:37.229-0700] {logging_mixin.py:190} INFO - [2024-12-10T22:19:37.229-0700] {dag.py:4180} INFO - Setting next_dagrun for dataset_consumes_1_never_scheduled to None, run_after=None
[2024-12-10T22:19:37.229-0700] {logging_mixin.py:190} INFO - [2024-12-10T22:19:37.229-0700] {dag.py:4180} INFO - Setting next_dagrun for dataset_consumes_unknown_never_scheduled to None, run_after=None
[2024-12-10T22:19:37.230-0700] {logging_mixin.py:190} INFO - [2024-12-10T22:19:37.230-0700] {dag.py:4180} INFO - Setting next_dagrun for dataset_produces_1 to 2024-12-10 00:00:00+00:00, run_after=2024-12-11 00:00:00+00:00
[2024-12-10T22:19:37.230-0700] {logging_mixin.py:190} INFO - [2024-12-10T22:19:37.230-0700] {dag.py:4180} INFO - Setting next_dagrun for dataset_produces_2 to None, run_after=None
[2024-12-10T22:19:37.242-0700] {processor.py:208} INFO - Processing /Users/dimitarjanevski/fake-news-finder/venv/lib/python3.9/site-packages/airflow/example_dags/example_datasets.py took 0.137 seconds
