[2024-12-10T22:10:35.616-0700] {processor.py:186} INFO - Started process (PID=99168) to work on /Users/dimitarjanevski/fake-news-finder/venv/lib/python3.9/site-packages/airflow/example_dags/example_task_group_decorator.py
[2024-12-10T22:10:35.616-0700] {processor.py:914} INFO - Processing file /Users/dimitarjanevski/fake-news-finder/venv/lib/python3.9/site-packages/airflow/example_dags/example_task_group_decorator.py for tasks to queue
[2024-12-10T22:10:35.616-0700] {logging_mixin.py:190} INFO - [2024-12-10T22:10:35.616-0700] {dagbag.py:588} INFO - Filling up the DagBag from /Users/dimitarjanevski/fake-news-finder/venv/lib/python3.9/site-packages/airflow/example_dags/example_task_group_decorator.py
[2024-12-10T22:10:35.665-0700] {processor.py:925} INFO - DAG(s) 'example_task_group_decorator' retrieved from /Users/dimitarjanevski/fake-news-finder/venv/lib/python3.9/site-packages/airflow/example_dags/example_task_group_decorator.py
[2024-12-10T22:10:35.753-0700] {logging_mixin.py:190} INFO - [2024-12-10T22:10:35.753-0700] {override.py:1911} INFO - Created Permission View: can read on DAG:example_task_group_decorator
[2024-12-10T22:10:35.757-0700] {logging_mixin.py:190} INFO - [2024-12-10T22:10:35.757-0700] {override.py:1911} INFO - Created Permission View: can delete on DAG:example_task_group_decorator
[2024-12-10T22:10:35.759-0700] {logging_mixin.py:190} INFO - [2024-12-10T22:10:35.759-0700] {override.py:1911} INFO - Created Permission View: can edit on DAG:example_task_group_decorator
[2024-12-10T22:10:35.762-0700] {logging_mixin.py:190} INFO - [2024-12-10T22:10:35.762-0700] {override.py:1911} INFO - Created Permission View: can read on DAG Run:example_task_group_decorator
[2024-12-10T22:10:35.764-0700] {logging_mixin.py:190} INFO - [2024-12-10T22:10:35.764-0700] {override.py:1911} INFO - Created Permission View: can create on DAG Run:example_task_group_decorator
[2024-12-10T22:10:35.766-0700] {logging_mixin.py:190} INFO - [2024-12-10T22:10:35.766-0700] {override.py:1911} INFO - Created Permission View: menu access on DAG Run:example_task_group_decorator
[2024-12-10T22:10:35.769-0700] {logging_mixin.py:190} INFO - [2024-12-10T22:10:35.769-0700] {override.py:1911} INFO - Created Permission View: can delete on DAG Run:example_task_group_decorator
[2024-12-10T22:10:35.769-0700] {logging_mixin.py:190} INFO - [2024-12-10T22:10:35.769-0700] {dag.py:3239} INFO - Sync 1 DAGs
[2024-12-10T22:10:35.773-0700] {logging_mixin.py:190} INFO - [2024-12-10T22:10:35.773-0700] {dag.py:3262} INFO - Creating ORM DAG for example_task_group_decorator
[2024-12-10T22:10:35.774-0700] {logging_mixin.py:190} INFO - [2024-12-10T22:10:35.774-0700] {dag.py:4180} INFO - Setting next_dagrun for example_task_group_decorator to None, run_after=None
[2024-12-10T22:10:35.780-0700] {processor.py:208} INFO - Processing /Users/dimitarjanevski/fake-news-finder/venv/lib/python3.9/site-packages/airflow/example_dags/example_task_group_decorator.py took 0.166 seconds
[2024-12-10T22:12:18.107-0700] {processor.py:186} INFO - Started process (PID=99736) to work on /Users/dimitarjanevski/fake-news-finder/venv/lib/python3.9/site-packages/airflow/example_dags/example_task_group_decorator.py
[2024-12-10T22:12:18.108-0700] {processor.py:914} INFO - Processing file /Users/dimitarjanevski/fake-news-finder/venv/lib/python3.9/site-packages/airflow/example_dags/example_task_group_decorator.py for tasks to queue
[2024-12-10T22:12:18.108-0700] {logging_mixin.py:190} INFO - [2024-12-10T22:12:18.108-0700] {dagbag.py:588} INFO - Filling up the DagBag from /Users/dimitarjanevski/fake-news-finder/venv/lib/python3.9/site-packages/airflow/example_dags/example_task_group_decorator.py
[2024-12-10T22:12:18.150-0700] {processor.py:925} INFO - DAG(s) 'example_task_group_decorator' retrieved from /Users/dimitarjanevski/fake-news-finder/venv/lib/python3.9/site-packages/airflow/example_dags/example_task_group_decorator.py
[2024-12-10T22:12:18.196-0700] {logging_mixin.py:190} INFO - [2024-12-10T22:12:18.196-0700] {dag.py:3239} INFO - Sync 1 DAGs
[2024-12-10T22:12:18.200-0700] {logging_mixin.py:190} INFO - [2024-12-10T22:12:18.200-0700] {dag.py:4180} INFO - Setting next_dagrun for example_task_group_decorator to None, run_after=None
[2024-12-10T22:12:18.207-0700] {processor.py:208} INFO - Processing /Users/dimitarjanevski/fake-news-finder/venv/lib/python3.9/site-packages/airflow/example_dags/example_task_group_decorator.py took 0.101 seconds
[2024-12-10T22:14:37.348-0700] {processor.py:186} INFO - Started process (PID=872) to work on /Users/dimitarjanevski/fake-news-finder/venv/lib/python3.9/site-packages/airflow/example_dags/example_task_group_decorator.py
[2024-12-10T22:14:37.349-0700] {processor.py:914} INFO - Processing file /Users/dimitarjanevski/fake-news-finder/venv/lib/python3.9/site-packages/airflow/example_dags/example_task_group_decorator.py for tasks to queue
[2024-12-10T22:14:37.349-0700] {logging_mixin.py:190} INFO - [2024-12-10T22:14:37.349-0700] {dagbag.py:588} INFO - Filling up the DagBag from /Users/dimitarjanevski/fake-news-finder/venv/lib/python3.9/site-packages/airflow/example_dags/example_task_group_decorator.py
[2024-12-10T22:14:37.390-0700] {processor.py:925} INFO - DAG(s) 'example_task_group_decorator' retrieved from /Users/dimitarjanevski/fake-news-finder/venv/lib/python3.9/site-packages/airflow/example_dags/example_task_group_decorator.py
[2024-12-10T22:14:37.440-0700] {logging_mixin.py:190} INFO - [2024-12-10T22:14:37.440-0700] {dag.py:3239} INFO - Sync 1 DAGs
[2024-12-10T22:14:37.445-0700] {logging_mixin.py:190} INFO - [2024-12-10T22:14:37.445-0700] {dag.py:4180} INFO - Setting next_dagrun for example_task_group_decorator to None, run_after=None
[2024-12-10T22:14:37.453-0700] {processor.py:208} INFO - Processing /Users/dimitarjanevski/fake-news-finder/venv/lib/python3.9/site-packages/airflow/example_dags/example_task_group_decorator.py took 0.106 seconds
[2024-12-10T22:16:53.417-0700] {processor.py:186} INFO - Started process (PID=2842) to work on /Users/dimitarjanevski/fake-news-finder/venv/lib/python3.9/site-packages/airflow/example_dags/example_task_group_decorator.py
[2024-12-10T22:16:53.418-0700] {processor.py:914} INFO - Processing file /Users/dimitarjanevski/fake-news-finder/venv/lib/python3.9/site-packages/airflow/example_dags/example_task_group_decorator.py for tasks to queue
[2024-12-10T22:16:53.418-0700] {logging_mixin.py:190} INFO - [2024-12-10T22:16:53.418-0700] {dagbag.py:588} INFO - Filling up the DagBag from /Users/dimitarjanevski/fake-news-finder/venv/lib/python3.9/site-packages/airflow/example_dags/example_task_group_decorator.py
[2024-12-10T22:16:53.462-0700] {processor.py:925} INFO - DAG(s) 'example_task_group_decorator' retrieved from /Users/dimitarjanevski/fake-news-finder/venv/lib/python3.9/site-packages/airflow/example_dags/example_task_group_decorator.py
[2024-12-10T22:16:53.511-0700] {logging_mixin.py:190} INFO - [2024-12-10T22:16:53.511-0700] {dag.py:3239} INFO - Sync 1 DAGs
[2024-12-10T22:16:53.516-0700] {logging_mixin.py:190} INFO - [2024-12-10T22:16:53.516-0700] {dag.py:4180} INFO - Setting next_dagrun for example_task_group_decorator to None, run_after=None
[2024-12-10T22:16:53.524-0700] {processor.py:208} INFO - Processing /Users/dimitarjanevski/fake-news-finder/venv/lib/python3.9/site-packages/airflow/example_dags/example_task_group_decorator.py took 0.108 seconds
[2024-12-10T22:18:52.101-0700] {processor.py:186} INFO - Started process (PID=4614) to work on /Users/dimitarjanevski/fake-news-finder/venv/lib/python3.9/site-packages/airflow/example_dags/example_task_group_decorator.py
[2024-12-10T22:18:52.102-0700] {processor.py:914} INFO - Processing file /Users/dimitarjanevski/fake-news-finder/venv/lib/python3.9/site-packages/airflow/example_dags/example_task_group_decorator.py for tasks to queue
[2024-12-10T22:18:52.103-0700] {logging_mixin.py:190} INFO - [2024-12-10T22:18:52.103-0700] {dagbag.py:588} INFO - Filling up the DagBag from /Users/dimitarjanevski/fake-news-finder/venv/lib/python3.9/site-packages/airflow/example_dags/example_task_group_decorator.py
[2024-12-10T22:18:52.154-0700] {processor.py:925} INFO - DAG(s) 'example_task_group_decorator' retrieved from /Users/dimitarjanevski/fake-news-finder/venv/lib/python3.9/site-packages/airflow/example_dags/example_task_group_decorator.py
[2024-12-10T22:18:52.198-0700] {logging_mixin.py:190} INFO - [2024-12-10T22:18:52.198-0700] {dag.py:3239} INFO - Sync 1 DAGs
[2024-12-10T22:18:52.202-0700] {logging_mixin.py:190} INFO - [2024-12-10T22:18:52.202-0700] {dag.py:4180} INFO - Setting next_dagrun for example_task_group_decorator to None, run_after=None
[2024-12-10T22:18:52.214-0700] {processor.py:208} INFO - Processing /Users/dimitarjanevski/fake-news-finder/venv/lib/python3.9/site-packages/airflow/example_dags/example_task_group_decorator.py took 0.115 seconds
[2024-12-10T22:20:34.865-0700] {processor.py:186} INFO - Started process (PID=5282) to work on /Users/dimitarjanevski/fake-news-finder/venv/lib/python3.9/site-packages/airflow/example_dags/example_task_group_decorator.py
[2024-12-10T22:20:34.866-0700] {processor.py:914} INFO - Processing file /Users/dimitarjanevski/fake-news-finder/venv/lib/python3.9/site-packages/airflow/example_dags/example_task_group_decorator.py for tasks to queue
[2024-12-10T22:20:34.867-0700] {logging_mixin.py:190} INFO - [2024-12-10T22:20:34.867-0700] {dagbag.py:588} INFO - Filling up the DagBag from /Users/dimitarjanevski/fake-news-finder/venv/lib/python3.9/site-packages/airflow/example_dags/example_task_group_decorator.py
[2024-12-10T22:20:34.909-0700] {processor.py:925} INFO - DAG(s) 'example_task_group_decorator' retrieved from /Users/dimitarjanevski/fake-news-finder/venv/lib/python3.9/site-packages/airflow/example_dags/example_task_group_decorator.py
[2024-12-10T22:20:34.956-0700] {logging_mixin.py:190} INFO - [2024-12-10T22:20:34.956-0700] {dag.py:3239} INFO - Sync 1 DAGs
[2024-12-10T22:20:34.960-0700] {logging_mixin.py:190} INFO - [2024-12-10T22:20:34.960-0700] {dag.py:4180} INFO - Setting next_dagrun for example_task_group_decorator to None, run_after=None
[2024-12-10T22:20:34.969-0700] {processor.py:208} INFO - Processing /Users/dimitarjanevski/fake-news-finder/venv/lib/python3.9/site-packages/airflow/example_dags/example_task_group_decorator.py took 0.106 seconds
[2024-12-10T22:21:52.125-0700] {processor.py:186} INFO - Started process (PID=5745) to work on /Users/dimitarjanevski/fake-news-finder/venv/lib/python3.9/site-packages/airflow/example_dags/example_task_group_decorator.py
[2024-12-10T22:21:52.126-0700] {processor.py:914} INFO - Processing file /Users/dimitarjanevski/fake-news-finder/venv/lib/python3.9/site-packages/airflow/example_dags/example_task_group_decorator.py for tasks to queue
[2024-12-10T22:21:52.127-0700] {logging_mixin.py:190} INFO - [2024-12-10T22:21:52.127-0700] {dagbag.py:588} INFO - Filling up the DagBag from /Users/dimitarjanevski/fake-news-finder/venv/lib/python3.9/site-packages/airflow/example_dags/example_task_group_decorator.py
[2024-12-10T22:21:52.170-0700] {processor.py:925} INFO - DAG(s) 'example_task_group_decorator' retrieved from /Users/dimitarjanevski/fake-news-finder/venv/lib/python3.9/site-packages/airflow/example_dags/example_task_group_decorator.py
[2024-12-10T22:21:52.220-0700] {logging_mixin.py:190} INFO - [2024-12-10T22:21:52.220-0700] {dag.py:3239} INFO - Sync 1 DAGs
[2024-12-10T22:21:52.225-0700] {logging_mixin.py:190} INFO - [2024-12-10T22:21:52.225-0700] {dag.py:4180} INFO - Setting next_dagrun for example_task_group_decorator to None, run_after=None
[2024-12-10T22:21:52.234-0700] {processor.py:208} INFO - Processing /Users/dimitarjanevski/fake-news-finder/venv/lib/python3.9/site-packages/airflow/example_dags/example_task_group_decorator.py took 0.111 seconds
