[2024-12-10T22:11:33.748-0700] {processor.py:186} INFO - Started process (PID=99501) to work on /Users/dimitarjanevski/fake-news-finder/venv/lib/python3.9/site-packages/airflow/example_dags/example_branch_python_dop_operator_3.py
[2024-12-10T22:11:33.749-0700] {processor.py:914} INFO - Processing file /Users/dimitarjanevski/fake-news-finder/venv/lib/python3.9/site-packages/airflow/example_dags/example_branch_python_dop_operator_3.py for tasks to queue
[2024-12-10T22:11:33.750-0700] {logging_mixin.py:190} INFO - [2024-12-10T22:11:33.750-0700] {dagbag.py:588} INFO - Filling up the DagBag from /Users/dimitarjanevski/fake-news-finder/venv/lib/python3.9/site-packages/airflow/example_dags/example_branch_python_dop_operator_3.py
[2024-12-10T22:11:33.798-0700] {processor.py:925} INFO - DAG(s) 'example_branch_dop_operator_v3' retrieved from /Users/dimitarjanevski/fake-news-finder/venv/lib/python3.9/site-packages/airflow/example_dags/example_branch_python_dop_operator_3.py
[2024-12-10T22:11:33.937-0700] {logging_mixin.py:190} INFO - [2024-12-10T22:11:33.936-0700] {override.py:1911} INFO - Created Permission View: can delete on DAG:example_branch_dop_operator_v3
[2024-12-10T22:11:33.941-0700] {logging_mixin.py:190} INFO - [2024-12-10T22:11:33.941-0700] {override.py:1911} INFO - Created Permission View: can edit on DAG:example_branch_dop_operator_v3
[2024-12-10T22:11:33.944-0700] {logging_mixin.py:190} INFO - [2024-12-10T22:11:33.944-0700] {override.py:1911} INFO - Created Permission View: can read on DAG:example_branch_dop_operator_v3
[2024-12-10T22:11:33.950-0700] {logging_mixin.py:190} INFO - [2024-12-10T22:11:33.950-0700] {override.py:1911} INFO - Created Permission View: menu access on DAG Run:example_branch_dop_operator_v3
[2024-12-10T22:11:33.954-0700] {logging_mixin.py:190} INFO - [2024-12-10T22:11:33.954-0700] {override.py:1911} INFO - Created Permission View: can create on DAG Run:example_branch_dop_operator_v3
[2024-12-10T22:11:33.957-0700] {logging_mixin.py:190} INFO - [2024-12-10T22:11:33.957-0700] {override.py:1911} INFO - Created Permission View: can delete on DAG Run:example_branch_dop_operator_v3
[2024-12-10T22:11:33.961-0700] {logging_mixin.py:190} INFO - [2024-12-10T22:11:33.961-0700] {override.py:1911} INFO - Created Permission View: can read on DAG Run:example_branch_dop_operator_v3
[2024-12-10T22:11:33.961-0700] {logging_mixin.py:190} INFO - [2024-12-10T22:11:33.961-0700] {dag.py:3239} INFO - Sync 1 DAGs
[2024-12-10T22:11:33.968-0700] {logging_mixin.py:190} INFO - [2024-12-10T22:11:33.968-0700] {dag.py:3262} INFO - Creating ORM DAG for example_branch_dop_operator_v3
[2024-12-10T22:11:33.977-0700] {logging_mixin.py:190} INFO - [2024-12-10T22:11:33.977-0700] {dag.py:4180} INFO - Setting next_dagrun for example_branch_dop_operator_v3 to 2024-12-11 05:10:00+00:00, run_after=2024-12-11 05:11:00+00:00
[2024-12-10T22:11:33.987-0700] {processor.py:208} INFO - Processing /Users/dimitarjanevski/fake-news-finder/venv/lib/python3.9/site-packages/airflow/example_dags/example_branch_python_dop_operator_3.py took 0.244 seconds
[2024-12-10T22:17:51.409-0700] {processor.py:186} INFO - Started process (PID=3726) to work on /Users/dimitarjanevski/fake-news-finder/venv/lib/python3.9/site-packages/airflow/example_dags/example_branch_python_dop_operator_3.py
[2024-12-10T22:17:51.410-0700] {processor.py:914} INFO - Processing file /Users/dimitarjanevski/fake-news-finder/venv/lib/python3.9/site-packages/airflow/example_dags/example_branch_python_dop_operator_3.py for tasks to queue
[2024-12-10T22:17:51.411-0700] {logging_mixin.py:190} INFO - [2024-12-10T22:17:51.411-0700] {dagbag.py:588} INFO - Filling up the DagBag from /Users/dimitarjanevski/fake-news-finder/venv/lib/python3.9/site-packages/airflow/example_dags/example_branch_python_dop_operator_3.py
[2024-12-10T22:17:51.453-0700] {processor.py:925} INFO - DAG(s) 'example_branch_dop_operator_v3' retrieved from /Users/dimitarjanevski/fake-news-finder/venv/lib/python3.9/site-packages/airflow/example_dags/example_branch_python_dop_operator_3.py
[2024-12-10T22:17:51.502-0700] {logging_mixin.py:190} INFO - [2024-12-10T22:17:51.502-0700] {dag.py:3239} INFO - Sync 1 DAGs
[2024-12-10T22:17:51.513-0700] {logging_mixin.py:190} INFO - [2024-12-10T22:17:51.513-0700] {dag.py:4180} INFO - Setting next_dagrun for example_branch_dop_operator_v3 to 2024-12-11 05:16:00+00:00, run_after=2024-12-11 05:17:00+00:00
[2024-12-10T22:17:51.523-0700] {processor.py:208} INFO - Processing /Users/dimitarjanevski/fake-news-finder/venv/lib/python3.9/site-packages/airflow/example_dags/example_branch_python_dop_operator_3.py took 0.116 seconds
[2024-12-10T22:19:46.467-0700] {processor.py:186} INFO - Started process (PID=4986) to work on /Users/dimitarjanevski/fake-news-finder/venv/lib/python3.9/site-packages/airflow/example_dags/example_branch_python_dop_operator_3.py
[2024-12-10T22:19:46.468-0700] {processor.py:914} INFO - Processing file /Users/dimitarjanevski/fake-news-finder/venv/lib/python3.9/site-packages/airflow/example_dags/example_branch_python_dop_operator_3.py for tasks to queue
[2024-12-10T22:19:46.468-0700] {logging_mixin.py:190} INFO - [2024-12-10T22:19:46.468-0700] {dagbag.py:588} INFO - Filling up the DagBag from /Users/dimitarjanevski/fake-news-finder/venv/lib/python3.9/site-packages/airflow/example_dags/example_branch_python_dop_operator_3.py
[2024-12-10T22:19:46.510-0700] {processor.py:925} INFO - DAG(s) 'example_branch_dop_operator_v3' retrieved from /Users/dimitarjanevski/fake-news-finder/venv/lib/python3.9/site-packages/airflow/example_dags/example_branch_python_dop_operator_3.py
[2024-12-10T22:19:46.554-0700] {logging_mixin.py:190} INFO - [2024-12-10T22:19:46.553-0700] {dag.py:3239} INFO - Sync 1 DAGs
[2024-12-10T22:19:46.565-0700] {logging_mixin.py:190} INFO - [2024-12-10T22:19:46.564-0700] {dag.py:4180} INFO - Setting next_dagrun for example_branch_dop_operator_v3 to 2024-12-11 05:18:00+00:00, run_after=2024-12-11 05:19:00+00:00
[2024-12-10T22:19:46.572-0700] {processor.py:208} INFO - Processing /Users/dimitarjanevski/fake-news-finder/venv/lib/python3.9/site-packages/airflow/example_dags/example_branch_python_dop_operator_3.py took 0.106 seconds
