[2024-12-10T22:11:15.398-0700] {processor.py:186} INFO - Started process (PID=99389) to work on /Users/dimitarjanevski/fake-news-finder/venv/lib/python3.9/site-packages/airflow/example_dags/example_inlet_event_extra.py
[2024-12-10T22:11:15.398-0700] {processor.py:914} INFO - Processing file /Users/dimitarjanevski/fake-news-finder/venv/lib/python3.9/site-packages/airflow/example_dags/example_inlet_event_extra.py for tasks to queue
[2024-12-10T22:11:15.399-0700] {logging_mixin.py:190} INFO - [2024-12-10T22:11:15.398-0700] {dagbag.py:588} INFO - Filling up the DagBag from /Users/dimitarjanevski/fake-news-finder/venv/lib/python3.9/site-packages/airflow/example_dags/example_inlet_event_extra.py
[2024-12-10T22:11:15.475-0700] {processor.py:925} INFO - DAG(s) 'read_dataset_event_from_classic', 'read_dataset_event' retrieved from /Users/dimitarjanevski/fake-news-finder/venv/lib/python3.9/site-packages/airflow/example_dags/example_inlet_event_extra.py
[2024-12-10T22:11:15.556-0700] {logging_mixin.py:190} INFO - [2024-12-10T22:11:15.556-0700] {override.py:1911} INFO - Created Permission View: can delete on DAG:read_dataset_event_from_classic
[2024-12-10T22:11:15.560-0700] {logging_mixin.py:190} INFO - [2024-12-10T22:11:15.560-0700] {override.py:1911} INFO - Created Permission View: can read on DAG:read_dataset_event_from_classic
[2024-12-10T22:11:15.563-0700] {logging_mixin.py:190} INFO - [2024-12-10T22:11:15.563-0700] {override.py:1911} INFO - Created Permission View: can edit on DAG:read_dataset_event_from_classic
[2024-12-10T22:11:15.566-0700] {logging_mixin.py:190} INFO - [2024-12-10T22:11:15.566-0700] {override.py:1911} INFO - Created Permission View: menu access on DAG Run:read_dataset_event_from_classic
[2024-12-10T22:11:15.568-0700] {logging_mixin.py:190} INFO - [2024-12-10T22:11:15.568-0700] {override.py:1911} INFO - Created Permission View: can create on DAG Run:read_dataset_event_from_classic
[2024-12-10T22:11:15.570-0700] {logging_mixin.py:190} INFO - [2024-12-10T22:11:15.570-0700] {override.py:1911} INFO - Created Permission View: can delete on DAG Run:read_dataset_event_from_classic
[2024-12-10T22:11:15.573-0700] {logging_mixin.py:190} INFO - [2024-12-10T22:11:15.573-0700] {override.py:1911} INFO - Created Permission View: can read on DAG Run:read_dataset_event_from_classic
[2024-12-10T22:11:15.578-0700] {logging_mixin.py:190} INFO - [2024-12-10T22:11:15.578-0700] {override.py:1911} INFO - Created Permission View: can delete on DAG:read_dataset_event
[2024-12-10T22:11:15.580-0700] {logging_mixin.py:190} INFO - [2024-12-10T22:11:15.580-0700] {override.py:1911} INFO - Created Permission View: can read on DAG:read_dataset_event
[2024-12-10T22:11:15.582-0700] {logging_mixin.py:190} INFO - [2024-12-10T22:11:15.582-0700] {override.py:1911} INFO - Created Permission View: can edit on DAG:read_dataset_event
[2024-12-10T22:11:15.585-0700] {logging_mixin.py:190} INFO - [2024-12-10T22:11:15.585-0700] {override.py:1911} INFO - Created Permission View: menu access on DAG Run:read_dataset_event
[2024-12-10T22:11:15.587-0700] {logging_mixin.py:190} INFO - [2024-12-10T22:11:15.587-0700] {override.py:1911} INFO - Created Permission View: can create on DAG Run:read_dataset_event
[2024-12-10T22:11:15.589-0700] {logging_mixin.py:190} INFO - [2024-12-10T22:11:15.589-0700] {override.py:1911} INFO - Created Permission View: can delete on DAG Run:read_dataset_event
[2024-12-10T22:11:15.591-0700] {logging_mixin.py:190} INFO - [2024-12-10T22:11:15.591-0700] {override.py:1911} INFO - Created Permission View: can read on DAG Run:read_dataset_event
[2024-12-10T22:11:15.591-0700] {logging_mixin.py:190} INFO - [2024-12-10T22:11:15.591-0700] {dag.py:3239} INFO - Sync 2 DAGs
[2024-12-10T22:11:15.596-0700] {logging_mixin.py:190} INFO - [2024-12-10T22:11:15.596-0700] {dag.py:3262} INFO - Creating ORM DAG for read_dataset_event
[2024-12-10T22:11:15.596-0700] {logging_mixin.py:190} INFO - [2024-12-10T22:11:15.596-0700] {dag.py:3262} INFO - Creating ORM DAG for read_dataset_event_from_classic
[2024-12-10T22:11:15.600-0700] {logging_mixin.py:190} INFO - [2024-12-10T22:11:15.600-0700] {dag.py:4180} INFO - Setting next_dagrun for read_dataset_event to 2024-12-10 00:00:00+00:00, run_after=2024-12-11 00:00:00+00:00
[2024-12-10T22:11:15.601-0700] {logging_mixin.py:190} INFO - [2024-12-10T22:11:15.601-0700] {dag.py:4180} INFO - Setting next_dagrun for read_dataset_event_from_classic to 2024-12-10 00:00:00+00:00, run_after=2024-12-11 00:00:00+00:00
[2024-12-10T22:11:15.607-0700] {processor.py:208} INFO - Processing /Users/dimitarjanevski/fake-news-finder/venv/lib/python3.9/site-packages/airflow/example_dags/example_inlet_event_extra.py took 0.211 seconds
[2024-12-10T22:12:57.786-0700] {processor.py:186} INFO - Started process (PID=99944) to work on /Users/dimitarjanevski/fake-news-finder/venv/lib/python3.9/site-packages/airflow/example_dags/example_inlet_event_extra.py
[2024-12-10T22:12:57.787-0700] {processor.py:914} INFO - Processing file /Users/dimitarjanevski/fake-news-finder/venv/lib/python3.9/site-packages/airflow/example_dags/example_inlet_event_extra.py for tasks to queue
[2024-12-10T22:12:57.788-0700] {logging_mixin.py:190} INFO - [2024-12-10T22:12:57.788-0700] {dagbag.py:588} INFO - Filling up the DagBag from /Users/dimitarjanevski/fake-news-finder/venv/lib/python3.9/site-packages/airflow/example_dags/example_inlet_event_extra.py
[2024-12-10T22:12:57.847-0700] {processor.py:925} INFO - DAG(s) 'read_dataset_event', 'read_dataset_event_from_classic' retrieved from /Users/dimitarjanevski/fake-news-finder/venv/lib/python3.9/site-packages/airflow/example_dags/example_inlet_event_extra.py
[2024-12-10T22:12:57.893-0700] {logging_mixin.py:190} INFO - [2024-12-10T22:12:57.893-0700] {dag.py:3239} INFO - Sync 2 DAGs
[2024-12-10T22:12:57.901-0700] {logging_mixin.py:190} INFO - [2024-12-10T22:12:57.900-0700] {dag.py:4180} INFO - Setting next_dagrun for read_dataset_event to 2024-12-10 00:00:00+00:00, run_after=2024-12-11 00:00:00+00:00
[2024-12-10T22:12:57.902-0700] {logging_mixin.py:190} INFO - [2024-12-10T22:12:57.902-0700] {dag.py:4180} INFO - Setting next_dagrun for read_dataset_event_from_classic to 2024-12-10 00:00:00+00:00, run_after=2024-12-11 00:00:00+00:00
[2024-12-10T22:12:57.908-0700] {processor.py:208} INFO - Processing /Users/dimitarjanevski/fake-news-finder/venv/lib/python3.9/site-packages/airflow/example_dags/example_inlet_event_extra.py took 0.124 seconds
[2024-12-10T22:17:32.895-0700] {processor.py:186} INFO - Started process (PID=3338) to work on /Users/dimitarjanevski/fake-news-finder/venv/lib/python3.9/site-packages/airflow/example_dags/example_inlet_event_extra.py
[2024-12-10T22:17:32.897-0700] {processor.py:914} INFO - Processing file /Users/dimitarjanevski/fake-news-finder/venv/lib/python3.9/site-packages/airflow/example_dags/example_inlet_event_extra.py for tasks to queue
[2024-12-10T22:17:32.897-0700] {logging_mixin.py:190} INFO - [2024-12-10T22:17:32.897-0700] {dagbag.py:588} INFO - Filling up the DagBag from /Users/dimitarjanevski/fake-news-finder/venv/lib/python3.9/site-packages/airflow/example_dags/example_inlet_event_extra.py
[2024-12-10T22:17:32.960-0700] {processor.py:925} INFO - DAG(s) 'read_dataset_event_from_classic', 'read_dataset_event' retrieved from /Users/dimitarjanevski/fake-news-finder/venv/lib/python3.9/site-packages/airflow/example_dags/example_inlet_event_extra.py
[2024-12-10T22:17:33.006-0700] {logging_mixin.py:190} INFO - [2024-12-10T22:17:33.006-0700] {dag.py:3239} INFO - Sync 2 DAGs
[2024-12-10T22:17:33.014-0700] {logging_mixin.py:190} INFO - [2024-12-10T22:17:33.014-0700] {dag.py:4180} INFO - Setting next_dagrun for read_dataset_event to 2024-12-10 00:00:00+00:00, run_after=2024-12-11 00:00:00+00:00
[2024-12-10T22:17:33.015-0700] {logging_mixin.py:190} INFO - [2024-12-10T22:17:33.015-0700] {dag.py:4180} INFO - Setting next_dagrun for read_dataset_event_from_classic to 2024-12-10 00:00:00+00:00, run_after=2024-12-11 00:00:00+00:00
[2024-12-10T22:17:33.022-0700] {processor.py:208} INFO - Processing /Users/dimitarjanevski/fake-news-finder/venv/lib/python3.9/site-packages/airflow/example_dags/example_inlet_event_extra.py took 0.127 seconds
[2024-12-10T22:19:27.686-0700] {processor.py:186} INFO - Started process (PID=4850) to work on /Users/dimitarjanevski/fake-news-finder/venv/lib/python3.9/site-packages/airflow/example_dags/example_inlet_event_extra.py
[2024-12-10T22:19:27.687-0700] {processor.py:914} INFO - Processing file /Users/dimitarjanevski/fake-news-finder/venv/lib/python3.9/site-packages/airflow/example_dags/example_inlet_event_extra.py for tasks to queue
[2024-12-10T22:19:27.687-0700] {logging_mixin.py:190} INFO - [2024-12-10T22:19:27.687-0700] {dagbag.py:588} INFO - Filling up the DagBag from /Users/dimitarjanevski/fake-news-finder/venv/lib/python3.9/site-packages/airflow/example_dags/example_inlet_event_extra.py
[2024-12-10T22:19:27.747-0700] {processor.py:925} INFO - DAG(s) 'read_dataset_event_from_classic', 'read_dataset_event' retrieved from /Users/dimitarjanevski/fake-news-finder/venv/lib/python3.9/site-packages/airflow/example_dags/example_inlet_event_extra.py
[2024-12-10T22:19:27.793-0700] {logging_mixin.py:190} INFO - [2024-12-10T22:19:27.793-0700] {dag.py:3239} INFO - Sync 2 DAGs
[2024-12-10T22:19:27.801-0700] {logging_mixin.py:190} INFO - [2024-12-10T22:19:27.801-0700] {dag.py:4180} INFO - Setting next_dagrun for read_dataset_event to 2024-12-10 00:00:00+00:00, run_after=2024-12-11 00:00:00+00:00
[2024-12-10T22:19:27.803-0700] {logging_mixin.py:190} INFO - [2024-12-10T22:19:27.803-0700] {dag.py:4180} INFO - Setting next_dagrun for read_dataset_event_from_classic to 2024-12-10 00:00:00+00:00, run_after=2024-12-11 00:00:00+00:00
[2024-12-10T22:19:27.811-0700] {processor.py:208} INFO - Processing /Users/dimitarjanevski/fake-news-finder/venv/lib/python3.9/site-packages/airflow/example_dags/example_inlet_event_extra.py took 0.126 seconds
[2024-12-10T22:21:13.463-0700] {processor.py:186} INFO - Started process (PID=5519) to work on /Users/dimitarjanevski/fake-news-finder/venv/lib/python3.9/site-packages/airflow/example_dags/example_inlet_event_extra.py
[2024-12-10T22:21:13.463-0700] {processor.py:914} INFO - Processing file /Users/dimitarjanevski/fake-news-finder/venv/lib/python3.9/site-packages/airflow/example_dags/example_inlet_event_extra.py for tasks to queue
[2024-12-10T22:21:13.464-0700] {logging_mixin.py:190} INFO - [2024-12-10T22:21:13.464-0700] {dagbag.py:588} INFO - Filling up the DagBag from /Users/dimitarjanevski/fake-news-finder/venv/lib/python3.9/site-packages/airflow/example_dags/example_inlet_event_extra.py
[2024-12-10T22:21:13.517-0700] {processor.py:925} INFO - DAG(s) 'read_dataset_event_from_classic', 'read_dataset_event' retrieved from /Users/dimitarjanevski/fake-news-finder/venv/lib/python3.9/site-packages/airflow/example_dags/example_inlet_event_extra.py
[2024-12-10T22:21:13.563-0700] {logging_mixin.py:190} INFO - [2024-12-10T22:21:13.563-0700] {dag.py:3239} INFO - Sync 2 DAGs
[2024-12-10T22:21:13.571-0700] {logging_mixin.py:190} INFO - [2024-12-10T22:21:13.571-0700] {dag.py:4180} INFO - Setting next_dagrun for read_dataset_event to 2024-12-10 00:00:00+00:00, run_after=2024-12-11 00:00:00+00:00
[2024-12-10T22:21:13.572-0700] {logging_mixin.py:190} INFO - [2024-12-10T22:21:13.572-0700] {dag.py:4180} INFO - Setting next_dagrun for read_dataset_event_from_classic to 2024-12-10 00:00:00+00:00, run_after=2024-12-11 00:00:00+00:00
[2024-12-10T22:21:13.579-0700] {processor.py:208} INFO - Processing /Users/dimitarjanevski/fake-news-finder/venv/lib/python3.9/site-packages/airflow/example_dags/example_inlet_event_extra.py took 0.118 seconds
