[2024-12-10T22:11:25.612-0700] {processor.py:186} INFO - Started process (PID=99450) to work on /Users/dimitarjanevski/fake-news-finder/venv/lib/python3.9/site-packages/airflow/example_dags/example_dataset_alias_with_no_taskflow.py
[2024-12-10T22:11:25.613-0700] {processor.py:914} INFO - Processing file /Users/dimitarjanevski/fake-news-finder/venv/lib/python3.9/site-packages/airflow/example_dags/example_dataset_alias_with_no_taskflow.py for tasks to queue
[2024-12-10T22:11:25.613-0700] {logging_mixin.py:190} INFO - [2024-12-10T22:11:25.613-0700] {dagbag.py:588} INFO - Filling up the DagBag from /Users/dimitarjanevski/fake-news-finder/venv/lib/python3.9/site-packages/airflow/example_dags/example_dataset_alias_with_no_taskflow.py
[2024-12-10T22:11:25.701-0700] {processor.py:925} INFO - DAG(s) 'dataset_s3_bucket_producer_with_no_taskflow', 'dataset_alias_example_alias_producer_with_no_taskflow', 'dataset_s3_bucket_consumer_with_no_taskflow', 'dataset_alias_example_alias_consumer_with_no_taskflow' retrieved from /Users/dimitarjanevski/fake-news-finder/venv/lib/python3.9/site-packages/airflow/example_dags/example_dataset_alias_with_no_taskflow.py
[2024-12-10T22:11:25.744-0700] {logging_mixin.py:190} INFO - [2024-12-10T22:11:25.744-0700] {override.py:1911} INFO - Created Permission View: can read on DAG:dataset_s3_bucket_producer_with_no_taskflow
[2024-12-10T22:11:25.749-0700] {logging_mixin.py:190} INFO - [2024-12-10T22:11:25.749-0700] {override.py:1911} INFO - Created Permission View: can edit on DAG:dataset_s3_bucket_producer_with_no_taskflow
[2024-12-10T22:11:25.753-0700] {logging_mixin.py:190} INFO - [2024-12-10T22:11:25.752-0700] {override.py:1911} INFO - Created Permission View: can delete on DAG:dataset_s3_bucket_producer_with_no_taskflow
[2024-12-10T22:11:25.756-0700] {logging_mixin.py:190} INFO - [2024-12-10T22:11:25.756-0700] {override.py:1911} INFO - Created Permission View: menu access on DAG Run:dataset_s3_bucket_producer_with_no_taskflow
[2024-12-10T22:11:25.759-0700] {logging_mixin.py:190} INFO - [2024-12-10T22:11:25.759-0700] {override.py:1911} INFO - Created Permission View: can read on DAG Run:dataset_s3_bucket_producer_with_no_taskflow
[2024-12-10T22:11:25.763-0700] {logging_mixin.py:190} INFO - [2024-12-10T22:11:25.762-0700] {override.py:1911} INFO - Created Permission View: can create on DAG Run:dataset_s3_bucket_producer_with_no_taskflow
[2024-12-10T22:11:25.766-0700] {logging_mixin.py:190} INFO - [2024-12-10T22:11:25.766-0700] {override.py:1911} INFO - Created Permission View: can delete on DAG Run:dataset_s3_bucket_producer_with_no_taskflow
[2024-12-10T22:11:25.773-0700] {logging_mixin.py:190} INFO - [2024-12-10T22:11:25.773-0700] {override.py:1911} INFO - Created Permission View: can read on DAG:dataset_alias_example_alias_producer_with_no_taskflow
[2024-12-10T22:11:25.776-0700] {logging_mixin.py:190} INFO - [2024-12-10T22:11:25.776-0700] {override.py:1911} INFO - Created Permission View: can edit on DAG:dataset_alias_example_alias_producer_with_no_taskflow
[2024-12-10T22:11:25.779-0700] {logging_mixin.py:190} INFO - [2024-12-10T22:11:25.778-0700] {override.py:1911} INFO - Created Permission View: can delete on DAG:dataset_alias_example_alias_producer_with_no_taskflow
[2024-12-10T22:11:25.782-0700] {logging_mixin.py:190} INFO - [2024-12-10T22:11:25.782-0700] {override.py:1911} INFO - Created Permission View: menu access on DAG Run:dataset_alias_example_alias_producer_with_no_taskflow
[2024-12-10T22:11:25.785-0700] {logging_mixin.py:190} INFO - [2024-12-10T22:11:25.784-0700] {override.py:1911} INFO - Created Permission View: can read on DAG Run:dataset_alias_example_alias_producer_with_no_taskflow
[2024-12-10T22:11:25.787-0700] {logging_mixin.py:190} INFO - [2024-12-10T22:11:25.787-0700] {override.py:1911} INFO - Created Permission View: can create on DAG Run:dataset_alias_example_alias_producer_with_no_taskflow
[2024-12-10T22:11:25.790-0700] {logging_mixin.py:190} INFO - [2024-12-10T22:11:25.790-0700] {override.py:1911} INFO - Created Permission View: can delete on DAG Run:dataset_alias_example_alias_producer_with_no_taskflow
[2024-12-10T22:11:25.795-0700] {logging_mixin.py:190} INFO - [2024-12-10T22:11:25.795-0700] {override.py:1911} INFO - Created Permission View: can read on DAG:dataset_s3_bucket_consumer_with_no_taskflow
[2024-12-10T22:11:25.797-0700] {logging_mixin.py:190} INFO - [2024-12-10T22:11:25.797-0700] {override.py:1911} INFO - Created Permission View: can edit on DAG:dataset_s3_bucket_consumer_with_no_taskflow
[2024-12-10T22:11:25.800-0700] {logging_mixin.py:190} INFO - [2024-12-10T22:11:25.799-0700] {override.py:1911} INFO - Created Permission View: can delete on DAG:dataset_s3_bucket_consumer_with_no_taskflow
[2024-12-10T22:11:25.803-0700] {logging_mixin.py:190} INFO - [2024-12-10T22:11:25.802-0700] {override.py:1911} INFO - Created Permission View: menu access on DAG Run:dataset_s3_bucket_consumer_with_no_taskflow
[2024-12-10T22:11:25.805-0700] {logging_mixin.py:190} INFO - [2024-12-10T22:11:25.805-0700] {override.py:1911} INFO - Created Permission View: can read on DAG Run:dataset_s3_bucket_consumer_with_no_taskflow
[2024-12-10T22:11:25.807-0700] {logging_mixin.py:190} INFO - [2024-12-10T22:11:25.807-0700] {override.py:1911} INFO - Created Permission View: can create on DAG Run:dataset_s3_bucket_consumer_with_no_taskflow
[2024-12-10T22:11:25.809-0700] {logging_mixin.py:190} INFO - [2024-12-10T22:11:25.809-0700] {override.py:1911} INFO - Created Permission View: can delete on DAG Run:dataset_s3_bucket_consumer_with_no_taskflow
[2024-12-10T22:11:25.814-0700] {logging_mixin.py:190} INFO - [2024-12-10T22:11:25.814-0700] {override.py:1911} INFO - Created Permission View: can read on DAG:dataset_alias_example_alias_consumer_with_no_taskflow
[2024-12-10T22:11:25.817-0700] {logging_mixin.py:190} INFO - [2024-12-10T22:11:25.816-0700] {override.py:1911} INFO - Created Permission View: can edit on DAG:dataset_alias_example_alias_consumer_with_no_taskflow
[2024-12-10T22:11:25.819-0700] {logging_mixin.py:190} INFO - [2024-12-10T22:11:25.819-0700] {override.py:1911} INFO - Created Permission View: can delete on DAG:dataset_alias_example_alias_consumer_with_no_taskflow
[2024-12-10T22:11:25.823-0700] {logging_mixin.py:190} INFO - [2024-12-10T22:11:25.823-0700] {override.py:1911} INFO - Created Permission View: menu access on DAG Run:dataset_alias_example_alias_consumer_with_no_taskflow
[2024-12-10T22:11:25.826-0700] {logging_mixin.py:190} INFO - [2024-12-10T22:11:25.825-0700] {override.py:1911} INFO - Created Permission View: can read on DAG Run:dataset_alias_example_alias_consumer_with_no_taskflow
[2024-12-10T22:11:25.828-0700] {logging_mixin.py:190} INFO - [2024-12-10T22:11:25.828-0700] {override.py:1911} INFO - Created Permission View: can create on DAG Run:dataset_alias_example_alias_consumer_with_no_taskflow
[2024-12-10T22:11:25.830-0700] {logging_mixin.py:190} INFO - [2024-12-10T22:11:25.830-0700] {override.py:1911} INFO - Created Permission View: can delete on DAG Run:dataset_alias_example_alias_consumer_with_no_taskflow
[2024-12-10T22:11:25.831-0700] {logging_mixin.py:190} INFO - [2024-12-10T22:11:25.831-0700] {dag.py:3239} INFO - Sync 4 DAGs
[2024-12-10T22:11:25.836-0700] {logging_mixin.py:190} INFO - [2024-12-10T22:11:25.836-0700] {dag.py:3262} INFO - Creating ORM DAG for dataset_s3_bucket_consumer_with_no_taskflow
[2024-12-10T22:11:25.836-0700] {logging_mixin.py:190} INFO - [2024-12-10T22:11:25.836-0700] {dag.py:3262} INFO - Creating ORM DAG for dataset_s3_bucket_producer_with_no_taskflow
[2024-12-10T22:11:25.837-0700] {logging_mixin.py:190} INFO - [2024-12-10T22:11:25.837-0700] {dag.py:3262} INFO - Creating ORM DAG for dataset_alias_example_alias_consumer_with_no_taskflow
[2024-12-10T22:11:25.837-0700] {logging_mixin.py:190} INFO - [2024-12-10T22:11:25.837-0700] {dag.py:3262} INFO - Creating ORM DAG for dataset_alias_example_alias_producer_with_no_taskflow
[2024-12-10T22:11:25.840-0700] {logging_mixin.py:190} INFO - [2024-12-10T22:11:25.840-0700] {dag.py:4180} INFO - Setting next_dagrun for dataset_alias_example_alias_consumer_with_no_taskflow to None, run_after=None
[2024-12-10T22:11:25.841-0700] {logging_mixin.py:190} INFO - [2024-12-10T22:11:25.841-0700] {dag.py:4180} INFO - Setting next_dagrun for dataset_alias_example_alias_producer_with_no_taskflow to None, run_after=None
[2024-12-10T22:11:25.841-0700] {logging_mixin.py:190} INFO - [2024-12-10T22:11:25.841-0700] {dag.py:4180} INFO - Setting next_dagrun for dataset_s3_bucket_consumer_with_no_taskflow to None, run_after=None
[2024-12-10T22:11:25.841-0700] {logging_mixin.py:190} INFO - [2024-12-10T22:11:25.841-0700] {dag.py:4180} INFO - Setting next_dagrun for dataset_s3_bucket_producer_with_no_taskflow to None, run_after=None
[2024-12-10T22:11:25.848-0700] {logging_mixin.py:190} INFO - [2024-12-10T22:11:25.848-0700] {workday.py:41} WARNING - Could not import pandas. Holidays will not be considered.
[2024-12-10T22:11:25.855-0700] {processor.py:208} INFO - Processing /Users/dimitarjanevski/fake-news-finder/venv/lib/python3.9/site-packages/airflow/example_dags/example_dataset_alias_with_no_taskflow.py took 0.245 seconds
[2024-12-10T22:17:43.746-0700] {processor.py:186} INFO - Started process (PID=3583) to work on /Users/dimitarjanevski/fake-news-finder/venv/lib/python3.9/site-packages/airflow/example_dags/example_dataset_alias_with_no_taskflow.py
[2024-12-10T22:17:43.747-0700] {processor.py:914} INFO - Processing file /Users/dimitarjanevski/fake-news-finder/venv/lib/python3.9/site-packages/airflow/example_dags/example_dataset_alias_with_no_taskflow.py for tasks to queue
[2024-12-10T22:17:43.747-0700] {logging_mixin.py:190} INFO - [2024-12-10T22:17:43.747-0700] {dagbag.py:588} INFO - Filling up the DagBag from /Users/dimitarjanevski/fake-news-finder/venv/lib/python3.9/site-packages/airflow/example_dags/example_dataset_alias_with_no_taskflow.py
[2024-12-10T22:17:43.837-0700] {processor.py:925} INFO - DAG(s) 'dataset_s3_bucket_consumer_with_no_taskflow', 'dataset_alias_example_alias_producer_with_no_taskflow', 'dataset_s3_bucket_producer_with_no_taskflow', 'dataset_alias_example_alias_consumer_with_no_taskflow' retrieved from /Users/dimitarjanevski/fake-news-finder/venv/lib/python3.9/site-packages/airflow/example_dags/example_dataset_alias_with_no_taskflow.py
[2024-12-10T22:17:43.846-0700] {logging_mixin.py:190} INFO - [2024-12-10T22:17:43.846-0700] {dag.py:3239} INFO - Sync 4 DAGs
[2024-12-10T22:17:43.853-0700] {logging_mixin.py:190} INFO - [2024-12-10T22:17:43.853-0700] {dag.py:4180} INFO - Setting next_dagrun for dataset_alias_example_alias_consumer_with_no_taskflow to None, run_after=None
[2024-12-10T22:17:43.854-0700] {logging_mixin.py:190} INFO - [2024-12-10T22:17:43.854-0700] {dag.py:4180} INFO - Setting next_dagrun for dataset_alias_example_alias_producer_with_no_taskflow to None, run_after=None
[2024-12-10T22:17:43.854-0700] {logging_mixin.py:190} INFO - [2024-12-10T22:17:43.854-0700] {dag.py:4180} INFO - Setting next_dagrun for dataset_s3_bucket_consumer_with_no_taskflow to None, run_after=None
[2024-12-10T22:17:43.855-0700] {logging_mixin.py:190} INFO - [2024-12-10T22:17:43.855-0700] {dag.py:4180} INFO - Setting next_dagrun for dataset_s3_bucket_producer_with_no_taskflow to None, run_after=None
[2024-12-10T22:17:43.863-0700] {processor.py:208} INFO - Processing /Users/dimitarjanevski/fake-news-finder/venv/lib/python3.9/site-packages/airflow/example_dags/example_dataset_alias_with_no_taskflow.py took 0.119 seconds
[2024-12-10T22:19:39.038-0700] {processor.py:186} INFO - Started process (PID=4925) to work on /Users/dimitarjanevski/fake-news-finder/venv/lib/python3.9/site-packages/airflow/example_dags/example_dataset_alias_with_no_taskflow.py
[2024-12-10T22:19:39.039-0700] {processor.py:914} INFO - Processing file /Users/dimitarjanevski/fake-news-finder/venv/lib/python3.9/site-packages/airflow/example_dags/example_dataset_alias_with_no_taskflow.py for tasks to queue
[2024-12-10T22:19:39.039-0700] {logging_mixin.py:190} INFO - [2024-12-10T22:19:39.039-0700] {dagbag.py:588} INFO - Filling up the DagBag from /Users/dimitarjanevski/fake-news-finder/venv/lib/python3.9/site-packages/airflow/example_dags/example_dataset_alias_with_no_taskflow.py
[2024-12-10T22:19:39.135-0700] {processor.py:925} INFO - DAG(s) 'dataset_s3_bucket_consumer_with_no_taskflow', 'dataset_s3_bucket_producer_with_no_taskflow', 'dataset_alias_example_alias_producer_with_no_taskflow', 'dataset_alias_example_alias_consumer_with_no_taskflow' retrieved from /Users/dimitarjanevski/fake-news-finder/venv/lib/python3.9/site-packages/airflow/example_dags/example_dataset_alias_with_no_taskflow.py
[2024-12-10T22:19:39.145-0700] {logging_mixin.py:190} INFO - [2024-12-10T22:19:39.145-0700] {dag.py:3239} INFO - Sync 4 DAGs
[2024-12-10T22:19:39.153-0700] {logging_mixin.py:190} INFO - [2024-12-10T22:19:39.153-0700] {dag.py:4180} INFO - Setting next_dagrun for dataset_alias_example_alias_consumer_with_no_taskflow to None, run_after=None
[2024-12-10T22:19:39.154-0700] {logging_mixin.py:190} INFO - [2024-12-10T22:19:39.154-0700] {dag.py:4180} INFO - Setting next_dagrun for dataset_alias_example_alias_producer_with_no_taskflow to None, run_after=None
[2024-12-10T22:19:39.154-0700] {logging_mixin.py:190} INFO - [2024-12-10T22:19:39.154-0700] {dag.py:4180} INFO - Setting next_dagrun for dataset_s3_bucket_consumer_with_no_taskflow to None, run_after=None
[2024-12-10T22:19:39.155-0700] {logging_mixin.py:190} INFO - [2024-12-10T22:19:39.155-0700] {dag.py:4180} INFO - Setting next_dagrun for dataset_s3_bucket_producer_with_no_taskflow to None, run_after=None
[2024-12-10T22:19:39.166-0700] {processor.py:208} INFO - Processing /Users/dimitarjanevski/fake-news-finder/venv/lib/python3.9/site-packages/airflow/example_dags/example_dataset_alias_with_no_taskflow.py took 0.129 seconds
