[2024-12-10T22:11:47.523-0700] {processor.py:186} INFO - Started process (PID=99579) to work on /Users/dimitarjanevski/fake-news-finder/venv/lib/python3.9/site-packages/airflow/example_dags/example_bash_decorator.py
[2024-12-10T22:11:47.523-0700] {processor.py:914} INFO - Processing file /Users/dimitarjanevski/fake-news-finder/venv/lib/python3.9/site-packages/airflow/example_dags/example_bash_decorator.py for tasks to queue
[2024-12-10T22:11:47.524-0700] {logging_mixin.py:190} INFO - [2024-12-10T22:11:47.524-0700] {dagbag.py:588} INFO - Filling up the DagBag from /Users/dimitarjanevski/fake-news-finder/venv/lib/python3.9/site-packages/airflow/example_dags/example_bash_decorator.py
[2024-12-10T22:11:47.568-0700] {processor.py:925} INFO - DAG(s) 'example_bash_decorator' retrieved from /Users/dimitarjanevski/fake-news-finder/venv/lib/python3.9/site-packages/airflow/example_dags/example_bash_decorator.py
[2024-12-10T22:11:47.646-0700] {logging_mixin.py:190} INFO - [2024-12-10T22:11:47.646-0700] {override.py:1911} INFO - Created Permission View: can read on DAG:example_bash_decorator
[2024-12-10T22:11:47.650-0700] {logging_mixin.py:190} INFO - [2024-12-10T22:11:47.650-0700] {override.py:1911} INFO - Created Permission View: can edit on DAG:example_bash_decorator
[2024-12-10T22:11:47.652-0700] {logging_mixin.py:190} INFO - [2024-12-10T22:11:47.652-0700] {override.py:1911} INFO - Created Permission View: can delete on DAG:example_bash_decorator
[2024-12-10T22:11:47.655-0700] {logging_mixin.py:190} INFO - [2024-12-10T22:11:47.655-0700] {override.py:1911} INFO - Created Permission View: can read on DAG Run:example_bash_decorator
[2024-12-10T22:11:47.657-0700] {logging_mixin.py:190} INFO - [2024-12-10T22:11:47.657-0700] {override.py:1911} INFO - Created Permission View: can create on DAG Run:example_bash_decorator
[2024-12-10T22:11:47.659-0700] {logging_mixin.py:190} INFO - [2024-12-10T22:11:47.659-0700] {override.py:1911} INFO - Created Permission View: can delete on DAG Run:example_bash_decorator
[2024-12-10T22:11:47.662-0700] {logging_mixin.py:190} INFO - [2024-12-10T22:11:47.662-0700] {override.py:1911} INFO - Created Permission View: menu access on DAG Run:example_bash_decorator
[2024-12-10T22:11:47.662-0700] {logging_mixin.py:190} INFO - [2024-12-10T22:11:47.662-0700] {dag.py:3239} INFO - Sync 1 DAGs
[2024-12-10T22:11:47.667-0700] {logging_mixin.py:190} INFO - [2024-12-10T22:11:47.667-0700] {dag.py:3262} INFO - Creating ORM DAG for example_bash_decorator
[2024-12-10T22:11:47.667-0700] {logging_mixin.py:190} INFO - [2024-12-10T22:11:47.667-0700] {dag.py:4180} INFO - Setting next_dagrun for example_bash_decorator to None, run_after=None
[2024-12-10T22:11:47.673-0700] {processor.py:208} INFO - Processing /Users/dimitarjanevski/fake-news-finder/venv/lib/python3.9/site-packages/airflow/example_dags/example_bash_decorator.py took 0.151 seconds
[2024-12-10T22:18:02.861-0700] {processor.py:186} INFO - Started process (PID=4070) to work on /Users/dimitarjanevski/fake-news-finder/venv/lib/python3.9/site-packages/airflow/example_dags/example_bash_decorator.py
[2024-12-10T22:18:02.863-0700] {processor.py:914} INFO - Processing file /Users/dimitarjanevski/fake-news-finder/venv/lib/python3.9/site-packages/airflow/example_dags/example_bash_decorator.py for tasks to queue
[2024-12-10T22:18:02.863-0700] {logging_mixin.py:190} INFO - [2024-12-10T22:18:02.863-0700] {dagbag.py:588} INFO - Filling up the DagBag from /Users/dimitarjanevski/fake-news-finder/venv/lib/python3.9/site-packages/airflow/example_dags/example_bash_decorator.py
[2024-12-10T22:18:02.905-0700] {processor.py:925} INFO - DAG(s) 'example_bash_decorator' retrieved from /Users/dimitarjanevski/fake-news-finder/venv/lib/python3.9/site-packages/airflow/example_dags/example_bash_decorator.py
[2024-12-10T22:18:02.983-0700] {logging_mixin.py:190} INFO - [2024-12-10T22:18:02.983-0700] {dag.py:3239} INFO - Sync 1 DAGs
[2024-12-10T22:18:02.988-0700] {logging_mixin.py:190} INFO - [2024-12-10T22:18:02.988-0700] {dag.py:4180} INFO - Setting next_dagrun for example_bash_decorator to None, run_after=None
[2024-12-10T22:18:02.995-0700] {processor.py:208} INFO - Processing /Users/dimitarjanevski/fake-news-finder/venv/lib/python3.9/site-packages/airflow/example_dags/example_bash_decorator.py took 0.135 seconds
[2024-12-10T22:19:59.168-0700] {processor.py:186} INFO - Started process (PID=5064) to work on /Users/dimitarjanevski/fake-news-finder/venv/lib/python3.9/site-packages/airflow/example_dags/example_bash_decorator.py
[2024-12-10T22:19:59.169-0700] {processor.py:914} INFO - Processing file /Users/dimitarjanevski/fake-news-finder/venv/lib/python3.9/site-packages/airflow/example_dags/example_bash_decorator.py for tasks to queue
[2024-12-10T22:19:59.170-0700] {logging_mixin.py:190} INFO - [2024-12-10T22:19:59.170-0700] {dagbag.py:588} INFO - Filling up the DagBag from /Users/dimitarjanevski/fake-news-finder/venv/lib/python3.9/site-packages/airflow/example_dags/example_bash_decorator.py
[2024-12-10T22:19:59.223-0700] {processor.py:925} INFO - DAG(s) 'example_bash_decorator' retrieved from /Users/dimitarjanevski/fake-news-finder/venv/lib/python3.9/site-packages/airflow/example_dags/example_bash_decorator.py
[2024-12-10T22:19:59.311-0700] {logging_mixin.py:190} INFO - [2024-12-10T22:19:59.311-0700] {dag.py:3239} INFO - Sync 1 DAGs
[2024-12-10T22:19:59.316-0700] {logging_mixin.py:190} INFO - [2024-12-10T22:19:59.316-0700] {dag.py:4180} INFO - Setting next_dagrun for example_bash_decorator to None, run_after=None
[2024-12-10T22:19:59.324-0700] {processor.py:208} INFO - Processing /Users/dimitarjanevski/fake-news-finder/venv/lib/python3.9/site-packages/airflow/example_dags/example_bash_decorator.py took 0.158 seconds
