[2024-12-10T22:10:14.451-0700] {processor.py:186} INFO - Started process (PID=99050) to work on /Users/dimitarjanevski/fake-news-finder/venv/lib/python3.9/site-packages/airflow/example_dags/tutorial_taskflow_templates.py
[2024-12-10T22:10:14.452-0700] {processor.py:914} INFO - Processing file /Users/dimitarjanevski/fake-news-finder/venv/lib/python3.9/site-packages/airflow/example_dags/tutorial_taskflow_templates.py for tasks to queue
[2024-12-10T22:10:14.452-0700] {logging_mixin.py:190} INFO - [2024-12-10T22:10:14.452-0700] {dagbag.py:588} INFO - Filling up the DagBag from /Users/dimitarjanevski/fake-news-finder/venv/lib/python3.9/site-packages/airflow/example_dags/tutorial_taskflow_templates.py
[2024-12-10T22:10:14.498-0700] {processor.py:925} INFO - DAG(s) 'tutorial_taskflow_templates' retrieved from /Users/dimitarjanevski/fake-news-finder/venv/lib/python3.9/site-packages/airflow/example_dags/tutorial_taskflow_templates.py
[2024-12-10T22:10:14.598-0700] {logging_mixin.py:190} INFO - [2024-12-10T22:10:14.598-0700] {override.py:1911} INFO - Created Permission View: can edit on DAG:tutorial_taskflow_templates
[2024-12-10T22:10:14.601-0700] {logging_mixin.py:190} INFO - [2024-12-10T22:10:14.601-0700] {override.py:1911} INFO - Created Permission View: can read on DAG:tutorial_taskflow_templates
[2024-12-10T22:10:14.604-0700] {logging_mixin.py:190} INFO - [2024-12-10T22:10:14.604-0700] {override.py:1911} INFO - Created Permission View: can delete on DAG:tutorial_taskflow_templates
[2024-12-10T22:10:14.607-0700] {logging_mixin.py:190} INFO - [2024-12-10T22:10:14.606-0700] {override.py:1911} INFO - Created Permission View: can create on DAG Run:tutorial_taskflow_templates
[2024-12-10T22:10:14.609-0700] {logging_mixin.py:190} INFO - [2024-12-10T22:10:14.609-0700] {override.py:1911} INFO - Created Permission View: menu access on DAG Run:tutorial_taskflow_templates
[2024-12-10T22:10:14.611-0700] {logging_mixin.py:190} INFO - [2024-12-10T22:10:14.611-0700] {override.py:1911} INFO - Created Permission View: can read on DAG Run:tutorial_taskflow_templates
[2024-12-10T22:10:14.613-0700] {logging_mixin.py:190} INFO - [2024-12-10T22:10:14.613-0700] {override.py:1911} INFO - Created Permission View: can delete on DAG Run:tutorial_taskflow_templates
[2024-12-10T22:10:14.613-0700] {logging_mixin.py:190} INFO - [2024-12-10T22:10:14.613-0700] {dag.py:3239} INFO - Sync 1 DAGs
[2024-12-10T22:10:14.618-0700] {logging_mixin.py:190} INFO - [2024-12-10T22:10:14.618-0700] {dag.py:3262} INFO - Creating ORM DAG for tutorial_taskflow_templates
[2024-12-10T22:10:14.621-0700] {logging_mixin.py:190} INFO - [2024-12-10T22:10:14.621-0700] {dag.py:4180} INFO - Setting next_dagrun for tutorial_taskflow_templates to 2024-12-10 00:00:00+00:00, run_after=2024-12-11 00:00:00+00:00
[2024-12-10T22:10:14.628-0700] {processor.py:208} INFO - Processing /Users/dimitarjanevski/fake-news-finder/venv/lib/python3.9/site-packages/airflow/example_dags/tutorial_taskflow_templates.py took 0.178 seconds
[2024-12-10T22:11:57.384-0700] {processor.py:186} INFO - Started process (PID=99633) to work on /Users/dimitarjanevski/fake-news-finder/venv/lib/python3.9/site-packages/airflow/example_dags/tutorial_taskflow_templates.py
[2024-12-10T22:11:57.385-0700] {processor.py:914} INFO - Processing file /Users/dimitarjanevski/fake-news-finder/venv/lib/python3.9/site-packages/airflow/example_dags/tutorial_taskflow_templates.py for tasks to queue
[2024-12-10T22:11:57.385-0700] {logging_mixin.py:190} INFO - [2024-12-10T22:11:57.385-0700] {dagbag.py:588} INFO - Filling up the DagBag from /Users/dimitarjanevski/fake-news-finder/venv/lib/python3.9/site-packages/airflow/example_dags/tutorial_taskflow_templates.py
[2024-12-10T22:11:57.435-0700] {processor.py:925} INFO - DAG(s) 'tutorial_taskflow_templates' retrieved from /Users/dimitarjanevski/fake-news-finder/venv/lib/python3.9/site-packages/airflow/example_dags/tutorial_taskflow_templates.py
[2024-12-10T22:11:57.483-0700] {logging_mixin.py:190} INFO - [2024-12-10T22:11:57.483-0700] {dag.py:3239} INFO - Sync 1 DAGs
[2024-12-10T22:11:57.492-0700] {logging_mixin.py:190} INFO - [2024-12-10T22:11:57.492-0700] {dag.py:4180} INFO - Setting next_dagrun for tutorial_taskflow_templates to 2024-12-10 00:00:00+00:00, run_after=2024-12-11 00:00:00+00:00
[2024-12-10T22:11:57.502-0700] {processor.py:208} INFO - Processing /Users/dimitarjanevski/fake-news-finder/venv/lib/python3.9/site-packages/airflow/example_dags/tutorial_taskflow_templates.py took 0.119 seconds
[2024-12-10T22:13:09.332-0700] {processor.py:186} INFO - Started process (PID=99997) to work on /Users/dimitarjanevski/fake-news-finder/venv/lib/python3.9/site-packages/airflow/example_dags/tutorial_taskflow_templates.py
[2024-12-10T22:13:09.332-0700] {processor.py:914} INFO - Processing file /Users/dimitarjanevski/fake-news-finder/venv/lib/python3.9/site-packages/airflow/example_dags/tutorial_taskflow_templates.py for tasks to queue
[2024-12-10T22:13:09.333-0700] {logging_mixin.py:190} INFO - [2024-12-10T22:13:09.333-0700] {dagbag.py:588} INFO - Filling up the DagBag from /Users/dimitarjanevski/fake-news-finder/venv/lib/python3.9/site-packages/airflow/example_dags/tutorial_taskflow_templates.py
[2024-12-10T22:13:09.388-0700] {processor.py:925} INFO - DAG(s) 'tutorial_taskflow_templates' retrieved from /Users/dimitarjanevski/fake-news-finder/venv/lib/python3.9/site-packages/airflow/example_dags/tutorial_taskflow_templates.py
[2024-12-10T22:13:09.433-0700] {logging_mixin.py:190} INFO - [2024-12-10T22:13:09.433-0700] {dag.py:3239} INFO - Sync 1 DAGs
[2024-12-10T22:13:09.443-0700] {logging_mixin.py:190} INFO - [2024-12-10T22:13:09.443-0700] {dag.py:4180} INFO - Setting next_dagrun for tutorial_taskflow_templates to 2024-12-10 00:00:00+00:00, run_after=2024-12-11 00:00:00+00:00
[2024-12-10T22:13:09.451-0700] {processor.py:208} INFO - Processing /Users/dimitarjanevski/fake-news-finder/venv/lib/python3.9/site-packages/airflow/example_dags/tutorial_taskflow_templates.py took 0.122 seconds
[2024-12-10T22:14:15.889-0700] {processor.py:186} INFO - Started process (PID=697) to work on /Users/dimitarjanevski/fake-news-finder/venv/lib/python3.9/site-packages/airflow/example_dags/tutorial_taskflow_templates.py
[2024-12-10T22:14:15.889-0700] {processor.py:914} INFO - Processing file /Users/dimitarjanevski/fake-news-finder/venv/lib/python3.9/site-packages/airflow/example_dags/tutorial_taskflow_templates.py for tasks to queue
[2024-12-10T22:14:15.890-0700] {logging_mixin.py:190} INFO - [2024-12-10T22:14:15.890-0700] {dagbag.py:588} INFO - Filling up the DagBag from /Users/dimitarjanevski/fake-news-finder/venv/lib/python3.9/site-packages/airflow/example_dags/tutorial_taskflow_templates.py
[2024-12-10T22:14:15.936-0700] {processor.py:925} INFO - DAG(s) 'tutorial_taskflow_templates' retrieved from /Users/dimitarjanevski/fake-news-finder/venv/lib/python3.9/site-packages/airflow/example_dags/tutorial_taskflow_templates.py
[2024-12-10T22:14:15.982-0700] {logging_mixin.py:190} INFO - [2024-12-10T22:14:15.982-0700] {dag.py:3239} INFO - Sync 1 DAGs
[2024-12-10T22:14:15.992-0700] {logging_mixin.py:190} INFO - [2024-12-10T22:14:15.992-0700] {dag.py:4180} INFO - Setting next_dagrun for tutorial_taskflow_templates to 2024-12-10 00:00:00+00:00, run_after=2024-12-11 00:00:00+00:00
[2024-12-10T22:14:16.001-0700] {processor.py:208} INFO - Processing /Users/dimitarjanevski/fake-news-finder/venv/lib/python3.9/site-packages/airflow/example_dags/tutorial_taskflow_templates.py took 0.114 seconds
[2024-12-10T22:16:33.185-0700] {processor.py:186} INFO - Started process (PID=2732) to work on /Users/dimitarjanevski/fake-news-finder/venv/lib/python3.9/site-packages/airflow/example_dags/tutorial_taskflow_templates.py
[2024-12-10T22:16:33.185-0700] {processor.py:914} INFO - Processing file /Users/dimitarjanevski/fake-news-finder/venv/lib/python3.9/site-packages/airflow/example_dags/tutorial_taskflow_templates.py for tasks to queue
[2024-12-10T22:16:33.186-0700] {logging_mixin.py:190} INFO - [2024-12-10T22:16:33.186-0700] {dagbag.py:588} INFO - Filling up the DagBag from /Users/dimitarjanevski/fake-news-finder/venv/lib/python3.9/site-packages/airflow/example_dags/tutorial_taskflow_templates.py
[2024-12-10T22:16:33.227-0700] {processor.py:925} INFO - DAG(s) 'tutorial_taskflow_templates' retrieved from /Users/dimitarjanevski/fake-news-finder/venv/lib/python3.9/site-packages/airflow/example_dags/tutorial_taskflow_templates.py
[2024-12-10T22:16:33.271-0700] {logging_mixin.py:190} INFO - [2024-12-10T22:16:33.271-0700] {dag.py:3239} INFO - Sync 1 DAGs
[2024-12-10T22:16:33.282-0700] {logging_mixin.py:190} INFO - [2024-12-10T22:16:33.281-0700] {dag.py:4180} INFO - Setting next_dagrun for tutorial_taskflow_templates to 2024-12-10 00:00:00+00:00, run_after=2024-12-11 00:00:00+00:00
[2024-12-10T22:16:33.291-0700] {processor.py:208} INFO - Processing /Users/dimitarjanevski/fake-news-finder/venv/lib/python3.9/site-packages/airflow/example_dags/tutorial_taskflow_templates.py took 0.108 seconds
[2024-12-10T22:18:31.086-0700] {processor.py:186} INFO - Started process (PID=4478) to work on /Users/dimitarjanevski/fake-news-finder/venv/lib/python3.9/site-packages/airflow/example_dags/tutorial_taskflow_templates.py
[2024-12-10T22:18:31.087-0700] {processor.py:914} INFO - Processing file /Users/dimitarjanevski/fake-news-finder/venv/lib/python3.9/site-packages/airflow/example_dags/tutorial_taskflow_templates.py for tasks to queue
[2024-12-10T22:18:31.087-0700] {logging_mixin.py:190} INFO - [2024-12-10T22:18:31.087-0700] {dagbag.py:588} INFO - Filling up the DagBag from /Users/dimitarjanevski/fake-news-finder/venv/lib/python3.9/site-packages/airflow/example_dags/tutorial_taskflow_templates.py
[2024-12-10T22:18:31.246-0700] {processor.py:925} INFO - DAG(s) 'tutorial_taskflow_templates' retrieved from /Users/dimitarjanevski/fake-news-finder/venv/lib/python3.9/site-packages/airflow/example_dags/tutorial_taskflow_templates.py
[2024-12-10T22:18:31.379-0700] {logging_mixin.py:190} INFO - [2024-12-10T22:18:31.379-0700] {dag.py:3239} INFO - Sync 1 DAGs
[2024-12-10T22:18:31.390-0700] {logging_mixin.py:190} INFO - [2024-12-10T22:18:31.390-0700] {dag.py:4180} INFO - Setting next_dagrun for tutorial_taskflow_templates to 2024-12-10 00:00:00+00:00, run_after=2024-12-11 00:00:00+00:00
[2024-12-10T22:18:31.400-0700] {processor.py:208} INFO - Processing /Users/dimitarjanevski/fake-news-finder/venv/lib/python3.9/site-packages/airflow/example_dags/tutorial_taskflow_templates.py took 0.316 seconds
[2024-12-10T22:20:12.621-0700] {processor.py:186} INFO - Started process (PID=5145) to work on /Users/dimitarjanevski/fake-news-finder/venv/lib/python3.9/site-packages/airflow/example_dags/tutorial_taskflow_templates.py
[2024-12-10T22:20:12.622-0700] {processor.py:914} INFO - Processing file /Users/dimitarjanevski/fake-news-finder/venv/lib/python3.9/site-packages/airflow/example_dags/tutorial_taskflow_templates.py for tasks to queue
[2024-12-10T22:20:12.622-0700] {logging_mixin.py:190} INFO - [2024-12-10T22:20:12.622-0700] {dagbag.py:588} INFO - Filling up the DagBag from /Users/dimitarjanevski/fake-news-finder/venv/lib/python3.9/site-packages/airflow/example_dags/tutorial_taskflow_templates.py
[2024-12-10T22:20:12.667-0700] {processor.py:925} INFO - DAG(s) 'tutorial_taskflow_templates' retrieved from /Users/dimitarjanevski/fake-news-finder/venv/lib/python3.9/site-packages/airflow/example_dags/tutorial_taskflow_templates.py
[2024-12-10T22:20:12.713-0700] {logging_mixin.py:190} INFO - [2024-12-10T22:20:12.713-0700] {dag.py:3239} INFO - Sync 1 DAGs
[2024-12-10T22:20:12.725-0700] {logging_mixin.py:190} INFO - [2024-12-10T22:20:12.724-0700] {dag.py:4180} INFO - Setting next_dagrun for tutorial_taskflow_templates to 2024-12-10 00:00:00+00:00, run_after=2024-12-11 00:00:00+00:00
[2024-12-10T22:20:12.776-0700] {processor.py:208} INFO - Processing /Users/dimitarjanevski/fake-news-finder/venv/lib/python3.9/site-packages/airflow/example_dags/tutorial_taskflow_templates.py took 0.157 seconds
[2024-12-10T22:21:30.216-0700] {processor.py:186} INFO - Started process (PID=5620) to work on /Users/dimitarjanevski/fake-news-finder/venv/lib/python3.9/site-packages/airflow/example_dags/tutorial_taskflow_templates.py
[2024-12-10T22:21:30.218-0700] {processor.py:914} INFO - Processing file /Users/dimitarjanevski/fake-news-finder/venv/lib/python3.9/site-packages/airflow/example_dags/tutorial_taskflow_templates.py for tasks to queue
[2024-12-10T22:21:30.219-0700] {logging_mixin.py:190} INFO - [2024-12-10T22:21:30.219-0700] {dagbag.py:588} INFO - Filling up the DagBag from /Users/dimitarjanevski/fake-news-finder/venv/lib/python3.9/site-packages/airflow/example_dags/tutorial_taskflow_templates.py
[2024-12-10T22:21:30.284-0700] {processor.py:925} INFO - DAG(s) 'tutorial_taskflow_templates' retrieved from /Users/dimitarjanevski/fake-news-finder/venv/lib/python3.9/site-packages/airflow/example_dags/tutorial_taskflow_templates.py
[2024-12-10T22:21:30.338-0700] {logging_mixin.py:190} INFO - [2024-12-10T22:21:30.338-0700] {dag.py:3239} INFO - Sync 1 DAGs
[2024-12-10T22:21:30.350-0700] {logging_mixin.py:190} INFO - [2024-12-10T22:21:30.350-0700] {dag.py:4180} INFO - Setting next_dagrun for tutorial_taskflow_templates to 2024-12-10 00:00:00+00:00, run_after=2024-12-11 00:00:00+00:00
[2024-12-10T22:21:30.365-0700] {processor.py:208} INFO - Processing /Users/dimitarjanevski/fake-news-finder/venv/lib/python3.9/site-packages/airflow/example_dags/tutorial_taskflow_templates.py took 0.152 seconds
