[2024-12-10T22:10:16.395-0700] {processor.py:186} INFO - Started process (PID=99061) to work on /Users/dimitarjanevski/fake-news-finder/venv/lib/python3.9/site-packages/airflow/example_dags/tutorial_taskflow_api_virtualenv.py
[2024-12-10T22:10:16.396-0700] {processor.py:914} INFO - Processing file /Users/dimitarjanevski/fake-news-finder/venv/lib/python3.9/site-packages/airflow/example_dags/tutorial_taskflow_api_virtualenv.py for tasks to queue
[2024-12-10T22:10:16.396-0700] {logging_mixin.py:190} INFO - [2024-12-10T22:10:16.396-0700] {dagbag.py:588} INFO - Filling up the DagBag from /Users/dimitarjanevski/fake-news-finder/venv/lib/python3.9/site-packages/airflow/example_dags/tutorial_taskflow_api_virtualenv.py
[2024-12-10T22:10:16.436-0700] {processor.py:925} INFO - DAG(s) 'tutorial_taskflow_api_virtualenv' retrieved from /Users/dimitarjanevski/fake-news-finder/venv/lib/python3.9/site-packages/airflow/example_dags/tutorial_taskflow_api_virtualenv.py
[2024-12-10T22:10:16.512-0700] {logging_mixin.py:190} INFO - [2024-12-10T22:10:16.512-0700] {override.py:1911} INFO - Created Permission View: can delete on DAG:tutorial_taskflow_api_virtualenv
[2024-12-10T22:10:16.515-0700] {logging_mixin.py:190} INFO - [2024-12-10T22:10:16.515-0700] {override.py:1911} INFO - Created Permission View: can read on DAG:tutorial_taskflow_api_virtualenv
[2024-12-10T22:10:16.517-0700] {logging_mixin.py:190} INFO - [2024-12-10T22:10:16.517-0700] {override.py:1911} INFO - Created Permission View: can edit on DAG:tutorial_taskflow_api_virtualenv
[2024-12-10T22:10:16.521-0700] {logging_mixin.py:190} INFO - [2024-12-10T22:10:16.521-0700] {override.py:1911} INFO - Created Permission View: can delete on DAG Run:tutorial_taskflow_api_virtualenv
[2024-12-10T22:10:16.523-0700] {logging_mixin.py:190} INFO - [2024-12-10T22:10:16.523-0700] {override.py:1911} INFO - Created Permission View: can read on DAG Run:tutorial_taskflow_api_virtualenv
[2024-12-10T22:10:16.527-0700] {logging_mixin.py:190} INFO - [2024-12-10T22:10:16.526-0700] {override.py:1911} INFO - Created Permission View: can create on DAG Run:tutorial_taskflow_api_virtualenv
[2024-12-10T22:10:16.529-0700] {logging_mixin.py:190} INFO - [2024-12-10T22:10:16.529-0700] {override.py:1911} INFO - Created Permission View: menu access on DAG Run:tutorial_taskflow_api_virtualenv
[2024-12-10T22:10:16.529-0700] {logging_mixin.py:190} INFO - [2024-12-10T22:10:16.529-0700] {dag.py:3239} INFO - Sync 1 DAGs
[2024-12-10T22:10:16.534-0700] {logging_mixin.py:190} INFO - [2024-12-10T22:10:16.534-0700] {dag.py:3262} INFO - Creating ORM DAG for tutorial_taskflow_api_virtualenv
[2024-12-10T22:10:16.535-0700] {logging_mixin.py:190} INFO - [2024-12-10T22:10:16.535-0700] {dag.py:4180} INFO - Setting next_dagrun for tutorial_taskflow_api_virtualenv to None, run_after=None
[2024-12-10T22:10:16.541-0700] {processor.py:208} INFO - Processing /Users/dimitarjanevski/fake-news-finder/venv/lib/python3.9/site-packages/airflow/example_dags/tutorial_taskflow_api_virtualenv.py took 0.148 seconds
[2024-12-10T22:11:58.554-0700] {processor.py:186} INFO - Started process (PID=99642) to work on /Users/dimitarjanevski/fake-news-finder/venv/lib/python3.9/site-packages/airflow/example_dags/tutorial_taskflow_api_virtualenv.py
[2024-12-10T22:11:58.555-0700] {processor.py:914} INFO - Processing file /Users/dimitarjanevski/fake-news-finder/venv/lib/python3.9/site-packages/airflow/example_dags/tutorial_taskflow_api_virtualenv.py for tasks to queue
[2024-12-10T22:11:58.555-0700] {logging_mixin.py:190} INFO - [2024-12-10T22:11:58.555-0700] {dagbag.py:588} INFO - Filling up the DagBag from /Users/dimitarjanevski/fake-news-finder/venv/lib/python3.9/site-packages/airflow/example_dags/tutorial_taskflow_api_virtualenv.py
[2024-12-10T22:11:58.596-0700] {processor.py:925} INFO - DAG(s) 'tutorial_taskflow_api_virtualenv' retrieved from /Users/dimitarjanevski/fake-news-finder/venv/lib/python3.9/site-packages/airflow/example_dags/tutorial_taskflow_api_virtualenv.py
[2024-12-10T22:11:58.699-0700] {logging_mixin.py:190} INFO - [2024-12-10T22:11:58.698-0700] {dag.py:3239} INFO - Sync 1 DAGs
[2024-12-10T22:11:58.703-0700] {logging_mixin.py:190} INFO - [2024-12-10T22:11:58.703-0700] {dag.py:4180} INFO - Setting next_dagrun for tutorial_taskflow_api_virtualenv to None, run_after=None
[2024-12-10T22:11:58.710-0700] {processor.py:208} INFO - Processing /Users/dimitarjanevski/fake-news-finder/venv/lib/python3.9/site-packages/airflow/example_dags/tutorial_taskflow_api_virtualenv.py took 0.157 seconds
[2024-12-10T22:13:11.233-0700] {processor.py:186} INFO - Started process (PID=121) to work on /Users/dimitarjanevski/fake-news-finder/venv/lib/python3.9/site-packages/airflow/example_dags/tutorial_taskflow_api_virtualenv.py
[2024-12-10T22:13:11.234-0700] {processor.py:914} INFO - Processing file /Users/dimitarjanevski/fake-news-finder/venv/lib/python3.9/site-packages/airflow/example_dags/tutorial_taskflow_api_virtualenv.py for tasks to queue
[2024-12-10T22:13:11.234-0700] {logging_mixin.py:190} INFO - [2024-12-10T22:13:11.234-0700] {dagbag.py:588} INFO - Filling up the DagBag from /Users/dimitarjanevski/fake-news-finder/venv/lib/python3.9/site-packages/airflow/example_dags/tutorial_taskflow_api_virtualenv.py
[2024-12-10T22:13:11.276-0700] {processor.py:925} INFO - DAG(s) 'tutorial_taskflow_api_virtualenv' retrieved from /Users/dimitarjanevski/fake-news-finder/venv/lib/python3.9/site-packages/airflow/example_dags/tutorial_taskflow_api_virtualenv.py
[2024-12-10T22:13:11.383-0700] {logging_mixin.py:190} INFO - [2024-12-10T22:13:11.382-0700] {dag.py:3239} INFO - Sync 1 DAGs
[2024-12-10T22:13:11.387-0700] {logging_mixin.py:190} INFO - [2024-12-10T22:13:11.387-0700] {dag.py:4180} INFO - Setting next_dagrun for tutorial_taskflow_api_virtualenv to None, run_after=None
[2024-12-10T22:13:11.395-0700] {processor.py:208} INFO - Processing /Users/dimitarjanevski/fake-news-finder/venv/lib/python3.9/site-packages/airflow/example_dags/tutorial_taskflow_api_virtualenv.py took 0.164 seconds
[2024-12-10T22:14:17.010-0700] {processor.py:186} INFO - Started process (PID=720) to work on /Users/dimitarjanevski/fake-news-finder/venv/lib/python3.9/site-packages/airflow/example_dags/tutorial_taskflow_api_virtualenv.py
[2024-12-10T22:14:17.011-0700] {processor.py:914} INFO - Processing file /Users/dimitarjanevski/fake-news-finder/venv/lib/python3.9/site-packages/airflow/example_dags/tutorial_taskflow_api_virtualenv.py for tasks to queue
[2024-12-10T22:14:17.012-0700] {logging_mixin.py:190} INFO - [2024-12-10T22:14:17.011-0700] {dagbag.py:588} INFO - Filling up the DagBag from /Users/dimitarjanevski/fake-news-finder/venv/lib/python3.9/site-packages/airflow/example_dags/tutorial_taskflow_api_virtualenv.py
[2024-12-10T22:14:17.052-0700] {processor.py:925} INFO - DAG(s) 'tutorial_taskflow_api_virtualenv' retrieved from /Users/dimitarjanevski/fake-news-finder/venv/lib/python3.9/site-packages/airflow/example_dags/tutorial_taskflow_api_virtualenv.py
[2024-12-10T22:14:17.157-0700] {logging_mixin.py:190} INFO - [2024-12-10T22:14:17.157-0700] {dag.py:3239} INFO - Sync 1 DAGs
[2024-12-10T22:14:17.161-0700] {logging_mixin.py:190} INFO - [2024-12-10T22:14:17.161-0700] {dag.py:4180} INFO - Setting next_dagrun for tutorial_taskflow_api_virtualenv to None, run_after=None
[2024-12-10T22:14:17.169-0700] {processor.py:208} INFO - Processing /Users/dimitarjanevski/fake-news-finder/venv/lib/python3.9/site-packages/airflow/example_dags/tutorial_taskflow_api_virtualenv.py took 0.160 seconds
[2024-12-10T22:16:34.568-0700] {processor.py:186} INFO - Started process (PID=2743) to work on /Users/dimitarjanevski/fake-news-finder/venv/lib/python3.9/site-packages/airflow/example_dags/tutorial_taskflow_api_virtualenv.py
[2024-12-10T22:16:34.569-0700] {processor.py:914} INFO - Processing file /Users/dimitarjanevski/fake-news-finder/venv/lib/python3.9/site-packages/airflow/example_dags/tutorial_taskflow_api_virtualenv.py for tasks to queue
[2024-12-10T22:16:34.569-0700] {logging_mixin.py:190} INFO - [2024-12-10T22:16:34.569-0700] {dagbag.py:588} INFO - Filling up the DagBag from /Users/dimitarjanevski/fake-news-finder/venv/lib/python3.9/site-packages/airflow/example_dags/tutorial_taskflow_api_virtualenv.py
[2024-12-10T22:16:34.608-0700] {processor.py:925} INFO - DAG(s) 'tutorial_taskflow_api_virtualenv' retrieved from /Users/dimitarjanevski/fake-news-finder/venv/lib/python3.9/site-packages/airflow/example_dags/tutorial_taskflow_api_virtualenv.py
[2024-12-10T22:16:34.708-0700] {logging_mixin.py:190} INFO - [2024-12-10T22:16:34.707-0700] {dag.py:3239} INFO - Sync 1 DAGs
[2024-12-10T22:16:34.712-0700] {logging_mixin.py:190} INFO - [2024-12-10T22:16:34.712-0700] {dag.py:4180} INFO - Setting next_dagrun for tutorial_taskflow_api_virtualenv to None, run_after=None
[2024-12-10T22:16:34.719-0700] {processor.py:208} INFO - Processing /Users/dimitarjanevski/fake-news-finder/venv/lib/python3.9/site-packages/airflow/example_dags/tutorial_taskflow_api_virtualenv.py took 0.152 seconds
[2024-12-10T22:18:32.990-0700] {processor.py:186} INFO - Started process (PID=4494) to work on /Users/dimitarjanevski/fake-news-finder/venv/lib/python3.9/site-packages/airflow/example_dags/tutorial_taskflow_api_virtualenv.py
[2024-12-10T22:18:32.991-0700] {processor.py:914} INFO - Processing file /Users/dimitarjanevski/fake-news-finder/venv/lib/python3.9/site-packages/airflow/example_dags/tutorial_taskflow_api_virtualenv.py for tasks to queue
[2024-12-10T22:18:32.991-0700] {logging_mixin.py:190} INFO - [2024-12-10T22:18:32.991-0700] {dagbag.py:588} INFO - Filling up the DagBag from /Users/dimitarjanevski/fake-news-finder/venv/lib/python3.9/site-packages/airflow/example_dags/tutorial_taskflow_api_virtualenv.py
[2024-12-10T22:18:33.035-0700] {processor.py:925} INFO - DAG(s) 'tutorial_taskflow_api_virtualenv' retrieved from /Users/dimitarjanevski/fake-news-finder/venv/lib/python3.9/site-packages/airflow/example_dags/tutorial_taskflow_api_virtualenv.py
[2024-12-10T22:18:33.156-0700] {logging_mixin.py:190} INFO - [2024-12-10T22:18:33.156-0700] {dag.py:3239} INFO - Sync 1 DAGs
[2024-12-10T22:18:33.161-0700] {logging_mixin.py:190} INFO - [2024-12-10T22:18:33.160-0700] {dag.py:4180} INFO - Setting next_dagrun for tutorial_taskflow_api_virtualenv to None, run_after=None
[2024-12-10T22:18:33.169-0700] {processor.py:208} INFO - Processing /Users/dimitarjanevski/fake-news-finder/venv/lib/python3.9/site-packages/airflow/example_dags/tutorial_taskflow_api_virtualenv.py took 0.181 seconds
[2024-12-10T22:20:14.583-0700] {processor.py:186} INFO - Started process (PID=5163) to work on /Users/dimitarjanevski/fake-news-finder/venv/lib/python3.9/site-packages/airflow/example_dags/tutorial_taskflow_api_virtualenv.py
[2024-12-10T22:20:14.584-0700] {processor.py:914} INFO - Processing file /Users/dimitarjanevski/fake-news-finder/venv/lib/python3.9/site-packages/airflow/example_dags/tutorial_taskflow_api_virtualenv.py for tasks to queue
[2024-12-10T22:20:14.585-0700] {logging_mixin.py:190} INFO - [2024-12-10T22:20:14.585-0700] {dagbag.py:588} INFO - Filling up the DagBag from /Users/dimitarjanevski/fake-news-finder/venv/lib/python3.9/site-packages/airflow/example_dags/tutorial_taskflow_api_virtualenv.py
[2024-12-10T22:20:14.627-0700] {processor.py:925} INFO - DAG(s) 'tutorial_taskflow_api_virtualenv' retrieved from /Users/dimitarjanevski/fake-news-finder/venv/lib/python3.9/site-packages/airflow/example_dags/tutorial_taskflow_api_virtualenv.py
[2024-12-10T22:20:14.730-0700] {logging_mixin.py:190} INFO - [2024-12-10T22:20:14.730-0700] {dag.py:3239} INFO - Sync 1 DAGs
[2024-12-10T22:20:14.736-0700] {logging_mixin.py:190} INFO - [2024-12-10T22:20:14.736-0700] {dag.py:4180} INFO - Setting next_dagrun for tutorial_taskflow_api_virtualenv to None, run_after=None
[2024-12-10T22:20:14.745-0700] {processor.py:208} INFO - Processing /Users/dimitarjanevski/fake-news-finder/venv/lib/python3.9/site-packages/airflow/example_dags/tutorial_taskflow_api_virtualenv.py took 0.163 seconds
[2024-12-10T22:21:32.151-0700] {processor.py:186} INFO - Started process (PID=5629) to work on /Users/dimitarjanevski/fake-news-finder/venv/lib/python3.9/site-packages/airflow/example_dags/tutorial_taskflow_api_virtualenv.py
[2024-12-10T22:21:32.151-0700] {processor.py:914} INFO - Processing file /Users/dimitarjanevski/fake-news-finder/venv/lib/python3.9/site-packages/airflow/example_dags/tutorial_taskflow_api_virtualenv.py for tasks to queue
[2024-12-10T22:21:32.152-0700] {logging_mixin.py:190} INFO - [2024-12-10T22:21:32.152-0700] {dagbag.py:588} INFO - Filling up the DagBag from /Users/dimitarjanevski/fake-news-finder/venv/lib/python3.9/site-packages/airflow/example_dags/tutorial_taskflow_api_virtualenv.py
[2024-12-10T22:21:32.192-0700] {processor.py:925} INFO - DAG(s) 'tutorial_taskflow_api_virtualenv' retrieved from /Users/dimitarjanevski/fake-news-finder/venv/lib/python3.9/site-packages/airflow/example_dags/tutorial_taskflow_api_virtualenv.py
[2024-12-10T22:21:32.319-0700] {logging_mixin.py:190} INFO - [2024-12-10T22:21:32.319-0700] {dag.py:3239} INFO - Sync 1 DAGs
[2024-12-10T22:21:32.323-0700] {logging_mixin.py:190} INFO - [2024-12-10T22:21:32.323-0700] {dag.py:4180} INFO - Setting next_dagrun for tutorial_taskflow_api_virtualenv to None, run_after=None
[2024-12-10T22:21:32.331-0700] {processor.py:208} INFO - Processing /Users/dimitarjanevski/fake-news-finder/venv/lib/python3.9/site-packages/airflow/example_dags/tutorial_taskflow_api_virtualenv.py took 0.182 seconds
