[2024-12-10T22:10:19.425-0700] {processor.py:186} INFO - Started process (PID=99083) to work on /Users/dimitarjanevski/fake-news-finder/venv/lib/python3.9/site-packages/airflow/example_dags/tutorial_objectstorage.py
[2024-12-10T22:10:19.425-0700] {processor.py:914} INFO - Processing file /Users/dimitarjanevski/fake-news-finder/venv/lib/python3.9/site-packages/airflow/example_dags/tutorial_objectstorage.py for tasks to queue
[2024-12-10T22:10:19.426-0700] {logging_mixin.py:190} INFO - [2024-12-10T22:10:19.426-0700] {dagbag.py:588} INFO - Filling up the DagBag from /Users/dimitarjanevski/fake-news-finder/venv/lib/python3.9/site-packages/airflow/example_dags/tutorial_objectstorage.py
[2024-12-10T22:10:19.466-0700] {processor.py:925} INFO - DAG(s) 'tutorial_objectstorage' retrieved from /Users/dimitarjanevski/fake-news-finder/venv/lib/python3.9/site-packages/airflow/example_dags/tutorial_objectstorage.py
[2024-12-10T22:10:19.543-0700] {logging_mixin.py:190} INFO - [2024-12-10T22:10:19.543-0700] {override.py:1911} INFO - Created Permission View: can delete on DAG:tutorial_objectstorage
[2024-12-10T22:10:19.547-0700] {logging_mixin.py:190} INFO - [2024-12-10T22:10:19.546-0700] {override.py:1911} INFO - Created Permission View: can edit on DAG:tutorial_objectstorage
[2024-12-10T22:10:19.549-0700] {logging_mixin.py:190} INFO - [2024-12-10T22:10:19.549-0700] {override.py:1911} INFO - Created Permission View: can read on DAG:tutorial_objectstorage
[2024-12-10T22:10:19.552-0700] {logging_mixin.py:190} INFO - [2024-12-10T22:10:19.552-0700] {override.py:1911} INFO - Created Permission View: can delete on DAG Run:tutorial_objectstorage
[2024-12-10T22:10:19.554-0700] {logging_mixin.py:190} INFO - [2024-12-10T22:10:19.554-0700] {override.py:1911} INFO - Created Permission View: menu access on DAG Run:tutorial_objectstorage
[2024-12-10T22:10:19.556-0700] {logging_mixin.py:190} INFO - [2024-12-10T22:10:19.556-0700] {override.py:1911} INFO - Created Permission View: can read on DAG Run:tutorial_objectstorage
[2024-12-10T22:10:19.559-0700] {logging_mixin.py:190} INFO - [2024-12-10T22:10:19.558-0700] {override.py:1911} INFO - Created Permission View: can create on DAG Run:tutorial_objectstorage
[2024-12-10T22:10:19.559-0700] {logging_mixin.py:190} INFO - [2024-12-10T22:10:19.559-0700] {dag.py:3239} INFO - Sync 1 DAGs
[2024-12-10T22:10:19.563-0700] {logging_mixin.py:190} INFO - [2024-12-10T22:10:19.563-0700] {dag.py:3262} INFO - Creating ORM DAG for tutorial_objectstorage
[2024-12-10T22:10:19.564-0700] {logging_mixin.py:190} INFO - [2024-12-10T22:10:19.564-0700] {dag.py:4180} INFO - Setting next_dagrun for tutorial_objectstorage to None, run_after=None
[2024-12-10T22:10:19.571-0700] {processor.py:208} INFO - Processing /Users/dimitarjanevski/fake-news-finder/venv/lib/python3.9/site-packages/airflow/example_dags/tutorial_objectstorage.py took 0.148 seconds
[2024-12-10T22:12:01.766-0700] {processor.py:186} INFO - Started process (PID=99655) to work on /Users/dimitarjanevski/fake-news-finder/venv/lib/python3.9/site-packages/airflow/example_dags/tutorial_objectstorage.py
[2024-12-10T22:12:01.767-0700] {processor.py:914} INFO - Processing file /Users/dimitarjanevski/fake-news-finder/venv/lib/python3.9/site-packages/airflow/example_dags/tutorial_objectstorage.py for tasks to queue
[2024-12-10T22:12:01.768-0700] {logging_mixin.py:190} INFO - [2024-12-10T22:12:01.767-0700] {dagbag.py:588} INFO - Filling up the DagBag from /Users/dimitarjanevski/fake-news-finder/venv/lib/python3.9/site-packages/airflow/example_dags/tutorial_objectstorage.py
[2024-12-10T22:12:01.806-0700] {processor.py:925} INFO - DAG(s) 'tutorial_objectstorage' retrieved from /Users/dimitarjanevski/fake-news-finder/venv/lib/python3.9/site-packages/airflow/example_dags/tutorial_objectstorage.py
[2024-12-10T22:12:01.846-0700] {logging_mixin.py:190} INFO - [2024-12-10T22:12:01.846-0700] {dag.py:3239} INFO - Sync 1 DAGs
[2024-12-10T22:12:01.850-0700] {logging_mixin.py:190} INFO - [2024-12-10T22:12:01.850-0700] {dag.py:4180} INFO - Setting next_dagrun for tutorial_objectstorage to None, run_after=None
[2024-12-10T22:12:01.858-0700] {processor.py:208} INFO - Processing /Users/dimitarjanevski/fake-news-finder/venv/lib/python3.9/site-packages/airflow/example_dags/tutorial_objectstorage.py took 0.093 seconds
[2024-12-10T22:13:14.988-0700] {processor.py:186} INFO - Started process (PID=147) to work on /Users/dimitarjanevski/fake-news-finder/venv/lib/python3.9/site-packages/airflow/example_dags/tutorial_objectstorage.py
[2024-12-10T22:13:14.989-0700] {processor.py:914} INFO - Processing file /Users/dimitarjanevski/fake-news-finder/venv/lib/python3.9/site-packages/airflow/example_dags/tutorial_objectstorage.py for tasks to queue
[2024-12-10T22:13:14.990-0700] {logging_mixin.py:190} INFO - [2024-12-10T22:13:14.989-0700] {dagbag.py:588} INFO - Filling up the DagBag from /Users/dimitarjanevski/fake-news-finder/venv/lib/python3.9/site-packages/airflow/example_dags/tutorial_objectstorage.py
[2024-12-10T22:13:15.030-0700] {processor.py:925} INFO - DAG(s) 'tutorial_objectstorage' retrieved from /Users/dimitarjanevski/fake-news-finder/venv/lib/python3.9/site-packages/airflow/example_dags/tutorial_objectstorage.py
[2024-12-10T22:13:15.076-0700] {logging_mixin.py:190} INFO - [2024-12-10T22:13:15.075-0700] {dag.py:3239} INFO - Sync 1 DAGs
[2024-12-10T22:13:15.080-0700] {logging_mixin.py:190} INFO - [2024-12-10T22:13:15.080-0700] {dag.py:4180} INFO - Setting next_dagrun for tutorial_objectstorage to None, run_after=None
[2024-12-10T22:13:15.088-0700] {processor.py:208} INFO - Processing /Users/dimitarjanevski/fake-news-finder/venv/lib/python3.9/site-packages/airflow/example_dags/tutorial_objectstorage.py took 0.102 seconds
[2024-12-10T22:14:21.235-0700] {processor.py:186} INFO - Started process (PID=755) to work on /Users/dimitarjanevski/fake-news-finder/venv/lib/python3.9/site-packages/airflow/example_dags/tutorial_objectstorage.py
[2024-12-10T22:14:21.236-0700] {processor.py:914} INFO - Processing file /Users/dimitarjanevski/fake-news-finder/venv/lib/python3.9/site-packages/airflow/example_dags/tutorial_objectstorage.py for tasks to queue
[2024-12-10T22:14:21.236-0700] {logging_mixin.py:190} INFO - [2024-12-10T22:14:21.236-0700] {dagbag.py:588} INFO - Filling up the DagBag from /Users/dimitarjanevski/fake-news-finder/venv/lib/python3.9/site-packages/airflow/example_dags/tutorial_objectstorage.py
[2024-12-10T22:14:21.281-0700] {processor.py:925} INFO - DAG(s) 'tutorial_objectstorage' retrieved from /Users/dimitarjanevski/fake-news-finder/venv/lib/python3.9/site-packages/airflow/example_dags/tutorial_objectstorage.py
[2024-12-10T22:14:21.325-0700] {logging_mixin.py:190} INFO - [2024-12-10T22:14:21.324-0700] {dag.py:3239} INFO - Sync 1 DAGs
[2024-12-10T22:14:21.331-0700] {logging_mixin.py:190} INFO - [2024-12-10T22:14:21.331-0700] {dag.py:4180} INFO - Setting next_dagrun for tutorial_objectstorage to None, run_after=None
[2024-12-10T22:14:21.340-0700] {processor.py:208} INFO - Processing /Users/dimitarjanevski/fake-news-finder/venv/lib/python3.9/site-packages/airflow/example_dags/tutorial_objectstorage.py took 0.106 seconds
[2024-12-10T22:16:38.354-0700] {processor.py:186} INFO - Started process (PID=2758) to work on /Users/dimitarjanevski/fake-news-finder/venv/lib/python3.9/site-packages/airflow/example_dags/tutorial_objectstorage.py
[2024-12-10T22:16:38.355-0700] {processor.py:914} INFO - Processing file /Users/dimitarjanevski/fake-news-finder/venv/lib/python3.9/site-packages/airflow/example_dags/tutorial_objectstorage.py for tasks to queue
[2024-12-10T22:16:38.355-0700] {logging_mixin.py:190} INFO - [2024-12-10T22:16:38.355-0700] {dagbag.py:588} INFO - Filling up the DagBag from /Users/dimitarjanevski/fake-news-finder/venv/lib/python3.9/site-packages/airflow/example_dags/tutorial_objectstorage.py
[2024-12-10T22:16:38.403-0700] {processor.py:925} INFO - DAG(s) 'tutorial_objectstorage' retrieved from /Users/dimitarjanevski/fake-news-finder/venv/lib/python3.9/site-packages/airflow/example_dags/tutorial_objectstorage.py
[2024-12-10T22:16:38.447-0700] {logging_mixin.py:190} INFO - [2024-12-10T22:16:38.447-0700] {dag.py:3239} INFO - Sync 1 DAGs
[2024-12-10T22:16:38.453-0700] {logging_mixin.py:190} INFO - [2024-12-10T22:16:38.453-0700] {dag.py:4180} INFO - Setting next_dagrun for tutorial_objectstorage to None, run_after=None
[2024-12-10T22:16:38.461-0700] {processor.py:208} INFO - Processing /Users/dimitarjanevski/fake-news-finder/venv/lib/python3.9/site-packages/airflow/example_dags/tutorial_objectstorage.py took 0.109 seconds
[2024-12-10T22:18:36.831-0700] {processor.py:186} INFO - Started process (PID=4514) to work on /Users/dimitarjanevski/fake-news-finder/venv/lib/python3.9/site-packages/airflow/example_dags/tutorial_objectstorage.py
[2024-12-10T22:18:36.832-0700] {processor.py:914} INFO - Processing file /Users/dimitarjanevski/fake-news-finder/venv/lib/python3.9/site-packages/airflow/example_dags/tutorial_objectstorage.py for tasks to queue
[2024-12-10T22:18:36.832-0700] {logging_mixin.py:190} INFO - [2024-12-10T22:18:36.832-0700] {dagbag.py:588} INFO - Filling up the DagBag from /Users/dimitarjanevski/fake-news-finder/venv/lib/python3.9/site-packages/airflow/example_dags/tutorial_objectstorage.py
[2024-12-10T22:18:36.872-0700] {processor.py:925} INFO - DAG(s) 'tutorial_objectstorage' retrieved from /Users/dimitarjanevski/fake-news-finder/venv/lib/python3.9/site-packages/airflow/example_dags/tutorial_objectstorage.py
[2024-12-10T22:18:36.913-0700] {logging_mixin.py:190} INFO - [2024-12-10T22:18:36.912-0700] {dag.py:3239} INFO - Sync 1 DAGs
[2024-12-10T22:18:36.917-0700] {logging_mixin.py:190} INFO - [2024-12-10T22:18:36.917-0700] {dag.py:4180} INFO - Setting next_dagrun for tutorial_objectstorage to None, run_after=None
[2024-12-10T22:18:36.927-0700] {processor.py:208} INFO - Processing /Users/dimitarjanevski/fake-news-finder/venv/lib/python3.9/site-packages/airflow/example_dags/tutorial_objectstorage.py took 0.097 seconds
[2024-12-10T22:20:17.907-0700] {processor.py:186} INFO - Started process (PID=5177) to work on /Users/dimitarjanevski/fake-news-finder/venv/lib/python3.9/site-packages/airflow/example_dags/tutorial_objectstorage.py
[2024-12-10T22:20:17.908-0700] {processor.py:914} INFO - Processing file /Users/dimitarjanevski/fake-news-finder/venv/lib/python3.9/site-packages/airflow/example_dags/tutorial_objectstorage.py for tasks to queue
[2024-12-10T22:20:17.908-0700] {logging_mixin.py:190} INFO - [2024-12-10T22:20:17.908-0700] {dagbag.py:588} INFO - Filling up the DagBag from /Users/dimitarjanevski/fake-news-finder/venv/lib/python3.9/site-packages/airflow/example_dags/tutorial_objectstorage.py
[2024-12-10T22:20:17.949-0700] {processor.py:925} INFO - DAG(s) 'tutorial_objectstorage' retrieved from /Users/dimitarjanevski/fake-news-finder/venv/lib/python3.9/site-packages/airflow/example_dags/tutorial_objectstorage.py
[2024-12-10T22:20:17.993-0700] {logging_mixin.py:190} INFO - [2024-12-10T22:20:17.992-0700] {dag.py:3239} INFO - Sync 1 DAGs
[2024-12-10T22:20:17.997-0700] {logging_mixin.py:190} INFO - [2024-12-10T22:20:17.997-0700] {dag.py:4180} INFO - Setting next_dagrun for tutorial_objectstorage to None, run_after=None
[2024-12-10T22:20:18.006-0700] {processor.py:208} INFO - Processing /Users/dimitarjanevski/fake-news-finder/venv/lib/python3.9/site-packages/airflow/example_dags/tutorial_objectstorage.py took 0.101 seconds
[2024-12-10T22:21:36.247-0700] {processor.py:186} INFO - Started process (PID=5653) to work on /Users/dimitarjanevski/fake-news-finder/venv/lib/python3.9/site-packages/airflow/example_dags/tutorial_objectstorage.py
[2024-12-10T22:21:36.248-0700] {processor.py:914} INFO - Processing file /Users/dimitarjanevski/fake-news-finder/venv/lib/python3.9/site-packages/airflow/example_dags/tutorial_objectstorage.py for tasks to queue
[2024-12-10T22:21:36.249-0700] {logging_mixin.py:190} INFO - [2024-12-10T22:21:36.249-0700] {dagbag.py:588} INFO - Filling up the DagBag from /Users/dimitarjanevski/fake-news-finder/venv/lib/python3.9/site-packages/airflow/example_dags/tutorial_objectstorage.py
[2024-12-10T22:21:36.291-0700] {processor.py:925} INFO - DAG(s) 'tutorial_objectstorage' retrieved from /Users/dimitarjanevski/fake-news-finder/venv/lib/python3.9/site-packages/airflow/example_dags/tutorial_objectstorage.py
[2024-12-10T22:21:36.338-0700] {logging_mixin.py:190} INFO - [2024-12-10T22:21:36.338-0700] {dag.py:3239} INFO - Sync 1 DAGs
[2024-12-10T22:21:36.343-0700] {logging_mixin.py:190} INFO - [2024-12-10T22:21:36.343-0700] {dag.py:4180} INFO - Setting next_dagrun for tutorial_objectstorage to None, run_after=None
[2024-12-10T22:21:36.353-0700] {processor.py:208} INFO - Processing /Users/dimitarjanevski/fake-news-finder/venv/lib/python3.9/site-packages/airflow/example_dags/tutorial_objectstorage.py took 0.108 seconds
