[2024-12-10T22:10:11.205-0700] {processor.py:186} INFO - Started process (PID=99030) to work on /Users/dimitarjanevski/fake-news-finder/venv/lib/python3.9/site-packages/airflow/example_dags/plugins/event_listener.py
[2024-12-10T22:10:11.205-0700] {processor.py:914} INFO - Processing file /Users/dimitarjanevski/fake-news-finder/venv/lib/python3.9/site-packages/airflow/example_dags/plugins/event_listener.py for tasks to queue
[2024-12-10T22:10:11.206-0700] {logging_mixin.py:190} INFO - [2024-12-10T22:10:11.205-0700] {dagbag.py:588} INFO - Filling up the DagBag from /Users/dimitarjanevski/fake-news-finder/venv/lib/python3.9/site-packages/airflow/example_dags/plugins/event_listener.py
[2024-12-10T22:10:11.206-0700] {processor.py:927} WARNING - No viable dags retrieved from /Users/dimitarjanevski/fake-news-finder/venv/lib/python3.9/site-packages/airflow/example_dags/plugins/event_listener.py
[2024-12-10T22:10:11.269-0700] {processor.py:208} INFO - Processing /Users/dimitarjanevski/fake-news-finder/venv/lib/python3.9/site-packages/airflow/example_dags/plugins/event_listener.py took 0.066 seconds
[2024-12-10T22:11:53.761-0700] {processor.py:186} INFO - Started process (PID=99620) to work on /Users/dimitarjanevski/fake-news-finder/venv/lib/python3.9/site-packages/airflow/example_dags/plugins/event_listener.py
[2024-12-10T22:11:53.762-0700] {processor.py:914} INFO - Processing file /Users/dimitarjanevski/fake-news-finder/venv/lib/python3.9/site-packages/airflow/example_dags/plugins/event_listener.py for tasks to queue
[2024-12-10T22:11:53.762-0700] {logging_mixin.py:190} INFO - [2024-12-10T22:11:53.762-0700] {dagbag.py:588} INFO - Filling up the DagBag from /Users/dimitarjanevski/fake-news-finder/venv/lib/python3.9/site-packages/airflow/example_dags/plugins/event_listener.py
[2024-12-10T22:11:53.763-0700] {processor.py:927} WARNING - No viable dags retrieved from /Users/dimitarjanevski/fake-news-finder/venv/lib/python3.9/site-packages/airflow/example_dags/plugins/event_listener.py
[2024-12-10T22:11:53.826-0700] {processor.py:208} INFO - Processing /Users/dimitarjanevski/fake-news-finder/venv/lib/python3.9/site-packages/airflow/example_dags/plugins/event_listener.py took 0.067 seconds
[2024-12-10T22:13:06.276-0700] {processor.py:186} INFO - Started process (PID=99986) to work on /Users/dimitarjanevski/fake-news-finder/venv/lib/python3.9/site-packages/airflow/example_dags/plugins/event_listener.py
[2024-12-10T22:13:06.276-0700] {processor.py:914} INFO - Processing file /Users/dimitarjanevski/fake-news-finder/venv/lib/python3.9/site-packages/airflow/example_dags/plugins/event_listener.py for tasks to queue
[2024-12-10T22:13:06.277-0700] {logging_mixin.py:190} INFO - [2024-12-10T22:13:06.277-0700] {dagbag.py:588} INFO - Filling up the DagBag from /Users/dimitarjanevski/fake-news-finder/venv/lib/python3.9/site-packages/airflow/example_dags/plugins/event_listener.py
[2024-12-10T22:13:06.277-0700] {processor.py:927} WARNING - No viable dags retrieved from /Users/dimitarjanevski/fake-news-finder/venv/lib/python3.9/site-packages/airflow/example_dags/plugins/event_listener.py
[2024-12-10T22:13:06.340-0700] {processor.py:208} INFO - Processing /Users/dimitarjanevski/fake-news-finder/venv/lib/python3.9/site-packages/airflow/example_dags/plugins/event_listener.py took 0.066 seconds
[2024-12-10T22:14:11.959-0700] {processor.py:186} INFO - Started process (PID=658) to work on /Users/dimitarjanevski/fake-news-finder/venv/lib/python3.9/site-packages/airflow/example_dags/plugins/event_listener.py
[2024-12-10T22:14:11.960-0700] {processor.py:914} INFO - Processing file /Users/dimitarjanevski/fake-news-finder/venv/lib/python3.9/site-packages/airflow/example_dags/plugins/event_listener.py for tasks to queue
[2024-12-10T22:14:11.961-0700] {logging_mixin.py:190} INFO - [2024-12-10T22:14:11.961-0700] {dagbag.py:588} INFO - Filling up the DagBag from /Users/dimitarjanevski/fake-news-finder/venv/lib/python3.9/site-packages/airflow/example_dags/plugins/event_listener.py
[2024-12-10T22:14:11.961-0700] {processor.py:927} WARNING - No viable dags retrieved from /Users/dimitarjanevski/fake-news-finder/venv/lib/python3.9/site-packages/airflow/example_dags/plugins/event_listener.py
[2024-12-10T22:14:12.036-0700] {processor.py:208} INFO - Processing /Users/dimitarjanevski/fake-news-finder/venv/lib/python3.9/site-packages/airflow/example_dags/plugins/event_listener.py took 0.079 seconds
[2024-12-10T22:16:29.517-0700] {processor.py:186} INFO - Started process (PID=2710) to work on /Users/dimitarjanevski/fake-news-finder/venv/lib/python3.9/site-packages/airflow/example_dags/plugins/event_listener.py
[2024-12-10T22:16:29.518-0700] {processor.py:914} INFO - Processing file /Users/dimitarjanevski/fake-news-finder/venv/lib/python3.9/site-packages/airflow/example_dags/plugins/event_listener.py for tasks to queue
[2024-12-10T22:16:29.519-0700] {logging_mixin.py:190} INFO - [2024-12-10T22:16:29.519-0700] {dagbag.py:588} INFO - Filling up the DagBag from /Users/dimitarjanevski/fake-news-finder/venv/lib/python3.9/site-packages/airflow/example_dags/plugins/event_listener.py
[2024-12-10T22:16:29.519-0700] {processor.py:927} WARNING - No viable dags retrieved from /Users/dimitarjanevski/fake-news-finder/venv/lib/python3.9/site-packages/airflow/example_dags/plugins/event_listener.py
[2024-12-10T22:16:29.582-0700] {processor.py:208} INFO - Processing /Users/dimitarjanevski/fake-news-finder/venv/lib/python3.9/site-packages/airflow/example_dags/plugins/event_listener.py took 0.066 seconds
[2024-12-10T22:18:27.131-0700] {processor.py:186} INFO - Started process (PID=4453) to work on /Users/dimitarjanevski/fake-news-finder/venv/lib/python3.9/site-packages/airflow/example_dags/plugins/event_listener.py
[2024-12-10T22:18:27.131-0700] {processor.py:914} INFO - Processing file /Users/dimitarjanevski/fake-news-finder/venv/lib/python3.9/site-packages/airflow/example_dags/plugins/event_listener.py for tasks to queue
[2024-12-10T22:18:27.132-0700] {logging_mixin.py:190} INFO - [2024-12-10T22:18:27.132-0700] {dagbag.py:588} INFO - Filling up the DagBag from /Users/dimitarjanevski/fake-news-finder/venv/lib/python3.9/site-packages/airflow/example_dags/plugins/event_listener.py
[2024-12-10T22:18:27.135-0700] {processor.py:927} WARNING - No viable dags retrieved from /Users/dimitarjanevski/fake-news-finder/venv/lib/python3.9/site-packages/airflow/example_dags/plugins/event_listener.py
[2024-12-10T22:18:27.202-0700] {processor.py:208} INFO - Processing /Users/dimitarjanevski/fake-news-finder/venv/lib/python3.9/site-packages/airflow/example_dags/plugins/event_listener.py took 0.074 seconds
[2024-12-10T22:20:08.888-0700] {processor.py:186} INFO - Started process (PID=5124) to work on /Users/dimitarjanevski/fake-news-finder/venv/lib/python3.9/site-packages/airflow/example_dags/plugins/event_listener.py
[2024-12-10T22:20:08.889-0700] {processor.py:914} INFO - Processing file /Users/dimitarjanevski/fake-news-finder/venv/lib/python3.9/site-packages/airflow/example_dags/plugins/event_listener.py for tasks to queue
[2024-12-10T22:20:08.889-0700] {logging_mixin.py:190} INFO - [2024-12-10T22:20:08.889-0700] {dagbag.py:588} INFO - Filling up the DagBag from /Users/dimitarjanevski/fake-news-finder/venv/lib/python3.9/site-packages/airflow/example_dags/plugins/event_listener.py
[2024-12-10T22:20:08.890-0700] {processor.py:927} WARNING - No viable dags retrieved from /Users/dimitarjanevski/fake-news-finder/venv/lib/python3.9/site-packages/airflow/example_dags/plugins/event_listener.py
[2024-12-10T22:20:08.955-0700] {processor.py:208} INFO - Processing /Users/dimitarjanevski/fake-news-finder/venv/lib/python3.9/site-packages/airflow/example_dags/plugins/event_listener.py took 0.068 seconds
[2024-12-10T22:21:26.117-0700] {processor.py:186} INFO - Started process (PID=5597) to work on /Users/dimitarjanevski/fake-news-finder/venv/lib/python3.9/site-packages/airflow/example_dags/plugins/event_listener.py
[2024-12-10T22:21:26.118-0700] {processor.py:914} INFO - Processing file /Users/dimitarjanevski/fake-news-finder/venv/lib/python3.9/site-packages/airflow/example_dags/plugins/event_listener.py for tasks to queue
[2024-12-10T22:21:26.119-0700] {logging_mixin.py:190} INFO - [2024-12-10T22:21:26.119-0700] {dagbag.py:588} INFO - Filling up the DagBag from /Users/dimitarjanevski/fake-news-finder/venv/lib/python3.9/site-packages/airflow/example_dags/plugins/event_listener.py
[2024-12-10T22:21:26.121-0700] {processor.py:927} WARNING - No viable dags retrieved from /Users/dimitarjanevski/fake-news-finder/venv/lib/python3.9/site-packages/airflow/example_dags/plugins/event_listener.py
[2024-12-10T22:21:26.262-0700] {processor.py:208} INFO - Processing /Users/dimitarjanevski/fake-news-finder/venv/lib/python3.9/site-packages/airflow/example_dags/plugins/event_listener.py took 0.149 seconds
