[2024-12-10T22:10:09.325-0700] {processor.py:186} INFO - Started process (PID=99018) to work on /Users/dimitarjanevski/fake-news-finder/venv/lib/python3.9/site-packages/airflow/example_dags/plugins/listener_plugin.py
[2024-12-10T22:10:09.325-0700] {processor.py:914} INFO - Processing file /Users/dimitarjanevski/fake-news-finder/venv/lib/python3.9/site-packages/airflow/example_dags/plugins/listener_plugin.py for tasks to queue
[2024-12-10T22:10:09.326-0700] {logging_mixin.py:190} INFO - [2024-12-10T22:10:09.326-0700] {dagbag.py:588} INFO - Filling up the DagBag from /Users/dimitarjanevski/fake-news-finder/venv/lib/python3.9/site-packages/airflow/example_dags/plugins/listener_plugin.py
[2024-12-10T22:10:09.327-0700] {processor.py:927} WARNING - No viable dags retrieved from /Users/dimitarjanevski/fake-news-finder/venv/lib/python3.9/site-packages/airflow/example_dags/plugins/listener_plugin.py
[2024-12-10T22:10:09.391-0700] {processor.py:208} INFO - Processing /Users/dimitarjanevski/fake-news-finder/venv/lib/python3.9/site-packages/airflow/example_dags/plugins/listener_plugin.py took 0.068 seconds
[2024-12-10T22:11:52.747-0700] {processor.py:186} INFO - Started process (PID=99611) to work on /Users/dimitarjanevski/fake-news-finder/venv/lib/python3.9/site-packages/airflow/example_dags/plugins/listener_plugin.py
[2024-12-10T22:11:52.748-0700] {processor.py:914} INFO - Processing file /Users/dimitarjanevski/fake-news-finder/venv/lib/python3.9/site-packages/airflow/example_dags/plugins/listener_plugin.py for tasks to queue
[2024-12-10T22:11:52.748-0700] {logging_mixin.py:190} INFO - [2024-12-10T22:11:52.748-0700] {dagbag.py:588} INFO - Filling up the DagBag from /Users/dimitarjanevski/fake-news-finder/venv/lib/python3.9/site-packages/airflow/example_dags/plugins/listener_plugin.py
[2024-12-10T22:11:52.750-0700] {processor.py:927} WARNING - No viable dags retrieved from /Users/dimitarjanevski/fake-news-finder/venv/lib/python3.9/site-packages/airflow/example_dags/plugins/listener_plugin.py
[2024-12-10T22:11:52.815-0700] {processor.py:208} INFO - Processing /Users/dimitarjanevski/fake-news-finder/venv/lib/python3.9/site-packages/airflow/example_dags/plugins/listener_plugin.py took 0.069 seconds
[2024-12-10T22:13:05.105-0700] {processor.py:186} INFO - Started process (PID=99975) to work on /Users/dimitarjanevski/fake-news-finder/venv/lib/python3.9/site-packages/airflow/example_dags/plugins/listener_plugin.py
[2024-12-10T22:13:05.106-0700] {processor.py:914} INFO - Processing file /Users/dimitarjanevski/fake-news-finder/venv/lib/python3.9/site-packages/airflow/example_dags/plugins/listener_plugin.py for tasks to queue
[2024-12-10T22:13:05.106-0700] {logging_mixin.py:190} INFO - [2024-12-10T22:13:05.106-0700] {dagbag.py:588} INFO - Filling up the DagBag from /Users/dimitarjanevski/fake-news-finder/venv/lib/python3.9/site-packages/airflow/example_dags/plugins/listener_plugin.py
[2024-12-10T22:13:05.107-0700] {processor.py:927} WARNING - No viable dags retrieved from /Users/dimitarjanevski/fake-news-finder/venv/lib/python3.9/site-packages/airflow/example_dags/plugins/listener_plugin.py
[2024-12-10T22:13:05.171-0700] {processor.py:208} INFO - Processing /Users/dimitarjanevski/fake-news-finder/venv/lib/python3.9/site-packages/airflow/example_dags/plugins/listener_plugin.py took 0.068 seconds
[2024-12-10T22:14:10.610-0700] {processor.py:186} INFO - Started process (PID=650) to work on /Users/dimitarjanevski/fake-news-finder/venv/lib/python3.9/site-packages/airflow/example_dags/plugins/listener_plugin.py
[2024-12-10T22:14:10.611-0700] {processor.py:914} INFO - Processing file /Users/dimitarjanevski/fake-news-finder/venv/lib/python3.9/site-packages/airflow/example_dags/plugins/listener_plugin.py for tasks to queue
[2024-12-10T22:14:10.612-0700] {logging_mixin.py:190} INFO - [2024-12-10T22:14:10.612-0700] {dagbag.py:588} INFO - Filling up the DagBag from /Users/dimitarjanevski/fake-news-finder/venv/lib/python3.9/site-packages/airflow/example_dags/plugins/listener_plugin.py
[2024-12-10T22:14:10.613-0700] {processor.py:927} WARNING - No viable dags retrieved from /Users/dimitarjanevski/fake-news-finder/venv/lib/python3.9/site-packages/airflow/example_dags/plugins/listener_plugin.py
[2024-12-10T22:14:10.683-0700] {processor.py:208} INFO - Processing /Users/dimitarjanevski/fake-news-finder/venv/lib/python3.9/site-packages/airflow/example_dags/plugins/listener_plugin.py took 0.074 seconds
[2024-12-10T22:16:27.730-0700] {processor.py:186} INFO - Started process (PID=2698) to work on /Users/dimitarjanevski/fake-news-finder/venv/lib/python3.9/site-packages/airflow/example_dags/plugins/listener_plugin.py
[2024-12-10T22:16:27.731-0700] {processor.py:914} INFO - Processing file /Users/dimitarjanevski/fake-news-finder/venv/lib/python3.9/site-packages/airflow/example_dags/plugins/listener_plugin.py for tasks to queue
[2024-12-10T22:16:27.731-0700] {logging_mixin.py:190} INFO - [2024-12-10T22:16:27.731-0700] {dagbag.py:588} INFO - Filling up the DagBag from /Users/dimitarjanevski/fake-news-finder/venv/lib/python3.9/site-packages/airflow/example_dags/plugins/listener_plugin.py
[2024-12-10T22:16:27.732-0700] {processor.py:927} WARNING - No viable dags retrieved from /Users/dimitarjanevski/fake-news-finder/venv/lib/python3.9/site-packages/airflow/example_dags/plugins/listener_plugin.py
[2024-12-10T22:16:27.794-0700] {processor.py:208} INFO - Processing /Users/dimitarjanevski/fake-news-finder/venv/lib/python3.9/site-packages/airflow/example_dags/plugins/listener_plugin.py took 0.066 seconds
[2024-12-10T22:18:25.193-0700] {processor.py:186} INFO - Started process (PID=4440) to work on /Users/dimitarjanevski/fake-news-finder/venv/lib/python3.9/site-packages/airflow/example_dags/plugins/listener_plugin.py
[2024-12-10T22:18:25.196-0700] {processor.py:914} INFO - Processing file /Users/dimitarjanevski/fake-news-finder/venv/lib/python3.9/site-packages/airflow/example_dags/plugins/listener_plugin.py for tasks to queue
[2024-12-10T22:18:25.197-0700] {logging_mixin.py:190} INFO - [2024-12-10T22:18:25.196-0700] {dagbag.py:588} INFO - Filling up the DagBag from /Users/dimitarjanevski/fake-news-finder/venv/lib/python3.9/site-packages/airflow/example_dags/plugins/listener_plugin.py
[2024-12-10T22:18:25.199-0700] {processor.py:927} WARNING - No viable dags retrieved from /Users/dimitarjanevski/fake-news-finder/venv/lib/python3.9/site-packages/airflow/example_dags/plugins/listener_plugin.py
[2024-12-10T22:18:25.309-0700] {processor.py:208} INFO - Processing /Users/dimitarjanevski/fake-news-finder/venv/lib/python3.9/site-packages/airflow/example_dags/plugins/listener_plugin.py took 0.122 seconds
[2024-12-10T22:20:07.918-0700] {processor.py:186} INFO - Started process (PID=5115) to work on /Users/dimitarjanevski/fake-news-finder/venv/lib/python3.9/site-packages/airflow/example_dags/plugins/listener_plugin.py
[2024-12-10T22:20:07.919-0700] {processor.py:914} INFO - Processing file /Users/dimitarjanevski/fake-news-finder/venv/lib/python3.9/site-packages/airflow/example_dags/plugins/listener_plugin.py for tasks to queue
[2024-12-10T22:20:07.919-0700] {logging_mixin.py:190} INFO - [2024-12-10T22:20:07.919-0700] {dagbag.py:588} INFO - Filling up the DagBag from /Users/dimitarjanevski/fake-news-finder/venv/lib/python3.9/site-packages/airflow/example_dags/plugins/listener_plugin.py
[2024-12-10T22:20:07.922-0700] {processor.py:927} WARNING - No viable dags retrieved from /Users/dimitarjanevski/fake-news-finder/venv/lib/python3.9/site-packages/airflow/example_dags/plugins/listener_plugin.py
[2024-12-10T22:20:08.032-0700] {processor.py:208} INFO - Processing /Users/dimitarjanevski/fake-news-finder/venv/lib/python3.9/site-packages/airflow/example_dags/plugins/listener_plugin.py took 0.116 seconds
[2024-12-10T22:21:24.163-0700] {processor.py:186} INFO - Started process (PID=5581) to work on /Users/dimitarjanevski/fake-news-finder/venv/lib/python3.9/site-packages/airflow/example_dags/plugins/listener_plugin.py
[2024-12-10T22:21:24.164-0700] {processor.py:914} INFO - Processing file /Users/dimitarjanevski/fake-news-finder/venv/lib/python3.9/site-packages/airflow/example_dags/plugins/listener_plugin.py for tasks to queue
[2024-12-10T22:21:24.165-0700] {logging_mixin.py:190} INFO - [2024-12-10T22:21:24.164-0700] {dagbag.py:588} INFO - Filling up the DagBag from /Users/dimitarjanevski/fake-news-finder/venv/lib/python3.9/site-packages/airflow/example_dags/plugins/listener_plugin.py
[2024-12-10T22:21:24.165-0700] {processor.py:927} WARNING - No viable dags retrieved from /Users/dimitarjanevski/fake-news-finder/venv/lib/python3.9/site-packages/airflow/example_dags/plugins/listener_plugin.py
[2024-12-10T22:21:24.285-0700] {processor.py:208} INFO - Processing /Users/dimitarjanevski/fake-news-finder/venv/lib/python3.9/site-packages/airflow/example_dags/plugins/listener_plugin.py took 0.124 seconds
