[2024-12-10T22:10:07.492-0700] {processor.py:186} INFO - Started process (PID=99005) to work on /Users/dimitarjanevski/fake-news-finder/venv/lib/python3.9/site-packages/airflow/example_dags/plugins/workday.py
[2024-12-10T22:10:07.493-0700] {processor.py:914} INFO - Processing file /Users/dimitarjanevski/fake-news-finder/venv/lib/python3.9/site-packages/airflow/example_dags/plugins/workday.py for tasks to queue
[2024-12-10T22:10:07.493-0700] {logging_mixin.py:190} INFO - [2024-12-10T22:10:07.493-0700] {dagbag.py:588} INFO - Filling up the DagBag from /Users/dimitarjanevski/fake-news-finder/venv/lib/python3.9/site-packages/airflow/example_dags/plugins/workday.py
[2024-12-10T22:10:07.494-0700] {logging_mixin.py:190} INFO - [2024-12-10T22:10:07.494-0700] {workday.py:41} WARNING - Could not import pandas. Holidays will not be considered.
[2024-12-10T22:10:07.494-0700] {processor.py:927} WARNING - No viable dags retrieved from /Users/dimitarjanevski/fake-news-finder/venv/lib/python3.9/site-packages/airflow/example_dags/plugins/workday.py
[2024-12-10T22:10:07.565-0700] {processor.py:208} INFO - Processing /Users/dimitarjanevski/fake-news-finder/venv/lib/python3.9/site-packages/airflow/example_dags/plugins/workday.py took 0.075 seconds
[2024-12-10T22:11:50.927-0700] {processor.py:186} INFO - Started process (PID=99600) to work on /Users/dimitarjanevski/fake-news-finder/venv/lib/python3.9/site-packages/airflow/example_dags/plugins/workday.py
[2024-12-10T22:11:50.927-0700] {processor.py:914} INFO - Processing file /Users/dimitarjanevski/fake-news-finder/venv/lib/python3.9/site-packages/airflow/example_dags/plugins/workday.py for tasks to queue
[2024-12-10T22:11:50.928-0700] {logging_mixin.py:190} INFO - [2024-12-10T22:11:50.928-0700] {dagbag.py:588} INFO - Filling up the DagBag from /Users/dimitarjanevski/fake-news-finder/venv/lib/python3.9/site-packages/airflow/example_dags/plugins/workday.py
[2024-12-10T22:11:50.929-0700] {logging_mixin.py:190} INFO - [2024-12-10T22:11:50.929-0700] {workday.py:41} WARNING - Could not import pandas. Holidays will not be considered.
[2024-12-10T22:11:50.929-0700] {processor.py:927} WARNING - No viable dags retrieved from /Users/dimitarjanevski/fake-news-finder/venv/lib/python3.9/site-packages/airflow/example_dags/plugins/workday.py
[2024-12-10T22:11:50.992-0700] {processor.py:208} INFO - Processing /Users/dimitarjanevski/fake-news-finder/venv/lib/python3.9/site-packages/airflow/example_dags/plugins/workday.py took 0.067 seconds
[2024-12-10T22:13:03.283-0700] {processor.py:186} INFO - Started process (PID=99966) to work on /Users/dimitarjanevski/fake-news-finder/venv/lib/python3.9/site-packages/airflow/example_dags/plugins/workday.py
[2024-12-10T22:13:03.283-0700] {processor.py:914} INFO - Processing file /Users/dimitarjanevski/fake-news-finder/venv/lib/python3.9/site-packages/airflow/example_dags/plugins/workday.py for tasks to queue
[2024-12-10T22:13:03.284-0700] {logging_mixin.py:190} INFO - [2024-12-10T22:13:03.284-0700] {dagbag.py:588} INFO - Filling up the DagBag from /Users/dimitarjanevski/fake-news-finder/venv/lib/python3.9/site-packages/airflow/example_dags/plugins/workday.py
[2024-12-10T22:13:03.284-0700] {logging_mixin.py:190} INFO - [2024-12-10T22:13:03.284-0700] {workday.py:41} WARNING - Could not import pandas. Holidays will not be considered.
[2024-12-10T22:13:03.284-0700] {processor.py:927} WARNING - No viable dags retrieved from /Users/dimitarjanevski/fake-news-finder/venv/lib/python3.9/site-packages/airflow/example_dags/plugins/workday.py
[2024-12-10T22:13:03.347-0700] {processor.py:208} INFO - Processing /Users/dimitarjanevski/fake-news-finder/venv/lib/python3.9/site-packages/airflow/example_dags/plugins/workday.py took 0.066 seconds
[2024-12-10T22:14:08.591-0700] {processor.py:186} INFO - Started process (PID=634) to work on /Users/dimitarjanevski/fake-news-finder/venv/lib/python3.9/site-packages/airflow/example_dags/plugins/workday.py
[2024-12-10T22:14:08.592-0700] {processor.py:914} INFO - Processing file /Users/dimitarjanevski/fake-news-finder/venv/lib/python3.9/site-packages/airflow/example_dags/plugins/workday.py for tasks to queue
[2024-12-10T22:14:08.592-0700] {logging_mixin.py:190} INFO - [2024-12-10T22:14:08.592-0700] {dagbag.py:588} INFO - Filling up the DagBag from /Users/dimitarjanevski/fake-news-finder/venv/lib/python3.9/site-packages/airflow/example_dags/plugins/workday.py
[2024-12-10T22:14:08.593-0700] {logging_mixin.py:190} INFO - [2024-12-10T22:14:08.593-0700] {workday.py:41} WARNING - Could not import pandas. Holidays will not be considered.
[2024-12-10T22:14:08.593-0700] {processor.py:927} WARNING - No viable dags retrieved from /Users/dimitarjanevski/fake-news-finder/venv/lib/python3.9/site-packages/airflow/example_dags/plugins/workday.py
[2024-12-10T22:14:08.657-0700] {processor.py:208} INFO - Processing /Users/dimitarjanevski/fake-news-finder/venv/lib/python3.9/site-packages/airflow/example_dags/plugins/workday.py took 0.068 seconds
[2024-12-10T22:16:25.927-0700] {processor.py:186} INFO - Started process (PID=2689) to work on /Users/dimitarjanevski/fake-news-finder/venv/lib/python3.9/site-packages/airflow/example_dags/plugins/workday.py
[2024-12-10T22:16:25.928-0700] {processor.py:914} INFO - Processing file /Users/dimitarjanevski/fake-news-finder/venv/lib/python3.9/site-packages/airflow/example_dags/plugins/workday.py for tasks to queue
[2024-12-10T22:16:25.928-0700] {logging_mixin.py:190} INFO - [2024-12-10T22:16:25.928-0700] {dagbag.py:588} INFO - Filling up the DagBag from /Users/dimitarjanevski/fake-news-finder/venv/lib/python3.9/site-packages/airflow/example_dags/plugins/workday.py
[2024-12-10T22:16:25.929-0700] {logging_mixin.py:190} INFO - [2024-12-10T22:16:25.929-0700] {workday.py:41} WARNING - Could not import pandas. Holidays will not be considered.
[2024-12-10T22:16:25.929-0700] {processor.py:927} WARNING - No viable dags retrieved from /Users/dimitarjanevski/fake-news-finder/venv/lib/python3.9/site-packages/airflow/example_dags/plugins/workday.py
[2024-12-10T22:16:25.991-0700] {processor.py:208} INFO - Processing /Users/dimitarjanevski/fake-news-finder/venv/lib/python3.9/site-packages/airflow/example_dags/plugins/workday.py took 0.065 seconds
[2024-12-10T22:18:10.464-0700] {processor.py:186} INFO - Started process (PID=4288) to work on /Users/dimitarjanevski/fake-news-finder/venv/lib/python3.9/site-packages/airflow/example_dags/plugins/workday.py
[2024-12-10T22:18:10.464-0700] {processor.py:914} INFO - Processing file /Users/dimitarjanevski/fake-news-finder/venv/lib/python3.9/site-packages/airflow/example_dags/plugins/workday.py for tasks to queue
[2024-12-10T22:18:10.465-0700] {logging_mixin.py:190} INFO - [2024-12-10T22:18:10.465-0700] {dagbag.py:588} INFO - Filling up the DagBag from /Users/dimitarjanevski/fake-news-finder/venv/lib/python3.9/site-packages/airflow/example_dags/plugins/workday.py
[2024-12-10T22:18:10.466-0700] {logging_mixin.py:190} INFO - [2024-12-10T22:18:10.466-0700] {workday.py:41} WARNING - Could not import pandas. Holidays will not be considered.
[2024-12-10T22:18:10.467-0700] {processor.py:927} WARNING - No viable dags retrieved from /Users/dimitarjanevski/fake-news-finder/venv/lib/python3.9/site-packages/airflow/example_dags/plugins/workday.py
[2024-12-10T22:18:10.566-0700] {processor.py:208} INFO - Processing /Users/dimitarjanevski/fake-news-finder/venv/lib/python3.9/site-packages/airflow/example_dags/plugins/workday.py took 0.105 seconds
[2024-12-10T22:18:23.311-0700] {processor.py:186} INFO - Started process (PID=4429) to work on /Users/dimitarjanevski/fake-news-finder/venv/lib/python3.9/site-packages/airflow/example_dags/plugins/workday.py
[2024-12-10T22:18:23.312-0700] {processor.py:914} INFO - Processing file /Users/dimitarjanevski/fake-news-finder/venv/lib/python3.9/site-packages/airflow/example_dags/plugins/workday.py for tasks to queue
[2024-12-10T22:18:23.313-0700] {logging_mixin.py:190} INFO - [2024-12-10T22:18:23.313-0700] {dagbag.py:588} INFO - Filling up the DagBag from /Users/dimitarjanevski/fake-news-finder/venv/lib/python3.9/site-packages/airflow/example_dags/plugins/workday.py
[2024-12-10T22:18:23.313-0700] {logging_mixin.py:190} INFO - [2024-12-10T22:18:23.313-0700] {workday.py:41} WARNING - Could not import pandas. Holidays will not be considered.
[2024-12-10T22:18:23.313-0700] {processor.py:927} WARNING - No viable dags retrieved from /Users/dimitarjanevski/fake-news-finder/venv/lib/python3.9/site-packages/airflow/example_dags/plugins/workday.py
[2024-12-10T22:18:23.379-0700] {processor.py:208} INFO - Processing /Users/dimitarjanevski/fake-news-finder/venv/lib/python3.9/site-packages/airflow/example_dags/plugins/workday.py took 0.070 seconds
[2024-12-10T22:20:06.091-0700] {processor.py:186} INFO - Started process (PID=5102) to work on /Users/dimitarjanevski/fake-news-finder/venv/lib/python3.9/site-packages/airflow/example_dags/plugins/workday.py
[2024-12-10T22:20:06.092-0700] {processor.py:914} INFO - Processing file /Users/dimitarjanevski/fake-news-finder/venv/lib/python3.9/site-packages/airflow/example_dags/plugins/workday.py for tasks to queue
[2024-12-10T22:20:06.092-0700] {logging_mixin.py:190} INFO - [2024-12-10T22:20:06.092-0700] {dagbag.py:588} INFO - Filling up the DagBag from /Users/dimitarjanevski/fake-news-finder/venv/lib/python3.9/site-packages/airflow/example_dags/plugins/workday.py
[2024-12-10T22:20:06.093-0700] {logging_mixin.py:190} INFO - [2024-12-10T22:20:06.093-0700] {workday.py:41} WARNING - Could not import pandas. Holidays will not be considered.
[2024-12-10T22:20:06.093-0700] {processor.py:927} WARNING - No viable dags retrieved from /Users/dimitarjanevski/fake-news-finder/venv/lib/python3.9/site-packages/airflow/example_dags/plugins/workday.py
[2024-12-10T22:20:06.158-0700] {processor.py:208} INFO - Processing /Users/dimitarjanevski/fake-news-finder/venv/lib/python3.9/site-packages/airflow/example_dags/plugins/workday.py took 0.069 seconds
[2024-12-10T22:21:22.354-0700] {processor.py:186} INFO - Started process (PID=5575) to work on /Users/dimitarjanevski/fake-news-finder/venv/lib/python3.9/site-packages/airflow/example_dags/plugins/workday.py
[2024-12-10T22:21:22.355-0700] {processor.py:914} INFO - Processing file /Users/dimitarjanevski/fake-news-finder/venv/lib/python3.9/site-packages/airflow/example_dags/plugins/workday.py for tasks to queue
[2024-12-10T22:21:22.355-0700] {logging_mixin.py:190} INFO - [2024-12-10T22:21:22.355-0700] {dagbag.py:588} INFO - Filling up the DagBag from /Users/dimitarjanevski/fake-news-finder/venv/lib/python3.9/site-packages/airflow/example_dags/plugins/workday.py
[2024-12-10T22:21:22.356-0700] {logging_mixin.py:190} INFO - [2024-12-10T22:21:22.356-0700] {workday.py:41} WARNING - Could not import pandas. Holidays will not be considered.
[2024-12-10T22:21:22.356-0700] {processor.py:927} WARNING - No viable dags retrieved from /Users/dimitarjanevski/fake-news-finder/venv/lib/python3.9/site-packages/airflow/example_dags/plugins/workday.py
[2024-12-10T22:21:22.426-0700] {processor.py:208} INFO - Processing /Users/dimitarjanevski/fake-news-finder/venv/lib/python3.9/site-packages/airflow/example_dags/plugins/workday.py took 0.074 seconds
